# Logfile created on 2026-07-11 03:25:19 +0200 by logger.rb/v1.5.3
2026-07-11 03:25:19 +0200: Memory Usage (525232K) : Starting running IHP-SG13CMOS5L KLayout DRC runset on /foss/designs/adc8b/IHP__MSPHY9932/release/v.1.0.0/gds/MSPHY9932.gds
2026-07-11 03:25:19 +0200: Memory Usage (525232K) : Ruby Version for klayout: 3.2.3
2026-07-11 03:25:19 +0200: Memory Usage (530224K) : Loading database to memory is complete.
2026-07-11 03:25:19 +0200: Memory Usage (530224K) : IHP-SG13CMOS5L KLayout DRC runset output at: /foss/designs/adc8b/IHP__MSPHY9932/release/v.1.0.0/drc/MSPHY9932_MSPHY9932_nwell.lyrdb
2026-07-11 03:25:19 +0200: Memory Usage (530380K) : Evaluate switches.
2026-07-11 03:25:19 +0200: Memory Usage (530380K) : tables selected: nwell
2026-07-11 03:25:19 +0200: Memory Usage (530380K) : KLayout will use 16 thread(s) in tiled mode.
2026-07-11 03:25:19 +0200: Memory Usage (530380K) : deep mode is enabled.
2026-07-11 03:25:19 +0200: Memory Usage (530380K) : FEOL enabled: false
2026-07-11 03:25:19 +0200: Memory Usage (530380K) : BEOL enabled: false
2026-07-11 03:25:19 +0200: Memory Usage (530380K) : OFFGRID enabled: true
2026-07-11 03:25:19 +0200: Memory Usage (530380K) : ANGLE enabled: true
2026-07-11 03:25:19 +0200: Memory Usage (530380K) : PIN enabled: false
2026-07-11 03:25:19 +0200: Memory Usage (530380K) : FORBIDDEN enabled: false
2026-07-11 03:25:19 +0200: Memory Usage (530380K) : RECOMMENDED enabled: true
2026-07-11 03:25:19 +0200: Memory Usage (530380K) : PreCheck DRC enabled: false
2026-07-11 03:25:19 +0200: Memory Usage (530380K) : CONNECTIVITY_RULES enabled: true.
2026-07-11 03:25:19 +0200: Memory Usage (530380K) : Read in polygons from layers.
2026-07-11 03:25:19 +0200: Memory Usage (531820K) : activ_drw has 4847 polygons
2026-07-11 03:25:19 +0200: Memory Usage (532076K) : activ_pin has 0 polygons
2026-07-11 03:25:19 +0200: Memory Usage (532076K) : activ_mask has 0 polygons
2026-07-11 03:25:19 +0200: Memory Usage (532204K) : activ_filler has 0 polygons
2026-07-11 03:25:19 +0200: Memory Usage (532204K) : activ_nofill has 0 polygons
2026-07-11 03:25:19 +0200: Memory Usage (532204K) : activ_opc has 0 polygons
2026-07-11 03:25:19 +0200: Memory Usage (532332K) : activ_iopc has 0 polygons
2026-07-11 03:25:19 +0200: Memory Usage (532332K) : activ_noqrc has 0 polygons
2026-07-11 03:25:19 +0200: Memory Usage (532460K) : biwind_drw has 0 polygons
2026-07-11 03:25:19 +0200: Memory Usage (532460K) : biwind_opc has 0 polygons
2026-07-11 03:25:19 +0200: Memory Usage (532588K) : pemwind_drw has 0 polygons
2026-07-11 03:25:19 +0200: Memory Usage (532588K) : gatpoly_drw has 4112 polygons
2026-07-11 03:25:19 +0200: Memory Usage (532716K) : gatpoly_pin has 65 polygons
2026-07-11 03:25:19 +0200: Memory Usage (532844K) : gatpoly_filler has 0 polygons
2026-07-11 03:25:19 +0200: Memory Usage (532844K) : gatpoly_nofill has 0 polygons
2026-07-11 03:25:19 +0200: Memory Usage (532972K) : gatpoly_opc has 0 polygons
2026-07-11 03:25:19 +0200: Memory Usage (532972K) : gatpoly_iopc has 0 polygons
2026-07-11 03:25:19 +0200: Memory Usage (533100K) : gatpoly_noqrc has 0 polygons
2026-07-11 03:25:19 +0200: Memory Usage (540908K) : cont_drw has 1640232 polygons
2026-07-11 03:25:19 +0200: Memory Usage (540908K) : cont_opc has 0 polygons
2026-07-11 03:25:19 +0200: Memory Usage (540908K) : nsd_drw has 0 polygons
2026-07-11 03:25:19 +0200: Memory Usage (540908K) : nsd_block has 0 polygons
2026-07-11 03:25:19 +0200: Memory Usage (540908K) : metal1_drw has 39512 polygons
2026-07-11 03:25:19 +0200: Memory Usage (540908K) : metal1_pin has 18610 polygons
2026-07-11 03:25:19 +0200: Memory Usage (540908K) : metal1_mask has 0 polygons
2026-07-11 03:25:19 +0200: Memory Usage (540908K) : metal1_filler has 0 polygons
2026-07-11 03:25:19 +0200: Memory Usage (540908K) : metal1_nofill has 0 polygons
2026-07-11 03:25:19 +0200: Memory Usage (540908K) : metal1_slit has 0 polygons
2026-07-11 03:25:19 +0200: Memory Usage (541036K) : metal1_text has 10091 polygons
2026-07-11 03:25:19 +0200: Memory Usage (541036K) : metal1_opc has 0 polygons
2026-07-11 03:25:19 +0200: Memory Usage (541036K) : metal1_noqrc has 0 polygons
2026-07-11 03:25:19 +0200: Memory Usage (541036K) : metal1_res has 0 polygons
2026-07-11 03:25:19 +0200: Memory Usage (541036K) : metal1_iprobe has 0 polygons
2026-07-11 03:25:19 +0200: Memory Usage (541036K) : metal1_diffprb has 0 polygons
2026-07-11 03:25:19 +0200: Memory Usage (541036K) : passiv_drw has 32 polygons
2026-07-11 03:25:19 +0200: Memory Usage (541036K) : passiv_pin has 0 polygons
2026-07-11 03:25:19 +0200: Memory Usage (541036K) : passiv_sbump has 0 polygons
2026-07-11 03:25:19 +0200: Memory Usage (541036K) : passiv_pillar has 0 polygons
2026-07-11 03:25:19 +0200: Memory Usage (541164K) : passiv_pdl has 0 polygons
2026-07-11 03:25:19 +0200: Memory Usage (541164K) : metal2_drw has 129019 polygons
2026-07-11 03:25:19 +0200: Memory Usage (541164K) : metal2_pin has 642 polygons
2026-07-11 03:25:19 +0200: Memory Usage (541164K) : metal2_mask has 0 polygons
2026-07-11 03:25:19 +0200: Memory Usage (541164K) : metal2_filler has 0 polygons
2026-07-11 03:25:19 +0200: Memory Usage (541164K) : metal2_nofill has 0 polygons
2026-07-11 03:25:19 +0200: Memory Usage (541164K) : metal2_slit has 0 polygons
2026-07-11 03:25:19 +0200: Memory Usage (541164K) : metal2_text has 642 polygons
2026-07-11 03:25:19 +0200: Memory Usage (541164K) : metal2_opc has 0 polygons
2026-07-11 03:25:19 +0200: Memory Usage (541164K) : metal2_noqrc has 0 polygons
2026-07-11 03:25:19 +0200: Memory Usage (541164K) : metal2_res has 0 polygons
2026-07-11 03:25:19 +0200: Memory Usage (541164K) : metal2_iprobe has 0 polygons
2026-07-11 03:25:19 +0200: Memory Usage (541164K) : metal2_diffprb has 0 polygons
2026-07-11 03:25:19 +0200: Memory Usage (541292K) : baspoly_drw has 0 polygons
2026-07-11 03:25:19 +0200: Memory Usage (541292K) : baspoly_pin has 0 polygons
2026-07-11 03:25:19 +0200: Memory Usage (541292K) : psd_drw has 1819 polygons
2026-07-11 03:25:19 +0200: Memory Usage (541292K) : nldb_drw has 0 polygons
2026-07-11 03:25:19 +0200: Memory Usage (541420K) : digibnd_drw has 0 polygons
2026-07-11 03:25:19 +0200: Memory Usage (541548K) : via1_drw has 61293 polygons
2026-07-11 03:25:19 +0200: Memory Usage (541676K) : backmetal1_drw has 0 polygons
2026-07-11 03:25:19 +0200: Memory Usage (541676K) : backmetal1_pin has 0 polygons
2026-07-11 03:25:19 +0200: Memory Usage (541804K) : backmetal1_mask has 0 polygons
2026-07-11 03:25:19 +0200: Memory Usage (541804K) : backmetal1_filler has 0 polygons
2026-07-11 03:25:19 +0200: Memory Usage (541932K) : backmetal1_nofill has 0 polygons
2026-07-11 03:25:19 +0200: Memory Usage (541932K) : backmetal1_slit has 0 polygons
2026-07-11 03:25:19 +0200: Memory Usage (541932K) : backmetal1_text has 0 polygons
2026-07-11 03:25:19 +0200: Memory Usage (542060K) : backmetal1_opc has 0 polygons
2026-07-11 03:25:19 +0200: Memory Usage (542188K) : backmetal1_noqrc has 0 polygons
2026-07-11 03:25:19 +0200: Memory Usage (542188K) : backmetal1_res has 0 polygons
2026-07-11 03:25:19 +0200: Memory Usage (542316K) : backmetal1_iprobe has 0 polygons
2026-07-11 03:25:19 +0200: Memory Usage (542444K) : backmetal1_diffprb has 0 polygons
2026-07-11 03:25:19 +0200: Memory Usage (542444K) : backpassiv_drw has 0 polygons
2026-07-11 03:25:19 +0200: Memory Usage (542444K) : res_drw has 0 polygons
2026-07-11 03:25:19 +0200: Memory Usage (542572K) : sram_drw has 0 polygons
2026-07-11 03:25:19 +0200: Memory Usage (542572K) : trans_drw has 0 polygons
2026-07-11 03:25:19 +0200: Memory Usage (542700K) : ind_drw has 0 polygons
2026-07-11 03:25:19 +0200: Memory Usage (542700K) : ind_pin has 0 polygons
2026-07-11 03:25:19 +0200: Memory Usage (542828K) : ind_text has 0 polygons
2026-07-11 03:25:19 +0200: Memory Usage (542828K) : salblock_drw has 55 polygons
2026-07-11 03:25:19 +0200: Memory Usage (543852K) : via2_drw has 170273 polygons
2026-07-11 03:25:19 +0200: Memory Usage (543980K) : metal3_drw has 126558 polygons
2026-07-11 03:25:19 +0200: Memory Usage (544108K) : metal3_pin has 342 polygons
2026-07-11 03:25:19 +0200: Memory Usage (544236K) : metal3_mask has 0 polygons
2026-07-11 03:25:19 +0200: Memory Usage (544236K) : metal3_filler has 0 polygons
2026-07-11 03:25:19 +0200: Memory Usage (544364K) : metal3_nofill has 0 polygons
2026-07-11 03:25:19 +0200: Memory Usage (544364K) : metal3_slit has 0 polygons
2026-07-11 03:25:19 +0200: Memory Usage (544492K) : metal3_text has 342 polygons
2026-07-11 03:25:19 +0200: Memory Usage (544492K) : metal3_opc has 0 polygons
2026-07-11 03:25:19 +0200: Memory Usage (544492K) : metal3_noqrc has 0 polygons
2026-07-11 03:25:19 +0200: Memory Usage (544620K) : metal3_res has 0 polygons
2026-07-11 03:25:19 +0200: Memory Usage (544620K) : metal3_iprobe has 0 polygons
2026-07-11 03:25:19 +0200: Memory Usage (544748K) : metal3_diffprb has 0 polygons
2026-07-11 03:25:19 +0200: Memory Usage (544876K) : nwell_drw has 900 polygons
2026-07-11 03:25:19 +0200: Memory Usage (544876K) : nwell_pin has 1 polygons
2026-07-11 03:25:19 +0200: Memory Usage (545004K) : nbulay_drw has 0 polygons
2026-07-11 03:25:19 +0200: Memory Usage (545132K) : nbulay_pin has 0 polygons
2026-07-11 03:25:19 +0200: Memory Usage (545132K) : nbulay_block has 0 polygons
2026-07-11 03:25:19 +0200: Memory Usage (545260K) : emwind_drw has 0 polygons
2026-07-11 03:25:19 +0200: Memory Usage (545260K) : emwind_opc has 0 polygons
2026-07-11 03:25:19 +0200: Memory Usage (545260K) : deepco_drw has 0 polygons
2026-07-11 03:25:19 +0200: Memory Usage (545388K) : deepco_drw has 0 polygons
2026-07-11 03:25:19 +0200: Memory Usage (545388K) : mim_drw has 0 polygons
2026-07-11 03:25:19 +0200: Memory Usage (545516K) : edgeseal_drw has 24 polygons
2026-07-11 03:25:19 +0200: Memory Usage (545516K) : edgeseal_bound has 1 polygons
2026-07-11 03:25:19 +0200: Memory Usage (545644K) : substrate_drw has 818 polygons
2026-07-11 03:25:19 +0200: Memory Usage (545644K) : substrate_text has 0 polygons
2026-07-11 03:25:19 +0200: Memory Usage (545772K) : dfpad_drw has 20 polygons
2026-07-11 03:25:19 +0200: Memory Usage (545772K) : dfpad_pillar has 0 polygons
2026-07-11 03:25:19 +0200: Memory Usage (545772K) : dfpad_sbump has 0 polygons
2026-07-11 03:25:19 +0200: Memory Usage (545900K) : thickgateox_drw has 39 polygons
2026-07-11 03:25:19 +0200: Memory Usage (545900K) : pldb_drw has 0 polygons
2026-07-11 03:25:19 +0200: Memory Usage (546028K) : pwell_drw has 0 polygons
2026-07-11 03:25:19 +0200: Memory Usage (546028K) : pwell_pin has 0 polygons
2026-07-11 03:25:19 +0200: Memory Usage (546156K) : pwell_block has 6 polygons
2026-07-11 03:25:19 +0200: Memory Usage (546156K) : ic_drw has 0 polygons
2026-07-11 03:25:19 +0200: Memory Usage (547052K) : via3_drw has 165845 polygons
2026-07-11 03:25:19 +0200: Memory Usage (547308K) : metal4_drw has 123478 polygons
2026-07-11 03:25:19 +0200: Memory Usage (547308K) : metal4_pin has 16630 polygons
2026-07-11 03:25:19 +0200: Memory Usage (547436K) : metal4_mask has 0 polygons
2026-07-11 03:25:19 +0200: Memory Usage (547436K) : metal4_filler has 0 polygons
2026-07-11 03:25:19 +0200: Memory Usage (547564K) : metal4_nofill has 0 polygons
2026-07-11 03:25:19 +0200: Memory Usage (547564K) : metal4_slit has 0 polygons
2026-07-11 03:25:19 +0200: Memory Usage (547692K) : metal4_text has 8424 polygons
2026-07-11 03:25:19 +0200: Memory Usage (547692K) : metal4_opc has 0 polygons
2026-07-11 03:25:19 +0200: Memory Usage (547692K) : metal4_noqrc has 0 polygons
2026-07-11 03:25:19 +0200: Memory Usage (547820K) : metal4_res has 0 polygons
2026-07-11 03:25:19 +0200: Memory Usage (547820K) : metal4_iprobe has 0 polygons
2026-07-11 03:25:19 +0200: Memory Usage (547948K) : metal4_diffprb has 0 polygons
2026-07-11 03:25:19 +0200: Memory Usage (547948K) : heattrans_drw has 856 polygons
2026-07-11 03:25:19 +0200: Memory Usage (548076K) : heatres_drw has 36 polygons
2026-07-11 03:25:19 +0200: Memory Usage (548076K) : pempoly_drw has 0 polygons
2026-07-11 03:25:19 +0200: Memory Usage (548204K) : fbe_drw has 0 polygons
2026-07-11 03:25:19 +0200: Memory Usage (548332K) : empoly_drw has 0 polygons
2026-07-11 03:25:19 +0200: Memory Usage (548332K) : ldmos_drw has 0 polygons
2026-07-11 03:25:19 +0200: Memory Usage (548332K) : pbiwind_drw has 0 polygons
2026-07-11 03:25:19 +0200: Memory Usage (548460K) : digisub_drw has 0 polygons
2026-07-11 03:25:19 +0200: Memory Usage (548460K) : nodrc_drw has 0 polygons
2026-07-11 03:25:19 +0200: Memory Usage (548588K) : text_drw has 607 polygons
2026-07-11 03:25:19 +0200: Memory Usage (548588K) : via4_drw has 0 polygons
2026-07-11 03:25:19 +0200: Memory Usage (548716K) : metal5_drw has 0 polygons
2026-07-11 03:25:19 +0200: Memory Usage (548716K) : metal5_pin has 0 polygons
2026-07-11 03:25:19 +0200: Memory Usage (548716K) : metal5_mask has 0 polygons
2026-07-11 03:25:19 +0200: Memory Usage (548844K) : metal5_filler has 0 polygons
2026-07-11 03:25:19 +0200: Memory Usage (548972K) : metal5_nofill has 0 polygons
2026-07-11 03:25:19 +0200: Memory Usage (548972K) : metal5_slit has 0 polygons
2026-07-11 03:25:19 +0200: Memory Usage (549100K) : metal5_text has 0 polygons
2026-07-11 03:25:19 +0200: Memory Usage (549100K) : metal5_opc has 0 polygons
2026-07-11 03:25:19 +0200: Memory Usage (549228K) : metal5_noqrc has 0 polygons
2026-07-11 03:25:19 +0200: Memory Usage (549228K) : metal5_res has 0 polygons
2026-07-11 03:25:19 +0200: Memory Usage (549356K) : metal5_iprobe has 0 polygons
2026-07-11 03:25:19 +0200: Memory Usage (549356K) : metal5_diffprb has 0 polygons
2026-07-11 03:25:19 +0200: Memory Usage (549484K) : radhard_drw has 0 polygons
2026-07-11 03:25:19 +0200: Memory Usage (549484K) : memcap_drw has 0 polygons
2026-07-11 03:25:19 +0200: Memory Usage (549612K) : varicap_drw has 0 polygons
2026-07-11 03:25:19 +0200: Memory Usage (549612K) : flash_drw has 0 polygons
2026-07-11 03:25:19 +0200: Memory Usage (549612K) : intbondvia_drw has 0 polygons
2026-07-11 03:25:19 +0200: Memory Usage (549740K) : intbondmet_drw has 0 polygons
2026-07-11 03:25:19 +0200: Memory Usage (549740K) : devbondvia_drw has 0 polygons
2026-07-11 03:25:19 +0200: Memory Usage (549868K) : devbondmet_drw has 0 polygons
2026-07-11 03:25:19 +0200: Memory Usage (549868K) : devtrench_drw has 0 polygons
2026-07-11 03:25:19 +0200: Memory Usage (549868K) : redist_drw has 0 polygons
2026-07-11 03:25:19 +0200: Memory Usage (549996K) : graphbot_drw has 0 polygons
2026-07-11 03:25:19 +0200: Memory Usage (549996K) : graphtop_drw has 0 polygons
2026-07-11 03:25:19 +0200: Memory Usage (550124K) : antvia1_drw has 0 polygons
2026-07-11 03:25:19 +0200: Memory Usage (550124K) : antmetal2_drw has 0 polygons
2026-07-11 03:25:19 +0200: Memory Usage (550252K) : graphcont_drw has 0 polygons
2026-07-11 03:25:19 +0200: Memory Usage (550252K) : siwg_drw has 0 polygons
2026-07-11 03:25:19 +0200: Memory Usage (550252K) : siwg_filler has 0 polygons
2026-07-11 03:25:19 +0200: Memory Usage (550252K) : siwg_nofill has 0 polygons
2026-07-11 03:25:19 +0200: Memory Usage (550380K) : sigrating_drw has 0 polygons
2026-07-11 03:25:19 +0200: Memory Usage (550380K) : singrating_drw has 0 polygons
2026-07-11 03:25:19 +0200: Memory Usage (550380K) : graphpas_drw has 0 polygons
2026-07-11 03:25:19 +0200: Memory Usage (550508K) : emwind3_drw has 0 polygons
2026-07-11 03:25:19 +0200: Memory Usage (550508K) : emwihv3_drw has 0 polygons
2026-07-11 03:25:19 +0200: Memory Usage (550508K) : redbulay_drw has 0 polygons
2026-07-11 03:25:19 +0200: Memory Usage (550508K) : smos_drw has 0 polygons
2026-07-11 03:25:19 +0200: Memory Usage (550508K) : graphpad_drw has 0 polygons
2026-07-11 03:25:19 +0200: Memory Usage (550508K) : polimide_drw has 0 polygons
2026-07-11 03:25:19 +0200: Memory Usage (550508K) : polimide_pin has 0 polygons
2026-07-11 03:25:19 +0200: Memory Usage (550508K) : recog_drw has 0 polygons
2026-07-11 03:25:19 +0200: Memory Usage (550508K) : recog_pin has 0 polygons
2026-07-11 03:25:19 +0200: Memory Usage (550508K) : recog_esd has 0 polygons
2026-07-11 03:25:19 +0200: Memory Usage (550508K) : recog_diode has 113 polygons
2026-07-11 03:25:19 +0200: Memory Usage (550508K) : recog_tsv has 0 polygons
2026-07-11 03:25:19 +0200: Memory Usage (550508K) : recog_iprobe has 0 polygons
2026-07-11 03:25:19 +0200: Memory Usage (550508K) : recog_diffprb has 0 polygons
2026-07-11 03:25:19 +0200: Memory Usage (550508K) : recog_pillar has 0 polygons
2026-07-11 03:25:19 +0200: Memory Usage (550508K) : recog_sbump has 0 polygons
2026-07-11 03:25:19 +0200: Memory Usage (550508K) : recog_otp has 0 polygons
2026-07-11 03:25:19 +0200: Memory Usage (550508K) : recog_pdiode has 0 polygons
2026-07-11 03:25:19 +0200: Memory Usage (550508K) : recog_mom has 8198 polygons
2026-07-11 03:25:19 +0200: Memory Usage (550508K) : recog_pcm has 0 polygons
2026-07-11 03:25:19 +0200: Memory Usage (550508K) : colopen_drw has 0 polygons
2026-07-11 03:25:19 +0200: Memory Usage (550508K) : graphmetal1_drw has 0 polygons
2026-07-11 03:25:19 +0200: Memory Usage (550508K) : graphmetal1_filler has 0 polygons
2026-07-11 03:25:19 +0200: Memory Usage (550508K) : graphmetal1_nofill has 0 polygons
2026-07-11 03:25:19 +0200: Memory Usage (550508K) : graphmetal1_slit has 0 polygons
2026-07-11 03:25:19 +0200: Memory Usage (550508K) : graphmetal1_opc has 0 polygons
2026-07-11 03:25:19 +0200: Memory Usage (550508K) : graphmet1l_drw has 0 polygons
2026-07-11 03:25:19 +0200: Memory Usage (550508K) : graphmet1l_filler has 0 polygons
2026-07-11 03:25:19 +0200: Memory Usage (550508K) : graphmet1l_nofill has 0 polygons
2026-07-11 03:25:19 +0200: Memory Usage (550508K) : graphmet1l_slit has 0 polygons
2026-07-11 03:25:19 +0200: Memory Usage (550508K) : graphmet1l_opc has 0 polygons
2026-07-11 03:25:19 +0200: Memory Usage (550508K) : extblock_drw has 145 polygons
2026-07-11 03:25:19 +0200: Memory Usage (550508K) : nldd_drw has 0 polygons
2026-07-11 03:25:19 +0200: Memory Usage (550508K) : pldd_drw has 0 polygons
2026-07-11 03:25:19 +0200: Memory Usage (550508K) : next_drw has 0 polygons
2026-07-11 03:25:19 +0200: Memory Usage (550508K) : pext_drw has 0 polygons
2026-07-11 03:25:19 +0200: Memory Usage (550508K) : nexthv_drw has 0 polygons
2026-07-11 03:25:19 +0200: Memory Usage (550508K) : pexthv_drw has 0 polygons
2026-07-11 03:25:19 +0200: Memory Usage (550508K) : graphgate_drw has 0 polygons
2026-07-11 03:25:19 +0200: Memory Usage (550508K) : sinwg_drw has 0 polygons
2026-07-11 03:25:19 +0200: Memory Usage (550508K) : sinwg_filler has 0 polygons
2026-07-11 03:25:19 +0200: Memory Usage (550508K) : sinwg_nofill has 0 polygons
2026-07-11 03:25:19 +0200: Memory Usage (550508K) : mempad_drw has 0 polygons
2026-07-11 03:25:19 +0200: Memory Usage (550508K) : topvia1_drw has 56700 polygons
2026-07-11 03:25:19 +0200: Memory Usage (550508K) : topmetal1_drw has 201 polygons
2026-07-11 03:25:19 +0200: Memory Usage (550508K) : topmetal1_pin has 168 polygons
2026-07-11 03:25:19 +0200: Memory Usage (550508K) : topmetal1_mask has 0 polygons
2026-07-11 03:25:19 +0200: Memory Usage (550508K) : topmetal1_filler has 0 polygons
2026-07-11 03:25:19 +0200: Memory Usage (550508K) : topmetal1_nofill has 0 polygons
2026-07-11 03:25:19 +0200: Memory Usage (550508K) : topmetal1_slit has 0 polygons
2026-07-11 03:25:19 +0200: Memory Usage (550508K) : topmetal1_text has 168 polygons
2026-07-11 03:25:19 +0200: Memory Usage (550508K) : topmetal1_noqrc has 0 polygons
2026-07-11 03:25:19 +0200: Memory Usage (550508K) : topmetal1_res has 0 polygons
2026-07-11 03:25:19 +0200: Memory Usage (550508K) : topmetal1_iprobe has 0 polygons
2026-07-11 03:25:19 +0200: Memory Usage (550508K) : topmetal1_diffprb has 0 polygons
2026-07-11 03:25:19 +0200: Memory Usage (550508K) : inldpwl_drw has 0 polygons
2026-07-11 03:25:19 +0200: Memory Usage (550508K) : polyres_drw has 36 polygons
2026-07-11 03:25:19 +0200: Memory Usage (550508K) : polyres_pin has 0 polygons
2026-07-11 03:25:19 +0200: Memory Usage (550508K) : vmim_drw has 0 polygons
2026-07-11 03:25:19 +0200: Memory Usage (550508K) : nbulaycut_drw has 0 polygons
2026-07-11 03:25:19 +0200: Memory Usage (550508K) : antmetal1_drw has 0 polygons
2026-07-11 03:25:19 +0200: Memory Usage (550508K) : topvia2_drw has 0 polygons
2026-07-11 03:25:19 +0200: Memory Usage (550508K) : topmetal2_drw has 0 polygons
2026-07-11 03:25:19 +0200: Memory Usage (550508K) : topmetal2_pin has 0 polygons
2026-07-11 03:25:19 +0200: Memory Usage (550508K) : topmetal2_mask has 0 polygons
2026-07-11 03:25:19 +0200: Memory Usage (550508K) : topmetal2_filler has 0 polygons
2026-07-11 03:25:19 +0200: Memory Usage (550508K) : topmetal2_nofill has 0 polygons
2026-07-11 03:25:19 +0200: Memory Usage (550508K) : topmetal2_slit has 0 polygons
2026-07-11 03:25:19 +0200: Memory Usage (550508K) : topmetal2_text has 0 polygons
2026-07-11 03:25:19 +0200: Memory Usage (550508K) : topmetal2_noqrc has 0 polygons
2026-07-11 03:25:19 +0200: Memory Usage (550508K) : topmetal2_res has 0 polygons
2026-07-11 03:25:19 +0200: Memory Usage (550508K) : topmetal2_iprobe has 0 polygons
2026-07-11 03:25:19 +0200: Memory Usage (550508K) : topmetal2_diffprb has 0 polygons
2026-07-11 03:25:19 +0200: Memory Usage (550508K) : snsring_drw has 0 polygons
2026-07-11 03:25:19 +0200: Memory Usage (550508K) : sensor_drw has 0 polygons
2026-07-11 03:25:19 +0200: Memory Usage (550508K) : snsarms_drw has 0 polygons
2026-07-11 03:25:19 +0200: Memory Usage (550508K) : snscmosvia_drw has 0 polygons
2026-07-11 03:25:19 +0200: Memory Usage (550508K) : colwind_drw has 0 polygons
2026-07-11 03:25:19 +0200: Memory Usage (550508K) : flm_drw has 0 polygons
2026-07-11 03:25:19 +0200: Memory Usage (550508K) : hafniumox_drw has 0 polygons
2026-07-11 03:25:19 +0200: Memory Usage (550508K) : memvia_drw has 0 polygons
2026-07-11 03:25:19 +0200: Memory Usage (550508K) : thinfilmres_drw has 0 polygons
2026-07-11 03:25:19 +0200: Memory Usage (550508K) : rfmem_drw has 0 polygons
2026-07-11 03:25:19 +0200: Memory Usage (550508K) : norcx_drw has 0 polygons
2026-07-11 03:25:19 +0200: Memory Usage (550508K) : norcx_m2m3 has 0 polygons
2026-07-11 03:25:19 +0200: Memory Usage (550508K) : norcx_m2m4 has 0 polygons
2026-07-11 03:25:19 +0200: Memory Usage (550508K) : norcx_m2m5 has 0 polygons
2026-07-11 03:25:19 +0200: Memory Usage (550508K) : norcx_m2tm1 has 0 polygons
2026-07-11 03:25:19 +0200: Memory Usage (550508K) : norcx_m2tm2 has 0 polygons
2026-07-11 03:25:19 +0200: Memory Usage (550508K) : norcx_m3m4 has 0 polygons
2026-07-11 03:25:19 +0200: Memory Usage (550508K) : norcx_m3m5 has 0 polygons
2026-07-11 03:25:19 +0200: Memory Usage (550508K) : norcx_m3tm1 has 0 polygons
2026-07-11 03:25:19 +0200: Memory Usage (550508K) : norcx_m3tm2 has 0 polygons
2026-07-11 03:25:19 +0200: Memory Usage (550508K) : norcx_m4m5 has 0 polygons
2026-07-11 03:25:19 +0200: Memory Usage (550508K) : norcx_m4tm1 has 0 polygons
2026-07-11 03:25:19 +0200: Memory Usage (550508K) : norcx_m4tm2 has 0 polygons
2026-07-11 03:25:19 +0200: Memory Usage (550508K) : norcx_m5tm1 has 0 polygons
2026-07-11 03:25:19 +0200: Memory Usage (550508K) : norcx_m5tm2 has 0 polygons
2026-07-11 03:25:19 +0200: Memory Usage (550508K) : norcx_tm1tm2 has 0 polygons
2026-07-11 03:25:19 +0200: Memory Usage (550508K) : norcx_m1sub has 0 polygons
2026-07-11 03:25:19 +0200: Memory Usage (550508K) : norcx_m2sub has 0 polygons
2026-07-11 03:25:19 +0200: Memory Usage (550508K) : norcx_m3sub has 0 polygons
2026-07-11 03:25:19 +0200: Memory Usage (550508K) : norcx_m4sub has 0 polygons
2026-07-11 03:25:19 +0200: Memory Usage (550508K) : norcx_m5sub has 0 polygons
2026-07-11 03:25:19 +0200: Memory Usage (550508K) : norcx_tm1sub has 0 polygons
2026-07-11 03:25:19 +0200: Memory Usage (550508K) : norcx_tm2sub has 0 polygons
2026-07-11 03:25:19 +0200: Memory Usage (550508K) : snsbotvia_drw has 0 polygons
2026-07-11 03:25:19 +0200: Memory Usage (550508K) : snstopvia_drw has 0 polygons
2026-07-11 03:25:19 +0200: Memory Usage (550508K) : deepvia_drw has 0 polygons
2026-07-11 03:25:19 +0200: Memory Usage (550508K) : fgetch_drw has 0 polygons
2026-07-11 03:25:19 +0200: Memory Usage (550508K) : ctrgat_drw has 0 polygons
2026-07-11 03:25:19 +0200: Memory Usage (550508K) : fgimp_drw has 0 polygons
2026-07-11 03:25:19 +0200: Memory Usage (550508K) : emwihv_drw has 0 polygons
2026-07-11 03:25:19 +0200: Memory Usage (550508K) : lbe_drw has 0 polygons
2026-07-11 03:25:19 +0200: Memory Usage (550508K) : alcustop_drw has 0 polygons
2026-07-11 03:25:19 +0200: Memory Usage (550508K) : nometfiller_drw has 0 polygons
2026-07-11 03:25:19 +0200: Memory Usage (550508K) : prboundary_drw has 0 polygons
2026-07-11 03:25:19 +0200: Memory Usage (550508K) : exchange0_drw has 0 polygons
2026-07-11 03:25:19 +0200: Memory Usage (550508K) : exchange0_pin has 0 polygons
2026-07-11 03:25:19 +0200: Memory Usage (550508K) : exchange0_text has 0 polygons
2026-07-11 03:25:19 +0200: Memory Usage (550508K) : exchange1_drw has 0 polygons
2026-07-11 03:25:19 +0200: Memory Usage (550508K) : exchange1_pin has 0 polygons
2026-07-11 03:25:19 +0200: Memory Usage (550508K) : exchange1_text has 0 polygons
2026-07-11 03:25:19 +0200: Memory Usage (550508K) : exchange2_drw has 0 polygons
2026-07-11 03:25:19 +0200: Memory Usage (550508K) : exchange2_pin has 0 polygons
2026-07-11 03:25:19 +0200: Memory Usage (550508K) : exchange2_text has 0 polygons
2026-07-11 03:25:19 +0200: Memory Usage (550508K) : exchange3_drw has 0 polygons
2026-07-11 03:25:19 +0200: Memory Usage (550508K) : exchange3_pin has 0 polygons
2026-07-11 03:25:19 +0200: Memory Usage (550508K) : exchange3_text has 0 polygons
2026-07-11 03:25:19 +0200: Memory Usage (550508K) : exchange4_drw has 0 polygons
2026-07-11 03:25:19 +0200: Memory Usage (550508K) : exchange4_pin has 0 polygons
2026-07-11 03:25:19 +0200: Memory Usage (550508K) : exchange4_text has 0 polygons
2026-07-11 03:25:19 +0200: Memory Usage (550508K) : isonwell_drw has 0 polygons
2026-07-11 03:25:19 +0200: Memory Usage (550508K) : Total no. of polygons in the design is 2591900
2026-07-11 03:25:19 +0200: Memory Usage (550508K) : Loaded TECH DRC rules values from /foss/pdks/ihp-sg13cmos5l/libs.tech/klayout/python/sg13cmos5l_pycell_lib/sg13cmos5l_tech_mod.json
2026-07-11 03:25:19 +0200: Memory Usage (550508K) : Loaded default DRC rules values from /foss/pdks/ihp-sg13cmos5l/libs.tech/klayout/tech/drc/rule_decks/sg13cmos5l_tech_default.json
2026-07-11 03:25:19 +0200: Memory Usage (551404K) : Total area of the design is 1102500.0 um^2.
2026-07-11 03:25:19 +0200: Memory Usage (551404K) : The design dimensions are 1050.0 um * 1050.0 um.
2026-07-11 03:25:19 +0200: Memory Usage (551404K) : Starting general IHP-SG13CMOS5L derivations.
2026-07-11 03:25:19 +0200: Memory Usage (551404K) : Starting Pwell derivations
2026-07-11 03:25:19 +0200: Memory Usage (553748K) : Starting n-Activ derivations
2026-07-11 03:25:19 +0200: Memory Usage (555204K) : Starting p-Activ derivations
2026-07-11 03:25:19 +0200: Memory Usage (555844K) : Starting ptap derivations
2026-07-11 03:25:19 +0200: Memory Usage (556228K) : Starting ntap derivations
2026-07-11 03:25:20 +0200: Memory Usage (556612K) : Starting pact FET derivations
2026-07-11 03:25:20 +0200: Memory Usage (556868K) : Starting nact FET derivations
2026-07-11 03:25:20 +0200: Memory Usage (557380K) : Starting Gate derivations
2026-07-11 03:25:20 +0200: Memory Usage (557500K) : Starting IHP-SG13CMOS5L DRC connectivity related derivations.
2026-07-11 03:25:20 +0200: Memory Usage (557628K) : Starting IHP-SG13CMOS5L DRC connectivity setup
2026-07-11 03:25:25 +0200: Memory Usage (759140K) : Starting IHP-SG13CMOS5L DRC rules.
2026-07-11 03:25:25 +0200: Memory Usage (759140K) : Starting 5.1 NWell table
2026-07-11 03:25:25 +0200: Memory Usage (759140K) : Executing rule NW.b
2026-07-11 03:25:25 +0200: Memory Usage (760064K) : Executing rule NW.b1
2026-07-11 03:25:25 +0200: Memory Usage (760704K) : Executing rule NW.f1
2026-07-11 03:25:25 +0200: Memory Usage (760704K) : Executing rule NW.f1.digibnd
2026-07-11 03:25:25 +0200: Memory Usage (760704K) : KLayout DRC run for tables 'nwell' completed in 5.86 seconds
