# Logfile created on 2026-07-11 03:47:13 +0200 by logger.rb/v1.5.3
2026-07-11 03:47:13 +0200: Memory Usage (526564K) : Starting running IHP-SG13CMOS5L KLayout DRC runset on /foss/designs/adc8b/IHP__MSPHY9932/release/v.1.0.0/gds/MSPHY9932.gds
2026-07-11 03:47:13 +0200: Memory Usage (526564K) : Ruby Version for klayout: 3.2.3
2026-07-11 03:47:14 +0200: Memory Usage (529892K) : Loading database to memory is complete.
2026-07-11 03:47:14 +0200: Memory Usage (529892K) : IHP-SG13CMOS5L KLayout DRC runset output at: /foss/designs/adc8b/IHP__MSPHY9932/release/v.1.0.0/drc/MSPHY9932_MSPHY9932_topmetal1filler.lyrdb
2026-07-11 03:47:14 +0200: Memory Usage (530020K) : Evaluate switches.
2026-07-11 03:47:14 +0200: Memory Usage (530020K) : tables selected: topmetal1filler
2026-07-11 03:47:14 +0200: Memory Usage (530020K) : KLayout will use 16 thread(s) in tiled mode.
2026-07-11 03:47:14 +0200: Memory Usage (530020K) : deep mode is enabled.
2026-07-11 03:47:14 +0200: Memory Usage (530020K) : FEOL enabled: false
2026-07-11 03:47:14 +0200: Memory Usage (530020K) : BEOL enabled: false
2026-07-11 03:47:14 +0200: Memory Usage (530020K) : OFFGRID enabled: true
2026-07-11 03:47:14 +0200: Memory Usage (530020K) : ANGLE enabled: true
2026-07-11 03:47:14 +0200: Memory Usage (530020K) : PIN enabled: false
2026-07-11 03:47:14 +0200: Memory Usage (530020K) : FORBIDDEN enabled: false
2026-07-11 03:47:14 +0200: Memory Usage (530020K) : RECOMMENDED enabled: true
2026-07-11 03:47:14 +0200: Memory Usage (530020K) : PreCheck DRC enabled: false
2026-07-11 03:47:14 +0200: Memory Usage (530020K) : CONNECTIVITY_RULES enabled: false.
2026-07-11 03:47:14 +0200: Memory Usage (530020K) : Read in polygons from layers.
2026-07-11 03:47:14 +0200: Memory Usage (531760K) : activ_drw has 4847 polygons
2026-07-11 03:47:14 +0200: Memory Usage (531888K) : activ_pin has 0 polygons
2026-07-11 03:47:14 +0200: Memory Usage (532016K) : activ_mask has 0 polygons
2026-07-11 03:47:14 +0200: Memory Usage (532016K) : activ_filler has 23127 polygons
2026-07-11 03:47:14 +0200: Memory Usage (532144K) : activ_nofill has 0 polygons
2026-07-11 03:47:14 +0200: Memory Usage (532144K) : activ_opc has 0 polygons
2026-07-11 03:47:14 +0200: Memory Usage (532144K) : activ_iopc has 0 polygons
2026-07-11 03:47:14 +0200: Memory Usage (532272K) : activ_noqrc has 0 polygons
2026-07-11 03:47:14 +0200: Memory Usage (532272K) : biwind_drw has 0 polygons
2026-07-11 03:47:14 +0200: Memory Usage (532400K) : biwind_opc has 0 polygons
2026-07-11 03:47:14 +0200: Memory Usage (532400K) : pemwind_drw has 0 polygons
2026-07-11 03:47:14 +0200: Memory Usage (532400K) : gatpoly_drw has 4112 polygons
2026-07-11 03:47:14 +0200: Memory Usage (532528K) : gatpoly_pin has 65 polygons
2026-07-11 03:47:14 +0200: Memory Usage (532656K) : gatpoly_filler has 23127 polygons
2026-07-11 03:47:14 +0200: Memory Usage (532784K) : gatpoly_nofill has 0 polygons
2026-07-11 03:47:14 +0200: Memory Usage (532784K) : gatpoly_opc has 0 polygons
2026-07-11 03:47:14 +0200: Memory Usage (532912K) : gatpoly_iopc has 0 polygons
2026-07-11 03:47:14 +0200: Memory Usage (532912K) : gatpoly_noqrc has 0 polygons
2026-07-11 03:47:14 +0200: Memory Usage (540848K) : cont_drw has 1640232 polygons
2026-07-11 03:47:14 +0200: Memory Usage (540848K) : cont_opc has 0 polygons
2026-07-11 03:47:14 +0200: Memory Usage (540848K) : nsd_drw has 0 polygons
2026-07-11 03:47:14 +0200: Memory Usage (540848K) : nsd_block has 0 polygons
2026-07-11 03:47:14 +0200: Memory Usage (540848K) : metal1_drw has 39512 polygons
2026-07-11 03:47:14 +0200: Memory Usage (540848K) : metal1_pin has 18610 polygons
2026-07-11 03:47:14 +0200: Memory Usage (540848K) : metal1_mask has 0 polygons
2026-07-11 03:47:14 +0200: Memory Usage (540848K) : metal1_filler has 27923 polygons
2026-07-11 03:47:14 +0200: Memory Usage (540848K) : metal1_nofill has 0 polygons
2026-07-11 03:47:14 +0200: Memory Usage (540848K) : metal1_slit has 0 polygons
2026-07-11 03:47:14 +0200: Memory Usage (540848K) : metal1_text has 10091 polygons
2026-07-11 03:47:14 +0200: Memory Usage (540848K) : metal1_opc has 0 polygons
2026-07-11 03:47:14 +0200: Memory Usage (540848K) : metal1_noqrc has 0 polygons
2026-07-11 03:47:14 +0200: Memory Usage (540848K) : metal1_res has 0 polygons
2026-07-11 03:47:14 +0200: Memory Usage (540848K) : metal1_iprobe has 0 polygons
2026-07-11 03:47:14 +0200: Memory Usage (540848K) : metal1_diffprb has 0 polygons
2026-07-11 03:47:14 +0200: Memory Usage (540848K) : passiv_drw has 32 polygons
2026-07-11 03:47:14 +0200: Memory Usage (540848K) : passiv_pin has 0 polygons
2026-07-11 03:47:14 +0200: Memory Usage (540848K) : passiv_sbump has 0 polygons
2026-07-11 03:47:14 +0200: Memory Usage (540848K) : passiv_pillar has 0 polygons
2026-07-11 03:47:14 +0200: Memory Usage (540976K) : passiv_pdl has 0 polygons
2026-07-11 03:47:14 +0200: Memory Usage (540976K) : metal2_drw has 129019 polygons
2026-07-11 03:47:14 +0200: Memory Usage (540976K) : metal2_pin has 642 polygons
2026-07-11 03:47:14 +0200: Memory Usage (540976K) : metal2_mask has 0 polygons
2026-07-11 03:47:14 +0200: Memory Usage (541104K) : metal2_filler has 30369 polygons
2026-07-11 03:47:14 +0200: Memory Usage (541104K) : metal2_nofill has 0 polygons
2026-07-11 03:47:14 +0200: Memory Usage (541104K) : metal2_slit has 0 polygons
2026-07-11 03:47:14 +0200: Memory Usage (541104K) : metal2_text has 642 polygons
2026-07-11 03:47:14 +0200: Memory Usage (541232K) : metal2_opc has 0 polygons
2026-07-11 03:47:14 +0200: Memory Usage (541232K) : metal2_noqrc has 0 polygons
2026-07-11 03:47:14 +0200: Memory Usage (541232K) : metal2_res has 0 polygons
2026-07-11 03:47:14 +0200: Memory Usage (541360K) : metal2_iprobe has 0 polygons
2026-07-11 03:47:14 +0200: Memory Usage (541360K) : metal2_diffprb has 0 polygons
2026-07-11 03:47:14 +0200: Memory Usage (541360K) : baspoly_drw has 0 polygons
2026-07-11 03:47:14 +0200: Memory Usage (541488K) : baspoly_pin has 0 polygons
2026-07-11 03:47:14 +0200: Memory Usage (541488K) : psd_drw has 1819 polygons
2026-07-11 03:47:14 +0200: Memory Usage (541616K) : nldb_drw has 0 polygons
2026-07-11 03:47:14 +0200: Memory Usage (541616K) : digibnd_drw has 0 polygons
2026-07-11 03:47:14 +0200: Memory Usage (541872K) : via1_drw has 61293 polygons
2026-07-11 03:47:14 +0200: Memory Usage (542000K) : backmetal1_drw has 0 polygons
2026-07-11 03:47:14 +0200: Memory Usage (542000K) : backmetal1_pin has 0 polygons
2026-07-11 03:47:14 +0200: Memory Usage (542128K) : backmetal1_mask has 0 polygons
2026-07-11 03:47:14 +0200: Memory Usage (542128K) : backmetal1_filler has 0 polygons
2026-07-11 03:47:14 +0200: Memory Usage (542128K) : backmetal1_nofill has 0 polygons
2026-07-11 03:47:14 +0200: Memory Usage (542256K) : backmetal1_slit has 0 polygons
2026-07-11 03:47:14 +0200: Memory Usage (542256K) : backmetal1_text has 0 polygons
2026-07-11 03:47:14 +0200: Memory Usage (542384K) : backmetal1_opc has 0 polygons
2026-07-11 03:47:14 +0200: Memory Usage (542512K) : backmetal1_noqrc has 0 polygons
2026-07-11 03:47:14 +0200: Memory Usage (542512K) : backmetal1_res has 0 polygons
2026-07-11 03:47:14 +0200: Memory Usage (542640K) : backmetal1_iprobe has 0 polygons
2026-07-11 03:47:14 +0200: Memory Usage (542640K) : backmetal1_diffprb has 0 polygons
2026-07-11 03:47:14 +0200: Memory Usage (542768K) : backpassiv_drw has 0 polygons
2026-07-11 03:47:14 +0200: Memory Usage (542768K) : res_drw has 0 polygons
2026-07-11 03:47:14 +0200: Memory Usage (542896K) : sram_drw has 0 polygons
2026-07-11 03:47:14 +0200: Memory Usage (542896K) : trans_drw has 0 polygons
2026-07-11 03:47:14 +0200: Memory Usage (543024K) : ind_drw has 0 polygons
2026-07-11 03:47:14 +0200: Memory Usage (543024K) : ind_pin has 0 polygons
2026-07-11 03:47:14 +0200: Memory Usage (543152K) : ind_text has 0 polygons
2026-07-11 03:47:14 +0200: Memory Usage (543152K) : salblock_drw has 55 polygons
2026-07-11 03:47:14 +0200: Memory Usage (544176K) : via2_drw has 170273 polygons
2026-07-11 03:47:14 +0200: Memory Usage (544304K) : metal3_drw has 126558 polygons
2026-07-11 03:47:14 +0200: Memory Usage (544432K) : metal3_pin has 342 polygons
2026-07-11 03:47:14 +0200: Memory Usage (544432K) : metal3_mask has 0 polygons
2026-07-11 03:47:14 +0200: Memory Usage (544560K) : metal3_filler has 13932 polygons
2026-07-11 03:47:14 +0200: Memory Usage (544560K) : metal3_nofill has 0 polygons
2026-07-11 03:47:14 +0200: Memory Usage (544688K) : metal3_slit has 0 polygons
2026-07-11 03:47:14 +0200: Memory Usage (544688K) : metal3_text has 342 polygons
2026-07-11 03:47:14 +0200: Memory Usage (544816K) : metal3_opc has 0 polygons
2026-07-11 03:47:14 +0200: Memory Usage (544816K) : metal3_noqrc has 0 polygons
2026-07-11 03:47:14 +0200: Memory Usage (544816K) : metal3_res has 0 polygons
2026-07-11 03:47:14 +0200: Memory Usage (544944K) : metal3_iprobe has 0 polygons
2026-07-11 03:47:14 +0200: Memory Usage (544944K) : metal3_diffprb has 0 polygons
2026-07-11 03:47:14 +0200: Memory Usage (545072K) : nwell_drw has 900 polygons
2026-07-11 03:47:14 +0200: Memory Usage (545200K) : nwell_pin has 1 polygons
2026-07-11 03:47:14 +0200: Memory Usage (545200K) : nbulay_drw has 0 polygons
2026-07-11 03:47:14 +0200: Memory Usage (545328K) : nbulay_pin has 0 polygons
2026-07-11 03:47:14 +0200: Memory Usage (545456K) : nbulay_block has 0 polygons
2026-07-11 03:47:14 +0200: Memory Usage (545456K) : emwind_drw has 0 polygons
2026-07-11 03:47:14 +0200: Memory Usage (545456K) : emwind_opc has 0 polygons
2026-07-11 03:47:14 +0200: Memory Usage (545584K) : deepco_drw has 0 polygons
2026-07-11 03:47:14 +0200: Memory Usage (545584K) : deepco_drw has 0 polygons
2026-07-11 03:47:14 +0200: Memory Usage (545712K) : mim_drw has 0 polygons
2026-07-11 03:47:14 +0200: Memory Usage (545712K) : edgeseal_drw has 24 polygons
2026-07-11 03:47:14 +0200: Memory Usage (545840K) : edgeseal_bound has 1 polygons
2026-07-11 03:47:14 +0200: Memory Usage (545840K) : substrate_drw has 818 polygons
2026-07-11 03:47:14 +0200: Memory Usage (545968K) : substrate_text has 0 polygons
2026-07-11 03:47:14 +0200: Memory Usage (545968K) : dfpad_drw has 20 polygons
2026-07-11 03:47:14 +0200: Memory Usage (545968K) : dfpad_pillar has 0 polygons
2026-07-11 03:47:14 +0200: Memory Usage (545968K) : dfpad_sbump has 0 polygons
2026-07-11 03:47:14 +0200: Memory Usage (545968K) : thickgateox_drw has 39 polygons
2026-07-11 03:47:14 +0200: Memory Usage (545968K) : pldb_drw has 0 polygons
2026-07-11 03:47:14 +0200: Memory Usage (545968K) : pwell_drw has 0 polygons
2026-07-11 03:47:14 +0200: Memory Usage (545968K) : pwell_pin has 0 polygons
2026-07-11 03:47:14 +0200: Memory Usage (545968K) : pwell_block has 6 polygons
2026-07-11 03:47:14 +0200: Memory Usage (545968K) : ic_drw has 0 polygons
2026-07-11 03:47:14 +0200: Memory Usage (545968K) : via3_drw has 165845 polygons
2026-07-11 03:47:14 +0200: Memory Usage (545968K) : metal4_drw has 123478 polygons
2026-07-11 03:47:14 +0200: Memory Usage (545968K) : metal4_pin has 16630 polygons
2026-07-11 03:47:14 +0200: Memory Usage (545968K) : metal4_mask has 0 polygons
2026-07-11 03:47:14 +0200: Memory Usage (545968K) : metal4_filler has 14002 polygons
2026-07-11 03:47:14 +0200: Memory Usage (545968K) : metal4_nofill has 0 polygons
2026-07-11 03:47:14 +0200: Memory Usage (545968K) : metal4_slit has 0 polygons
2026-07-11 03:47:14 +0200: Memory Usage (545968K) : metal4_text has 8424 polygons
2026-07-11 03:47:14 +0200: Memory Usage (545968K) : metal4_opc has 0 polygons
2026-07-11 03:47:14 +0200: Memory Usage (545968K) : metal4_noqrc has 0 polygons
2026-07-11 03:47:14 +0200: Memory Usage (545968K) : metal4_res has 0 polygons
2026-07-11 03:47:14 +0200: Memory Usage (545968K) : metal4_iprobe has 0 polygons
2026-07-11 03:47:14 +0200: Memory Usage (545968K) : metal4_diffprb has 0 polygons
2026-07-11 03:47:14 +0200: Memory Usage (545968K) : heattrans_drw has 856 polygons
2026-07-11 03:47:14 +0200: Memory Usage (545968K) : heatres_drw has 36 polygons
2026-07-11 03:47:14 +0200: Memory Usage (545968K) : pempoly_drw has 0 polygons
2026-07-11 03:47:14 +0200: Memory Usage (545968K) : fbe_drw has 0 polygons
2026-07-11 03:47:14 +0200: Memory Usage (545968K) : empoly_drw has 0 polygons
2026-07-11 03:47:14 +0200: Memory Usage (545968K) : ldmos_drw has 0 polygons
2026-07-11 03:47:14 +0200: Memory Usage (545968K) : pbiwind_drw has 0 polygons
2026-07-11 03:47:14 +0200: Memory Usage (545968K) : digisub_drw has 0 polygons
2026-07-11 03:47:14 +0200: Memory Usage (545968K) : nodrc_drw has 0 polygons
2026-07-11 03:47:14 +0200: Memory Usage (545968K) : text_drw has 607 polygons
2026-07-11 03:47:14 +0200: Memory Usage (545968K) : via4_drw has 0 polygons
2026-07-11 03:47:14 +0200: Memory Usage (545968K) : metal5_drw has 0 polygons
2026-07-11 03:47:14 +0200: Memory Usage (545968K) : metal5_pin has 0 polygons
2026-07-11 03:47:14 +0200: Memory Usage (545968K) : metal5_mask has 0 polygons
2026-07-11 03:47:14 +0200: Memory Usage (545968K) : metal5_filler has 0 polygons
2026-07-11 03:47:14 +0200: Memory Usage (545968K) : metal5_nofill has 0 polygons
2026-07-11 03:47:14 +0200: Memory Usage (545968K) : metal5_slit has 0 polygons
2026-07-11 03:47:14 +0200: Memory Usage (545968K) : metal5_text has 0 polygons
2026-07-11 03:47:14 +0200: Memory Usage (545968K) : metal5_opc has 0 polygons
2026-07-11 03:47:14 +0200: Memory Usage (545968K) : metal5_noqrc has 0 polygons
2026-07-11 03:47:14 +0200: Memory Usage (545968K) : metal5_res has 0 polygons
2026-07-11 03:47:14 +0200: Memory Usage (545968K) : metal5_iprobe has 0 polygons
2026-07-11 03:47:14 +0200: Memory Usage (545968K) : metal5_diffprb has 0 polygons
2026-07-11 03:47:14 +0200: Memory Usage (545968K) : radhard_drw has 0 polygons
2026-07-11 03:47:14 +0200: Memory Usage (545968K) : memcap_drw has 0 polygons
2026-07-11 03:47:14 +0200: Memory Usage (545968K) : varicap_drw has 0 polygons
2026-07-11 03:47:14 +0200: Memory Usage (545968K) : flash_drw has 0 polygons
2026-07-11 03:47:14 +0200: Memory Usage (545968K) : intbondvia_drw has 0 polygons
2026-07-11 03:47:14 +0200: Memory Usage (545968K) : intbondmet_drw has 0 polygons
2026-07-11 03:47:14 +0200: Memory Usage (545968K) : devbondvia_drw has 0 polygons
2026-07-11 03:47:14 +0200: Memory Usage (545968K) : devbondmet_drw has 0 polygons
2026-07-11 03:47:14 +0200: Memory Usage (545968K) : devtrench_drw has 0 polygons
2026-07-11 03:47:14 +0200: Memory Usage (545968K) : redist_drw has 0 polygons
2026-07-11 03:47:14 +0200: Memory Usage (545968K) : graphbot_drw has 0 polygons
2026-07-11 03:47:14 +0200: Memory Usage (545968K) : graphtop_drw has 0 polygons
2026-07-11 03:47:14 +0200: Memory Usage (545968K) : antvia1_drw has 0 polygons
2026-07-11 03:47:14 +0200: Memory Usage (545968K) : antmetal2_drw has 0 polygons
2026-07-11 03:47:14 +0200: Memory Usage (545968K) : graphcont_drw has 0 polygons
2026-07-11 03:47:14 +0200: Memory Usage (545968K) : siwg_drw has 0 polygons
2026-07-11 03:47:14 +0200: Memory Usage (545968K) : siwg_filler has 0 polygons
2026-07-11 03:47:14 +0200: Memory Usage (545968K) : siwg_nofill has 0 polygons
2026-07-11 03:47:14 +0200: Memory Usage (545968K) : sigrating_drw has 0 polygons
2026-07-11 03:47:14 +0200: Memory Usage (545968K) : singrating_drw has 0 polygons
2026-07-11 03:47:14 +0200: Memory Usage (545968K) : graphpas_drw has 0 polygons
2026-07-11 03:47:14 +0200: Memory Usage (545968K) : emwind3_drw has 0 polygons
2026-07-11 03:47:14 +0200: Memory Usage (545968K) : emwihv3_drw has 0 polygons
2026-07-11 03:47:14 +0200: Memory Usage (545968K) : redbulay_drw has 0 polygons
2026-07-11 03:47:14 +0200: Memory Usage (545968K) : smos_drw has 0 polygons
2026-07-11 03:47:14 +0200: Memory Usage (545968K) : graphpad_drw has 0 polygons
2026-07-11 03:47:14 +0200: Memory Usage (545968K) : polimide_drw has 0 polygons
2026-07-11 03:47:14 +0200: Memory Usage (545968K) : polimide_pin has 0 polygons
2026-07-11 03:47:14 +0200: Memory Usage (545968K) : recog_drw has 0 polygons
2026-07-11 03:47:14 +0200: Memory Usage (545968K) : recog_pin has 0 polygons
2026-07-11 03:47:14 +0200: Memory Usage (545968K) : recog_esd has 0 polygons
2026-07-11 03:47:14 +0200: Memory Usage (545968K) : recog_diode has 113 polygons
2026-07-11 03:47:14 +0200: Memory Usage (545968K) : recog_tsv has 0 polygons
2026-07-11 03:47:14 +0200: Memory Usage (545968K) : recog_iprobe has 0 polygons
2026-07-11 03:47:14 +0200: Memory Usage (545968K) : recog_diffprb has 0 polygons
2026-07-11 03:47:14 +0200: Memory Usage (545968K) : recog_pillar has 0 polygons
2026-07-11 03:47:14 +0200: Memory Usage (545968K) : recog_sbump has 0 polygons
2026-07-11 03:47:14 +0200: Memory Usage (545968K) : recog_otp has 0 polygons
2026-07-11 03:47:14 +0200: Memory Usage (545968K) : recog_pdiode has 0 polygons
2026-07-11 03:47:14 +0200: Memory Usage (545968K) : recog_mom has 8198 polygons
2026-07-11 03:47:14 +0200: Memory Usage (545968K) : recog_pcm has 0 polygons
2026-07-11 03:47:14 +0200: Memory Usage (545968K) : colopen_drw has 0 polygons
2026-07-11 03:47:14 +0200: Memory Usage (545968K) : graphmetal1_drw has 0 polygons
2026-07-11 03:47:14 +0200: Memory Usage (545968K) : graphmetal1_filler has 0 polygons
2026-07-11 03:47:14 +0200: Memory Usage (545968K) : graphmetal1_nofill has 0 polygons
2026-07-11 03:47:14 +0200: Memory Usage (545968K) : graphmetal1_slit has 0 polygons
2026-07-11 03:47:14 +0200: Memory Usage (545968K) : graphmetal1_opc has 0 polygons
2026-07-11 03:47:14 +0200: Memory Usage (545968K) : graphmet1l_drw has 0 polygons
2026-07-11 03:47:14 +0200: Memory Usage (545968K) : graphmet1l_filler has 0 polygons
2026-07-11 03:47:14 +0200: Memory Usage (545968K) : graphmet1l_nofill has 0 polygons
2026-07-11 03:47:14 +0200: Memory Usage (546096K) : graphmet1l_slit has 0 polygons
2026-07-11 03:47:14 +0200: Memory Usage (546096K) : graphmet1l_opc has 0 polygons
2026-07-11 03:47:14 +0200: Memory Usage (546096K) : extblock_drw has 145 polygons
2026-07-11 03:47:14 +0200: Memory Usage (546224K) : nldd_drw has 0 polygons
2026-07-11 03:47:14 +0200: Memory Usage (546224K) : pldd_drw has 0 polygons
2026-07-11 03:47:14 +0200: Memory Usage (546224K) : next_drw has 0 polygons
2026-07-11 03:47:14 +0200: Memory Usage (546224K) : pext_drw has 0 polygons
2026-07-11 03:47:14 +0200: Memory Usage (546352K) : nexthv_drw has 0 polygons
2026-07-11 03:47:14 +0200: Memory Usage (546352K) : pexthv_drw has 0 polygons
2026-07-11 03:47:14 +0200: Memory Usage (546352K) : graphgate_drw has 0 polygons
2026-07-11 03:47:14 +0200: Memory Usage (546480K) : sinwg_drw has 0 polygons
2026-07-11 03:47:14 +0200: Memory Usage (546480K) : sinwg_filler has 0 polygons
2026-07-11 03:47:14 +0200: Memory Usage (546480K) : sinwg_nofill has 0 polygons
2026-07-11 03:47:14 +0200: Memory Usage (546480K) : mempad_drw has 0 polygons
2026-07-11 03:47:14 +0200: Memory Usage (546736K) : topvia1_drw has 56700 polygons
2026-07-11 03:47:14 +0200: Memory Usage (546864K) : topmetal1_drw has 201 polygons
2026-07-11 03:47:14 +0200: Memory Usage (546992K) : topmetal1_pin has 168 polygons
2026-07-11 03:47:14 +0200: Memory Usage (546992K) : topmetal1_mask has 0 polygons
2026-07-11 03:47:14 +0200: Memory Usage (546992K) : topmetal1_filler has 3600 polygons
2026-07-11 03:47:14 +0200: Memory Usage (547120K) : topmetal1_nofill has 0 polygons
2026-07-11 03:47:14 +0200: Memory Usage (547120K) : topmetal1_slit has 0 polygons
2026-07-11 03:47:14 +0200: Memory Usage (547120K) : topmetal1_text has 168 polygons
2026-07-11 03:47:14 +0200: Memory Usage (547120K) : topmetal1_noqrc has 0 polygons
2026-07-11 03:47:14 +0200: Memory Usage (547248K) : topmetal1_res has 0 polygons
2026-07-11 03:47:14 +0200: Memory Usage (547248K) : topmetal1_iprobe has 0 polygons
2026-07-11 03:47:14 +0200: Memory Usage (547248K) : topmetal1_diffprb has 0 polygons
2026-07-11 03:47:14 +0200: Memory Usage (547376K) : inldpwl_drw has 0 polygons
2026-07-11 03:47:14 +0200: Memory Usage (547376K) : polyres_drw has 36 polygons
2026-07-11 03:47:14 +0200: Memory Usage (547376K) : polyres_pin has 0 polygons
2026-07-11 03:47:14 +0200: Memory Usage (547504K) : vmim_drw has 0 polygons
2026-07-11 03:47:14 +0200: Memory Usage (547504K) : nbulaycut_drw has 0 polygons
2026-07-11 03:47:14 +0200: Memory Usage (547504K) : antmetal1_drw has 0 polygons
2026-07-11 03:47:14 +0200: Memory Usage (547504K) : topvia2_drw has 0 polygons
2026-07-11 03:47:14 +0200: Memory Usage (547632K) : topmetal2_drw has 0 polygons
2026-07-11 03:47:14 +0200: Memory Usage (547632K) : topmetal2_pin has 0 polygons
2026-07-11 03:47:14 +0200: Memory Usage (547632K) : topmetal2_mask has 0 polygons
2026-07-11 03:47:14 +0200: Memory Usage (547760K) : topmetal2_filler has 0 polygons
2026-07-11 03:47:14 +0200: Memory Usage (547760K) : topmetal2_nofill has 0 polygons
2026-07-11 03:47:14 +0200: Memory Usage (547760K) : topmetal2_slit has 0 polygons
2026-07-11 03:47:14 +0200: Memory Usage (547760K) : topmetal2_text has 0 polygons
2026-07-11 03:47:14 +0200: Memory Usage (547888K) : topmetal2_noqrc has 0 polygons
2026-07-11 03:47:14 +0200: Memory Usage (547888K) : topmetal2_res has 0 polygons
2026-07-11 03:47:14 +0200: Memory Usage (547888K) : topmetal2_iprobe has 0 polygons
2026-07-11 03:47:14 +0200: Memory Usage (548016K) : topmetal2_diffprb has 0 polygons
2026-07-11 03:47:14 +0200: Memory Usage (548016K) : snsring_drw has 0 polygons
2026-07-11 03:47:14 +0200: Memory Usage (548016K) : sensor_drw has 0 polygons
2026-07-11 03:47:14 +0200: Memory Usage (548144K) : snsarms_drw has 0 polygons
2026-07-11 03:47:14 +0200: Memory Usage (548144K) : snscmosvia_drw has 0 polygons
2026-07-11 03:47:14 +0200: Memory Usage (548144K) : colwind_drw has 0 polygons
2026-07-11 03:47:14 +0200: Memory Usage (548144K) : flm_drw has 0 polygons
2026-07-11 03:47:14 +0200: Memory Usage (548272K) : hafniumox_drw has 0 polygons
2026-07-11 03:47:14 +0200: Memory Usage (548272K) : memvia_drw has 0 polygons
2026-07-11 03:47:14 +0200: Memory Usage (548272K) : thinfilmres_drw has 0 polygons
2026-07-11 03:47:14 +0200: Memory Usage (548400K) : rfmem_drw has 0 polygons
2026-07-11 03:47:14 +0200: Memory Usage (548400K) : norcx_drw has 0 polygons
2026-07-11 03:47:14 +0200: Memory Usage (548400K) : norcx_m2m3 has 0 polygons
2026-07-11 03:47:14 +0200: Memory Usage (548528K) : norcx_m2m4 has 0 polygons
2026-07-11 03:47:14 +0200: Memory Usage (548528K) : norcx_m2m5 has 0 polygons
2026-07-11 03:47:14 +0200: Memory Usage (548656K) : norcx_m2tm1 has 0 polygons
2026-07-11 03:47:14 +0200: Memory Usage (548656K) : norcx_m2tm2 has 0 polygons
2026-07-11 03:47:14 +0200: Memory Usage (548784K) : norcx_m3m4 has 0 polygons
2026-07-11 03:47:14 +0200: Memory Usage (548784K) : norcx_m3m5 has 0 polygons
2026-07-11 03:47:14 +0200: Memory Usage (548784K) : norcx_m3tm1 has 0 polygons
2026-07-11 03:47:14 +0200: Memory Usage (548912K) : norcx_m3tm2 has 0 polygons
2026-07-11 03:47:14 +0200: Memory Usage (548912K) : norcx_m4m5 has 0 polygons
2026-07-11 03:47:14 +0200: Memory Usage (548912K) : norcx_m4tm1 has 0 polygons
2026-07-11 03:47:14 +0200: Memory Usage (549040K) : norcx_m4tm2 has 0 polygons
2026-07-11 03:47:14 +0200: Memory Usage (549040K) : norcx_m5tm1 has 0 polygons
2026-07-11 03:47:14 +0200: Memory Usage (549168K) : norcx_m5tm2 has 0 polygons
2026-07-11 03:47:14 +0200: Memory Usage (549168K) : norcx_tm1tm2 has 0 polygons
2026-07-11 03:47:14 +0200: Memory Usage (549168K) : norcx_m1sub has 0 polygons
2026-07-11 03:47:14 +0200: Memory Usage (549296K) : norcx_m2sub has 0 polygons
2026-07-11 03:47:14 +0200: Memory Usage (549296K) : norcx_m3sub has 0 polygons
2026-07-11 03:47:14 +0200: Memory Usage (549424K) : norcx_m4sub has 0 polygons
2026-07-11 03:47:14 +0200: Memory Usage (549424K) : norcx_m5sub has 0 polygons
2026-07-11 03:47:14 +0200: Memory Usage (549424K) : norcx_tm1sub has 0 polygons
2026-07-11 03:47:14 +0200: Memory Usage (549552K) : norcx_tm2sub has 0 polygons
2026-07-11 03:47:14 +0200: Memory Usage (549552K) : snsbotvia_drw has 0 polygons
2026-07-11 03:47:14 +0200: Memory Usage (549680K) : snstopvia_drw has 0 polygons
2026-07-11 03:47:14 +0200: Memory Usage (549680K) : deepvia_drw has 0 polygons
2026-07-11 03:47:14 +0200: Memory Usage (549680K) : fgetch_drw has 0 polygons
2026-07-11 03:47:14 +0200: Memory Usage (549808K) : ctrgat_drw has 0 polygons
2026-07-11 03:47:14 +0200: Memory Usage (549808K) : fgimp_drw has 0 polygons
2026-07-11 03:47:14 +0200: Memory Usage (549808K) : emwihv_drw has 0 polygons
2026-07-11 03:47:14 +0200: Memory Usage (549936K) : lbe_drw has 0 polygons
2026-07-11 03:47:14 +0200: Memory Usage (549936K) : alcustop_drw has 0 polygons
2026-07-11 03:47:14 +0200: Memory Usage (550064K) : nometfiller_drw has 1 polygons
2026-07-11 03:47:14 +0200: Memory Usage (550064K) : prboundary_drw has 0 polygons
2026-07-11 03:47:14 +0200: Memory Usage (550064K) : exchange0_drw has 0 polygons
2026-07-11 03:47:14 +0200: Memory Usage (550192K) : exchange0_pin has 0 polygons
2026-07-11 03:47:14 +0200: Memory Usage (550192K) : exchange0_text has 0 polygons
2026-07-11 03:47:14 +0200: Memory Usage (550320K) : exchange1_drw has 0 polygons
2026-07-11 03:47:14 +0200: Memory Usage (550320K) : exchange1_pin has 0 polygons
2026-07-11 03:47:14 +0200: Memory Usage (550320K) : exchange1_text has 0 polygons
2026-07-11 03:47:14 +0200: Memory Usage (550448K) : exchange2_drw has 0 polygons
2026-07-11 03:47:14 +0200: Memory Usage (550448K) : exchange2_pin has 0 polygons
2026-07-11 03:47:14 +0200: Memory Usage (550576K) : exchange2_text has 0 polygons
2026-07-11 03:47:14 +0200: Memory Usage (550576K) : exchange3_drw has 0 polygons
2026-07-11 03:47:14 +0200: Memory Usage (550576K) : exchange3_pin has 0 polygons
2026-07-11 03:47:14 +0200: Memory Usage (550704K) : exchange3_text has 0 polygons
2026-07-11 03:47:14 +0200: Memory Usage (550704K) : exchange4_drw has 0 polygons
2026-07-11 03:47:14 +0200: Memory Usage (550704K) : exchange4_pin has 0 polygons
2026-07-11 03:47:14 +0200: Memory Usage (550832K) : exchange4_text has 0 polygons
2026-07-11 03:47:14 +0200: Memory Usage (550960K) : isonwell_drw has 0 polygons
2026-07-11 03:47:14 +0200: Memory Usage (550960K) : Total no. of polygons in the design is 2727981
2026-07-11 03:47:14 +0200: Memory Usage (550960K) : Loaded TECH DRC rules values from /foss/pdks/ihp-sg13cmos5l/libs.tech/klayout/python/sg13cmos5l_pycell_lib/sg13cmos5l_tech_mod.json
2026-07-11 03:47:14 +0200: Memory Usage (550960K) : Loaded default DRC rules values from /foss/pdks/ihp-sg13cmos5l/libs.tech/klayout/tech/drc/rule_decks/sg13cmos5l_tech_default.json
2026-07-11 03:47:14 +0200: Memory Usage (552124K) : Total area of the design is 1102500.0 um^2.
2026-07-11 03:47:14 +0200: Memory Usage (552124K) : The design dimensions are 1050.0 um * 1050.0 um.
2026-07-11 03:47:14 +0200: Memory Usage (552124K) : Starting general IHP-SG13CMOS5L derivations.
2026-07-11 03:47:14 +0200: Memory Usage (552124K) : Starting Pwell derivations
2026-07-11 03:47:14 +0200: Memory Usage (555252K) : Starting IHP-SG13CMOS5L DRC rules.
2026-07-11 03:47:14 +0200: Memory Usage (555252K) : Starting 5.23 TopMetal1:filler table
2026-07-11 03:47:14 +0200: Memory Usage (555252K) : Tiling mode is enabled for TopMetal1:filler table.
2026-07-11 03:47:14 +0200: Memory Usage (555252K) : Executing rule TM1Fil.c
2026-07-11 03:47:14 +0200: Memory Usage (559372K) : Executing rule TM1Fil.a1
2026-07-11 03:47:14 +0200: Memory Usage (560012K) : deep mode is enabled after TopMetal1:filler table.
2026-07-11 03:47:14 +0200: Memory Usage (560012K) : KLayout DRC run for tables 'topmetal1filler' completed in 0.8 seconds
