# Logfile created on 2026-07-11 03:47:24 +0200 by logger.rb/v1.5.3
2026-07-11 03:47:24 +0200: Memory Usage (526100K) : Starting running IHP-SG13CMOS5L KLayout DRC runset on /foss/designs/adc8b/IHP__MSPHY9932/release/v.1.0.0/gds/MSPHY9932.gds
2026-07-11 03:47:24 +0200: Memory Usage (526100K) : Ruby Version for klayout: 3.2.3
2026-07-11 03:47:24 +0200: Memory Usage (530068K) : Loading database to memory is complete.
2026-07-11 03:47:24 +0200: Memory Usage (530068K) : IHP-SG13CMOS5L KLayout DRC runset output at: /foss/designs/adc8b/IHP__MSPHY9932/release/v.1.0.0/drc/MSPHY9932_MSPHY9932_offgrid.lyrdb
2026-07-11 03:47:24 +0200: Memory Usage (530196K) : Evaluate switches.
2026-07-11 03:47:24 +0200: Memory Usage (530196K) : tables selected: offgrid
2026-07-11 03:47:24 +0200: Memory Usage (530196K) : KLayout will use 16 thread(s) in tiled mode.
2026-07-11 03:47:24 +0200: Memory Usage (530196K) : deep mode is enabled.
2026-07-11 03:47:24 +0200: Memory Usage (530196K) : FEOL enabled: false
2026-07-11 03:47:24 +0200: Memory Usage (530196K) : BEOL enabled: false
2026-07-11 03:47:24 +0200: Memory Usage (530196K) : OFFGRID enabled: true
2026-07-11 03:47:24 +0200: Memory Usage (530196K) : ANGLE enabled: true
2026-07-11 03:47:24 +0200: Memory Usage (530196K) : PIN enabled: false
2026-07-11 03:47:24 +0200: Memory Usage (530196K) : FORBIDDEN enabled: false
2026-07-11 03:47:24 +0200: Memory Usage (530196K) : RECOMMENDED enabled: true
2026-07-11 03:47:24 +0200: Memory Usage (530196K) : PreCheck DRC enabled: false
2026-07-11 03:47:24 +0200: Memory Usage (530196K) : CONNECTIVITY_RULES enabled: false.
2026-07-11 03:47:24 +0200: Memory Usage (530196K) : Read in polygons from layers.
2026-07-11 03:47:24 +0200: Memory Usage (531912K) : activ_drw has 4847 polygons
2026-07-11 03:47:24 +0200: Memory Usage (532040K) : activ_pin has 0 polygons
2026-07-11 03:47:24 +0200: Memory Usage (532168K) : activ_mask has 0 polygons
2026-07-11 03:47:24 +0200: Memory Usage (532168K) : activ_filler has 23127 polygons
2026-07-11 03:47:24 +0200: Memory Usage (532296K) : activ_nofill has 0 polygons
2026-07-11 03:47:24 +0200: Memory Usage (532296K) : activ_opc has 0 polygons
2026-07-11 03:47:24 +0200: Memory Usage (532424K) : activ_iopc has 0 polygons
2026-07-11 03:47:24 +0200: Memory Usage (532424K) : activ_noqrc has 0 polygons
2026-07-11 03:47:24 +0200: Memory Usage (532424K) : biwind_drw has 0 polygons
2026-07-11 03:47:24 +0200: Memory Usage (532552K) : biwind_opc has 0 polygons
2026-07-11 03:47:24 +0200: Memory Usage (532552K) : pemwind_drw has 0 polygons
2026-07-11 03:47:24 +0200: Memory Usage (532680K) : gatpoly_drw has 4112 polygons
2026-07-11 03:47:24 +0200: Memory Usage (532680K) : gatpoly_pin has 65 polygons
2026-07-11 03:47:24 +0200: Memory Usage (532808K) : gatpoly_filler has 23127 polygons
2026-07-11 03:47:24 +0200: Memory Usage (532936K) : gatpoly_nofill has 0 polygons
2026-07-11 03:47:24 +0200: Memory Usage (532936K) : gatpoly_opc has 0 polygons
2026-07-11 03:47:24 +0200: Memory Usage (533064K) : gatpoly_iopc has 0 polygons
2026-07-11 03:47:24 +0200: Memory Usage (533064K) : gatpoly_noqrc has 0 polygons
2026-07-11 03:47:25 +0200: Memory Usage (541000K) : cont_drw has 1640232 polygons
2026-07-11 03:47:25 +0200: Memory Usage (541000K) : cont_opc has 0 polygons
2026-07-11 03:47:25 +0200: Memory Usage (541000K) : nsd_drw has 0 polygons
2026-07-11 03:47:25 +0200: Memory Usage (541000K) : nsd_block has 0 polygons
2026-07-11 03:47:25 +0200: Memory Usage (541000K) : metal1_drw has 39512 polygons
2026-07-11 03:47:25 +0200: Memory Usage (541000K) : metal1_pin has 18610 polygons
2026-07-11 03:47:25 +0200: Memory Usage (541000K) : metal1_mask has 0 polygons
2026-07-11 03:47:25 +0200: Memory Usage (541000K) : metal1_filler has 27923 polygons
2026-07-11 03:47:25 +0200: Memory Usage (541000K) : metal1_nofill has 0 polygons
2026-07-11 03:47:25 +0200: Memory Usage (541000K) : metal1_slit has 0 polygons
2026-07-11 03:47:25 +0200: Memory Usage (541000K) : metal1_text has 10091 polygons
2026-07-11 03:47:25 +0200: Memory Usage (541000K) : metal1_opc has 0 polygons
2026-07-11 03:47:25 +0200: Memory Usage (541000K) : metal1_noqrc has 0 polygons
2026-07-11 03:47:25 +0200: Memory Usage (541000K) : metal1_res has 0 polygons
2026-07-11 03:47:25 +0200: Memory Usage (541000K) : metal1_iprobe has 0 polygons
2026-07-11 03:47:25 +0200: Memory Usage (541000K) : metal1_diffprb has 0 polygons
2026-07-11 03:47:25 +0200: Memory Usage (541000K) : passiv_drw has 32 polygons
2026-07-11 03:47:25 +0200: Memory Usage (541000K) : passiv_pin has 0 polygons
2026-07-11 03:47:25 +0200: Memory Usage (541000K) : passiv_sbump has 0 polygons
2026-07-11 03:47:25 +0200: Memory Usage (541000K) : passiv_pillar has 0 polygons
2026-07-11 03:47:25 +0200: Memory Usage (541128K) : passiv_pdl has 0 polygons
2026-07-11 03:47:25 +0200: Memory Usage (541128K) : metal2_drw has 129019 polygons
2026-07-11 03:47:25 +0200: Memory Usage (541128K) : metal2_pin has 642 polygons
2026-07-11 03:47:25 +0200: Memory Usage (541128K) : metal2_mask has 0 polygons
2026-07-11 03:47:25 +0200: Memory Usage (541256K) : metal2_filler has 30369 polygons
2026-07-11 03:47:25 +0200: Memory Usage (541256K) : metal2_nofill has 0 polygons
2026-07-11 03:47:25 +0200: Memory Usage (541256K) : metal2_slit has 0 polygons
2026-07-11 03:47:25 +0200: Memory Usage (541256K) : metal2_text has 642 polygons
2026-07-11 03:47:25 +0200: Memory Usage (541384K) : metal2_opc has 0 polygons
2026-07-11 03:47:25 +0200: Memory Usage (541384K) : metal2_noqrc has 0 polygons
2026-07-11 03:47:25 +0200: Memory Usage (541384K) : metal2_res has 0 polygons
2026-07-11 03:47:25 +0200: Memory Usage (541512K) : metal2_iprobe has 0 polygons
2026-07-11 03:47:25 +0200: Memory Usage (541512K) : metal2_diffprb has 0 polygons
2026-07-11 03:47:25 +0200: Memory Usage (541512K) : baspoly_drw has 0 polygons
2026-07-11 03:47:25 +0200: Memory Usage (541640K) : baspoly_pin has 0 polygons
2026-07-11 03:47:25 +0200: Memory Usage (541640K) : psd_drw has 1819 polygons
2026-07-11 03:47:25 +0200: Memory Usage (541768K) : nldb_drw has 0 polygons
2026-07-11 03:47:25 +0200: Memory Usage (541896K) : digibnd_drw has 0 polygons
2026-07-11 03:47:25 +0200: Memory Usage (542024K) : via1_drw has 61293 polygons
2026-07-11 03:47:25 +0200: Memory Usage (542152K) : backmetal1_drw has 0 polygons
2026-07-11 03:47:25 +0200: Memory Usage (542152K) : backmetal1_pin has 0 polygons
2026-07-11 03:47:25 +0200: Memory Usage (542280K) : backmetal1_mask has 0 polygons
2026-07-11 03:47:25 +0200: Memory Usage (542280K) : backmetal1_filler has 0 polygons
2026-07-11 03:47:25 +0200: Memory Usage (542408K) : backmetal1_nofill has 0 polygons
2026-07-11 03:47:25 +0200: Memory Usage (542408K) : backmetal1_slit has 0 polygons
2026-07-11 03:47:25 +0200: Memory Usage (542408K) : backmetal1_text has 0 polygons
2026-07-11 03:47:25 +0200: Memory Usage (542536K) : backmetal1_opc has 0 polygons
2026-07-11 03:47:25 +0200: Memory Usage (542664K) : backmetal1_noqrc has 0 polygons
2026-07-11 03:47:25 +0200: Memory Usage (542664K) : backmetal1_res has 0 polygons
2026-07-11 03:47:25 +0200: Memory Usage (542792K) : backmetal1_iprobe has 0 polygons
2026-07-11 03:47:25 +0200: Memory Usage (542792K) : backmetal1_diffprb has 0 polygons
2026-07-11 03:47:25 +0200: Memory Usage (542920K) : backpassiv_drw has 0 polygons
2026-07-11 03:47:25 +0200: Memory Usage (542920K) : res_drw has 0 polygons
2026-07-11 03:47:25 +0200: Memory Usage (543048K) : sram_drw has 0 polygons
2026-07-11 03:47:25 +0200: Memory Usage (543048K) : trans_drw has 0 polygons
2026-07-11 03:47:25 +0200: Memory Usage (543176K) : ind_drw has 0 polygons
2026-07-11 03:47:25 +0200: Memory Usage (543176K) : ind_pin has 0 polygons
2026-07-11 03:47:25 +0200: Memory Usage (543304K) : ind_text has 0 polygons
2026-07-11 03:47:25 +0200: Memory Usage (543304K) : salblock_drw has 55 polygons
2026-07-11 03:47:25 +0200: Memory Usage (544328K) : via2_drw has 170273 polygons
2026-07-11 03:47:25 +0200: Memory Usage (544584K) : metal3_drw has 126558 polygons
2026-07-11 03:47:25 +0200: Memory Usage (544584K) : metal3_pin has 342 polygons
2026-07-11 03:47:25 +0200: Memory Usage (544712K) : metal3_mask has 0 polygons
2026-07-11 03:47:25 +0200: Memory Usage (544712K) : metal3_filler has 13932 polygons
2026-07-11 03:47:25 +0200: Memory Usage (544712K) : metal3_nofill has 0 polygons
2026-07-11 03:47:25 +0200: Memory Usage (544712K) : metal3_slit has 0 polygons
2026-07-11 03:47:25 +0200: Memory Usage (544712K) : metal3_text has 342 polygons
2026-07-11 03:47:25 +0200: Memory Usage (544712K) : metal3_opc has 0 polygons
2026-07-11 03:47:25 +0200: Memory Usage (544712K) : metal3_noqrc has 0 polygons
2026-07-11 03:47:25 +0200: Memory Usage (544712K) : metal3_res has 0 polygons
2026-07-11 03:47:25 +0200: Memory Usage (544712K) : metal3_iprobe has 0 polygons
2026-07-11 03:47:25 +0200: Memory Usage (544712K) : metal3_diffprb has 0 polygons
2026-07-11 03:47:25 +0200: Memory Usage (544712K) : nwell_drw has 900 polygons
2026-07-11 03:47:25 +0200: Memory Usage (544712K) : nwell_pin has 1 polygons
2026-07-11 03:47:25 +0200: Memory Usage (544712K) : nbulay_drw has 0 polygons
2026-07-11 03:47:25 +0200: Memory Usage (544712K) : nbulay_pin has 0 polygons
2026-07-11 03:47:25 +0200: Memory Usage (544712K) : nbulay_block has 0 polygons
2026-07-11 03:47:25 +0200: Memory Usage (544712K) : emwind_drw has 0 polygons
2026-07-11 03:47:25 +0200: Memory Usage (544712K) : emwind_opc has 0 polygons
2026-07-11 03:47:25 +0200: Memory Usage (544712K) : deepco_drw has 0 polygons
2026-07-11 03:47:25 +0200: Memory Usage (544712K) : deepco_drw has 0 polygons
2026-07-11 03:47:25 +0200: Memory Usage (544712K) : mim_drw has 0 polygons
2026-07-11 03:47:25 +0200: Memory Usage (544712K) : edgeseal_drw has 24 polygons
2026-07-11 03:47:25 +0200: Memory Usage (544712K) : edgeseal_bound has 1 polygons
2026-07-11 03:47:25 +0200: Memory Usage (544712K) : substrate_drw has 818 polygons
2026-07-11 03:47:25 +0200: Memory Usage (544712K) : substrate_text has 0 polygons
2026-07-11 03:47:25 +0200: Memory Usage (544712K) : dfpad_drw has 20 polygons
2026-07-11 03:47:25 +0200: Memory Usage (544712K) : dfpad_pillar has 0 polygons
2026-07-11 03:47:25 +0200: Memory Usage (544712K) : dfpad_sbump has 0 polygons
2026-07-11 03:47:25 +0200: Memory Usage (544712K) : thickgateox_drw has 39 polygons
2026-07-11 03:47:25 +0200: Memory Usage (544712K) : pldb_drw has 0 polygons
2026-07-11 03:47:25 +0200: Memory Usage (544712K) : pwell_drw has 0 polygons
2026-07-11 03:47:25 +0200: Memory Usage (544712K) : pwell_pin has 0 polygons
2026-07-11 03:47:25 +0200: Memory Usage (544712K) : pwell_block has 6 polygons
2026-07-11 03:47:25 +0200: Memory Usage (544712K) : ic_drw has 0 polygons
2026-07-11 03:47:25 +0200: Memory Usage (544712K) : via3_drw has 165845 polygons
2026-07-11 03:47:25 +0200: Memory Usage (544712K) : metal4_drw has 123478 polygons
2026-07-11 03:47:25 +0200: Memory Usage (544712K) : metal4_pin has 16630 polygons
2026-07-11 03:47:25 +0200: Memory Usage (544712K) : metal4_mask has 0 polygons
2026-07-11 03:47:25 +0200: Memory Usage (544712K) : metal4_filler has 14002 polygons
2026-07-11 03:47:25 +0200: Memory Usage (544712K) : metal4_nofill has 0 polygons
2026-07-11 03:47:25 +0200: Memory Usage (544712K) : metal4_slit has 0 polygons
2026-07-11 03:47:25 +0200: Memory Usage (544712K) : metal4_text has 8424 polygons
2026-07-11 03:47:25 +0200: Memory Usage (544712K) : metal4_opc has 0 polygons
2026-07-11 03:47:25 +0200: Memory Usage (544712K) : metal4_noqrc has 0 polygons
2026-07-11 03:47:25 +0200: Memory Usage (544712K) : metal4_res has 0 polygons
2026-07-11 03:47:25 +0200: Memory Usage (544712K) : metal4_iprobe has 0 polygons
2026-07-11 03:47:25 +0200: Memory Usage (544712K) : metal4_diffprb has 0 polygons
2026-07-11 03:47:25 +0200: Memory Usage (544712K) : heattrans_drw has 856 polygons
2026-07-11 03:47:25 +0200: Memory Usage (544712K) : heatres_drw has 36 polygons
2026-07-11 03:47:25 +0200: Memory Usage (544712K) : pempoly_drw has 0 polygons
2026-07-11 03:47:25 +0200: Memory Usage (544712K) : fbe_drw has 0 polygons
2026-07-11 03:47:25 +0200: Memory Usage (544712K) : empoly_drw has 0 polygons
2026-07-11 03:47:25 +0200: Memory Usage (544712K) : ldmos_drw has 0 polygons
2026-07-11 03:47:25 +0200: Memory Usage (544712K) : pbiwind_drw has 0 polygons
2026-07-11 03:47:25 +0200: Memory Usage (544712K) : digisub_drw has 0 polygons
2026-07-11 03:47:25 +0200: Memory Usage (544712K) : nodrc_drw has 0 polygons
2026-07-11 03:47:25 +0200: Memory Usage (544712K) : text_drw has 607 polygons
2026-07-11 03:47:25 +0200: Memory Usage (544712K) : via4_drw has 0 polygons
2026-07-11 03:47:25 +0200: Memory Usage (544712K) : metal5_drw has 0 polygons
2026-07-11 03:47:25 +0200: Memory Usage (544712K) : metal5_pin has 0 polygons
2026-07-11 03:47:25 +0200: Memory Usage (544712K) : metal5_mask has 0 polygons
2026-07-11 03:47:25 +0200: Memory Usage (544712K) : metal5_filler has 0 polygons
2026-07-11 03:47:25 +0200: Memory Usage (544712K) : metal5_nofill has 0 polygons
2026-07-11 03:47:25 +0200: Memory Usage (544712K) : metal5_slit has 0 polygons
2026-07-11 03:47:25 +0200: Memory Usage (544712K) : metal5_text has 0 polygons
2026-07-11 03:47:25 +0200: Memory Usage (544712K) : metal5_opc has 0 polygons
2026-07-11 03:47:25 +0200: Memory Usage (544712K) : metal5_noqrc has 0 polygons
2026-07-11 03:47:25 +0200: Memory Usage (544712K) : metal5_res has 0 polygons
2026-07-11 03:47:25 +0200: Memory Usage (544712K) : metal5_iprobe has 0 polygons
2026-07-11 03:47:25 +0200: Memory Usage (544712K) : metal5_diffprb has 0 polygons
2026-07-11 03:47:25 +0200: Memory Usage (544712K) : radhard_drw has 0 polygons
2026-07-11 03:47:25 +0200: Memory Usage (544712K) : memcap_drw has 0 polygons
2026-07-11 03:47:25 +0200: Memory Usage (544712K) : varicap_drw has 0 polygons
2026-07-11 03:47:25 +0200: Memory Usage (544712K) : flash_drw has 0 polygons
2026-07-11 03:47:25 +0200: Memory Usage (544712K) : intbondvia_drw has 0 polygons
2026-07-11 03:47:25 +0200: Memory Usage (544840K) : intbondmet_drw has 0 polygons
2026-07-11 03:47:25 +0200: Memory Usage (544840K) : devbondvia_drw has 0 polygons
2026-07-11 03:47:25 +0200: Memory Usage (544840K) : devbondmet_drw has 0 polygons
2026-07-11 03:47:25 +0200: Memory Usage (544968K) : devtrench_drw has 0 polygons
2026-07-11 03:47:25 +0200: Memory Usage (544968K) : redist_drw has 0 polygons
2026-07-11 03:47:25 +0200: Memory Usage (544968K) : graphbot_drw has 0 polygons
2026-07-11 03:47:25 +0200: Memory Usage (544968K) : graphtop_drw has 0 polygons
2026-07-11 03:47:25 +0200: Memory Usage (545096K) : antvia1_drw has 0 polygons
2026-07-11 03:47:25 +0200: Memory Usage (545096K) : antmetal2_drw has 0 polygons
2026-07-11 03:47:25 +0200: Memory Usage (545096K) : graphcont_drw has 0 polygons
2026-07-11 03:47:25 +0200: Memory Usage (545224K) : siwg_drw has 0 polygons
2026-07-11 03:47:25 +0200: Memory Usage (545224K) : siwg_filler has 0 polygons
2026-07-11 03:47:25 +0200: Memory Usage (545224K) : siwg_nofill has 0 polygons
2026-07-11 03:47:25 +0200: Memory Usage (545224K) : sigrating_drw has 0 polygons
2026-07-11 03:47:25 +0200: Memory Usage (545352K) : singrating_drw has 0 polygons
2026-07-11 03:47:25 +0200: Memory Usage (545352K) : graphpas_drw has 0 polygons
2026-07-11 03:47:25 +0200: Memory Usage (545352K) : emwind3_drw has 0 polygons
2026-07-11 03:47:25 +0200: Memory Usage (545480K) : emwihv3_drw has 0 polygons
2026-07-11 03:47:25 +0200: Memory Usage (545608K) : redbulay_drw has 0 polygons
2026-07-11 03:47:25 +0200: Memory Usage (545608K) : smos_drw has 0 polygons
2026-07-11 03:47:25 +0200: Memory Usage (545736K) : graphpad_drw has 0 polygons
2026-07-11 03:47:25 +0200: Memory Usage (545736K) : polimide_drw has 0 polygons
2026-07-11 03:47:25 +0200: Memory Usage (545736K) : polimide_pin has 0 polygons
2026-07-11 03:47:25 +0200: Memory Usage (545864K) : recog_drw has 0 polygons
2026-07-11 03:47:25 +0200: Memory Usage (545864K) : recog_pin has 0 polygons
2026-07-11 03:47:25 +0200: Memory Usage (545864K) : recog_esd has 0 polygons
2026-07-11 03:47:25 +0200: Memory Usage (545992K) : recog_diode has 113 polygons
2026-07-11 03:47:25 +0200: Memory Usage (545992K) : recog_tsv has 0 polygons
2026-07-11 03:47:25 +0200: Memory Usage (545992K) : recog_iprobe has 0 polygons
2026-07-11 03:47:25 +0200: Memory Usage (545992K) : recog_diffprb has 0 polygons
2026-07-11 03:47:25 +0200: Memory Usage (546120K) : recog_pillar has 0 polygons
2026-07-11 03:47:25 +0200: Memory Usage (546120K) : recog_sbump has 0 polygons
2026-07-11 03:47:25 +0200: Memory Usage (546120K) : recog_otp has 0 polygons
2026-07-11 03:47:25 +0200: Memory Usage (546248K) : recog_pdiode has 0 polygons
2026-07-11 03:47:25 +0200: Memory Usage (546248K) : recog_mom has 8198 polygons
2026-07-11 03:47:25 +0200: Memory Usage (546248K) : recog_pcm has 0 polygons
2026-07-11 03:47:25 +0200: Memory Usage (546376K) : colopen_drw has 0 polygons
2026-07-11 03:47:25 +0200: Memory Usage (546376K) : graphmetal1_drw has 0 polygons
2026-07-11 03:47:25 +0200: Memory Usage (546376K) : graphmetal1_filler has 0 polygons
2026-07-11 03:47:25 +0200: Memory Usage (546376K) : graphmetal1_nofill has 0 polygons
2026-07-11 03:47:25 +0200: Memory Usage (546504K) : graphmetal1_slit has 0 polygons
2026-07-11 03:47:25 +0200: Memory Usage (546504K) : graphmetal1_opc has 0 polygons
2026-07-11 03:47:25 +0200: Memory Usage (546504K) : graphmet1l_drw has 0 polygons
2026-07-11 03:47:25 +0200: Memory Usage (546632K) : graphmet1l_filler has 0 polygons
2026-07-11 03:47:25 +0200: Memory Usage (546632K) : graphmet1l_nofill has 0 polygons
2026-07-11 03:47:25 +0200: Memory Usage (546632K) : graphmet1l_slit has 0 polygons
2026-07-11 03:47:25 +0200: Memory Usage (546760K) : graphmet1l_opc has 0 polygons
2026-07-11 03:47:25 +0200: Memory Usage (546760K) : extblock_drw has 145 polygons
2026-07-11 03:47:25 +0200: Memory Usage (546760K) : nldd_drw has 0 polygons
2026-07-11 03:47:25 +0200: Memory Usage (546760K) : pldd_drw has 0 polygons
2026-07-11 03:47:25 +0200: Memory Usage (546888K) : next_drw has 0 polygons
2026-07-11 03:47:25 +0200: Memory Usage (546888K) : pext_drw has 0 polygons
2026-07-11 03:47:25 +0200: Memory Usage (546888K) : nexthv_drw has 0 polygons
2026-07-11 03:47:25 +0200: Memory Usage (546888K) : pexthv_drw has 0 polygons
2026-07-11 03:47:25 +0200: Memory Usage (547016K) : graphgate_drw has 0 polygons
2026-07-11 03:47:25 +0200: Memory Usage (547016K) : sinwg_drw has 0 polygons
2026-07-11 03:47:25 +0200: Memory Usage (547144K) : sinwg_filler has 0 polygons
2026-07-11 03:47:25 +0200: Memory Usage (547144K) : sinwg_nofill has 0 polygons
2026-07-11 03:47:25 +0200: Memory Usage (547144K) : mempad_drw has 0 polygons
2026-07-11 03:47:25 +0200: Memory Usage (547400K) : topvia1_drw has 56700 polygons
2026-07-11 03:47:25 +0200: Memory Usage (547528K) : topmetal1_drw has 201 polygons
2026-07-11 03:47:25 +0200: Memory Usage (547656K) : topmetal1_pin has 168 polygons
2026-07-11 03:47:25 +0200: Memory Usage (547656K) : topmetal1_mask has 0 polygons
2026-07-11 03:47:25 +0200: Memory Usage (547656K) : topmetal1_filler has 3600 polygons
2026-07-11 03:47:25 +0200: Memory Usage (547784K) : topmetal1_nofill has 0 polygons
2026-07-11 03:47:25 +0200: Memory Usage (547784K) : topmetal1_slit has 0 polygons
2026-07-11 03:47:25 +0200: Memory Usage (547912K) : topmetal1_text has 168 polygons
2026-07-11 03:47:25 +0200: Memory Usage (547912K) : topmetal1_noqrc has 0 polygons
2026-07-11 03:47:25 +0200: Memory Usage (547912K) : topmetal1_res has 0 polygons
2026-07-11 03:47:25 +0200: Memory Usage (548040K) : topmetal1_iprobe has 0 polygons
2026-07-11 03:47:25 +0200: Memory Usage (548040K) : topmetal1_diffprb has 0 polygons
2026-07-11 03:47:25 +0200: Memory Usage (548168K) : inldpwl_drw has 0 polygons
2026-07-11 03:47:25 +0200: Memory Usage (548168K) : polyres_drw has 36 polygons
2026-07-11 03:47:25 +0200: Memory Usage (548296K) : polyres_pin has 0 polygons
2026-07-11 03:47:25 +0200: Memory Usage (548296K) : vmim_drw has 0 polygons
2026-07-11 03:47:25 +0200: Memory Usage (548296K) : nbulaycut_drw has 0 polygons
2026-07-11 03:47:25 +0200: Memory Usage (548424K) : antmetal1_drw has 0 polygons
2026-07-11 03:47:25 +0200: Memory Usage (548424K) : topvia2_drw has 0 polygons
2026-07-11 03:47:25 +0200: Memory Usage (548424K) : topmetal2_drw has 0 polygons
2026-07-11 03:47:25 +0200: Memory Usage (548552K) : topmetal2_pin has 0 polygons
2026-07-11 03:47:25 +0200: Memory Usage (548552K) : topmetal2_mask has 0 polygons
2026-07-11 03:47:25 +0200: Memory Usage (548680K) : topmetal2_filler has 0 polygons
2026-07-11 03:47:25 +0200: Memory Usage (548680K) : topmetal2_nofill has 0 polygons
2026-07-11 03:47:25 +0200: Memory Usage (548680K) : topmetal2_slit has 0 polygons
2026-07-11 03:47:25 +0200: Memory Usage (548808K) : topmetal2_text has 0 polygons
2026-07-11 03:47:25 +0200: Memory Usage (548808K) : topmetal2_noqrc has 0 polygons
2026-07-11 03:47:25 +0200: Memory Usage (548808K) : topmetal2_res has 0 polygons
2026-07-11 03:47:25 +0200: Memory Usage (548936K) : topmetal2_iprobe has 0 polygons
2026-07-11 03:47:25 +0200: Memory Usage (548936K) : topmetal2_diffprb has 0 polygons
2026-07-11 03:47:25 +0200: Memory Usage (549064K) : snsring_drw has 0 polygons
2026-07-11 03:47:25 +0200: Memory Usage (549064K) : sensor_drw has 0 polygons
2026-07-11 03:47:25 +0200: Memory Usage (549192K) : snsarms_drw has 0 polygons
2026-07-11 03:47:25 +0200: Memory Usage (549192K) : snscmosvia_drw has 0 polygons
2026-07-11 03:47:25 +0200: Memory Usage (549192K) : colwind_drw has 0 polygons
2026-07-11 03:47:25 +0200: Memory Usage (549320K) : flm_drw has 0 polygons
2026-07-11 03:47:25 +0200: Memory Usage (549320K) : hafniumox_drw has 0 polygons
2026-07-11 03:47:25 +0200: Memory Usage (549448K) : memvia_drw has 0 polygons
2026-07-11 03:47:25 +0200: Memory Usage (549448K) : thinfilmres_drw has 0 polygons
2026-07-11 03:47:25 +0200: Memory Usage (549448K) : rfmem_drw has 0 polygons
2026-07-11 03:47:25 +0200: Memory Usage (549576K) : norcx_drw has 0 polygons
2026-07-11 03:47:25 +0200: Memory Usage (549576K) : norcx_m2m3 has 0 polygons
2026-07-11 03:47:25 +0200: Memory Usage (549576K) : norcx_m2m4 has 0 polygons
2026-07-11 03:47:25 +0200: Memory Usage (549704K) : norcx_m2m5 has 0 polygons
2026-07-11 03:47:25 +0200: Memory Usage (549704K) : norcx_m2tm1 has 0 polygons
2026-07-11 03:47:25 +0200: Memory Usage (549832K) : norcx_m2tm2 has 0 polygons
2026-07-11 03:47:25 +0200: Memory Usage (549832K) : norcx_m3m4 has 0 polygons
2026-07-11 03:47:25 +0200: Memory Usage (549960K) : norcx_m3m5 has 0 polygons
2026-07-11 03:47:25 +0200: Memory Usage (549960K) : norcx_m3tm1 has 0 polygons
2026-07-11 03:47:25 +0200: Memory Usage (549960K) : norcx_m3tm2 has 0 polygons
2026-07-11 03:47:25 +0200: Memory Usage (550088K) : norcx_m4m5 has 0 polygons
2026-07-11 03:47:25 +0200: Memory Usage (550088K) : norcx_m4tm1 has 0 polygons
2026-07-11 03:47:25 +0200: Memory Usage (550216K) : norcx_m4tm2 has 0 polygons
2026-07-11 03:47:25 +0200: Memory Usage (550216K) : norcx_m5tm1 has 0 polygons
2026-07-11 03:47:25 +0200: Memory Usage (550216K) : norcx_m5tm2 has 0 polygons
2026-07-11 03:47:25 +0200: Memory Usage (550344K) : norcx_tm1tm2 has 0 polygons
2026-07-11 03:47:25 +0200: Memory Usage (550344K) : norcx_m1sub has 0 polygons
2026-07-11 03:47:25 +0200: Memory Usage (550344K) : norcx_m2sub has 0 polygons
2026-07-11 03:47:25 +0200: Memory Usage (550472K) : norcx_m3sub has 0 polygons
2026-07-11 03:47:25 +0200: Memory Usage (550472K) : norcx_m4sub has 0 polygons
2026-07-11 03:47:25 +0200: Memory Usage (550600K) : norcx_m5sub has 0 polygons
2026-07-11 03:47:25 +0200: Memory Usage (550600K) : norcx_tm1sub has 0 polygons
2026-07-11 03:47:25 +0200: Memory Usage (550600K) : norcx_tm2sub has 0 polygons
2026-07-11 03:47:25 +0200: Memory Usage (550728K) : snsbotvia_drw has 0 polygons
2026-07-11 03:47:25 +0200: Memory Usage (550728K) : snstopvia_drw has 0 polygons
2026-07-11 03:47:25 +0200: Memory Usage (550856K) : deepvia_drw has 0 polygons
2026-07-11 03:47:25 +0200: Memory Usage (550856K) : fgetch_drw has 0 polygons
2026-07-11 03:47:25 +0200: Memory Usage (550856K) : ctrgat_drw has 0 polygons
2026-07-11 03:47:25 +0200: Memory Usage (550984K) : fgimp_drw has 0 polygons
2026-07-11 03:47:25 +0200: Memory Usage (550984K) : emwihv_drw has 0 polygons
2026-07-11 03:47:25 +0200: Memory Usage (550984K) : lbe_drw has 0 polygons
2026-07-11 03:47:25 +0200: Memory Usage (551112K) : alcustop_drw has 0 polygons
2026-07-11 03:47:25 +0200: Memory Usage (551112K) : nometfiller_drw has 1 polygons
2026-07-11 03:47:25 +0200: Memory Usage (551112K) : prboundary_drw has 0 polygons
2026-07-11 03:47:25 +0200: Memory Usage (551240K) : exchange0_drw has 0 polygons
2026-07-11 03:47:25 +0200: Memory Usage (551240K) : exchange0_pin has 0 polygons
2026-07-11 03:47:25 +0200: Memory Usage (551368K) : exchange0_text has 0 polygons
2026-07-11 03:47:25 +0200: Memory Usage (551368K) : exchange1_drw has 0 polygons
2026-07-11 03:47:25 +0200: Memory Usage (551368K) : exchange1_pin has 0 polygons
2026-07-11 03:47:25 +0200: Memory Usage (551496K) : exchange1_text has 0 polygons
2026-07-11 03:47:25 +0200: Memory Usage (551496K) : exchange2_drw has 0 polygons
2026-07-11 03:47:25 +0200: Memory Usage (551624K) : exchange2_pin has 0 polygons
2026-07-11 03:47:25 +0200: Memory Usage (551624K) : exchange2_text has 0 polygons
2026-07-11 03:47:25 +0200: Memory Usage (551624K) : exchange3_drw has 0 polygons
2026-07-11 03:47:25 +0200: Memory Usage (551752K) : exchange3_pin has 0 polygons
2026-07-11 03:47:25 +0200: Memory Usage (551752K) : exchange3_text has 0 polygons
2026-07-11 03:47:25 +0200: Memory Usage (551752K) : exchange4_drw has 0 polygons
2026-07-11 03:47:25 +0200: Memory Usage (551880K) : exchange4_pin has 0 polygons
2026-07-11 03:47:25 +0200: Memory Usage (551880K) : exchange4_text has 0 polygons
2026-07-11 03:47:25 +0200: Memory Usage (552008K) : isonwell_drw has 0 polygons
2026-07-11 03:47:25 +0200: Memory Usage (552008K) : Total no. of polygons in the design is 2727981
2026-07-11 03:47:25 +0200: Memory Usage (552008K) : Loaded TECH DRC rules values from /foss/pdks/ihp-sg13cmos5l/libs.tech/klayout/python/sg13cmos5l_pycell_lib/sg13cmos5l_tech_mod.json
2026-07-11 03:47:25 +0200: Memory Usage (552008K) : Loaded default DRC rules values from /foss/pdks/ihp-sg13cmos5l/libs.tech/klayout/tech/drc/rule_decks/sg13cmos5l_tech_default.json
2026-07-11 03:47:25 +0200: Memory Usage (553056K) : Total area of the design is 1102500.0 um^2.
2026-07-11 03:47:25 +0200: Memory Usage (553056K) : The design dimensions are 1050.0 um * 1050.0 um.
2026-07-11 03:47:25 +0200: Memory Usage (553056K) : Starting general IHP-SG13CMOS5L derivations.
2026-07-11 03:47:25 +0200: Memory Usage (553056K) : Starting Pwell derivations
2026-07-11 03:47:25 +0200: Memory Usage (555792K) : Starting IHP-SG13CMOS5L DRC rules.
2026-07-11 03:47:25 +0200: Memory Usage (555792K) : Starting 3.1. offgrid table
2026-07-11 03:47:25 +0200: Memory Usage (555792K) : Executing rule activ_drw_Offgrid
2026-07-11 03:47:25 +0200: Memory Usage (556688K) : Executing rule activ_pin_Offgrid
2026-07-11 03:47:25 +0200: Memory Usage (556944K) : Executing rule activ_mask_Offgrid
2026-07-11 03:47:25 +0200: Memory Usage (557456K) : Executing rule activ_filler_Offgrid
2026-07-11 03:47:25 +0200: Memory Usage (572304K) : Executing rule activ_nofill_Offgrid
2026-07-11 03:47:25 +0200: Memory Usage (572688K) : Executing rule activ_opc_Offgrid
2026-07-11 03:47:25 +0200: Memory Usage (573328K) : Executing rule activ_iopc_Offgrid
2026-07-11 03:47:25 +0200: Memory Usage (573840K) : Executing rule activ_noqrc_Offgrid
2026-07-11 03:47:25 +0200: Memory Usage (574352K) : Executing rule gatpoly_drw_Offgrid
2026-07-11 03:47:25 +0200: Memory Usage (575248K) : Executing rule gatpoly_pin_Offgrid
2026-07-11 03:47:25 +0200: Memory Usage (575248K) : Executing rule gatpoly_filler_Offgrid
2026-07-11 03:47:25 +0200: Memory Usage (575248K) : Executing rule gatpoly_nofill_Offgrid
2026-07-11 03:47:25 +0200: Memory Usage (575248K) : Executing rule gatpoly_opc_Offgrid
2026-07-11 03:47:25 +0200: Memory Usage (575248K) : Executing rule gatpoly_iopc_Offgrid
2026-07-11 03:47:25 +0200: Memory Usage (575248K) : Executing rule gatpoly_noqrc_Offgrid
2026-07-11 03:47:25 +0200: Memory Usage (575248K) : Executing rule cont_drw_Offgrid
2026-07-11 03:47:32 +0200: Memory Usage (702240K) : Executing rule cont_opc_Offgrid
2026-07-11 03:47:32 +0200: Memory Usage (702240K) : Executing rule nsd_drw_Offgrid
2026-07-11 03:47:32 +0200: Memory Usage (702240K) : Executing rule nsd_block_Offgrid
2026-07-11 03:47:32 +0200: Memory Usage (702240K) : Executing rule metal1_drw_Offgrid
2026-07-11 03:47:32 +0200: Memory Usage (702240K) : Executing rule metal1_pin_Offgrid
2026-07-11 03:47:32 +0200: Memory Usage (702240K) : Executing rule metal1_mask_Offgrid
2026-07-11 03:47:32 +0200: Memory Usage (702240K) : Executing rule metal1_filler_Offgrid
2026-07-11 03:47:32 +0200: Memory Usage (702240K) : Executing rule metal1_nofill_Offgrid
2026-07-11 03:47:32 +0200: Memory Usage (702240K) : Executing rule metal1_slit_Offgrid
2026-07-11 03:47:32 +0200: Memory Usage (702240K) : Executing rule metal1_opc_Offgrid
2026-07-11 03:47:32 +0200: Memory Usage (702240K) : Executing rule metal1_noqrc_Offgrid
2026-07-11 03:47:32 +0200: Memory Usage (702240K) : Executing rule metal1_res_Offgrid
2026-07-11 03:47:32 +0200: Memory Usage (702240K) : Executing rule metal1_iprobe_Offgrid
2026-07-11 03:47:32 +0200: Memory Usage (702240K) : Executing rule metal1_diffprb_Offgrid
2026-07-11 03:47:32 +0200: Memory Usage (702240K) : Executing rule passiv_drw_Offgrid
2026-07-11 03:47:32 +0200: Memory Usage (702240K) : Executing rule passiv_pin_Offgrid
2026-07-11 03:47:32 +0200: Memory Usage (702240K) : Executing rule passiv_pillar_Offgrid
2026-07-11 03:47:32 +0200: Memory Usage (702240K) : Executing rule passiv_sbump_Offgrid
2026-07-11 03:47:32 +0200: Memory Usage (702240K) : Executing rule passiv_pdl_Offgrid
2026-07-11 03:47:32 +0200: Memory Usage (702240K) : Executing rule metal2_drw_Offgrid
2026-07-11 03:47:33 +0200: Memory Usage (646460K) : Executing rule metal2_pin_Offgrid
2026-07-11 03:47:33 +0200: Memory Usage (646460K) : Executing rule metal2_mask_Offgrid
2026-07-11 03:47:33 +0200: Memory Usage (646460K) : Executing rule metal2_filler_Offgrid
2026-07-11 03:47:33 +0200: Memory Usage (646460K) : Executing rule metal2_nofill_Offgrid
2026-07-11 03:47:33 +0200: Memory Usage (646460K) : Executing rule metal2_slit_Offgrid
2026-07-11 03:47:33 +0200: Memory Usage (646460K) : Executing rule metal2_opc_Offgrid
2026-07-11 03:47:33 +0200: Memory Usage (646460K) : Executing rule metal2_noqrc_Offgrid
2026-07-11 03:47:33 +0200: Memory Usage (646460K) : Executing rule metal2_res_Offgrid
2026-07-11 03:47:33 +0200: Memory Usage (646460K) : Executing rule metal2_iprobe_Offgrid
2026-07-11 03:47:33 +0200: Memory Usage (646460K) : Executing rule metal2_diffprb_Offgrid
2026-07-11 03:47:33 +0200: Memory Usage (646460K) : Executing rule psd_drw_Offgrid
2026-07-11 03:47:33 +0200: Memory Usage (646460K) : Executing rule via1_drw_Offgrid
2026-07-11 03:47:33 +0200: Memory Usage (646460K) : Executing rule salblock_drw_Offgrid
2026-07-11 03:47:33 +0200: Memory Usage (646460K) : Executing rule via2_drw_Offgrid
2026-07-11 03:47:34 +0200: Memory Usage (646460K) : Executing rule metal3_drw_Offgrid
2026-07-11 03:47:35 +0200: Memory Usage (646460K) : Executing rule metal3_pin_Offgrid
2026-07-11 03:47:35 +0200: Memory Usage (646460K) : Executing rule metal3_mask_Offgrid
2026-07-11 03:47:35 +0200: Memory Usage (646460K) : Executing rule metal3_filler_Offgrid
2026-07-11 03:47:35 +0200: Memory Usage (646460K) : Executing rule metal3_nofill_Offgrid
2026-07-11 03:47:35 +0200: Memory Usage (646460K) : Executing rule metal3_slit_Offgrid
2026-07-11 03:47:35 +0200: Memory Usage (646460K) : Executing rule metal3_opc_Offgrid
2026-07-11 03:47:35 +0200: Memory Usage (646460K) : Executing rule metal3_noqrc_Offgrid
2026-07-11 03:47:35 +0200: Memory Usage (646460K) : Executing rule metal3_res_Offgrid
2026-07-11 03:47:35 +0200: Memory Usage (646460K) : Executing rule metal3_iprobe_Offgrid
2026-07-11 03:47:35 +0200: Memory Usage (646460K) : Executing rule metal3_diffprb_Offgrid
2026-07-11 03:47:35 +0200: Memory Usage (646460K) : Executing rule nwell_drw_Offgrid
2026-07-11 03:47:35 +0200: Memory Usage (646460K) : Executing rule nwell_pin_Offgrid
2026-07-11 03:47:35 +0200: Memory Usage (646460K) : Executing rule pwell_drw_Offgrid
2026-07-11 03:47:35 +0200: Memory Usage (646460K) : Executing rule pwell_pin_Offgrid
2026-07-11 03:47:35 +0200: Memory Usage (646460K) : Executing rule pwell_block_Offgrid
2026-07-11 03:47:35 +0200: Memory Usage (646460K) : Executing rule substrate_drw_Offgrid
2026-07-11 03:47:35 +0200: Memory Usage (646460K) : Executing rule via3_drw_Offgrid
2026-07-11 03:47:36 +0200: Memory Usage (645564K) : Executing rule metal4_drw_Offgrid
2026-07-11 03:47:36 +0200: Memory Usage (645564K) : Executing rule metal4_pin_Offgrid
2026-07-11 03:47:36 +0200: Memory Usage (643388K) : Executing rule metal4_mask_Offgrid
2026-07-11 03:47:36 +0200: Memory Usage (643388K) : Executing rule metal4_filler_Offgrid
2026-07-11 03:47:36 +0200: Memory Usage (643388K) : Executing rule metal4_nofill_Offgrid
2026-07-11 03:47:36 +0200: Memory Usage (643388K) : Executing rule metal4_slit_Offgrid
2026-07-11 03:47:36 +0200: Memory Usage (643388K) : Executing rule metal4_opc_Offgrid
2026-07-11 03:47:36 +0200: Memory Usage (643388K) : Executing rule metal4_noqrc_Offgrid
2026-07-11 03:47:36 +0200: Memory Usage (643388K) : Executing rule metal4_res_Offgrid
2026-07-11 03:47:36 +0200: Memory Usage (643388K) : Executing rule metal4_iprobe_Offgrid
2026-07-11 03:47:36 +0200: Memory Usage (643388K) : Executing rule metal4_diffprb_Offgrid
2026-07-11 03:47:36 +0200: Memory Usage (643388K) : Executing rule topvia1_drw_Offgrid
2026-07-11 03:47:37 +0200: Memory Usage (643388K) : Executing rule topmetal1_drw_Offgrid
2026-07-11 03:47:37 +0200: Memory Usage (643388K) : Executing rule topmetal1_pin_Offgrid
2026-07-11 03:47:37 +0200: Memory Usage (643388K) : Executing rule topmetal1_mask_Offgrid
2026-07-11 03:47:37 +0200: Memory Usage (643388K) : Executing rule topmetal1_filler_Offgrid
2026-07-11 03:47:37 +0200: Memory Usage (643388K) : Executing rule topmetal1_nofill_Offgrid
2026-07-11 03:47:37 +0200: Memory Usage (643388K) : Executing rule topmetal1_slit_Offgrid
2026-07-11 03:47:37 +0200: Memory Usage (643388K) : Executing rule topmetal1_noqrc_Offgrid
2026-07-11 03:47:37 +0200: Memory Usage (643388K) : Executing rule topmetal1_res_Offgrid
2026-07-11 03:47:37 +0200: Memory Usage (643388K) : Executing rule topmetal1_iprobe_Offgrid
2026-07-11 03:47:37 +0200: Memory Usage (643388K) : Executing rule topmetal1_diffprb_Offgrid
2026-07-11 03:47:37 +0200: Memory Usage (643388K) : Executing rule thickgateox_drw_Offgrid
2026-07-11 03:47:37 +0200: Memory Usage (643388K) : Executing rule polyres_drw_Offgrid
2026-07-11 03:47:37 +0200: Memory Usage (643388K) : Executing rule polyres_pin_Offgrid
2026-07-11 03:47:37 +0200: Memory Usage (643388K) : Executing rule antmetal1_drw_Offgrid
2026-07-11 03:47:37 +0200: Memory Usage (643388K) : Executing rule thinfilmres_drw_Offgrid
2026-07-11 03:47:37 +0200: Memory Usage (643388K) : Executing rule lbe_drw_Offgrid
2026-07-11 03:47:37 +0200: Memory Usage (643388K) : Executing rule prboundary_drw_Offgrid
2026-07-11 03:47:37 +0200: Memory Usage (643388K) : KLayout DRC run for tables 'offgrid' completed in 12.83 seconds
