# Logfile created on 2026-07-11 03:25:30 +0200 by logger.rb/v1.5.3
2026-07-11 03:25:30 +0200: Memory Usage (527356K) : Starting running IHP-SG13CMOS5L KLayout DRC runset on /foss/designs/adc8b/IHP__MSPHY9932/release/v.1.0.0/gds/MSPHY9932.gds
2026-07-11 03:25:30 +0200: Memory Usage (527356K) : Ruby Version for klayout: 3.2.3
2026-07-11 03:25:31 +0200: Memory Usage (530172K) : Loading database to memory is complete.
2026-07-11 03:25:31 +0200: Memory Usage (530172K) : IHP-SG13CMOS5L KLayout DRC runset output at: /foss/designs/adc8b/IHP__MSPHY9932/release/v.1.0.0/drc/MSPHY9932_MSPHY9932_thickgateox.lyrdb
2026-07-11 03:25:31 +0200: Memory Usage (530300K) : Evaluate switches.
2026-07-11 03:25:31 +0200: Memory Usage (530300K) : tables selected: thickgateox
2026-07-11 03:25:31 +0200: Memory Usage (530300K) : KLayout will use 16 thread(s) in tiled mode.
2026-07-11 03:25:31 +0200: Memory Usage (530300K) : deep mode is enabled.
2026-07-11 03:25:31 +0200: Memory Usage (530300K) : FEOL enabled: false
2026-07-11 03:25:31 +0200: Memory Usage (530300K) : BEOL enabled: false
2026-07-11 03:25:31 +0200: Memory Usage (530300K) : OFFGRID enabled: true
2026-07-11 03:25:31 +0200: Memory Usage (530300K) : ANGLE enabled: true
2026-07-11 03:25:31 +0200: Memory Usage (530300K) : PIN enabled: false
2026-07-11 03:25:31 +0200: Memory Usage (530300K) : FORBIDDEN enabled: false
2026-07-11 03:25:31 +0200: Memory Usage (530300K) : RECOMMENDED enabled: true
2026-07-11 03:25:31 +0200: Memory Usage (530300K) : PreCheck DRC enabled: false
2026-07-11 03:25:31 +0200: Memory Usage (530300K) : CONNECTIVITY_RULES enabled: false.
2026-07-11 03:25:31 +0200: Memory Usage (530300K) : Read in polygons from layers.
2026-07-11 03:25:31 +0200: Memory Usage (531472K) : activ_drw has 4847 polygons
2026-07-11 03:25:31 +0200: Memory Usage (531728K) : activ_pin has 0 polygons
2026-07-11 03:25:31 +0200: Memory Usage (531728K) : activ_mask has 0 polygons
2026-07-11 03:25:31 +0200: Memory Usage (531856K) : activ_filler has 0 polygons
2026-07-11 03:25:31 +0200: Memory Usage (531856K) : activ_nofill has 0 polygons
2026-07-11 03:25:31 +0200: Memory Usage (531856K) : activ_opc has 0 polygons
2026-07-11 03:25:31 +0200: Memory Usage (531984K) : activ_iopc has 0 polygons
2026-07-11 03:25:31 +0200: Memory Usage (531984K) : activ_noqrc has 0 polygons
2026-07-11 03:25:31 +0200: Memory Usage (532112K) : biwind_drw has 0 polygons
2026-07-11 03:25:31 +0200: Memory Usage (532112K) : biwind_opc has 0 polygons
2026-07-11 03:25:31 +0200: Memory Usage (532240K) : pemwind_drw has 0 polygons
2026-07-11 03:25:31 +0200: Memory Usage (532240K) : gatpoly_drw has 4112 polygons
2026-07-11 03:25:31 +0200: Memory Usage (532368K) : gatpoly_pin has 65 polygons
2026-07-11 03:25:31 +0200: Memory Usage (532496K) : gatpoly_filler has 0 polygons
2026-07-11 03:25:31 +0200: Memory Usage (532496K) : gatpoly_nofill has 0 polygons
2026-07-11 03:25:31 +0200: Memory Usage (532624K) : gatpoly_opc has 0 polygons
2026-07-11 03:25:31 +0200: Memory Usage (532624K) : gatpoly_iopc has 0 polygons
2026-07-11 03:25:31 +0200: Memory Usage (532752K) : gatpoly_noqrc has 0 polygons
2026-07-11 03:25:31 +0200: Memory Usage (540432K) : cont_drw has 1640232 polygons
2026-07-11 03:25:31 +0200: Memory Usage (540432K) : cont_opc has 0 polygons
2026-07-11 03:25:31 +0200: Memory Usage (540432K) : nsd_drw has 0 polygons
2026-07-11 03:25:31 +0200: Memory Usage (540432K) : nsd_block has 0 polygons
2026-07-11 03:25:31 +0200: Memory Usage (540432K) : metal1_drw has 39512 polygons
2026-07-11 03:25:31 +0200: Memory Usage (540432K) : metal1_pin has 18610 polygons
2026-07-11 03:25:31 +0200: Memory Usage (540432K) : metal1_mask has 0 polygons
2026-07-11 03:25:31 +0200: Memory Usage (540432K) : metal1_filler has 0 polygons
2026-07-11 03:25:31 +0200: Memory Usage (540432K) : metal1_nofill has 0 polygons
2026-07-11 03:25:31 +0200: Memory Usage (540432K) : metal1_slit has 0 polygons
2026-07-11 03:25:31 +0200: Memory Usage (540432K) : metal1_text has 10091 polygons
2026-07-11 03:25:31 +0200: Memory Usage (540432K) : metal1_opc has 0 polygons
2026-07-11 03:25:31 +0200: Memory Usage (540432K) : metal1_noqrc has 0 polygons
2026-07-11 03:25:31 +0200: Memory Usage (540432K) : metal1_res has 0 polygons
2026-07-11 03:25:31 +0200: Memory Usage (540432K) : metal1_iprobe has 0 polygons
2026-07-11 03:25:31 +0200: Memory Usage (540432K) : metal1_diffprb has 0 polygons
2026-07-11 03:25:31 +0200: Memory Usage (540432K) : passiv_drw has 32 polygons
2026-07-11 03:25:31 +0200: Memory Usage (540432K) : passiv_pin has 0 polygons
2026-07-11 03:25:31 +0200: Memory Usage (540432K) : passiv_sbump has 0 polygons
2026-07-11 03:25:31 +0200: Memory Usage (540432K) : passiv_pillar has 0 polygons
2026-07-11 03:25:31 +0200: Memory Usage (540560K) : passiv_pdl has 0 polygons
2026-07-11 03:25:31 +0200: Memory Usage (540560K) : metal2_drw has 129019 polygons
2026-07-11 03:25:31 +0200: Memory Usage (540560K) : metal2_pin has 642 polygons
2026-07-11 03:25:31 +0200: Memory Usage (540560K) : metal2_mask has 0 polygons
2026-07-11 03:25:31 +0200: Memory Usage (540560K) : metal2_filler has 0 polygons
2026-07-11 03:25:31 +0200: Memory Usage (540560K) : metal2_nofill has 0 polygons
2026-07-11 03:25:31 +0200: Memory Usage (540560K) : metal2_slit has 0 polygons
2026-07-11 03:25:31 +0200: Memory Usage (540560K) : metal2_text has 642 polygons
2026-07-11 03:25:31 +0200: Memory Usage (540560K) : metal2_opc has 0 polygons
2026-07-11 03:25:31 +0200: Memory Usage (540560K) : metal2_noqrc has 0 polygons
2026-07-11 03:25:31 +0200: Memory Usage (540560K) : metal2_res has 0 polygons
2026-07-11 03:25:31 +0200: Memory Usage (540560K) : metal2_iprobe has 0 polygons
2026-07-11 03:25:31 +0200: Memory Usage (540560K) : metal2_diffprb has 0 polygons
2026-07-11 03:25:31 +0200: Memory Usage (540688K) : baspoly_drw has 0 polygons
2026-07-11 03:25:31 +0200: Memory Usage (540688K) : baspoly_pin has 0 polygons
2026-07-11 03:25:31 +0200: Memory Usage (540688K) : psd_drw has 1819 polygons
2026-07-11 03:25:31 +0200: Memory Usage (540688K) : nldb_drw has 0 polygons
2026-07-11 03:25:31 +0200: Memory Usage (540816K) : digibnd_drw has 0 polygons
2026-07-11 03:25:31 +0200: Memory Usage (540944K) : via1_drw has 61293 polygons
2026-07-11 03:25:31 +0200: Memory Usage (541072K) : backmetal1_drw has 0 polygons
2026-07-11 03:25:31 +0200: Memory Usage (541072K) : backmetal1_pin has 0 polygons
2026-07-11 03:25:31 +0200: Memory Usage (541200K) : backmetal1_mask has 0 polygons
2026-07-11 03:25:31 +0200: Memory Usage (541200K) : backmetal1_filler has 0 polygons
2026-07-11 03:25:31 +0200: Memory Usage (541328K) : backmetal1_nofill has 0 polygons
2026-07-11 03:25:31 +0200: Memory Usage (541328K) : backmetal1_slit has 0 polygons
2026-07-11 03:25:31 +0200: Memory Usage (541328K) : backmetal1_text has 0 polygons
2026-07-11 03:25:31 +0200: Memory Usage (541456K) : backmetal1_opc has 0 polygons
2026-07-11 03:25:31 +0200: Memory Usage (541584K) : backmetal1_noqrc has 0 polygons
2026-07-11 03:25:31 +0200: Memory Usage (541584K) : backmetal1_res has 0 polygons
2026-07-11 03:25:31 +0200: Memory Usage (541712K) : backmetal1_iprobe has 0 polygons
2026-07-11 03:25:31 +0200: Memory Usage (541840K) : backmetal1_diffprb has 0 polygons
2026-07-11 03:25:31 +0200: Memory Usage (541840K) : backpassiv_drw has 0 polygons
2026-07-11 03:25:31 +0200: Memory Usage (541840K) : res_drw has 0 polygons
2026-07-11 03:25:31 +0200: Memory Usage (541968K) : sram_drw has 0 polygons
2026-07-11 03:25:31 +0200: Memory Usage (541968K) : trans_drw has 0 polygons
2026-07-11 03:25:31 +0200: Memory Usage (542096K) : ind_drw has 0 polygons
2026-07-11 03:25:31 +0200: Memory Usage (542096K) : ind_pin has 0 polygons
2026-07-11 03:25:31 +0200: Memory Usage (542224K) : ind_text has 0 polygons
2026-07-11 03:25:31 +0200: Memory Usage (542224K) : salblock_drw has 55 polygons
2026-07-11 03:25:31 +0200: Memory Usage (543248K) : via2_drw has 170273 polygons
2026-07-11 03:25:31 +0200: Memory Usage (543504K) : metal3_drw has 126558 polygons
2026-07-11 03:25:31 +0200: Memory Usage (543504K) : metal3_pin has 342 polygons
2026-07-11 03:25:31 +0200: Memory Usage (543632K) : metal3_mask has 0 polygons
2026-07-11 03:25:31 +0200: Memory Usage (543632K) : metal3_filler has 0 polygons
2026-07-11 03:25:31 +0200: Memory Usage (543760K) : metal3_nofill has 0 polygons
2026-07-11 03:25:31 +0200: Memory Usage (543760K) : metal3_slit has 0 polygons
2026-07-11 03:25:31 +0200: Memory Usage (543888K) : metal3_text has 342 polygons
2026-07-11 03:25:31 +0200: Memory Usage (543888K) : metal3_opc has 0 polygons
2026-07-11 03:25:31 +0200: Memory Usage (544016K) : metal3_noqrc has 0 polygons
2026-07-11 03:25:31 +0200: Memory Usage (544016K) : metal3_res has 0 polygons
2026-07-11 03:25:31 +0200: Memory Usage (544016K) : metal3_iprobe has 0 polygons
2026-07-11 03:25:31 +0200: Memory Usage (544144K) : metal3_diffprb has 0 polygons
2026-07-11 03:25:31 +0200: Memory Usage (544272K) : nwell_drw has 900 polygons
2026-07-11 03:25:31 +0200: Memory Usage (544272K) : nwell_pin has 1 polygons
2026-07-11 03:25:31 +0200: Memory Usage (544400K) : nbulay_drw has 0 polygons
2026-07-11 03:25:31 +0200: Memory Usage (544528K) : nbulay_pin has 0 polygons
2026-07-11 03:25:31 +0200: Memory Usage (544528K) : nbulay_block has 0 polygons
2026-07-11 03:25:31 +0200: Memory Usage (544656K) : emwind_drw has 0 polygons
2026-07-11 03:25:31 +0200: Memory Usage (544656K) : emwind_opc has 0 polygons
2026-07-11 03:25:31 +0200: Memory Usage (544656K) : deepco_drw has 0 polygons
2026-07-11 03:25:31 +0200: Memory Usage (544784K) : deepco_drw has 0 polygons
2026-07-11 03:25:31 +0200: Memory Usage (544784K) : mim_drw has 0 polygons
2026-07-11 03:25:31 +0200: Memory Usage (544912K) : edgeseal_drw has 24 polygons
2026-07-11 03:25:31 +0200: Memory Usage (544912K) : edgeseal_bound has 1 polygons
2026-07-11 03:25:31 +0200: Memory Usage (545040K) : substrate_drw has 818 polygons
2026-07-11 03:25:31 +0200: Memory Usage (545040K) : substrate_text has 0 polygons
2026-07-11 03:25:31 +0200: Memory Usage (545168K) : dfpad_drw has 20 polygons
2026-07-11 03:25:31 +0200: Memory Usage (545168K) : dfpad_pillar has 0 polygons
2026-07-11 03:25:31 +0200: Memory Usage (545168K) : dfpad_sbump has 0 polygons
2026-07-11 03:25:31 +0200: Memory Usage (545296K) : thickgateox_drw has 39 polygons
2026-07-11 03:25:31 +0200: Memory Usage (545296K) : pldb_drw has 0 polygons
2026-07-11 03:25:31 +0200: Memory Usage (545424K) : pwell_drw has 0 polygons
2026-07-11 03:25:31 +0200: Memory Usage (545424K) : pwell_pin has 0 polygons
2026-07-11 03:25:31 +0200: Memory Usage (545552K) : pwell_block has 6 polygons
2026-07-11 03:25:31 +0200: Memory Usage (545552K) : ic_drw has 0 polygons
2026-07-11 03:25:31 +0200: Memory Usage (546448K) : via3_drw has 165845 polygons
2026-07-11 03:25:31 +0200: Memory Usage (546704K) : metal4_drw has 123478 polygons
2026-07-11 03:25:31 +0200: Memory Usage (546832K) : metal4_pin has 16630 polygons
2026-07-11 03:25:31 +0200: Memory Usage (546832K) : metal4_mask has 0 polygons
2026-07-11 03:25:31 +0200: Memory Usage (546960K) : metal4_filler has 0 polygons
2026-07-11 03:25:31 +0200: Memory Usage (546960K) : metal4_nofill has 0 polygons
2026-07-11 03:25:31 +0200: Memory Usage (546960K) : metal4_slit has 0 polygons
2026-07-11 03:25:31 +0200: Memory Usage (547088K) : metal4_text has 8424 polygons
2026-07-11 03:25:31 +0200: Memory Usage (547088K) : metal4_opc has 0 polygons
2026-07-11 03:25:31 +0200: Memory Usage (547216K) : metal4_noqrc has 0 polygons
2026-07-11 03:25:31 +0200: Memory Usage (547216K) : metal4_res has 0 polygons
2026-07-11 03:25:31 +0200: Memory Usage (547344K) : metal4_iprobe has 0 polygons
2026-07-11 03:25:31 +0200: Memory Usage (547344K) : metal4_diffprb has 0 polygons
2026-07-11 03:25:31 +0200: Memory Usage (547344K) : heattrans_drw has 856 polygons
2026-07-11 03:25:31 +0200: Memory Usage (547472K) : heatres_drw has 36 polygons
2026-07-11 03:25:31 +0200: Memory Usage (547472K) : pempoly_drw has 0 polygons
2026-07-11 03:25:31 +0200: Memory Usage (547600K) : fbe_drw has 0 polygons
2026-07-11 03:25:31 +0200: Memory Usage (547728K) : empoly_drw has 0 polygons
2026-07-11 03:25:31 +0200: Memory Usage (547728K) : ldmos_drw has 0 polygons
2026-07-11 03:25:31 +0200: Memory Usage (547856K) : pbiwind_drw has 0 polygons
2026-07-11 03:25:31 +0200: Memory Usage (547856K) : digisub_drw has 0 polygons
2026-07-11 03:25:31 +0200: Memory Usage (547856K) : nodrc_drw has 0 polygons
2026-07-11 03:25:31 +0200: Memory Usage (547984K) : text_drw has 607 polygons
2026-07-11 03:25:31 +0200: Memory Usage (547984K) : via4_drw has 0 polygons
2026-07-11 03:25:31 +0200: Memory Usage (548112K) : metal5_drw has 0 polygons
2026-07-11 03:25:31 +0200: Memory Usage (548112K) : metal5_pin has 0 polygons
2026-07-11 03:25:31 +0200: Memory Usage (548240K) : metal5_mask has 0 polygons
2026-07-11 03:25:31 +0200: Memory Usage (548240K) : metal5_filler has 0 polygons
2026-07-11 03:25:31 +0200: Memory Usage (548368K) : metal5_nofill has 0 polygons
2026-07-11 03:25:31 +0200: Memory Usage (548496K) : metal5_slit has 0 polygons
2026-07-11 03:25:31 +0200: Memory Usage (548496K) : metal5_text has 0 polygons
2026-07-11 03:25:31 +0200: Memory Usage (548496K) : metal5_opc has 0 polygons
2026-07-11 03:25:31 +0200: Memory Usage (548624K) : metal5_noqrc has 0 polygons
2026-07-11 03:25:31 +0200: Memory Usage (548624K) : metal5_res has 0 polygons
2026-07-11 03:25:31 +0200: Memory Usage (548752K) : metal5_iprobe has 0 polygons
2026-07-11 03:25:31 +0200: Memory Usage (548752K) : metal5_diffprb has 0 polygons
2026-07-11 03:25:31 +0200: Memory Usage (548880K) : radhard_drw has 0 polygons
2026-07-11 03:25:31 +0200: Memory Usage (548880K) : memcap_drw has 0 polygons
2026-07-11 03:25:31 +0200: Memory Usage (549008K) : varicap_drw has 0 polygons
2026-07-11 03:25:31 +0200: Memory Usage (549008K) : flash_drw has 0 polygons
2026-07-11 03:25:31 +0200: Memory Usage (549136K) : intbondvia_drw has 0 polygons
2026-07-11 03:25:31 +0200: Memory Usage (549136K) : intbondmet_drw has 0 polygons
2026-07-11 03:25:31 +0200: Memory Usage (549136K) : devbondvia_drw has 0 polygons
2026-07-11 03:25:31 +0200: Memory Usage (549264K) : devbondmet_drw has 0 polygons
2026-07-11 03:25:31 +0200: Memory Usage (549264K) : devtrench_drw has 0 polygons
2026-07-11 03:25:31 +0200: Memory Usage (549392K) : redist_drw has 0 polygons
2026-07-11 03:25:31 +0200: Memory Usage (549392K) : graphbot_drw has 0 polygons
2026-07-11 03:25:31 +0200: Memory Usage (549520K) : graphtop_drw has 0 polygons
2026-07-11 03:25:31 +0200: Memory Usage (549520K) : antvia1_drw has 0 polygons
2026-07-11 03:25:31 +0200: Memory Usage (549520K) : antmetal2_drw has 0 polygons
2026-07-11 03:25:31 +0200: Memory Usage (549648K) : graphcont_drw has 0 polygons
2026-07-11 03:25:31 +0200: Memory Usage (549648K) : siwg_drw has 0 polygons
2026-07-11 03:25:31 +0200: Memory Usage (549648K) : siwg_filler has 0 polygons
2026-07-11 03:25:31 +0200: Memory Usage (549956K) : siwg_nofill has 0 polygons
2026-07-11 03:25:31 +0200: Memory Usage (549956K) : sigrating_drw has 0 polygons
2026-07-11 03:25:31 +0200: Memory Usage (549956K) : singrating_drw has 0 polygons
2026-07-11 03:25:31 +0200: Memory Usage (549956K) : graphpas_drw has 0 polygons
2026-07-11 03:25:31 +0200: Memory Usage (549956K) : emwind3_drw has 0 polygons
2026-07-11 03:25:31 +0200: Memory Usage (549956K) : emwihv3_drw has 0 polygons
2026-07-11 03:25:31 +0200: Memory Usage (549956K) : redbulay_drw has 0 polygons
2026-07-11 03:25:31 +0200: Memory Usage (549956K) : smos_drw has 0 polygons
2026-07-11 03:25:31 +0200: Memory Usage (549956K) : graphpad_drw has 0 polygons
2026-07-11 03:25:31 +0200: Memory Usage (549956K) : polimide_drw has 0 polygons
2026-07-11 03:25:31 +0200: Memory Usage (549956K) : polimide_pin has 0 polygons
2026-07-11 03:25:31 +0200: Memory Usage (549956K) : recog_drw has 0 polygons
2026-07-11 03:25:31 +0200: Memory Usage (549956K) : recog_pin has 0 polygons
2026-07-11 03:25:31 +0200: Memory Usage (549956K) : recog_esd has 0 polygons
2026-07-11 03:25:31 +0200: Memory Usage (549956K) : recog_diode has 113 polygons
2026-07-11 03:25:31 +0200: Memory Usage (549956K) : recog_tsv has 0 polygons
2026-07-11 03:25:31 +0200: Memory Usage (549956K) : recog_iprobe has 0 polygons
2026-07-11 03:25:31 +0200: Memory Usage (549956K) : recog_diffprb has 0 polygons
2026-07-11 03:25:31 +0200: Memory Usage (549956K) : recog_pillar has 0 polygons
2026-07-11 03:25:31 +0200: Memory Usage (549956K) : recog_sbump has 0 polygons
2026-07-11 03:25:31 +0200: Memory Usage (549956K) : recog_otp has 0 polygons
2026-07-11 03:25:31 +0200: Memory Usage (549956K) : recog_pdiode has 0 polygons
2026-07-11 03:25:31 +0200: Memory Usage (549956K) : recog_mom has 8198 polygons
2026-07-11 03:25:31 +0200: Memory Usage (549956K) : recog_pcm has 0 polygons
2026-07-11 03:25:31 +0200: Memory Usage (549956K) : colopen_drw has 0 polygons
2026-07-11 03:25:31 +0200: Memory Usage (549956K) : graphmetal1_drw has 0 polygons
2026-07-11 03:25:31 +0200: Memory Usage (549956K) : graphmetal1_filler has 0 polygons
2026-07-11 03:25:31 +0200: Memory Usage (549956K) : graphmetal1_nofill has 0 polygons
2026-07-11 03:25:31 +0200: Memory Usage (549956K) : graphmetal1_slit has 0 polygons
2026-07-11 03:25:31 +0200: Memory Usage (549956K) : graphmetal1_opc has 0 polygons
2026-07-11 03:25:31 +0200: Memory Usage (549956K) : graphmet1l_drw has 0 polygons
2026-07-11 03:25:31 +0200: Memory Usage (549956K) : graphmet1l_filler has 0 polygons
2026-07-11 03:25:31 +0200: Memory Usage (549956K) : graphmet1l_nofill has 0 polygons
2026-07-11 03:25:31 +0200: Memory Usage (549956K) : graphmet1l_slit has 0 polygons
2026-07-11 03:25:31 +0200: Memory Usage (549956K) : graphmet1l_opc has 0 polygons
2026-07-11 03:25:31 +0200: Memory Usage (549956K) : extblock_drw has 145 polygons
2026-07-11 03:25:31 +0200: Memory Usage (549956K) : nldd_drw has 0 polygons
2026-07-11 03:25:31 +0200: Memory Usage (549956K) : pldd_drw has 0 polygons
2026-07-11 03:25:31 +0200: Memory Usage (549956K) : next_drw has 0 polygons
2026-07-11 03:25:31 +0200: Memory Usage (549956K) : pext_drw has 0 polygons
2026-07-11 03:25:31 +0200: Memory Usage (549956K) : nexthv_drw has 0 polygons
2026-07-11 03:25:31 +0200: Memory Usage (549956K) : pexthv_drw has 0 polygons
2026-07-11 03:25:31 +0200: Memory Usage (549956K) : graphgate_drw has 0 polygons
2026-07-11 03:25:31 +0200: Memory Usage (549956K) : sinwg_drw has 0 polygons
2026-07-11 03:25:31 +0200: Memory Usage (549956K) : sinwg_filler has 0 polygons
2026-07-11 03:25:31 +0200: Memory Usage (549956K) : sinwg_nofill has 0 polygons
2026-07-11 03:25:31 +0200: Memory Usage (549956K) : mempad_drw has 0 polygons
2026-07-11 03:25:31 +0200: Memory Usage (549956K) : topvia1_drw has 56700 polygons
2026-07-11 03:25:31 +0200: Memory Usage (549956K) : topmetal1_drw has 201 polygons
2026-07-11 03:25:31 +0200: Memory Usage (549956K) : topmetal1_pin has 168 polygons
2026-07-11 03:25:31 +0200: Memory Usage (549956K) : topmetal1_mask has 0 polygons
2026-07-11 03:25:31 +0200: Memory Usage (549956K) : topmetal1_filler has 0 polygons
2026-07-11 03:25:31 +0200: Memory Usage (549956K) : topmetal1_nofill has 0 polygons
2026-07-11 03:25:31 +0200: Memory Usage (549956K) : topmetal1_slit has 0 polygons
2026-07-11 03:25:31 +0200: Memory Usage (549956K) : topmetal1_text has 168 polygons
2026-07-11 03:25:31 +0200: Memory Usage (549956K) : topmetal1_noqrc has 0 polygons
2026-07-11 03:25:31 +0200: Memory Usage (549956K) : topmetal1_res has 0 polygons
2026-07-11 03:25:31 +0200: Memory Usage (549956K) : topmetal1_iprobe has 0 polygons
2026-07-11 03:25:31 +0200: Memory Usage (549956K) : topmetal1_diffprb has 0 polygons
2026-07-11 03:25:31 +0200: Memory Usage (549956K) : inldpwl_drw has 0 polygons
2026-07-11 03:25:31 +0200: Memory Usage (549956K) : polyres_drw has 36 polygons
2026-07-11 03:25:31 +0200: Memory Usage (549956K) : polyres_pin has 0 polygons
2026-07-11 03:25:31 +0200: Memory Usage (549956K) : vmim_drw has 0 polygons
2026-07-11 03:25:31 +0200: Memory Usage (549956K) : nbulaycut_drw has 0 polygons
2026-07-11 03:25:31 +0200: Memory Usage (549956K) : antmetal1_drw has 0 polygons
2026-07-11 03:25:31 +0200: Memory Usage (549956K) : topvia2_drw has 0 polygons
2026-07-11 03:25:31 +0200: Memory Usage (549956K) : topmetal2_drw has 0 polygons
2026-07-11 03:25:31 +0200: Memory Usage (549956K) : topmetal2_pin has 0 polygons
2026-07-11 03:25:31 +0200: Memory Usage (549956K) : topmetal2_mask has 0 polygons
2026-07-11 03:25:31 +0200: Memory Usage (549956K) : topmetal2_filler has 0 polygons
2026-07-11 03:25:31 +0200: Memory Usage (549956K) : topmetal2_nofill has 0 polygons
2026-07-11 03:25:31 +0200: Memory Usage (549956K) : topmetal2_slit has 0 polygons
2026-07-11 03:25:31 +0200: Memory Usage (549956K) : topmetal2_text has 0 polygons
2026-07-11 03:25:31 +0200: Memory Usage (549956K) : topmetal2_noqrc has 0 polygons
2026-07-11 03:25:31 +0200: Memory Usage (549956K) : topmetal2_res has 0 polygons
2026-07-11 03:25:31 +0200: Memory Usage (549956K) : topmetal2_iprobe has 0 polygons
2026-07-11 03:25:31 +0200: Memory Usage (549956K) : topmetal2_diffprb has 0 polygons
2026-07-11 03:25:31 +0200: Memory Usage (549956K) : snsring_drw has 0 polygons
2026-07-11 03:25:31 +0200: Memory Usage (549956K) : sensor_drw has 0 polygons
2026-07-11 03:25:31 +0200: Memory Usage (549956K) : snsarms_drw has 0 polygons
2026-07-11 03:25:31 +0200: Memory Usage (549956K) : snscmosvia_drw has 0 polygons
2026-07-11 03:25:31 +0200: Memory Usage (549956K) : colwind_drw has 0 polygons
2026-07-11 03:25:31 +0200: Memory Usage (549956K) : flm_drw has 0 polygons
2026-07-11 03:25:31 +0200: Memory Usage (549956K) : hafniumox_drw has 0 polygons
2026-07-11 03:25:31 +0200: Memory Usage (549956K) : memvia_drw has 0 polygons
2026-07-11 03:25:31 +0200: Memory Usage (549956K) : thinfilmres_drw has 0 polygons
2026-07-11 03:25:31 +0200: Memory Usage (549956K) : rfmem_drw has 0 polygons
2026-07-11 03:25:31 +0200: Memory Usage (549956K) : norcx_drw has 0 polygons
2026-07-11 03:25:31 +0200: Memory Usage (549956K) : norcx_m2m3 has 0 polygons
2026-07-11 03:25:31 +0200: Memory Usage (549956K) : norcx_m2m4 has 0 polygons
2026-07-11 03:25:31 +0200: Memory Usage (549956K) : norcx_m2m5 has 0 polygons
2026-07-11 03:25:31 +0200: Memory Usage (549956K) : norcx_m2tm1 has 0 polygons
2026-07-11 03:25:31 +0200: Memory Usage (549956K) : norcx_m2tm2 has 0 polygons
2026-07-11 03:25:31 +0200: Memory Usage (549956K) : norcx_m3m4 has 0 polygons
2026-07-11 03:25:31 +0200: Memory Usage (549956K) : norcx_m3m5 has 0 polygons
2026-07-11 03:25:31 +0200: Memory Usage (549956K) : norcx_m3tm1 has 0 polygons
2026-07-11 03:25:31 +0200: Memory Usage (549956K) : norcx_m3tm2 has 0 polygons
2026-07-11 03:25:31 +0200: Memory Usage (549956K) : norcx_m4m5 has 0 polygons
2026-07-11 03:25:31 +0200: Memory Usage (549956K) : norcx_m4tm1 has 0 polygons
2026-07-11 03:25:31 +0200: Memory Usage (549956K) : norcx_m4tm2 has 0 polygons
2026-07-11 03:25:31 +0200: Memory Usage (549956K) : norcx_m5tm1 has 0 polygons
2026-07-11 03:25:31 +0200: Memory Usage (549956K) : norcx_m5tm2 has 0 polygons
2026-07-11 03:25:31 +0200: Memory Usage (549956K) : norcx_tm1tm2 has 0 polygons
2026-07-11 03:25:31 +0200: Memory Usage (549956K) : norcx_m1sub has 0 polygons
2026-07-11 03:25:31 +0200: Memory Usage (549956K) : norcx_m2sub has 0 polygons
2026-07-11 03:25:31 +0200: Memory Usage (549956K) : norcx_m3sub has 0 polygons
2026-07-11 03:25:31 +0200: Memory Usage (549956K) : norcx_m4sub has 0 polygons
2026-07-11 03:25:31 +0200: Memory Usage (549956K) : norcx_m5sub has 0 polygons
2026-07-11 03:25:31 +0200: Memory Usage (549956K) : norcx_tm1sub has 0 polygons
2026-07-11 03:25:31 +0200: Memory Usage (549956K) : norcx_tm2sub has 0 polygons
2026-07-11 03:25:31 +0200: Memory Usage (549956K) : snsbotvia_drw has 0 polygons
2026-07-11 03:25:31 +0200: Memory Usage (549956K) : snstopvia_drw has 0 polygons
2026-07-11 03:25:31 +0200: Memory Usage (549956K) : deepvia_drw has 0 polygons
2026-07-11 03:25:31 +0200: Memory Usage (549956K) : fgetch_drw has 0 polygons
2026-07-11 03:25:31 +0200: Memory Usage (549956K) : ctrgat_drw has 0 polygons
2026-07-11 03:25:31 +0200: Memory Usage (549956K) : fgimp_drw has 0 polygons
2026-07-11 03:25:31 +0200: Memory Usage (549956K) : emwihv_drw has 0 polygons
2026-07-11 03:25:31 +0200: Memory Usage (549956K) : lbe_drw has 0 polygons
2026-07-11 03:25:31 +0200: Memory Usage (549956K) : alcustop_drw has 0 polygons
2026-07-11 03:25:31 +0200: Memory Usage (549956K) : nometfiller_drw has 0 polygons
2026-07-11 03:25:31 +0200: Memory Usage (549956K) : prboundary_drw has 0 polygons
2026-07-11 03:25:31 +0200: Memory Usage (549956K) : exchange0_drw has 0 polygons
2026-07-11 03:25:31 +0200: Memory Usage (549956K) : exchange0_pin has 0 polygons
2026-07-11 03:25:31 +0200: Memory Usage (549956K) : exchange0_text has 0 polygons
2026-07-11 03:25:31 +0200: Memory Usage (549956K) : exchange1_drw has 0 polygons
2026-07-11 03:25:31 +0200: Memory Usage (549956K) : exchange1_pin has 0 polygons
2026-07-11 03:25:31 +0200: Memory Usage (549956K) : exchange1_text has 0 polygons
2026-07-11 03:25:31 +0200: Memory Usage (549956K) : exchange2_drw has 0 polygons
2026-07-11 03:25:31 +0200: Memory Usage (549956K) : exchange2_pin has 0 polygons
2026-07-11 03:25:31 +0200: Memory Usage (549956K) : exchange2_text has 0 polygons
2026-07-11 03:25:31 +0200: Memory Usage (549956K) : exchange3_drw has 0 polygons
2026-07-11 03:25:31 +0200: Memory Usage (549956K) : exchange3_pin has 0 polygons
2026-07-11 03:25:31 +0200: Memory Usage (549956K) : exchange3_text has 0 polygons
2026-07-11 03:25:31 +0200: Memory Usage (549956K) : exchange4_drw has 0 polygons
2026-07-11 03:25:31 +0200: Memory Usage (549956K) : exchange4_pin has 0 polygons
2026-07-11 03:25:31 +0200: Memory Usage (549956K) : exchange4_text has 0 polygons
2026-07-11 03:25:31 +0200: Memory Usage (549956K) : isonwell_drw has 0 polygons
2026-07-11 03:25:31 +0200: Memory Usage (549956K) : Total no. of polygons in the design is 2591900
2026-07-11 03:25:31 +0200: Memory Usage (549956K) : Loaded TECH DRC rules values from /foss/pdks/ihp-sg13cmos5l/libs.tech/klayout/python/sg13cmos5l_pycell_lib/sg13cmos5l_tech_mod.json
2026-07-11 03:25:31 +0200: Memory Usage (549956K) : Loaded default DRC rules values from /foss/pdks/ihp-sg13cmos5l/libs.tech/klayout/tech/drc/rule_decks/sg13cmos5l_tech_default.json
2026-07-11 03:25:31 +0200: Memory Usage (550852K) : Total area of the design is 1102500.0 um^2.
2026-07-11 03:25:31 +0200: Memory Usage (550852K) : The design dimensions are 1050.0 um * 1050.0 um.
2026-07-11 03:25:31 +0200: Memory Usage (550852K) : Starting general IHP-SG13CMOS5L derivations.
2026-07-11 03:25:31 +0200: Memory Usage (550852K) : Starting Pwell derivations
2026-07-11 03:25:31 +0200: Memory Usage (553336K) : Starting IHP-SG13CMOS5L DRC rules.
2026-07-11 03:25:31 +0200: Memory Usage (553336K) : Starting 5.7. ThickGateOx table
2026-07-11 03:25:31 +0200: Memory Usage (553336K) : Executing rule TGO.f
2026-07-11 03:25:31 +0200: Memory Usage (553464K) : KLayout DRC run for tables 'thickgateox' completed in 0.61 seconds
