# Logfile created on 2026-07-11 03:25:44 +0200 by logger.rb/v1.5.3
2026-07-11 03:25:44 +0200: Memory Usage (527296K) : Starting running IHP-SG13CMOS5L KLayout DRC runset on /foss/designs/adc8b/IHP__MSPHY9932/release/v.1.0.0/gds/MSPHY9932.gds
2026-07-11 03:25:44 +0200: Memory Usage (527296K) : Ruby Version for klayout: 3.2.3
2026-07-11 03:25:44 +0200: Memory Usage (531904K) : Loading database to memory is complete.
2026-07-11 03:25:44 +0200: Memory Usage (531904K) : IHP-SG13CMOS5L KLayout DRC runset output at: /foss/designs/adc8b/IHP__MSPHY9932/release/v.1.0.0/drc/MSPHY9932_MSPHY9932_topmetal1.lyrdb
2026-07-11 03:25:44 +0200: Memory Usage (531904K) : Evaluate switches.
2026-07-11 03:25:44 +0200: Memory Usage (531904K) : tables selected: topmetal1
2026-07-11 03:25:44 +0200: Memory Usage (531904K) : KLayout will use 16 thread(s) in tiled mode.
2026-07-11 03:25:44 +0200: Memory Usage (531904K) : deep mode is enabled.
2026-07-11 03:25:44 +0200: Memory Usage (531904K) : FEOL enabled: false
2026-07-11 03:25:44 +0200: Memory Usage (531904K) : BEOL enabled: false
2026-07-11 03:25:44 +0200: Memory Usage (531904K) : OFFGRID enabled: true
2026-07-11 03:25:44 +0200: Memory Usage (531904K) : ANGLE enabled: true
2026-07-11 03:25:44 +0200: Memory Usage (531904K) : PIN enabled: false
2026-07-11 03:25:44 +0200: Memory Usage (531904K) : FORBIDDEN enabled: false
2026-07-11 03:25:44 +0200: Memory Usage (531904K) : RECOMMENDED enabled: true
2026-07-11 03:25:44 +0200: Memory Usage (531904K) : PreCheck DRC enabled: false
2026-07-11 03:25:44 +0200: Memory Usage (531904K) : CONNECTIVITY_RULES enabled: false.
2026-07-11 03:25:44 +0200: Memory Usage (531904K) : Read in polygons from layers.
2026-07-11 03:25:44 +0200: Memory Usage (533216K) : activ_drw has 4847 polygons
2026-07-11 03:25:44 +0200: Memory Usage (533344K) : activ_pin has 0 polygons
2026-07-11 03:25:44 +0200: Memory Usage (533472K) : activ_mask has 0 polygons
2026-07-11 03:25:44 +0200: Memory Usage (533472K) : activ_filler has 0 polygons
2026-07-11 03:25:44 +0200: Memory Usage (533600K) : activ_nofill has 0 polygons
2026-07-11 03:25:44 +0200: Memory Usage (533600K) : activ_opc has 0 polygons
2026-07-11 03:25:44 +0200: Memory Usage (533728K) : activ_iopc has 0 polygons
2026-07-11 03:25:44 +0200: Memory Usage (533728K) : activ_noqrc has 0 polygons
2026-07-11 03:25:44 +0200: Memory Usage (533856K) : biwind_drw has 0 polygons
2026-07-11 03:25:44 +0200: Memory Usage (533856K) : biwind_opc has 0 polygons
2026-07-11 03:25:44 +0200: Memory Usage (533856K) : pemwind_drw has 0 polygons
2026-07-11 03:25:44 +0200: Memory Usage (533984K) : gatpoly_drw has 4112 polygons
2026-07-11 03:25:44 +0200: Memory Usage (534112K) : gatpoly_pin has 65 polygons
2026-07-11 03:25:44 +0200: Memory Usage (534240K) : gatpoly_filler has 0 polygons
2026-07-11 03:25:44 +0200: Memory Usage (534240K) : gatpoly_nofill has 0 polygons
2026-07-11 03:25:44 +0200: Memory Usage (534240K) : gatpoly_opc has 0 polygons
2026-07-11 03:25:44 +0200: Memory Usage (534368K) : gatpoly_iopc has 0 polygons
2026-07-11 03:25:44 +0200: Memory Usage (534368K) : gatpoly_noqrc has 0 polygons
2026-07-11 03:25:44 +0200: Memory Usage (542304K) : cont_drw has 1640232 polygons
2026-07-11 03:25:44 +0200: Memory Usage (542304K) : cont_opc has 0 polygons
2026-07-11 03:25:44 +0200: Memory Usage (542304K) : nsd_drw has 0 polygons
2026-07-11 03:25:44 +0200: Memory Usage (542304K) : nsd_block has 0 polygons
2026-07-11 03:25:44 +0200: Memory Usage (542304K) : metal1_drw has 39512 polygons
2026-07-11 03:25:44 +0200: Memory Usage (542304K) : metal1_pin has 18610 polygons
2026-07-11 03:25:44 +0200: Memory Usage (542304K) : metal1_mask has 0 polygons
2026-07-11 03:25:44 +0200: Memory Usage (542304K) : metal1_filler has 0 polygons
2026-07-11 03:25:44 +0200: Memory Usage (542304K) : metal1_nofill has 0 polygons
2026-07-11 03:25:44 +0200: Memory Usage (542304K) : metal1_slit has 0 polygons
2026-07-11 03:25:44 +0200: Memory Usage (542432K) : metal1_text has 10091 polygons
2026-07-11 03:25:44 +0200: Memory Usage (542432K) : metal1_opc has 0 polygons
2026-07-11 03:25:44 +0200: Memory Usage (542432K) : metal1_noqrc has 0 polygons
2026-07-11 03:25:44 +0200: Memory Usage (542432K) : metal1_res has 0 polygons
2026-07-11 03:25:44 +0200: Memory Usage (542432K) : metal1_iprobe has 0 polygons
2026-07-11 03:25:44 +0200: Memory Usage (542432K) : metal1_diffprb has 0 polygons
2026-07-11 03:25:44 +0200: Memory Usage (542432K) : passiv_drw has 32 polygons
2026-07-11 03:25:44 +0200: Memory Usage (542432K) : passiv_pin has 0 polygons
2026-07-11 03:25:44 +0200: Memory Usage (542432K) : passiv_sbump has 0 polygons
2026-07-11 03:25:44 +0200: Memory Usage (542432K) : passiv_pillar has 0 polygons
2026-07-11 03:25:44 +0200: Memory Usage (542560K) : passiv_pdl has 0 polygons
2026-07-11 03:25:44 +0200: Memory Usage (542560K) : metal2_drw has 129019 polygons
2026-07-11 03:25:44 +0200: Memory Usage (542560K) : metal2_pin has 642 polygons
2026-07-11 03:25:44 +0200: Memory Usage (542560K) : metal2_mask has 0 polygons
2026-07-11 03:25:44 +0200: Memory Usage (542560K) : metal2_filler has 0 polygons
2026-07-11 03:25:44 +0200: Memory Usage (542560K) : metal2_nofill has 0 polygons
2026-07-11 03:25:44 +0200: Memory Usage (542560K) : metal2_slit has 0 polygons
2026-07-11 03:25:44 +0200: Memory Usage (542560K) : metal2_text has 642 polygons
2026-07-11 03:25:44 +0200: Memory Usage (542560K) : metal2_opc has 0 polygons
2026-07-11 03:25:44 +0200: Memory Usage (542560K) : metal2_noqrc has 0 polygons
2026-07-11 03:25:44 +0200: Memory Usage (542560K) : metal2_res has 0 polygons
2026-07-11 03:25:44 +0200: Memory Usage (542560K) : metal2_iprobe has 0 polygons
2026-07-11 03:25:44 +0200: Memory Usage (542560K) : metal2_diffprb has 0 polygons
2026-07-11 03:25:44 +0200: Memory Usage (542688K) : baspoly_drw has 0 polygons
2026-07-11 03:25:44 +0200: Memory Usage (542688K) : baspoly_pin has 0 polygons
2026-07-11 03:25:44 +0200: Memory Usage (542688K) : psd_drw has 1819 polygons
2026-07-11 03:25:44 +0200: Memory Usage (542688K) : nldb_drw has 0 polygons
2026-07-11 03:25:44 +0200: Memory Usage (542816K) : digibnd_drw has 0 polygons
2026-07-11 03:25:44 +0200: Memory Usage (542816K) : via1_drw has 61293 polygons
2026-07-11 03:25:44 +0200: Memory Usage (543072K) : backmetal1_drw has 0 polygons
2026-07-11 03:25:44 +0200: Memory Usage (543072K) : backmetal1_pin has 0 polygons
2026-07-11 03:25:44 +0200: Memory Usage (543200K) : backmetal1_mask has 0 polygons
2026-07-11 03:25:44 +0200: Memory Usage (543200K) : backmetal1_filler has 0 polygons
2026-07-11 03:25:44 +0200: Memory Usage (543200K) : backmetal1_nofill has 0 polygons
2026-07-11 03:25:44 +0200: Memory Usage (543328K) : backmetal1_slit has 0 polygons
2026-07-11 03:25:44 +0200: Memory Usage (543328K) : backmetal1_text has 0 polygons
2026-07-11 03:25:44 +0200: Memory Usage (543456K) : backmetal1_opc has 0 polygons
2026-07-11 03:25:44 +0200: Memory Usage (543584K) : backmetal1_noqrc has 0 polygons
2026-07-11 03:25:44 +0200: Memory Usage (543712K) : backmetal1_res has 0 polygons
2026-07-11 03:25:44 +0200: Memory Usage (543712K) : backmetal1_iprobe has 0 polygons
2026-07-11 03:25:44 +0200: Memory Usage (543712K) : backmetal1_diffprb has 0 polygons
2026-07-11 03:25:44 +0200: Memory Usage (543840K) : backpassiv_drw has 0 polygons
2026-07-11 03:25:44 +0200: Memory Usage (543840K) : res_drw has 0 polygons
2026-07-11 03:25:44 +0200: Memory Usage (543968K) : sram_drw has 0 polygons
2026-07-11 03:25:44 +0200: Memory Usage (543968K) : trans_drw has 0 polygons
2026-07-11 03:25:44 +0200: Memory Usage (544096K) : ind_drw has 0 polygons
2026-07-11 03:25:44 +0200: Memory Usage (544096K) : ind_pin has 0 polygons
2026-07-11 03:25:44 +0200: Memory Usage (544224K) : ind_text has 0 polygons
2026-07-11 03:25:44 +0200: Memory Usage (544224K) : salblock_drw has 55 polygons
2026-07-11 03:25:44 +0200: Memory Usage (545248K) : via2_drw has 170273 polygons
2026-07-11 03:25:44 +0200: Memory Usage (545376K) : metal3_drw has 126558 polygons
2026-07-11 03:25:44 +0200: Memory Usage (545504K) : metal3_pin has 342 polygons
2026-07-11 03:25:44 +0200: Memory Usage (545504K) : metal3_mask has 0 polygons
2026-07-11 03:25:44 +0200: Memory Usage (545632K) : metal3_filler has 0 polygons
2026-07-11 03:25:44 +0200: Memory Usage (545632K) : metal3_nofill has 0 polygons
2026-07-11 03:25:44 +0200: Memory Usage (545760K) : metal3_slit has 0 polygons
2026-07-11 03:25:44 +0200: Memory Usage (545760K) : metal3_text has 342 polygons
2026-07-11 03:25:44 +0200: Memory Usage (545888K) : metal3_opc has 0 polygons
2026-07-11 03:25:44 +0200: Memory Usage (545888K) : metal3_noqrc has 0 polygons
2026-07-11 03:25:44 +0200: Memory Usage (545888K) : metal3_res has 0 polygons
2026-07-11 03:25:44 +0200: Memory Usage (546016K) : metal3_iprobe has 0 polygons
2026-07-11 03:25:44 +0200: Memory Usage (546144K) : metal3_diffprb has 0 polygons
2026-07-11 03:25:44 +0200: Memory Usage (546144K) : nwell_drw has 900 polygons
2026-07-11 03:25:44 +0200: Memory Usage (546272K) : nwell_pin has 1 polygons
2026-07-11 03:25:44 +0200: Memory Usage (546272K) : nbulay_drw has 0 polygons
2026-07-11 03:25:44 +0200: Memory Usage (546400K) : nbulay_pin has 0 polygons
2026-07-11 03:25:44 +0200: Memory Usage (546528K) : nbulay_block has 0 polygons
2026-07-11 03:25:44 +0200: Memory Usage (546528K) : emwind_drw has 0 polygons
2026-07-11 03:25:44 +0200: Memory Usage (546656K) : emwind_opc has 0 polygons
2026-07-11 03:25:44 +0200: Memory Usage (546656K) : deepco_drw has 0 polygons
2026-07-11 03:25:44 +0200: Memory Usage (546656K) : deepco_drw has 0 polygons
2026-07-11 03:25:44 +0200: Memory Usage (546784K) : mim_drw has 0 polygons
2026-07-11 03:25:44 +0200: Memory Usage (546784K) : edgeseal_drw has 24 polygons
2026-07-11 03:25:44 +0200: Memory Usage (546912K) : edgeseal_bound has 1 polygons
2026-07-11 03:25:44 +0200: Memory Usage (546912K) : substrate_drw has 818 polygons
2026-07-11 03:25:44 +0200: Memory Usage (547040K) : substrate_text has 0 polygons
2026-07-11 03:25:44 +0200: Memory Usage (547040K) : dfpad_drw has 20 polygons
2026-07-11 03:25:44 +0200: Memory Usage (547040K) : dfpad_pillar has 0 polygons
2026-07-11 03:25:44 +0200: Memory Usage (547168K) : dfpad_sbump has 0 polygons
2026-07-11 03:25:44 +0200: Memory Usage (547168K) : thickgateox_drw has 39 polygons
2026-07-11 03:25:44 +0200: Memory Usage (547296K) : pldb_drw has 0 polygons
2026-07-11 03:25:44 +0200: Memory Usage (547296K) : pwell_drw has 0 polygons
2026-07-11 03:25:44 +0200: Memory Usage (547424K) : pwell_pin has 0 polygons
2026-07-11 03:25:44 +0200: Memory Usage (547552K) : pwell_block has 6 polygons
2026-07-11 03:25:44 +0200: Memory Usage (547552K) : ic_drw has 0 polygons
2026-07-11 03:25:44 +0200: Memory Usage (548448K) : via3_drw has 165845 polygons
2026-07-11 03:25:44 +0200: Memory Usage (548576K) : metal4_drw has 123478 polygons
2026-07-11 03:25:44 +0200: Memory Usage (548704K) : metal4_pin has 16630 polygons
2026-07-11 03:25:44 +0200: Memory Usage (548832K) : metal4_mask has 0 polygons
2026-07-11 03:25:44 +0200: Memory Usage (548832K) : metal4_filler has 0 polygons
2026-07-11 03:25:44 +0200: Memory Usage (548960K) : metal4_nofill has 0 polygons
2026-07-11 03:25:44 +0200: Memory Usage (548960K) : metal4_slit has 0 polygons
2026-07-11 03:25:44 +0200: Memory Usage (548960K) : metal4_text has 8424 polygons
2026-07-11 03:25:44 +0200: Memory Usage (549088K) : metal4_opc has 0 polygons
2026-07-11 03:25:44 +0200: Memory Usage (549088K) : metal4_noqrc has 0 polygons
2026-07-11 03:25:44 +0200: Memory Usage (549216K) : metal4_res has 0 polygons
2026-07-11 03:25:44 +0200: Memory Usage (549216K) : metal4_iprobe has 0 polygons
2026-07-11 03:25:44 +0200: Memory Usage (549344K) : metal4_diffprb has 0 polygons
2026-07-11 03:25:44 +0200: Memory Usage (549344K) : heattrans_drw has 856 polygons
2026-07-11 03:25:44 +0200: Memory Usage (549472K) : heatres_drw has 36 polygons
2026-07-11 03:25:44 +0200: Memory Usage (549472K) : pempoly_drw has 0 polygons
2026-07-11 03:25:44 +0200: Memory Usage (549600K) : fbe_drw has 0 polygons
2026-07-11 03:25:44 +0200: Memory Usage (549600K) : empoly_drw has 0 polygons
2026-07-11 03:25:44 +0200: Memory Usage (549728K) : ldmos_drw has 0 polygons
2026-07-11 03:25:44 +0200: Memory Usage (549728K) : pbiwind_drw has 0 polygons
2026-07-11 03:25:44 +0200: Memory Usage (549856K) : digisub_drw has 0 polygons
2026-07-11 03:25:44 +0200: Memory Usage (549856K) : nodrc_drw has 0 polygons
2026-07-11 03:25:44 +0200: Memory Usage (549984K) : text_drw has 607 polygons
2026-07-11 03:25:44 +0200: Memory Usage (549984K) : via4_drw has 0 polygons
2026-07-11 03:25:44 +0200: Memory Usage (550112K) : metal5_drw has 0 polygons
2026-07-11 03:25:44 +0200: Memory Usage (550112K) : metal5_pin has 0 polygons
2026-07-11 03:25:44 +0200: Memory Usage (550112K) : metal5_mask has 0 polygons
2026-07-11 03:25:44 +0200: Memory Usage (550240K) : metal5_filler has 0 polygons
2026-07-11 03:25:44 +0200: Memory Usage (550368K) : metal5_nofill has 0 polygons
2026-07-11 03:25:44 +0200: Memory Usage (550368K) : metal5_slit has 0 polygons
2026-07-11 03:25:44 +0200: Memory Usage (550496K) : metal5_text has 0 polygons
2026-07-11 03:25:44 +0200: Memory Usage (550496K) : metal5_opc has 0 polygons
2026-07-11 03:25:44 +0200: Memory Usage (550496K) : metal5_noqrc has 0 polygons
2026-07-11 03:25:44 +0200: Memory Usage (550624K) : metal5_res has 0 polygons
2026-07-11 03:25:44 +0200: Memory Usage (550752K) : metal5_iprobe has 0 polygons
2026-07-11 03:25:44 +0200: Memory Usage (550752K) : metal5_diffprb has 0 polygons
2026-07-11 03:25:44 +0200: Memory Usage (550880K) : radhard_drw has 0 polygons
2026-07-11 03:25:44 +0200: Memory Usage (550880K) : memcap_drw has 0 polygons
2026-07-11 03:25:44 +0200: Memory Usage (550880K) : varicap_drw has 0 polygons
2026-07-11 03:25:44 +0200: Memory Usage (551008K) : flash_drw has 0 polygons
2026-07-11 03:25:44 +0200: Memory Usage (551008K) : intbondvia_drw has 0 polygons
2026-07-11 03:25:44 +0200: Memory Usage (551136K) : intbondmet_drw has 0 polygons
2026-07-11 03:25:44 +0200: Memory Usage (551136K) : devbondvia_drw has 0 polygons
2026-07-11 03:25:44 +0200: Memory Usage (551264K) : devbondmet_drw has 0 polygons
2026-07-11 03:25:44 +0200: Memory Usage (551264K) : devtrench_drw has 0 polygons
2026-07-11 03:25:44 +0200: Memory Usage (551392K) : redist_drw has 0 polygons
2026-07-11 03:25:44 +0200: Memory Usage (551392K) : graphbot_drw has 0 polygons
2026-07-11 03:25:44 +0200: Memory Usage (551392K) : graphtop_drw has 0 polygons
2026-07-11 03:25:44 +0200: Memory Usage (551520K) : antvia1_drw has 0 polygons
2026-07-11 03:25:44 +0200: Memory Usage (551520K) : antmetal2_drw has 0 polygons
2026-07-11 03:25:44 +0200: Memory Usage (551520K) : graphcont_drw has 0 polygons
2026-07-11 03:25:44 +0200: Memory Usage (551520K) : siwg_drw has 0 polygons
2026-07-11 03:25:44 +0200: Memory Usage (551648K) : siwg_filler has 0 polygons
2026-07-11 03:25:44 +0200: Memory Usage (551648K) : siwg_nofill has 0 polygons
2026-07-11 03:25:44 +0200: Memory Usage (551648K) : sigrating_drw has 0 polygons
2026-07-11 03:25:44 +0200: Memory Usage (551648K) : singrating_drw has 0 polygons
2026-07-11 03:25:44 +0200: Memory Usage (551648K) : graphpas_drw has 0 polygons
2026-07-11 03:25:44 +0200: Memory Usage (551648K) : emwind3_drw has 0 polygons
2026-07-11 03:25:44 +0200: Memory Usage (551648K) : emwihv3_drw has 0 polygons
2026-07-11 03:25:44 +0200: Memory Usage (551648K) : redbulay_drw has 0 polygons
2026-07-11 03:25:44 +0200: Memory Usage (551648K) : smos_drw has 0 polygons
2026-07-11 03:25:44 +0200: Memory Usage (551648K) : graphpad_drw has 0 polygons
2026-07-11 03:25:44 +0200: Memory Usage (551648K) : polimide_drw has 0 polygons
2026-07-11 03:25:44 +0200: Memory Usage (551648K) : polimide_pin has 0 polygons
2026-07-11 03:25:44 +0200: Memory Usage (551648K) : recog_drw has 0 polygons
2026-07-11 03:25:44 +0200: Memory Usage (551648K) : recog_pin has 0 polygons
2026-07-11 03:25:44 +0200: Memory Usage (551648K) : recog_esd has 0 polygons
2026-07-11 03:25:44 +0200: Memory Usage (551648K) : recog_diode has 113 polygons
2026-07-11 03:25:44 +0200: Memory Usage (551648K) : recog_tsv has 0 polygons
2026-07-11 03:25:44 +0200: Memory Usage (551648K) : recog_iprobe has 0 polygons
2026-07-11 03:25:44 +0200: Memory Usage (551648K) : recog_diffprb has 0 polygons
2026-07-11 03:25:44 +0200: Memory Usage (551648K) : recog_pillar has 0 polygons
2026-07-11 03:25:44 +0200: Memory Usage (551648K) : recog_sbump has 0 polygons
2026-07-11 03:25:44 +0200: Memory Usage (551648K) : recog_otp has 0 polygons
2026-07-11 03:25:44 +0200: Memory Usage (551648K) : recog_pdiode has 0 polygons
2026-07-11 03:25:44 +0200: Memory Usage (551648K) : recog_mom has 8198 polygons
2026-07-11 03:25:44 +0200: Memory Usage (551648K) : recog_pcm has 0 polygons
2026-07-11 03:25:44 +0200: Memory Usage (551648K) : colopen_drw has 0 polygons
2026-07-11 03:25:44 +0200: Memory Usage (551648K) : graphmetal1_drw has 0 polygons
2026-07-11 03:25:44 +0200: Memory Usage (551648K) : graphmetal1_filler has 0 polygons
2026-07-11 03:25:44 +0200: Memory Usage (551648K) : graphmetal1_nofill has 0 polygons
2026-07-11 03:25:44 +0200: Memory Usage (551648K) : graphmetal1_slit has 0 polygons
2026-07-11 03:25:44 +0200: Memory Usage (551648K) : graphmetal1_opc has 0 polygons
2026-07-11 03:25:44 +0200: Memory Usage (551648K) : graphmet1l_drw has 0 polygons
2026-07-11 03:25:44 +0200: Memory Usage (551648K) : graphmet1l_filler has 0 polygons
2026-07-11 03:25:44 +0200: Memory Usage (551648K) : graphmet1l_nofill has 0 polygons
2026-07-11 03:25:44 +0200: Memory Usage (551648K) : graphmet1l_slit has 0 polygons
2026-07-11 03:25:44 +0200: Memory Usage (551648K) : graphmet1l_opc has 0 polygons
2026-07-11 03:25:44 +0200: Memory Usage (551648K) : extblock_drw has 145 polygons
2026-07-11 03:25:44 +0200: Memory Usage (551648K) : nldd_drw has 0 polygons
2026-07-11 03:25:44 +0200: Memory Usage (551648K) : pldd_drw has 0 polygons
2026-07-11 03:25:44 +0200: Memory Usage (551648K) : next_drw has 0 polygons
2026-07-11 03:25:44 +0200: Memory Usage (551648K) : pext_drw has 0 polygons
2026-07-11 03:25:44 +0200: Memory Usage (551648K) : nexthv_drw has 0 polygons
2026-07-11 03:25:44 +0200: Memory Usage (551648K) : pexthv_drw has 0 polygons
2026-07-11 03:25:44 +0200: Memory Usage (551648K) : graphgate_drw has 0 polygons
2026-07-11 03:25:44 +0200: Memory Usage (551648K) : sinwg_drw has 0 polygons
2026-07-11 03:25:44 +0200: Memory Usage (551648K) : sinwg_filler has 0 polygons
2026-07-11 03:25:44 +0200: Memory Usage (551648K) : sinwg_nofill has 0 polygons
2026-07-11 03:25:44 +0200: Memory Usage (551648K) : mempad_drw has 0 polygons
2026-07-11 03:25:44 +0200: Memory Usage (551648K) : topvia1_drw has 56700 polygons
2026-07-11 03:25:44 +0200: Memory Usage (551648K) : topmetal1_drw has 201 polygons
2026-07-11 03:25:44 +0200: Memory Usage (551648K) : topmetal1_pin has 168 polygons
2026-07-11 03:25:44 +0200: Memory Usage (551648K) : topmetal1_mask has 0 polygons
2026-07-11 03:25:44 +0200: Memory Usage (551648K) : topmetal1_filler has 0 polygons
2026-07-11 03:25:44 +0200: Memory Usage (551648K) : topmetal1_nofill has 0 polygons
2026-07-11 03:25:44 +0200: Memory Usage (551648K) : topmetal1_slit has 0 polygons
2026-07-11 03:25:44 +0200: Memory Usage (551648K) : topmetal1_text has 168 polygons
2026-07-11 03:25:44 +0200: Memory Usage (551648K) : topmetal1_noqrc has 0 polygons
2026-07-11 03:25:44 +0200: Memory Usage (551648K) : topmetal1_res has 0 polygons
2026-07-11 03:25:44 +0200: Memory Usage (551648K) : topmetal1_iprobe has 0 polygons
2026-07-11 03:25:44 +0200: Memory Usage (551648K) : topmetal1_diffprb has 0 polygons
2026-07-11 03:25:44 +0200: Memory Usage (551648K) : inldpwl_drw has 0 polygons
2026-07-11 03:25:44 +0200: Memory Usage (551648K) : polyres_drw has 36 polygons
2026-07-11 03:25:44 +0200: Memory Usage (551648K) : polyres_pin has 0 polygons
2026-07-11 03:25:44 +0200: Memory Usage (551648K) : vmim_drw has 0 polygons
2026-07-11 03:25:44 +0200: Memory Usage (551648K) : nbulaycut_drw has 0 polygons
2026-07-11 03:25:44 +0200: Memory Usage (551648K) : antmetal1_drw has 0 polygons
2026-07-11 03:25:44 +0200: Memory Usage (551648K) : topvia2_drw has 0 polygons
2026-07-11 03:25:44 +0200: Memory Usage (551648K) : topmetal2_drw has 0 polygons
2026-07-11 03:25:44 +0200: Memory Usage (551648K) : topmetal2_pin has 0 polygons
2026-07-11 03:25:44 +0200: Memory Usage (551648K) : topmetal2_mask has 0 polygons
2026-07-11 03:25:44 +0200: Memory Usage (551648K) : topmetal2_filler has 0 polygons
2026-07-11 03:25:44 +0200: Memory Usage (551648K) : topmetal2_nofill has 0 polygons
2026-07-11 03:25:44 +0200: Memory Usage (551648K) : topmetal2_slit has 0 polygons
2026-07-11 03:25:44 +0200: Memory Usage (551648K) : topmetal2_text has 0 polygons
2026-07-11 03:25:44 +0200: Memory Usage (551648K) : topmetal2_noqrc has 0 polygons
2026-07-11 03:25:44 +0200: Memory Usage (551648K) : topmetal2_res has 0 polygons
2026-07-11 03:25:44 +0200: Memory Usage (551648K) : topmetal2_iprobe has 0 polygons
2026-07-11 03:25:44 +0200: Memory Usage (551648K) : topmetal2_diffprb has 0 polygons
2026-07-11 03:25:44 +0200: Memory Usage (551648K) : snsring_drw has 0 polygons
2026-07-11 03:25:44 +0200: Memory Usage (551648K) : sensor_drw has 0 polygons
2026-07-11 03:25:44 +0200: Memory Usage (551648K) : snsarms_drw has 0 polygons
2026-07-11 03:25:44 +0200: Memory Usage (551648K) : snscmosvia_drw has 0 polygons
2026-07-11 03:25:44 +0200: Memory Usage (551648K) : colwind_drw has 0 polygons
2026-07-11 03:25:44 +0200: Memory Usage (551648K) : flm_drw has 0 polygons
2026-07-11 03:25:44 +0200: Memory Usage (551648K) : hafniumox_drw has 0 polygons
2026-07-11 03:25:44 +0200: Memory Usage (551648K) : memvia_drw has 0 polygons
2026-07-11 03:25:44 +0200: Memory Usage (551648K) : thinfilmres_drw has 0 polygons
2026-07-11 03:25:44 +0200: Memory Usage (551648K) : rfmem_drw has 0 polygons
2026-07-11 03:25:44 +0200: Memory Usage (551648K) : norcx_drw has 0 polygons
2026-07-11 03:25:44 +0200: Memory Usage (551648K) : norcx_m2m3 has 0 polygons
2026-07-11 03:25:44 +0200: Memory Usage (551648K) : norcx_m2m4 has 0 polygons
2026-07-11 03:25:44 +0200: Memory Usage (551648K) : norcx_m2m5 has 0 polygons
2026-07-11 03:25:44 +0200: Memory Usage (551648K) : norcx_m2tm1 has 0 polygons
2026-07-11 03:25:44 +0200: Memory Usage (551648K) : norcx_m2tm2 has 0 polygons
2026-07-11 03:25:44 +0200: Memory Usage (551648K) : norcx_m3m4 has 0 polygons
2026-07-11 03:25:44 +0200: Memory Usage (551648K) : norcx_m3m5 has 0 polygons
2026-07-11 03:25:44 +0200: Memory Usage (551648K) : norcx_m3tm1 has 0 polygons
2026-07-11 03:25:44 +0200: Memory Usage (551648K) : norcx_m3tm2 has 0 polygons
2026-07-11 03:25:44 +0200: Memory Usage (551648K) : norcx_m4m5 has 0 polygons
2026-07-11 03:25:44 +0200: Memory Usage (551648K) : norcx_m4tm1 has 0 polygons
2026-07-11 03:25:44 +0200: Memory Usage (551648K) : norcx_m4tm2 has 0 polygons
2026-07-11 03:25:44 +0200: Memory Usage (551648K) : norcx_m5tm1 has 0 polygons
2026-07-11 03:25:44 +0200: Memory Usage (551648K) : norcx_m5tm2 has 0 polygons
2026-07-11 03:25:44 +0200: Memory Usage (551648K) : norcx_tm1tm2 has 0 polygons
2026-07-11 03:25:44 +0200: Memory Usage (551648K) : norcx_m1sub has 0 polygons
2026-07-11 03:25:44 +0200: Memory Usage (551648K) : norcx_m2sub has 0 polygons
2026-07-11 03:25:44 +0200: Memory Usage (551648K) : norcx_m3sub has 0 polygons
2026-07-11 03:25:44 +0200: Memory Usage (551648K) : norcx_m4sub has 0 polygons
2026-07-11 03:25:44 +0200: Memory Usage (551648K) : norcx_m5sub has 0 polygons
2026-07-11 03:25:44 +0200: Memory Usage (551648K) : norcx_tm1sub has 0 polygons
2026-07-11 03:25:44 +0200: Memory Usage (551648K) : norcx_tm2sub has 0 polygons
2026-07-11 03:25:44 +0200: Memory Usage (551648K) : snsbotvia_drw has 0 polygons
2026-07-11 03:25:44 +0200: Memory Usage (551648K) : snstopvia_drw has 0 polygons
2026-07-11 03:25:44 +0200: Memory Usage (551648K) : deepvia_drw has 0 polygons
2026-07-11 03:25:44 +0200: Memory Usage (551648K) : fgetch_drw has 0 polygons
2026-07-11 03:25:44 +0200: Memory Usage (551648K) : ctrgat_drw has 0 polygons
2026-07-11 03:25:44 +0200: Memory Usage (551648K) : fgimp_drw has 0 polygons
2026-07-11 03:25:44 +0200: Memory Usage (551648K) : emwihv_drw has 0 polygons
2026-07-11 03:25:44 +0200: Memory Usage (551648K) : lbe_drw has 0 polygons
2026-07-11 03:25:44 +0200: Memory Usage (551648K) : alcustop_drw has 0 polygons
2026-07-11 03:25:44 +0200: Memory Usage (551648K) : nometfiller_drw has 0 polygons
2026-07-11 03:25:44 +0200: Memory Usage (551648K) : prboundary_drw has 0 polygons
2026-07-11 03:25:44 +0200: Memory Usage (551648K) : exchange0_drw has 0 polygons
2026-07-11 03:25:44 +0200: Memory Usage (551648K) : exchange0_pin has 0 polygons
2026-07-11 03:25:44 +0200: Memory Usage (551648K) : exchange0_text has 0 polygons
2026-07-11 03:25:44 +0200: Memory Usage (551648K) : exchange1_drw has 0 polygons
2026-07-11 03:25:44 +0200: Memory Usage (551648K) : exchange1_pin has 0 polygons
2026-07-11 03:25:44 +0200: Memory Usage (551648K) : exchange1_text has 0 polygons
2026-07-11 03:25:44 +0200: Memory Usage (551648K) : exchange2_drw has 0 polygons
2026-07-11 03:25:44 +0200: Memory Usage (551648K) : exchange2_pin has 0 polygons
2026-07-11 03:25:44 +0200: Memory Usage (551648K) : exchange2_text has 0 polygons
2026-07-11 03:25:44 +0200: Memory Usage (551648K) : exchange3_drw has 0 polygons
2026-07-11 03:25:44 +0200: Memory Usage (551648K) : exchange3_pin has 0 polygons
2026-07-11 03:25:44 +0200: Memory Usage (551648K) : exchange3_text has 0 polygons
2026-07-11 03:25:44 +0200: Memory Usage (551648K) : exchange4_drw has 0 polygons
2026-07-11 03:25:44 +0200: Memory Usage (551648K) : exchange4_pin has 0 polygons
2026-07-11 03:25:44 +0200: Memory Usage (551648K) : exchange4_text has 0 polygons
2026-07-11 03:25:44 +0200: Memory Usage (551648K) : isonwell_drw has 0 polygons
2026-07-11 03:25:44 +0200: Memory Usage (551648K) : Total no. of polygons in the design is 2591900
2026-07-11 03:25:44 +0200: Memory Usage (551648K) : Loaded TECH DRC rules values from /foss/pdks/ihp-sg13cmos5l/libs.tech/klayout/python/sg13cmos5l_pycell_lib/sg13cmos5l_tech_mod.json
2026-07-11 03:25:44 +0200: Memory Usage (551648K) : Loaded default DRC rules values from /foss/pdks/ihp-sg13cmos5l/libs.tech/klayout/tech/drc/rule_decks/sg13cmos5l_tech_default.json
2026-07-11 03:25:44 +0200: Memory Usage (552544K) : Total area of the design is 1102500.0 um^2.
2026-07-11 03:25:44 +0200: Memory Usage (552544K) : The design dimensions are 1050.0 um * 1050.0 um.
2026-07-11 03:25:44 +0200: Memory Usage (552544K) : Starting general IHP-SG13CMOS5L derivations.
2026-07-11 03:25:44 +0200: Memory Usage (552544K) : Starting Pwell derivations
2026-07-11 03:25:44 +0200: Memory Usage (554880K) : Starting IHP-SG13CMOS5L DRC rules.
2026-07-11 03:25:44 +0200: Memory Usage (554880K) : Starting 5.22. TopMetal1 table
2026-07-11 03:25:44 +0200: Memory Usage (554880K) : Executing rule TM1.a
2026-07-11 03:25:44 +0200: Memory Usage (555268K) : Executing rule TM1.b
2026-07-11 03:25:44 +0200: Memory Usage (556088K) : KLayout DRC run for tables 'topmetal1' completed in 0.62 seconds
