# Logfile created on 2026-07-11 03:25:16 +0200 by logger.rb/v1.5.3
2026-07-11 03:25:16 +0200: Memory Usage (524364K) : Starting running IHP-SG13CMOS5L KLayout DRC runset on /foss/designs/adc8b/IHP__MSPHY9932/release/v.1.0.0/gds/MSPHY9932.gds
2026-07-11 03:25:16 +0200: Memory Usage (524364K) : Ruby Version for klayout: 3.2.3
2026-07-11 03:25:16 +0200: Memory Usage (527948K) : Loading database to memory is complete.
2026-07-11 03:25:16 +0200: Memory Usage (527948K) : IHP-SG13CMOS5L KLayout DRC runset output at: /foss/designs/adc8b/IHP__MSPHY9932/release/v.1.0.0/drc/MSPHY9932_MSPHY9932_contbar.lyrdb
2026-07-11 03:25:16 +0200: Memory Usage (527948K) : Evaluate switches.
2026-07-11 03:25:16 +0200: Memory Usage (527948K) : tables selected: contbar
2026-07-11 03:25:16 +0200: Memory Usage (527948K) : KLayout will use 16 thread(s) in tiled mode.
2026-07-11 03:25:16 +0200: Memory Usage (527948K) : deep mode is enabled.
2026-07-11 03:25:16 +0200: Memory Usage (527948K) : FEOL enabled: false
2026-07-11 03:25:16 +0200: Memory Usage (527948K) : BEOL enabled: false
2026-07-11 03:25:16 +0200: Memory Usage (527948K) : OFFGRID enabled: true
2026-07-11 03:25:16 +0200: Memory Usage (527948K) : ANGLE enabled: true
2026-07-11 03:25:16 +0200: Memory Usage (527948K) : PIN enabled: false
2026-07-11 03:25:16 +0200: Memory Usage (527948K) : FORBIDDEN enabled: false
2026-07-11 03:25:16 +0200: Memory Usage (527948K) : RECOMMENDED enabled: true
2026-07-11 03:25:16 +0200: Memory Usage (527948K) : PreCheck DRC enabled: false
2026-07-11 03:25:16 +0200: Memory Usage (527948K) : CONNECTIVITY_RULES enabled: false.
2026-07-11 03:25:16 +0200: Memory Usage (527948K) : Read in polygons from layers.
2026-07-11 03:25:16 +0200: Memory Usage (529188K) : activ_drw has 4847 polygons
2026-07-11 03:25:16 +0200: Memory Usage (529444K) : activ_pin has 0 polygons
2026-07-11 03:25:16 +0200: Memory Usage (529444K) : activ_mask has 0 polygons
2026-07-11 03:25:16 +0200: Memory Usage (529572K) : activ_filler has 0 polygons
2026-07-11 03:25:16 +0200: Memory Usage (529572K) : activ_nofill has 0 polygons
2026-07-11 03:25:16 +0200: Memory Usage (529572K) : activ_opc has 0 polygons
2026-07-11 03:25:16 +0200: Memory Usage (529700K) : activ_iopc has 0 polygons
2026-07-11 03:25:16 +0200: Memory Usage (529700K) : activ_noqrc has 0 polygons
2026-07-11 03:25:16 +0200: Memory Usage (529828K) : biwind_drw has 0 polygons
2026-07-11 03:25:16 +0200: Memory Usage (529828K) : biwind_opc has 0 polygons
2026-07-11 03:25:16 +0200: Memory Usage (529956K) : pemwind_drw has 0 polygons
2026-07-11 03:25:16 +0200: Memory Usage (529956K) : gatpoly_drw has 4112 polygons
2026-07-11 03:25:16 +0200: Memory Usage (530084K) : gatpoly_pin has 65 polygons
2026-07-11 03:25:16 +0200: Memory Usage (530212K) : gatpoly_filler has 0 polygons
2026-07-11 03:25:16 +0200: Memory Usage (530212K) : gatpoly_nofill has 0 polygons
2026-07-11 03:25:16 +0200: Memory Usage (530340K) : gatpoly_opc has 0 polygons
2026-07-11 03:25:16 +0200: Memory Usage (530340K) : gatpoly_iopc has 0 polygons
2026-07-11 03:25:16 +0200: Memory Usage (530468K) : gatpoly_noqrc has 0 polygons
2026-07-11 03:25:16 +0200: Memory Usage (538276K) : cont_drw has 1640232 polygons
2026-07-11 03:25:16 +0200: Memory Usage (538276K) : cont_opc has 0 polygons
2026-07-11 03:25:16 +0200: Memory Usage (538276K) : nsd_drw has 0 polygons
2026-07-11 03:25:16 +0200: Memory Usage (538276K) : nsd_block has 0 polygons
2026-07-11 03:25:16 +0200: Memory Usage (538276K) : metal1_drw has 39512 polygons
2026-07-11 03:25:16 +0200: Memory Usage (538276K) : metal1_pin has 18610 polygons
2026-07-11 03:25:16 +0200: Memory Usage (538276K) : metal1_mask has 0 polygons
2026-07-11 03:25:16 +0200: Memory Usage (538276K) : metal1_filler has 0 polygons
2026-07-11 03:25:16 +0200: Memory Usage (538276K) : metal1_nofill has 0 polygons
2026-07-11 03:25:16 +0200: Memory Usage (538276K) : metal1_slit has 0 polygons
2026-07-11 03:25:16 +0200: Memory Usage (538532K) : metal1_text has 10091 polygons
2026-07-11 03:25:16 +0200: Memory Usage (538532K) : metal1_opc has 0 polygons
2026-07-11 03:25:16 +0200: Memory Usage (538532K) : metal1_noqrc has 0 polygons
2026-07-11 03:25:16 +0200: Memory Usage (538532K) : metal1_res has 0 polygons
2026-07-11 03:25:16 +0200: Memory Usage (538532K) : metal1_iprobe has 0 polygons
2026-07-11 03:25:16 +0200: Memory Usage (538532K) : metal1_diffprb has 0 polygons
2026-07-11 03:25:16 +0200: Memory Usage (538532K) : passiv_drw has 32 polygons
2026-07-11 03:25:16 +0200: Memory Usage (538532K) : passiv_pin has 0 polygons
2026-07-11 03:25:16 +0200: Memory Usage (538532K) : passiv_sbump has 0 polygons
2026-07-11 03:25:16 +0200: Memory Usage (538532K) : passiv_pillar has 0 polygons
2026-07-11 03:25:16 +0200: Memory Usage (538660K) : passiv_pdl has 0 polygons
2026-07-11 03:25:16 +0200: Memory Usage (538660K) : metal2_drw has 129019 polygons
2026-07-11 03:25:16 +0200: Memory Usage (538660K) : metal2_pin has 642 polygons
2026-07-11 03:25:16 +0200: Memory Usage (538660K) : metal2_mask has 0 polygons
2026-07-11 03:25:16 +0200: Memory Usage (538660K) : metal2_filler has 0 polygons
2026-07-11 03:25:16 +0200: Memory Usage (538660K) : metal2_nofill has 0 polygons
2026-07-11 03:25:16 +0200: Memory Usage (538660K) : metal2_slit has 0 polygons
2026-07-11 03:25:16 +0200: Memory Usage (538660K) : metal2_text has 642 polygons
2026-07-11 03:25:16 +0200: Memory Usage (538660K) : metal2_opc has 0 polygons
2026-07-11 03:25:16 +0200: Memory Usage (538660K) : metal2_noqrc has 0 polygons
2026-07-11 03:25:16 +0200: Memory Usage (538660K) : metal2_res has 0 polygons
2026-07-11 03:25:16 +0200: Memory Usage (538660K) : metal2_iprobe has 0 polygons
2026-07-11 03:25:16 +0200: Memory Usage (538660K) : metal2_diffprb has 0 polygons
2026-07-11 03:25:16 +0200: Memory Usage (538788K) : baspoly_drw has 0 polygons
2026-07-11 03:25:16 +0200: Memory Usage (538788K) : baspoly_pin has 0 polygons
2026-07-11 03:25:16 +0200: Memory Usage (538788K) : psd_drw has 1819 polygons
2026-07-11 03:25:16 +0200: Memory Usage (538788K) : nldb_drw has 0 polygons
2026-07-11 03:25:16 +0200: Memory Usage (538916K) : digibnd_drw has 0 polygons
2026-07-11 03:25:16 +0200: Memory Usage (539044K) : via1_drw has 61293 polygons
2026-07-11 03:25:16 +0200: Memory Usage (539172K) : backmetal1_drw has 0 polygons
2026-07-11 03:25:16 +0200: Memory Usage (539172K) : backmetal1_pin has 0 polygons
2026-07-11 03:25:16 +0200: Memory Usage (539300K) : backmetal1_mask has 0 polygons
2026-07-11 03:25:16 +0200: Memory Usage (539300K) : backmetal1_filler has 0 polygons
2026-07-11 03:25:16 +0200: Memory Usage (539428K) : backmetal1_nofill has 0 polygons
2026-07-11 03:25:16 +0200: Memory Usage (539428K) : backmetal1_slit has 0 polygons
2026-07-11 03:25:16 +0200: Memory Usage (539428K) : backmetal1_text has 0 polygons
2026-07-11 03:25:16 +0200: Memory Usage (539556K) : backmetal1_opc has 0 polygons
2026-07-11 03:25:16 +0200: Memory Usage (539684K) : backmetal1_noqrc has 0 polygons
2026-07-11 03:25:16 +0200: Memory Usage (539684K) : backmetal1_res has 0 polygons
2026-07-11 03:25:16 +0200: Memory Usage (539812K) : backmetal1_iprobe has 0 polygons
2026-07-11 03:25:16 +0200: Memory Usage (539940K) : backmetal1_diffprb has 0 polygons
2026-07-11 03:25:16 +0200: Memory Usage (539940K) : backpassiv_drw has 0 polygons
2026-07-11 03:25:16 +0200: Memory Usage (539940K) : res_drw has 0 polygons
2026-07-11 03:25:16 +0200: Memory Usage (540068K) : sram_drw has 0 polygons
2026-07-11 03:25:16 +0200: Memory Usage (540068K) : trans_drw has 0 polygons
2026-07-11 03:25:16 +0200: Memory Usage (540196K) : ind_drw has 0 polygons
2026-07-11 03:25:16 +0200: Memory Usage (540196K) : ind_pin has 0 polygons
2026-07-11 03:25:16 +0200: Memory Usage (540324K) : ind_text has 0 polygons
2026-07-11 03:25:16 +0200: Memory Usage (540324K) : salblock_drw has 55 polygons
2026-07-11 03:25:16 +0200: Memory Usage (541348K) : via2_drw has 170273 polygons
2026-07-11 03:25:16 +0200: Memory Usage (541476K) : metal3_drw has 126558 polygons
2026-07-11 03:25:16 +0200: Memory Usage (541604K) : metal3_pin has 342 polygons
2026-07-11 03:25:16 +0200: Memory Usage (541732K) : metal3_mask has 0 polygons
2026-07-11 03:25:16 +0200: Memory Usage (541732K) : metal3_filler has 0 polygons
2026-07-11 03:25:16 +0200: Memory Usage (541860K) : metal3_nofill has 0 polygons
2026-07-11 03:25:16 +0200: Memory Usage (541860K) : metal3_slit has 0 polygons
2026-07-11 03:25:16 +0200: Memory Usage (541988K) : metal3_text has 342 polygons
2026-07-11 03:25:16 +0200: Memory Usage (541988K) : metal3_opc has 0 polygons
2026-07-11 03:25:16 +0200: Memory Usage (541988K) : metal3_noqrc has 0 polygons
2026-07-11 03:25:16 +0200: Memory Usage (542116K) : metal3_res has 0 polygons
2026-07-11 03:25:16 +0200: Memory Usage (542116K) : metal3_iprobe has 0 polygons
2026-07-11 03:25:16 +0200: Memory Usage (542244K) : metal3_diffprb has 0 polygons
2026-07-11 03:25:16 +0200: Memory Usage (542372K) : nwell_drw has 900 polygons
2026-07-11 03:25:16 +0200: Memory Usage (542372K) : nwell_pin has 1 polygons
2026-07-11 03:25:16 +0200: Memory Usage (542500K) : nbulay_drw has 0 polygons
2026-07-11 03:25:16 +0200: Memory Usage (542628K) : nbulay_pin has 0 polygons
2026-07-11 03:25:16 +0200: Memory Usage (542628K) : nbulay_block has 0 polygons
2026-07-11 03:25:16 +0200: Memory Usage (542756K) : emwind_drw has 0 polygons
2026-07-11 03:25:16 +0200: Memory Usage (542756K) : emwind_opc has 0 polygons
2026-07-11 03:25:16 +0200: Memory Usage (542756K) : deepco_drw has 0 polygons
2026-07-11 03:25:16 +0200: Memory Usage (542884K) : deepco_drw has 0 polygons
2026-07-11 03:25:16 +0200: Memory Usage (542884K) : mim_drw has 0 polygons
2026-07-11 03:25:16 +0200: Memory Usage (543012K) : edgeseal_drw has 24 polygons
2026-07-11 03:25:16 +0200: Memory Usage (543012K) : edgeseal_bound has 1 polygons
2026-07-11 03:25:16 +0200: Memory Usage (543140K) : substrate_drw has 818 polygons
2026-07-11 03:25:16 +0200: Memory Usage (543140K) : substrate_text has 0 polygons
2026-07-11 03:25:16 +0200: Memory Usage (543140K) : dfpad_drw has 20 polygons
2026-07-11 03:25:16 +0200: Memory Usage (543268K) : dfpad_pillar has 0 polygons
2026-07-11 03:25:16 +0200: Memory Usage (543268K) : dfpad_sbump has 0 polygons
2026-07-11 03:25:16 +0200: Memory Usage (543396K) : thickgateox_drw has 39 polygons
2026-07-11 03:25:16 +0200: Memory Usage (543396K) : pldb_drw has 0 polygons
2026-07-11 03:25:16 +0200: Memory Usage (543524K) : pwell_drw has 0 polygons
2026-07-11 03:25:16 +0200: Memory Usage (543524K) : pwell_pin has 0 polygons
2026-07-11 03:25:16 +0200: Memory Usage (543652K) : pwell_block has 6 polygons
2026-07-11 03:25:16 +0200: Memory Usage (543652K) : ic_drw has 0 polygons
2026-07-11 03:25:16 +0200: Memory Usage (544548K) : via3_drw has 165845 polygons
2026-07-11 03:25:16 +0200: Memory Usage (544676K) : metal4_drw has 123478 polygons
2026-07-11 03:25:16 +0200: Memory Usage (544804K) : metal4_pin has 16630 polygons
2026-07-11 03:25:16 +0200: Memory Usage (544804K) : metal4_mask has 0 polygons
2026-07-11 03:25:16 +0200: Memory Usage (544932K) : metal4_filler has 0 polygons
2026-07-11 03:25:16 +0200: Memory Usage (544932K) : metal4_nofill has 0 polygons
2026-07-11 03:25:16 +0200: Memory Usage (545060K) : metal4_slit has 0 polygons
2026-07-11 03:25:16 +0200: Memory Usage (545060K) : metal4_text has 8424 polygons
2026-07-11 03:25:16 +0200: Memory Usage (545060K) : metal4_opc has 0 polygons
2026-07-11 03:25:16 +0200: Memory Usage (545188K) : metal4_noqrc has 0 polygons
2026-07-11 03:25:16 +0200: Memory Usage (545188K) : metal4_res has 0 polygons
2026-07-11 03:25:16 +0200: Memory Usage (545316K) : metal4_iprobe has 0 polygons
2026-07-11 03:25:16 +0200: Memory Usage (545316K) : metal4_diffprb has 0 polygons
2026-07-11 03:25:16 +0200: Memory Usage (545444K) : heattrans_drw has 856 polygons
2026-07-11 03:25:16 +0200: Memory Usage (545444K) : heatres_drw has 36 polygons
2026-07-11 03:25:16 +0200: Memory Usage (545572K) : pempoly_drw has 0 polygons
2026-07-11 03:25:16 +0200: Memory Usage (545700K) : fbe_drw has 0 polygons
2026-07-11 03:25:16 +0200: Memory Usage (545700K) : empoly_drw has 0 polygons
2026-07-11 03:25:16 +0200: Memory Usage (545700K) : ldmos_drw has 0 polygons
2026-07-11 03:25:16 +0200: Memory Usage (545828K) : pbiwind_drw has 0 polygons
2026-07-11 03:25:16 +0200: Memory Usage (545828K) : digisub_drw has 0 polygons
2026-07-11 03:25:16 +0200: Memory Usage (545956K) : nodrc_drw has 0 polygons
2026-07-11 03:25:16 +0200: Memory Usage (545956K) : text_drw has 607 polygons
2026-07-11 03:25:16 +0200: Memory Usage (546084K) : via4_drw has 0 polygons
2026-07-11 03:25:16 +0200: Memory Usage (546084K) : metal5_drw has 0 polygons
2026-07-11 03:25:16 +0200: Memory Usage (546212K) : metal5_pin has 0 polygons
2026-07-11 03:25:16 +0200: Memory Usage (546212K) : metal5_mask has 0 polygons
2026-07-11 03:25:16 +0200: Memory Usage (546212K) : metal5_filler has 0 polygons
2026-07-11 03:25:16 +0200: Memory Usage (546340K) : metal5_nofill has 0 polygons
2026-07-11 03:25:16 +0200: Memory Usage (546468K) : metal5_slit has 0 polygons
2026-07-11 03:25:16 +0200: Memory Usage (546468K) : metal5_text has 0 polygons
2026-07-11 03:25:16 +0200: Memory Usage (546596K) : metal5_opc has 0 polygons
2026-07-11 03:25:16 +0200: Memory Usage (546596K) : metal5_noqrc has 0 polygons
2026-07-11 03:25:16 +0200: Memory Usage (546724K) : metal5_res has 0 polygons
2026-07-11 03:25:16 +0200: Memory Usage (546724K) : metal5_iprobe has 0 polygons
2026-07-11 03:25:16 +0200: Memory Usage (546852K) : metal5_diffprb has 0 polygons
2026-07-11 03:25:16 +0200: Memory Usage (546852K) : radhard_drw has 0 polygons
2026-07-11 03:25:16 +0200: Memory Usage (546980K) : memcap_drw has 0 polygons
2026-07-11 03:25:16 +0200: Memory Usage (546980K) : varicap_drw has 0 polygons
2026-07-11 03:25:16 +0200: Memory Usage (546980K) : flash_drw has 0 polygons
2026-07-11 03:25:16 +0200: Memory Usage (547108K) : intbondvia_drw has 0 polygons
2026-07-11 03:25:16 +0200: Memory Usage (547108K) : intbondmet_drw has 0 polygons
2026-07-11 03:25:16 +0200: Memory Usage (547236K) : devbondvia_drw has 0 polygons
2026-07-11 03:25:16 +0200: Memory Usage (547236K) : devbondmet_drw has 0 polygons
2026-07-11 03:25:16 +0200: Memory Usage (547364K) : devtrench_drw has 0 polygons
2026-07-11 03:25:16 +0200: Memory Usage (547364K) : redist_drw has 0 polygons
2026-07-11 03:25:16 +0200: Memory Usage (547364K) : graphbot_drw has 0 polygons
2026-07-11 03:25:16 +0200: Memory Usage (547492K) : graphtop_drw has 0 polygons
2026-07-11 03:25:16 +0200: Memory Usage (547492K) : antvia1_drw has 0 polygons
2026-07-11 03:25:16 +0200: Memory Usage (547620K) : antmetal2_drw has 0 polygons
2026-07-11 03:25:16 +0200: Memory Usage (547620K) : graphcont_drw has 0 polygons
2026-07-11 03:25:16 +0200: Memory Usage (547620K) : siwg_drw has 0 polygons
2026-07-11 03:25:16 +0200: Memory Usage (547620K) : siwg_filler has 0 polygons
2026-07-11 03:25:16 +0200: Memory Usage (547748K) : siwg_nofill has 0 polygons
2026-07-11 03:25:16 +0200: Memory Usage (547748K) : sigrating_drw has 0 polygons
2026-07-11 03:25:16 +0200: Memory Usage (547748K) : singrating_drw has 0 polygons
2026-07-11 03:25:16 +0200: Memory Usage (547876K) : graphpas_drw has 0 polygons
2026-07-11 03:25:16 +0200: Memory Usage (547876K) : emwind3_drw has 0 polygons
2026-07-11 03:25:16 +0200: Memory Usage (547876K) : emwihv3_drw has 0 polygons
2026-07-11 03:25:16 +0200: Memory Usage (548004K) : redbulay_drw has 0 polygons
2026-07-11 03:25:16 +0200: Memory Usage (548004K) : smos_drw has 0 polygons
2026-07-11 03:25:16 +0200: Memory Usage (548004K) : graphpad_drw has 0 polygons
2026-07-11 03:25:16 +0200: Memory Usage (548004K) : polimide_drw has 0 polygons
2026-07-11 03:25:16 +0200: Memory Usage (548132K) : polimide_pin has 0 polygons
2026-07-11 03:25:16 +0200: Memory Usage (548132K) : recog_drw has 0 polygons
2026-07-11 03:25:16 +0200: Memory Usage (548132K) : recog_pin has 0 polygons
2026-07-11 03:25:16 +0200: Memory Usage (548260K) : recog_esd has 0 polygons
2026-07-11 03:25:16 +0200: Memory Usage (548260K) : recog_diode has 113 polygons
2026-07-11 03:25:16 +0200: Memory Usage (548260K) : recog_tsv has 0 polygons
2026-07-11 03:25:16 +0200: Memory Usage (548388K) : recog_iprobe has 0 polygons
2026-07-11 03:25:16 +0200: Memory Usage (548388K) : recog_diffprb has 0 polygons
2026-07-11 03:25:16 +0200: Memory Usage (548516K) : recog_pillar has 0 polygons
2026-07-11 03:25:16 +0200: Memory Usage (548516K) : recog_sbump has 0 polygons
2026-07-11 03:25:16 +0200: Memory Usage (548516K) : recog_otp has 0 polygons
2026-07-11 03:25:16 +0200: Memory Usage (548516K) : recog_pdiode has 0 polygons
2026-07-11 03:25:16 +0200: Memory Usage (548516K) : recog_mom has 8198 polygons
2026-07-11 03:25:16 +0200: Memory Usage (548516K) : recog_pcm has 0 polygons
2026-07-11 03:25:16 +0200: Memory Usage (548516K) : colopen_drw has 0 polygons
2026-07-11 03:25:16 +0200: Memory Usage (548516K) : graphmetal1_drw has 0 polygons
2026-07-11 03:25:16 +0200: Memory Usage (548516K) : graphmetal1_filler has 0 polygons
2026-07-11 03:25:16 +0200: Memory Usage (548516K) : graphmetal1_nofill has 0 polygons
2026-07-11 03:25:16 +0200: Memory Usage (548516K) : graphmetal1_slit has 0 polygons
2026-07-11 03:25:16 +0200: Memory Usage (548516K) : graphmetal1_opc has 0 polygons
2026-07-11 03:25:16 +0200: Memory Usage (548516K) : graphmet1l_drw has 0 polygons
2026-07-11 03:25:16 +0200: Memory Usage (548516K) : graphmet1l_filler has 0 polygons
2026-07-11 03:25:16 +0200: Memory Usage (548516K) : graphmet1l_nofill has 0 polygons
2026-07-11 03:25:16 +0200: Memory Usage (548516K) : graphmet1l_slit has 0 polygons
2026-07-11 03:25:16 +0200: Memory Usage (548516K) : graphmet1l_opc has 0 polygons
2026-07-11 03:25:16 +0200: Memory Usage (548516K) : extblock_drw has 145 polygons
2026-07-11 03:25:16 +0200: Memory Usage (548516K) : nldd_drw has 0 polygons
2026-07-11 03:25:16 +0200: Memory Usage (548516K) : pldd_drw has 0 polygons
2026-07-11 03:25:16 +0200: Memory Usage (548516K) : next_drw has 0 polygons
2026-07-11 03:25:16 +0200: Memory Usage (548516K) : pext_drw has 0 polygons
2026-07-11 03:25:16 +0200: Memory Usage (548516K) : nexthv_drw has 0 polygons
2026-07-11 03:25:16 +0200: Memory Usage (548516K) : pexthv_drw has 0 polygons
2026-07-11 03:25:16 +0200: Memory Usage (548516K) : graphgate_drw has 0 polygons
2026-07-11 03:25:16 +0200: Memory Usage (548516K) : sinwg_drw has 0 polygons
2026-07-11 03:25:16 +0200: Memory Usage (548516K) : sinwg_filler has 0 polygons
2026-07-11 03:25:16 +0200: Memory Usage (548516K) : sinwg_nofill has 0 polygons
2026-07-11 03:25:16 +0200: Memory Usage (548516K) : mempad_drw has 0 polygons
2026-07-11 03:25:16 +0200: Memory Usage (548516K) : topvia1_drw has 56700 polygons
2026-07-11 03:25:16 +0200: Memory Usage (548516K) : topmetal1_drw has 201 polygons
2026-07-11 03:25:16 +0200: Memory Usage (548516K) : topmetal1_pin has 168 polygons
2026-07-11 03:25:16 +0200: Memory Usage (548516K) : topmetal1_mask has 0 polygons
2026-07-11 03:25:16 +0200: Memory Usage (548516K) : topmetal1_filler has 0 polygons
2026-07-11 03:25:16 +0200: Memory Usage (548516K) : topmetal1_nofill has 0 polygons
2026-07-11 03:25:16 +0200: Memory Usage (548516K) : topmetal1_slit has 0 polygons
2026-07-11 03:25:16 +0200: Memory Usage (548516K) : topmetal1_text has 168 polygons
2026-07-11 03:25:16 +0200: Memory Usage (548516K) : topmetal1_noqrc has 0 polygons
2026-07-11 03:25:16 +0200: Memory Usage (548516K) : topmetal1_res has 0 polygons
2026-07-11 03:25:16 +0200: Memory Usage (548516K) : topmetal1_iprobe has 0 polygons
2026-07-11 03:25:16 +0200: Memory Usage (548516K) : topmetal1_diffprb has 0 polygons
2026-07-11 03:25:16 +0200: Memory Usage (548516K) : inldpwl_drw has 0 polygons
2026-07-11 03:25:16 +0200: Memory Usage (548516K) : polyres_drw has 36 polygons
2026-07-11 03:25:16 +0200: Memory Usage (548516K) : polyres_pin has 0 polygons
2026-07-11 03:25:16 +0200: Memory Usage (548516K) : vmim_drw has 0 polygons
2026-07-11 03:25:16 +0200: Memory Usage (548516K) : nbulaycut_drw has 0 polygons
2026-07-11 03:25:16 +0200: Memory Usage (548516K) : antmetal1_drw has 0 polygons
2026-07-11 03:25:16 +0200: Memory Usage (548516K) : topvia2_drw has 0 polygons
2026-07-11 03:25:16 +0200: Memory Usage (548516K) : topmetal2_drw has 0 polygons
2026-07-11 03:25:16 +0200: Memory Usage (548516K) : topmetal2_pin has 0 polygons
2026-07-11 03:25:16 +0200: Memory Usage (548516K) : topmetal2_mask has 0 polygons
2026-07-11 03:25:16 +0200: Memory Usage (548516K) : topmetal2_filler has 0 polygons
2026-07-11 03:25:16 +0200: Memory Usage (548516K) : topmetal2_nofill has 0 polygons
2026-07-11 03:25:16 +0200: Memory Usage (548516K) : topmetal2_slit has 0 polygons
2026-07-11 03:25:16 +0200: Memory Usage (548516K) : topmetal2_text has 0 polygons
2026-07-11 03:25:16 +0200: Memory Usage (548516K) : topmetal2_noqrc has 0 polygons
2026-07-11 03:25:16 +0200: Memory Usage (548516K) : topmetal2_res has 0 polygons
2026-07-11 03:25:16 +0200: Memory Usage (548516K) : topmetal2_iprobe has 0 polygons
2026-07-11 03:25:16 +0200: Memory Usage (548516K) : topmetal2_diffprb has 0 polygons
2026-07-11 03:25:16 +0200: Memory Usage (548516K) : snsring_drw has 0 polygons
2026-07-11 03:25:16 +0200: Memory Usage (548516K) : sensor_drw has 0 polygons
2026-07-11 03:25:16 +0200: Memory Usage (548516K) : snsarms_drw has 0 polygons
2026-07-11 03:25:16 +0200: Memory Usage (548516K) : snscmosvia_drw has 0 polygons
2026-07-11 03:25:16 +0200: Memory Usage (548516K) : colwind_drw has 0 polygons
2026-07-11 03:25:16 +0200: Memory Usage (548516K) : flm_drw has 0 polygons
2026-07-11 03:25:16 +0200: Memory Usage (548516K) : hafniumox_drw has 0 polygons
2026-07-11 03:25:16 +0200: Memory Usage (548516K) : memvia_drw has 0 polygons
2026-07-11 03:25:16 +0200: Memory Usage (548516K) : thinfilmres_drw has 0 polygons
2026-07-11 03:25:16 +0200: Memory Usage (548516K) : rfmem_drw has 0 polygons
2026-07-11 03:25:16 +0200: Memory Usage (548516K) : norcx_drw has 0 polygons
2026-07-11 03:25:16 +0200: Memory Usage (548516K) : norcx_m2m3 has 0 polygons
2026-07-11 03:25:16 +0200: Memory Usage (548516K) : norcx_m2m4 has 0 polygons
2026-07-11 03:25:16 +0200: Memory Usage (548516K) : norcx_m2m5 has 0 polygons
2026-07-11 03:25:16 +0200: Memory Usage (548516K) : norcx_m2tm1 has 0 polygons
2026-07-11 03:25:16 +0200: Memory Usage (548516K) : norcx_m2tm2 has 0 polygons
2026-07-11 03:25:16 +0200: Memory Usage (548516K) : norcx_m3m4 has 0 polygons
2026-07-11 03:25:16 +0200: Memory Usage (548516K) : norcx_m3m5 has 0 polygons
2026-07-11 03:25:16 +0200: Memory Usage (548516K) : norcx_m3tm1 has 0 polygons
2026-07-11 03:25:16 +0200: Memory Usage (548516K) : norcx_m3tm2 has 0 polygons
2026-07-11 03:25:16 +0200: Memory Usage (548516K) : norcx_m4m5 has 0 polygons
2026-07-11 03:25:16 +0200: Memory Usage (548516K) : norcx_m4tm1 has 0 polygons
2026-07-11 03:25:16 +0200: Memory Usage (548516K) : norcx_m4tm2 has 0 polygons
2026-07-11 03:25:16 +0200: Memory Usage (548516K) : norcx_m5tm1 has 0 polygons
2026-07-11 03:25:16 +0200: Memory Usage (548516K) : norcx_m5tm2 has 0 polygons
2026-07-11 03:25:16 +0200: Memory Usage (548516K) : norcx_tm1tm2 has 0 polygons
2026-07-11 03:25:16 +0200: Memory Usage (548516K) : norcx_m1sub has 0 polygons
2026-07-11 03:25:16 +0200: Memory Usage (548516K) : norcx_m2sub has 0 polygons
2026-07-11 03:25:16 +0200: Memory Usage (548516K) : norcx_m3sub has 0 polygons
2026-07-11 03:25:16 +0200: Memory Usage (548516K) : norcx_m4sub has 0 polygons
2026-07-11 03:25:16 +0200: Memory Usage (548516K) : norcx_m5sub has 0 polygons
2026-07-11 03:25:16 +0200: Memory Usage (548516K) : norcx_tm1sub has 0 polygons
2026-07-11 03:25:16 +0200: Memory Usage (548516K) : norcx_tm2sub has 0 polygons
2026-07-11 03:25:16 +0200: Memory Usage (548516K) : snsbotvia_drw has 0 polygons
2026-07-11 03:25:16 +0200: Memory Usage (548516K) : snstopvia_drw has 0 polygons
2026-07-11 03:25:16 +0200: Memory Usage (548516K) : deepvia_drw has 0 polygons
2026-07-11 03:25:16 +0200: Memory Usage (548516K) : fgetch_drw has 0 polygons
2026-07-11 03:25:16 +0200: Memory Usage (548516K) : ctrgat_drw has 0 polygons
2026-07-11 03:25:16 +0200: Memory Usage (548516K) : fgimp_drw has 0 polygons
2026-07-11 03:25:16 +0200: Memory Usage (548516K) : emwihv_drw has 0 polygons
2026-07-11 03:25:16 +0200: Memory Usage (548516K) : lbe_drw has 0 polygons
2026-07-11 03:25:16 +0200: Memory Usage (548516K) : alcustop_drw has 0 polygons
2026-07-11 03:25:16 +0200: Memory Usage (548516K) : nometfiller_drw has 0 polygons
2026-07-11 03:25:16 +0200: Memory Usage (548516K) : prboundary_drw has 0 polygons
2026-07-11 03:25:16 +0200: Memory Usage (548516K) : exchange0_drw has 0 polygons
2026-07-11 03:25:16 +0200: Memory Usage (548516K) : exchange0_pin has 0 polygons
2026-07-11 03:25:16 +0200: Memory Usage (548516K) : exchange0_text has 0 polygons
2026-07-11 03:25:16 +0200: Memory Usage (548516K) : exchange1_drw has 0 polygons
2026-07-11 03:25:16 +0200: Memory Usage (548516K) : exchange1_pin has 0 polygons
2026-07-11 03:25:16 +0200: Memory Usage (548516K) : exchange1_text has 0 polygons
2026-07-11 03:25:16 +0200: Memory Usage (548516K) : exchange2_drw has 0 polygons
2026-07-11 03:25:16 +0200: Memory Usage (548516K) : exchange2_pin has 0 polygons
2026-07-11 03:25:16 +0200: Memory Usage (548516K) : exchange2_text has 0 polygons
2026-07-11 03:25:16 +0200: Memory Usage (548516K) : exchange3_drw has 0 polygons
2026-07-11 03:25:16 +0200: Memory Usage (548516K) : exchange3_pin has 0 polygons
2026-07-11 03:25:16 +0200: Memory Usage (548516K) : exchange3_text has 0 polygons
2026-07-11 03:25:16 +0200: Memory Usage (548516K) : exchange4_drw has 0 polygons
2026-07-11 03:25:16 +0200: Memory Usage (548516K) : exchange4_pin has 0 polygons
2026-07-11 03:25:16 +0200: Memory Usage (548516K) : exchange4_text has 0 polygons
2026-07-11 03:25:16 +0200: Memory Usage (548516K) : isonwell_drw has 0 polygons
2026-07-11 03:25:16 +0200: Memory Usage (548516K) : Total no. of polygons in the design is 2591900
2026-07-11 03:25:16 +0200: Memory Usage (548516K) : Loaded TECH DRC rules values from /foss/pdks/ihp-sg13cmos5l/libs.tech/klayout/python/sg13cmos5l_pycell_lib/sg13cmos5l_tech_mod.json
2026-07-11 03:25:16 +0200: Memory Usage (548516K) : Loaded default DRC rules values from /foss/pdks/ihp-sg13cmos5l/libs.tech/klayout/tech/drc/rule_decks/sg13cmos5l_tech_default.json
2026-07-11 03:25:16 +0200: Memory Usage (549564K) : Total area of the design is 1102500.0 um^2.
2026-07-11 03:25:16 +0200: Memory Usage (549564K) : The design dimensions are 1050.0 um * 1050.0 um.
2026-07-11 03:25:16 +0200: Memory Usage (549564K) : Starting general IHP-SG13CMOS5L derivations.
2026-07-11 03:25:16 +0200: Memory Usage (549564K) : Starting Pwell derivations
2026-07-11 03:25:16 +0200: Memory Usage (552284K) : Starting cont/contbar general derivations
2026-07-11 03:25:18 +0200: Memory Usage (720048K) : Starting IHP-SG13CMOS5L DRC rules.
2026-07-11 03:25:18 +0200: Memory Usage (720048K) : Starting 5.15. ContBar table
2026-07-11 03:25:18 +0200: Memory Usage (720048K) : Executing rule CntB.b1
2026-07-11 03:25:18 +0200: Memory Usage (720312K) : Executing rule CntB.h1
2026-07-11 03:25:18 +0200: Memory Usage (720312K) : KLayout DRC run for tables 'contbar' completed in 2.49 seconds
