# Logfile created on 2026-07-11 03:25:50 +0200 by logger.rb/v1.5.3
2026-07-11 03:25:50 +0200: Memory Usage (526908K) : Starting running IHP-SG13CMOS5L KLayout DRC runset on /foss/designs/adc8b/IHP__MSPHY9932/release/v.1.0.0/gds/MSPHY9932.gds
2026-07-11 03:25:50 +0200: Memory Usage (526908K) : Ruby Version for klayout: 3.2.3
2026-07-11 03:25:50 +0200: Memory Usage (530748K) : Loading database to memory is complete.
2026-07-11 03:25:50 +0200: Memory Usage (530748K) : IHP-SG13CMOS5L KLayout DRC runset output at: /foss/designs/adc8b/IHP__MSPHY9932/release/v.1.0.0/drc/MSPHY9932_MSPHY9932_metalslits.lyrdb
2026-07-11 03:25:50 +0200: Memory Usage (530748K) : Evaluate switches.
2026-07-11 03:25:50 +0200: Memory Usage (530748K) : tables selected: metalslits
2026-07-11 03:25:50 +0200: Memory Usage (530748K) : KLayout will use 16 thread(s) in tiled mode.
2026-07-11 03:25:50 +0200: Memory Usage (530748K) : deep mode is enabled.
2026-07-11 03:25:50 +0200: Memory Usage (530748K) : FEOL enabled: false
2026-07-11 03:25:50 +0200: Memory Usage (530748K) : BEOL enabled: false
2026-07-11 03:25:50 +0200: Memory Usage (530748K) : OFFGRID enabled: true
2026-07-11 03:25:50 +0200: Memory Usage (530748K) : ANGLE enabled: true
2026-07-11 03:25:50 +0200: Memory Usage (530748K) : PIN enabled: false
2026-07-11 03:25:50 +0200: Memory Usage (530748K) : FORBIDDEN enabled: false
2026-07-11 03:25:50 +0200: Memory Usage (530748K) : RECOMMENDED enabled: true
2026-07-11 03:25:50 +0200: Memory Usage (530748K) : PreCheck DRC enabled: false
2026-07-11 03:25:50 +0200: Memory Usage (530748K) : CONNECTIVITY_RULES enabled: false.
2026-07-11 03:25:50 +0200: Memory Usage (530748K) : Read in polygons from layers.
2026-07-11 03:25:50 +0200: Memory Usage (532336K) : activ_drw has 4847 polygons
2026-07-11 03:25:50 +0200: Memory Usage (532464K) : activ_pin has 0 polygons
2026-07-11 03:25:50 +0200: Memory Usage (532464K) : activ_mask has 0 polygons
2026-07-11 03:25:50 +0200: Memory Usage (532592K) : activ_filler has 0 polygons
2026-07-11 03:25:50 +0200: Memory Usage (532592K) : activ_nofill has 0 polygons
2026-07-11 03:25:50 +0200: Memory Usage (532720K) : activ_opc has 0 polygons
2026-07-11 03:25:50 +0200: Memory Usage (532720K) : activ_iopc has 0 polygons
2026-07-11 03:25:50 +0200: Memory Usage (532848K) : activ_noqrc has 0 polygons
2026-07-11 03:25:50 +0200: Memory Usage (532848K) : biwind_drw has 0 polygons
2026-07-11 03:25:50 +0200: Memory Usage (532848K) : biwind_opc has 0 polygons
2026-07-11 03:25:50 +0200: Memory Usage (532976K) : pemwind_drw has 0 polygons
2026-07-11 03:25:50 +0200: Memory Usage (532976K) : gatpoly_drw has 4112 polygons
2026-07-11 03:25:50 +0200: Memory Usage (533104K) : gatpoly_pin has 65 polygons
2026-07-11 03:25:50 +0200: Memory Usage (533232K) : gatpoly_filler has 0 polygons
2026-07-11 03:25:50 +0200: Memory Usage (533360K) : gatpoly_nofill has 0 polygons
2026-07-11 03:25:50 +0200: Memory Usage (533360K) : gatpoly_opc has 0 polygons
2026-07-11 03:25:50 +0200: Memory Usage (533360K) : gatpoly_iopc has 0 polygons
2026-07-11 03:25:50 +0200: Memory Usage (533488K) : gatpoly_noqrc has 0 polygons
2026-07-11 03:25:50 +0200: Memory Usage (541296K) : cont_drw has 1640232 polygons
2026-07-11 03:25:50 +0200: Memory Usage (541296K) : cont_opc has 0 polygons
2026-07-11 03:25:50 +0200: Memory Usage (541296K) : nsd_drw has 0 polygons
2026-07-11 03:25:50 +0200: Memory Usage (541296K) : nsd_block has 0 polygons
2026-07-11 03:25:50 +0200: Memory Usage (541296K) : metal1_drw has 39512 polygons
2026-07-11 03:25:50 +0200: Memory Usage (541296K) : metal1_pin has 18610 polygons
2026-07-11 03:25:50 +0200: Memory Usage (541296K) : metal1_mask has 0 polygons
2026-07-11 03:25:50 +0200: Memory Usage (541296K) : metal1_filler has 0 polygons
2026-07-11 03:25:50 +0200: Memory Usage (541296K) : metal1_nofill has 0 polygons
2026-07-11 03:25:50 +0200: Memory Usage (541296K) : metal1_slit has 0 polygons
2026-07-11 03:25:50 +0200: Memory Usage (541424K) : metal1_text has 10091 polygons
2026-07-11 03:25:50 +0200: Memory Usage (541424K) : metal1_opc has 0 polygons
2026-07-11 03:25:50 +0200: Memory Usage (541424K) : metal1_noqrc has 0 polygons
2026-07-11 03:25:50 +0200: Memory Usage (541424K) : metal1_res has 0 polygons
2026-07-11 03:25:50 +0200: Memory Usage (541424K) : metal1_iprobe has 0 polygons
2026-07-11 03:25:50 +0200: Memory Usage (541424K) : metal1_diffprb has 0 polygons
2026-07-11 03:25:50 +0200: Memory Usage (541424K) : passiv_drw has 32 polygons
2026-07-11 03:25:50 +0200: Memory Usage (541424K) : passiv_pin has 0 polygons
2026-07-11 03:25:50 +0200: Memory Usage (541424K) : passiv_sbump has 0 polygons
2026-07-11 03:25:50 +0200: Memory Usage (541424K) : passiv_pillar has 0 polygons
2026-07-11 03:25:50 +0200: Memory Usage (541424K) : passiv_pdl has 0 polygons
2026-07-11 03:25:50 +0200: Memory Usage (541424K) : metal2_drw has 129019 polygons
2026-07-11 03:25:50 +0200: Memory Usage (541424K) : metal2_pin has 642 polygons
2026-07-11 03:25:50 +0200: Memory Usage (541424K) : metal2_mask has 0 polygons
2026-07-11 03:25:50 +0200: Memory Usage (541424K) : metal2_filler has 0 polygons
2026-07-11 03:25:50 +0200: Memory Usage (541424K) : metal2_nofill has 0 polygons
2026-07-11 03:25:50 +0200: Memory Usage (541424K) : metal2_slit has 0 polygons
2026-07-11 03:25:50 +0200: Memory Usage (541424K) : metal2_text has 642 polygons
2026-07-11 03:25:50 +0200: Memory Usage (541424K) : metal2_opc has 0 polygons
2026-07-11 03:25:50 +0200: Memory Usage (541424K) : metal2_noqrc has 0 polygons
2026-07-11 03:25:50 +0200: Memory Usage (541424K) : metal2_res has 0 polygons
2026-07-11 03:25:50 +0200: Memory Usage (541424K) : metal2_iprobe has 0 polygons
2026-07-11 03:25:50 +0200: Memory Usage (541424K) : metal2_diffprb has 0 polygons
2026-07-11 03:25:50 +0200: Memory Usage (541552K) : baspoly_drw has 0 polygons
2026-07-11 03:25:50 +0200: Memory Usage (541552K) : baspoly_pin has 0 polygons
2026-07-11 03:25:50 +0200: Memory Usage (541552K) : psd_drw has 1819 polygons
2026-07-11 03:25:50 +0200: Memory Usage (541680K) : nldb_drw has 0 polygons
2026-07-11 03:25:50 +0200: Memory Usage (541680K) : digibnd_drw has 0 polygons
2026-07-11 03:25:50 +0200: Memory Usage (541808K) : via1_drw has 61293 polygons
2026-07-11 03:25:50 +0200: Memory Usage (541936K) : backmetal1_drw has 0 polygons
2026-07-11 03:25:50 +0200: Memory Usage (542064K) : backmetal1_pin has 0 polygons
2026-07-11 03:25:50 +0200: Memory Usage (542064K) : backmetal1_mask has 0 polygons
2026-07-11 03:25:50 +0200: Memory Usage (542064K) : backmetal1_filler has 0 polygons
2026-07-11 03:25:50 +0200: Memory Usage (542192K) : backmetal1_nofill has 0 polygons
2026-07-11 03:25:50 +0200: Memory Usage (542192K) : backmetal1_slit has 0 polygons
2026-07-11 03:25:50 +0200: Memory Usage (542320K) : backmetal1_text has 0 polygons
2026-07-11 03:25:50 +0200: Memory Usage (542448K) : backmetal1_opc has 0 polygons
2026-07-11 03:25:50 +0200: Memory Usage (542448K) : backmetal1_noqrc has 0 polygons
2026-07-11 03:25:50 +0200: Memory Usage (542576K) : backmetal1_res has 0 polygons
2026-07-11 03:25:50 +0200: Memory Usage (542576K) : backmetal1_iprobe has 0 polygons
2026-07-11 03:25:50 +0200: Memory Usage (542576K) : backmetal1_diffprb has 0 polygons
2026-07-11 03:25:50 +0200: Memory Usage (542704K) : backpassiv_drw has 0 polygons
2026-07-11 03:25:50 +0200: Memory Usage (542832K) : res_drw has 0 polygons
2026-07-11 03:25:50 +0200: Memory Usage (542832K) : sram_drw has 0 polygons
2026-07-11 03:25:50 +0200: Memory Usage (542960K) : trans_drw has 0 polygons
2026-07-11 03:25:50 +0200: Memory Usage (542960K) : ind_drw has 0 polygons
2026-07-11 03:25:50 +0200: Memory Usage (542960K) : ind_pin has 0 polygons
2026-07-11 03:25:50 +0200: Memory Usage (543088K) : ind_text has 0 polygons
2026-07-11 03:25:50 +0200: Memory Usage (543216K) : salblock_drw has 55 polygons
2026-07-11 03:25:50 +0200: Memory Usage (544112K) : via2_drw has 170273 polygons
2026-07-11 03:25:50 +0200: Memory Usage (544240K) : metal3_drw has 126558 polygons
2026-07-11 03:25:50 +0200: Memory Usage (544368K) : metal3_pin has 342 polygons
2026-07-11 03:25:50 +0200: Memory Usage (544496K) : metal3_mask has 0 polygons
2026-07-11 03:25:50 +0200: Memory Usage (544496K) : metal3_filler has 0 polygons
2026-07-11 03:25:50 +0200: Memory Usage (544624K) : metal3_nofill has 0 polygons
2026-07-11 03:25:50 +0200: Memory Usage (544624K) : metal3_slit has 0 polygons
2026-07-11 03:25:50 +0200: Memory Usage (544752K) : metal3_text has 342 polygons
2026-07-11 03:25:50 +0200: Memory Usage (544752K) : metal3_opc has 0 polygons
2026-07-11 03:25:50 +0200: Memory Usage (544752K) : metal3_noqrc has 0 polygons
2026-07-11 03:25:50 +0200: Memory Usage (544880K) : metal3_res has 0 polygons
2026-07-11 03:25:50 +0200: Memory Usage (544880K) : metal3_iprobe has 0 polygons
2026-07-11 03:25:50 +0200: Memory Usage (545008K) : metal3_diffprb has 0 polygons
2026-07-11 03:25:50 +0200: Memory Usage (545136K) : nwell_drw has 900 polygons
2026-07-11 03:25:50 +0200: Memory Usage (545136K) : nwell_pin has 1 polygons
2026-07-11 03:25:50 +0200: Memory Usage (545264K) : nbulay_drw has 0 polygons
2026-07-11 03:25:50 +0200: Memory Usage (545392K) : nbulay_pin has 0 polygons
2026-07-11 03:25:50 +0200: Memory Usage (545392K) : nbulay_block has 0 polygons
2026-07-11 03:25:50 +0200: Memory Usage (545520K) : emwind_drw has 0 polygons
2026-07-11 03:25:50 +0200: Memory Usage (545520K) : emwind_opc has 0 polygons
2026-07-11 03:25:50 +0200: Memory Usage (545520K) : deepco_drw has 0 polygons
2026-07-11 03:25:50 +0200: Memory Usage (545648K) : deepco_drw has 0 polygons
2026-07-11 03:25:50 +0200: Memory Usage (545648K) : mim_drw has 0 polygons
2026-07-11 03:25:50 +0200: Memory Usage (545776K) : edgeseal_drw has 24 polygons
2026-07-11 03:25:50 +0200: Memory Usage (545776K) : edgeseal_bound has 1 polygons
2026-07-11 03:25:50 +0200: Memory Usage (545776K) : substrate_drw has 818 polygons
2026-07-11 03:25:50 +0200: Memory Usage (545904K) : substrate_text has 0 polygons
2026-07-11 03:25:50 +0200: Memory Usage (545904K) : dfpad_drw has 20 polygons
2026-07-11 03:25:50 +0200: Memory Usage (546032K) : dfpad_pillar has 0 polygons
2026-07-11 03:25:50 +0200: Memory Usage (546032K) : dfpad_sbump has 0 polygons
2026-07-11 03:25:50 +0200: Memory Usage (546160K) : thickgateox_drw has 39 polygons
2026-07-11 03:25:50 +0200: Memory Usage (546160K) : pldb_drw has 0 polygons
2026-07-11 03:25:50 +0200: Memory Usage (546288K) : pwell_drw has 0 polygons
2026-07-11 03:25:50 +0200: Memory Usage (546288K) : pwell_pin has 0 polygons
2026-07-11 03:25:50 +0200: Memory Usage (546416K) : pwell_block has 6 polygons
2026-07-11 03:25:50 +0200: Memory Usage (546416K) : ic_drw has 0 polygons
2026-07-11 03:25:50 +0200: Memory Usage (547312K) : via3_drw has 165845 polygons
2026-07-11 03:25:50 +0200: Memory Usage (547440K) : metal4_drw has 123478 polygons
2026-07-11 03:25:50 +0200: Memory Usage (547568K) : metal4_pin has 16630 polygons
2026-07-11 03:25:50 +0200: Memory Usage (547696K) : metal4_mask has 0 polygons
2026-07-11 03:25:50 +0200: Memory Usage (547696K) : metal4_filler has 0 polygons
2026-07-11 03:25:50 +0200: Memory Usage (547824K) : metal4_nofill has 0 polygons
2026-07-11 03:25:50 +0200: Memory Usage (547824K) : metal4_slit has 0 polygons
2026-07-11 03:25:50 +0200: Memory Usage (547952K) : metal4_text has 8424 polygons
2026-07-11 03:25:50 +0200: Memory Usage (547952K) : metal4_opc has 0 polygons
2026-07-11 03:25:50 +0200: Memory Usage (547952K) : metal4_noqrc has 0 polygons
2026-07-11 03:25:50 +0200: Memory Usage (548080K) : metal4_res has 0 polygons
2026-07-11 03:25:50 +0200: Memory Usage (548080K) : metal4_iprobe has 0 polygons
2026-07-11 03:25:50 +0200: Memory Usage (548208K) : metal4_diffprb has 0 polygons
2026-07-11 03:25:50 +0200: Memory Usage (548208K) : heattrans_drw has 856 polygons
2026-07-11 03:25:50 +0200: Memory Usage (548336K) : heatres_drw has 36 polygons
2026-07-11 03:25:50 +0200: Memory Usage (548336K) : pempoly_drw has 0 polygons
2026-07-11 03:25:50 +0200: Memory Usage (548464K) : fbe_drw has 0 polygons
2026-07-11 03:25:50 +0200: Memory Usage (548592K) : empoly_drw has 0 polygons
2026-07-11 03:25:50 +0200: Memory Usage (548592K) : ldmos_drw has 0 polygons
2026-07-11 03:25:50 +0200: Memory Usage (548592K) : pbiwind_drw has 0 polygons
2026-07-11 03:25:50 +0200: Memory Usage (548720K) : digisub_drw has 0 polygons
2026-07-11 03:25:50 +0200: Memory Usage (548720K) : nodrc_drw has 0 polygons
2026-07-11 03:25:50 +0200: Memory Usage (548848K) : text_drw has 607 polygons
2026-07-11 03:25:50 +0200: Memory Usage (548848K) : via4_drw has 0 polygons
2026-07-11 03:25:50 +0200: Memory Usage (548848K) : metal5_drw has 0 polygons
2026-07-11 03:25:50 +0200: Memory Usage (548848K) : metal5_pin has 0 polygons
2026-07-11 03:25:50 +0200: Memory Usage (548848K) : metal5_mask has 0 polygons
2026-07-11 03:25:50 +0200: Memory Usage (548848K) : metal5_filler has 0 polygons
2026-07-11 03:25:50 +0200: Memory Usage (548848K) : metal5_nofill has 0 polygons
2026-07-11 03:25:50 +0200: Memory Usage (548848K) : metal5_slit has 0 polygons
2026-07-11 03:25:50 +0200: Memory Usage (548848K) : metal5_text has 0 polygons
2026-07-11 03:25:50 +0200: Memory Usage (548848K) : metal5_opc has 0 polygons
2026-07-11 03:25:50 +0200: Memory Usage (548848K) : metal5_noqrc has 0 polygons
2026-07-11 03:25:50 +0200: Memory Usage (548848K) : metal5_res has 0 polygons
2026-07-11 03:25:50 +0200: Memory Usage (548848K) : metal5_iprobe has 0 polygons
2026-07-11 03:25:50 +0200: Memory Usage (548848K) : metal5_diffprb has 0 polygons
2026-07-11 03:25:50 +0200: Memory Usage (548848K) : radhard_drw has 0 polygons
2026-07-11 03:25:50 +0200: Memory Usage (548848K) : memcap_drw has 0 polygons
2026-07-11 03:25:50 +0200: Memory Usage (548848K) : varicap_drw has 0 polygons
2026-07-11 03:25:50 +0200: Memory Usage (548848K) : flash_drw has 0 polygons
2026-07-11 03:25:50 +0200: Memory Usage (548848K) : intbondvia_drw has 0 polygons
2026-07-11 03:25:50 +0200: Memory Usage (548848K) : intbondmet_drw has 0 polygons
2026-07-11 03:25:50 +0200: Memory Usage (548848K) : devbondvia_drw has 0 polygons
2026-07-11 03:25:50 +0200: Memory Usage (548848K) : devbondmet_drw has 0 polygons
2026-07-11 03:25:50 +0200: Memory Usage (548848K) : devtrench_drw has 0 polygons
2026-07-11 03:25:50 +0200: Memory Usage (548848K) : redist_drw has 0 polygons
2026-07-11 03:25:50 +0200: Memory Usage (548848K) : graphbot_drw has 0 polygons
2026-07-11 03:25:50 +0200: Memory Usage (548848K) : graphtop_drw has 0 polygons
2026-07-11 03:25:50 +0200: Memory Usage (548848K) : antvia1_drw has 0 polygons
2026-07-11 03:25:50 +0200: Memory Usage (548848K) : antmetal2_drw has 0 polygons
2026-07-11 03:25:50 +0200: Memory Usage (548848K) : graphcont_drw has 0 polygons
2026-07-11 03:25:50 +0200: Memory Usage (548848K) : siwg_drw has 0 polygons
2026-07-11 03:25:50 +0200: Memory Usage (548848K) : siwg_filler has 0 polygons
2026-07-11 03:25:50 +0200: Memory Usage (548848K) : siwg_nofill has 0 polygons
2026-07-11 03:25:50 +0200: Memory Usage (548848K) : sigrating_drw has 0 polygons
2026-07-11 03:25:50 +0200: Memory Usage (548848K) : singrating_drw has 0 polygons
2026-07-11 03:25:50 +0200: Memory Usage (548848K) : graphpas_drw has 0 polygons
2026-07-11 03:25:50 +0200: Memory Usage (548848K) : emwind3_drw has 0 polygons
2026-07-11 03:25:50 +0200: Memory Usage (548848K) : emwihv3_drw has 0 polygons
2026-07-11 03:25:50 +0200: Memory Usage (548848K) : redbulay_drw has 0 polygons
2026-07-11 03:25:50 +0200: Memory Usage (548848K) : smos_drw has 0 polygons
2026-07-11 03:25:50 +0200: Memory Usage (548848K) : graphpad_drw has 0 polygons
2026-07-11 03:25:50 +0200: Memory Usage (548848K) : polimide_drw has 0 polygons
2026-07-11 03:25:50 +0200: Memory Usage (548848K) : polimide_pin has 0 polygons
2026-07-11 03:25:50 +0200: Memory Usage (548848K) : recog_drw has 0 polygons
2026-07-11 03:25:50 +0200: Memory Usage (548848K) : recog_pin has 0 polygons
2026-07-11 03:25:50 +0200: Memory Usage (548848K) : recog_esd has 0 polygons
2026-07-11 03:25:50 +0200: Memory Usage (548848K) : recog_diode has 113 polygons
2026-07-11 03:25:50 +0200: Memory Usage (548848K) : recog_tsv has 0 polygons
2026-07-11 03:25:50 +0200: Memory Usage (548848K) : recog_iprobe has 0 polygons
2026-07-11 03:25:50 +0200: Memory Usage (548848K) : recog_diffprb has 0 polygons
2026-07-11 03:25:50 +0200: Memory Usage (548848K) : recog_pillar has 0 polygons
2026-07-11 03:25:50 +0200: Memory Usage (548848K) : recog_sbump has 0 polygons
2026-07-11 03:25:50 +0200: Memory Usage (548848K) : recog_otp has 0 polygons
2026-07-11 03:25:50 +0200: Memory Usage (548848K) : recog_pdiode has 0 polygons
2026-07-11 03:25:50 +0200: Memory Usage (548848K) : recog_mom has 8198 polygons
2026-07-11 03:25:50 +0200: Memory Usage (548848K) : recog_pcm has 0 polygons
2026-07-11 03:25:50 +0200: Memory Usage (548848K) : colopen_drw has 0 polygons
2026-07-11 03:25:50 +0200: Memory Usage (548848K) : graphmetal1_drw has 0 polygons
2026-07-11 03:25:50 +0200: Memory Usage (548848K) : graphmetal1_filler has 0 polygons
2026-07-11 03:25:50 +0200: Memory Usage (548848K) : graphmetal1_nofill has 0 polygons
2026-07-11 03:25:50 +0200: Memory Usage (548848K) : graphmetal1_slit has 0 polygons
2026-07-11 03:25:50 +0200: Memory Usage (548848K) : graphmetal1_opc has 0 polygons
2026-07-11 03:25:50 +0200: Memory Usage (548848K) : graphmet1l_drw has 0 polygons
2026-07-11 03:25:50 +0200: Memory Usage (548848K) : graphmet1l_filler has 0 polygons
2026-07-11 03:25:50 +0200: Memory Usage (548848K) : graphmet1l_nofill has 0 polygons
2026-07-11 03:25:50 +0200: Memory Usage (548848K) : graphmet1l_slit has 0 polygons
2026-07-11 03:25:50 +0200: Memory Usage (548848K) : graphmet1l_opc has 0 polygons
2026-07-11 03:25:50 +0200: Memory Usage (548848K) : extblock_drw has 145 polygons
2026-07-11 03:25:50 +0200: Memory Usage (548848K) : nldd_drw has 0 polygons
2026-07-11 03:25:50 +0200: Memory Usage (548848K) : pldd_drw has 0 polygons
2026-07-11 03:25:50 +0200: Memory Usage (548848K) : next_drw has 0 polygons
2026-07-11 03:25:50 +0200: Memory Usage (548848K) : pext_drw has 0 polygons
2026-07-11 03:25:50 +0200: Memory Usage (548848K) : nexthv_drw has 0 polygons
2026-07-11 03:25:50 +0200: Memory Usage (548848K) : pexthv_drw has 0 polygons
2026-07-11 03:25:50 +0200: Memory Usage (548848K) : graphgate_drw has 0 polygons
2026-07-11 03:25:50 +0200: Memory Usage (548848K) : sinwg_drw has 0 polygons
2026-07-11 03:25:50 +0200: Memory Usage (548848K) : sinwg_filler has 0 polygons
2026-07-11 03:25:50 +0200: Memory Usage (548848K) : sinwg_nofill has 0 polygons
2026-07-11 03:25:50 +0200: Memory Usage (548848K) : mempad_drw has 0 polygons
2026-07-11 03:25:50 +0200: Memory Usage (548848K) : topvia1_drw has 56700 polygons
2026-07-11 03:25:50 +0200: Memory Usage (548848K) : topmetal1_drw has 201 polygons
2026-07-11 03:25:50 +0200: Memory Usage (548848K) : topmetal1_pin has 168 polygons
2026-07-11 03:25:50 +0200: Memory Usage (548848K) : topmetal1_mask has 0 polygons
2026-07-11 03:25:50 +0200: Memory Usage (548848K) : topmetal1_filler has 0 polygons
2026-07-11 03:25:50 +0200: Memory Usage (548848K) : topmetal1_nofill has 0 polygons
2026-07-11 03:25:50 +0200: Memory Usage (548848K) : topmetal1_slit has 0 polygons
2026-07-11 03:25:50 +0200: Memory Usage (548848K) : topmetal1_text has 168 polygons
2026-07-11 03:25:50 +0200: Memory Usage (548848K) : topmetal1_noqrc has 0 polygons
2026-07-11 03:25:50 +0200: Memory Usage (548848K) : topmetal1_res has 0 polygons
2026-07-11 03:25:50 +0200: Memory Usage (548848K) : topmetal1_iprobe has 0 polygons
2026-07-11 03:25:50 +0200: Memory Usage (548848K) : topmetal1_diffprb has 0 polygons
2026-07-11 03:25:50 +0200: Memory Usage (548848K) : inldpwl_drw has 0 polygons
2026-07-11 03:25:50 +0200: Memory Usage (548848K) : polyres_drw has 36 polygons
2026-07-11 03:25:50 +0200: Memory Usage (548848K) : polyres_pin has 0 polygons
2026-07-11 03:25:50 +0200: Memory Usage (548848K) : vmim_drw has 0 polygons
2026-07-11 03:25:50 +0200: Memory Usage (548848K) : nbulaycut_drw has 0 polygons
2026-07-11 03:25:50 +0200: Memory Usage (548848K) : antmetal1_drw has 0 polygons
2026-07-11 03:25:50 +0200: Memory Usage (548848K) : topvia2_drw has 0 polygons
2026-07-11 03:25:50 +0200: Memory Usage (548848K) : topmetal2_drw has 0 polygons
2026-07-11 03:25:50 +0200: Memory Usage (548848K) : topmetal2_pin has 0 polygons
2026-07-11 03:25:50 +0200: Memory Usage (548848K) : topmetal2_mask has 0 polygons
2026-07-11 03:25:50 +0200: Memory Usage (548848K) : topmetal2_filler has 0 polygons
2026-07-11 03:25:50 +0200: Memory Usage (548848K) : topmetal2_nofill has 0 polygons
2026-07-11 03:25:50 +0200: Memory Usage (548848K) : topmetal2_slit has 0 polygons
2026-07-11 03:25:50 +0200: Memory Usage (548848K) : topmetal2_text has 0 polygons
2026-07-11 03:25:50 +0200: Memory Usage (548848K) : topmetal2_noqrc has 0 polygons
2026-07-11 03:25:50 +0200: Memory Usage (548848K) : topmetal2_res has 0 polygons
2026-07-11 03:25:50 +0200: Memory Usage (548848K) : topmetal2_iprobe has 0 polygons
2026-07-11 03:25:50 +0200: Memory Usage (548848K) : topmetal2_diffprb has 0 polygons
2026-07-11 03:25:50 +0200: Memory Usage (548848K) : snsring_drw has 0 polygons
2026-07-11 03:25:50 +0200: Memory Usage (548848K) : sensor_drw has 0 polygons
2026-07-11 03:25:50 +0200: Memory Usage (548848K) : snsarms_drw has 0 polygons
2026-07-11 03:25:50 +0200: Memory Usage (548848K) : snscmosvia_drw has 0 polygons
2026-07-11 03:25:50 +0200: Memory Usage (548848K) : colwind_drw has 0 polygons
2026-07-11 03:25:50 +0200: Memory Usage (548848K) : flm_drw has 0 polygons
2026-07-11 03:25:50 +0200: Memory Usage (548848K) : hafniumox_drw has 0 polygons
2026-07-11 03:25:50 +0200: Memory Usage (548848K) : memvia_drw has 0 polygons
2026-07-11 03:25:50 +0200: Memory Usage (548848K) : thinfilmres_drw has 0 polygons
2026-07-11 03:25:50 +0200: Memory Usage (548848K) : rfmem_drw has 0 polygons
2026-07-11 03:25:50 +0200: Memory Usage (548848K) : norcx_drw has 0 polygons
2026-07-11 03:25:50 +0200: Memory Usage (548848K) : norcx_m2m3 has 0 polygons
2026-07-11 03:25:50 +0200: Memory Usage (548848K) : norcx_m2m4 has 0 polygons
2026-07-11 03:25:50 +0200: Memory Usage (548848K) : norcx_m2m5 has 0 polygons
2026-07-11 03:25:50 +0200: Memory Usage (548848K) : norcx_m2tm1 has 0 polygons
2026-07-11 03:25:50 +0200: Memory Usage (548848K) : norcx_m2tm2 has 0 polygons
2026-07-11 03:25:50 +0200: Memory Usage (548848K) : norcx_m3m4 has 0 polygons
2026-07-11 03:25:50 +0200: Memory Usage (548848K) : norcx_m3m5 has 0 polygons
2026-07-11 03:25:50 +0200: Memory Usage (548848K) : norcx_m3tm1 has 0 polygons
2026-07-11 03:25:50 +0200: Memory Usage (548848K) : norcx_m3tm2 has 0 polygons
2026-07-11 03:25:50 +0200: Memory Usage (548848K) : norcx_m4m5 has 0 polygons
2026-07-11 03:25:50 +0200: Memory Usage (548848K) : norcx_m4tm1 has 0 polygons
2026-07-11 03:25:50 +0200: Memory Usage (548848K) : norcx_m4tm2 has 0 polygons
2026-07-11 03:25:50 +0200: Memory Usage (548848K) : norcx_m5tm1 has 0 polygons
2026-07-11 03:25:50 +0200: Memory Usage (548848K) : norcx_m5tm2 has 0 polygons
2026-07-11 03:25:50 +0200: Memory Usage (548848K) : norcx_tm1tm2 has 0 polygons
2026-07-11 03:25:50 +0200: Memory Usage (548848K) : norcx_m1sub has 0 polygons
2026-07-11 03:25:50 +0200: Memory Usage (548848K) : norcx_m2sub has 0 polygons
2026-07-11 03:25:50 +0200: Memory Usage (548848K) : norcx_m3sub has 0 polygons
2026-07-11 03:25:50 +0200: Memory Usage (548848K) : norcx_m4sub has 0 polygons
2026-07-11 03:25:50 +0200: Memory Usage (548848K) : norcx_m5sub has 0 polygons
2026-07-11 03:25:50 +0200: Memory Usage (548848K) : norcx_tm1sub has 0 polygons
2026-07-11 03:25:50 +0200: Memory Usage (548848K) : norcx_tm2sub has 0 polygons
2026-07-11 03:25:50 +0200: Memory Usage (548848K) : snsbotvia_drw has 0 polygons
2026-07-11 03:25:50 +0200: Memory Usage (548848K) : snstopvia_drw has 0 polygons
2026-07-11 03:25:50 +0200: Memory Usage (548848K) : deepvia_drw has 0 polygons
2026-07-11 03:25:50 +0200: Memory Usage (548848K) : fgetch_drw has 0 polygons
2026-07-11 03:25:50 +0200: Memory Usage (548848K) : ctrgat_drw has 0 polygons
2026-07-11 03:25:50 +0200: Memory Usage (548848K) : fgimp_drw has 0 polygons
2026-07-11 03:25:50 +0200: Memory Usage (548848K) : emwihv_drw has 0 polygons
2026-07-11 03:25:50 +0200: Memory Usage (548976K) : lbe_drw has 0 polygons
2026-07-11 03:25:50 +0200: Memory Usage (548976K) : alcustop_drw has 0 polygons
2026-07-11 03:25:50 +0200: Memory Usage (548976K) : nometfiller_drw has 0 polygons
2026-07-11 03:25:50 +0200: Memory Usage (548976K) : prboundary_drw has 0 polygons
2026-07-11 03:25:50 +0200: Memory Usage (549104K) : exchange0_drw has 0 polygons
2026-07-11 03:25:50 +0200: Memory Usage (549104K) : exchange0_pin has 0 polygons
2026-07-11 03:25:50 +0200: Memory Usage (549104K) : exchange0_text has 0 polygons
2026-07-11 03:25:50 +0200: Memory Usage (549232K) : exchange1_drw has 0 polygons
2026-07-11 03:25:50 +0200: Memory Usage (549232K) : exchange1_pin has 0 polygons
2026-07-11 03:25:50 +0200: Memory Usage (549232K) : exchange1_text has 0 polygons
2026-07-11 03:25:50 +0200: Memory Usage (549360K) : exchange2_drw has 0 polygons
2026-07-11 03:25:50 +0200: Memory Usage (549360K) : exchange2_pin has 0 polygons
2026-07-11 03:25:50 +0200: Memory Usage (549360K) : exchange2_text has 0 polygons
2026-07-11 03:25:50 +0200: Memory Usage (549360K) : exchange3_drw has 0 polygons
2026-07-11 03:25:50 +0200: Memory Usage (549488K) : exchange3_pin has 0 polygons
2026-07-11 03:25:50 +0200: Memory Usage (549488K) : exchange3_text has 0 polygons
2026-07-11 03:25:50 +0200: Memory Usage (549488K) : exchange4_drw has 0 polygons
2026-07-11 03:25:50 +0200: Memory Usage (549616K) : exchange4_pin has 0 polygons
2026-07-11 03:25:50 +0200: Memory Usage (549616K) : exchange4_text has 0 polygons
2026-07-11 03:25:50 +0200: Memory Usage (549616K) : isonwell_drw has 0 polygons
2026-07-11 03:25:50 +0200: Memory Usage (549616K) : Total no. of polygons in the design is 2591900
2026-07-11 03:25:50 +0200: Memory Usage (549616K) : Loaded TECH DRC rules values from /foss/pdks/ihp-sg13cmos5l/libs.tech/klayout/python/sg13cmos5l_pycell_lib/sg13cmos5l_tech_mod.json
2026-07-11 03:25:50 +0200: Memory Usage (549616K) : Loaded default DRC rules values from /foss/pdks/ihp-sg13cmos5l/libs.tech/klayout/tech/drc/rule_decks/sg13cmos5l_tech_default.json
2026-07-11 03:25:50 +0200: Memory Usage (550784K) : Total area of the design is 1102500.0 um^2.
2026-07-11 03:25:50 +0200: Memory Usage (550784K) : The design dimensions are 1050.0 um * 1050.0 um.
2026-07-11 03:25:50 +0200: Memory Usage (550784K) : Starting general IHP-SG13CMOS5L derivations.
2026-07-11 03:25:50 +0200: Memory Usage (550784K) : Starting Pwell derivations
2026-07-11 03:25:50 +0200: Memory Usage (553472K) : Starting IHP-SG13CMOS5L DRC rules.
2026-07-11 03:25:50 +0200: Memory Usage (553472K) : Starting 7.3 Metal Slits table
2026-07-11 03:25:50 +0200: Memory Usage (553472K) : Executing rule Slt.e1_M1
2026-07-11 03:25:50 +0200: Memory Usage (553600K) : Executing rule Slt.e1_M2
2026-07-11 03:25:50 +0200: Memory Usage (553728K) : Executing rule Slt.e1_M3
2026-07-11 03:25:50 +0200: Memory Usage (553728K) : Executing rule Slt.e1_M4
2026-07-11 03:25:50 +0200: Memory Usage (553856K) : Executing rule Slt.e1_TM1
2026-07-11 03:25:50 +0200: Memory Usage (553984K) : KLayout DRC run for tables 'metalslits' completed in 0.63 seconds
