# Logfile created on 2026-07-11 03:47:15 +0200 by logger.rb/v1.5.3
2026-07-11 03:47:15 +0200: Memory Usage (526984K) : Starting running IHP-SG13CMOS5L KLayout DRC runset on /foss/designs/adc8b/IHP__MSPHY9932/release/v.1.0.0/gds/MSPHY9932.gds
2026-07-11 03:47:15 +0200: Memory Usage (526984K) : Ruby Version for klayout: 3.2.3
2026-07-11 03:47:15 +0200: Memory Usage (532232K) : Loading database to memory is complete.
2026-07-11 03:47:15 +0200: Memory Usage (532232K) : IHP-SG13CMOS5L KLayout DRC runset output at: /foss/designs/adc8b/IHP__MSPHY9932/release/v.1.0.0/drc/MSPHY9932_MSPHY9932_sealring.lyrdb
2026-07-11 03:47:15 +0200: Memory Usage (532232K) : Evaluate switches.
2026-07-11 03:47:15 +0200: Memory Usage (532232K) : tables selected: sealring
2026-07-11 03:47:15 +0200: Memory Usage (532232K) : KLayout will use 16 thread(s) in tiled mode.
2026-07-11 03:47:15 +0200: Memory Usage (532232K) : deep mode is enabled.
2026-07-11 03:47:15 +0200: Memory Usage (532232K) : FEOL enabled: false
2026-07-11 03:47:15 +0200: Memory Usage (532232K) : BEOL enabled: false
2026-07-11 03:47:15 +0200: Memory Usage (532232K) : OFFGRID enabled: true
2026-07-11 03:47:15 +0200: Memory Usage (532232K) : ANGLE enabled: true
2026-07-11 03:47:15 +0200: Memory Usage (532232K) : PIN enabled: false
2026-07-11 03:47:15 +0200: Memory Usage (532232K) : FORBIDDEN enabled: false
2026-07-11 03:47:15 +0200: Memory Usage (532232K) : RECOMMENDED enabled: true
2026-07-11 03:47:15 +0200: Memory Usage (532232K) : PreCheck DRC enabled: false
2026-07-11 03:47:15 +0200: Memory Usage (532232K) : CONNECTIVITY_RULES enabled: false.
2026-07-11 03:47:15 +0200: Memory Usage (532232K) : Read in polygons from layers.
2026-07-11 03:47:15 +0200: Memory Usage (533948K) : activ_drw has 4847 polygons
2026-07-11 03:47:15 +0200: Memory Usage (534076K) : activ_pin has 0 polygons
2026-07-11 03:47:15 +0200: Memory Usage (534204K) : activ_mask has 0 polygons
2026-07-11 03:47:15 +0200: Memory Usage (534204K) : activ_filler has 23127 polygons
2026-07-11 03:47:15 +0200: Memory Usage (534332K) : activ_nofill has 0 polygons
2026-07-11 03:47:15 +0200: Memory Usage (534332K) : activ_opc has 0 polygons
2026-07-11 03:47:15 +0200: Memory Usage (534332K) : activ_iopc has 0 polygons
2026-07-11 03:47:15 +0200: Memory Usage (534460K) : activ_noqrc has 0 polygons
2026-07-11 03:47:15 +0200: Memory Usage (534460K) : biwind_drw has 0 polygons
2026-07-11 03:47:15 +0200: Memory Usage (534588K) : biwind_opc has 0 polygons
2026-07-11 03:47:15 +0200: Memory Usage (534588K) : pemwind_drw has 0 polygons
2026-07-11 03:47:15 +0200: Memory Usage (534716K) : gatpoly_drw has 4112 polygons
2026-07-11 03:47:15 +0200: Memory Usage (534716K) : gatpoly_pin has 65 polygons
2026-07-11 03:47:15 +0200: Memory Usage (534844K) : gatpoly_filler has 23127 polygons
2026-07-11 03:47:15 +0200: Memory Usage (534972K) : gatpoly_nofill has 0 polygons
2026-07-11 03:47:15 +0200: Memory Usage (534972K) : gatpoly_opc has 0 polygons
2026-07-11 03:47:15 +0200: Memory Usage (535100K) : gatpoly_iopc has 0 polygons
2026-07-11 03:47:15 +0200: Memory Usage (535100K) : gatpoly_noqrc has 0 polygons
2026-07-11 03:47:16 +0200: Memory Usage (543036K) : cont_drw has 1640232 polygons
2026-07-11 03:47:16 +0200: Memory Usage (543036K) : cont_opc has 0 polygons
2026-07-11 03:47:16 +0200: Memory Usage (543036K) : nsd_drw has 0 polygons
2026-07-11 03:47:16 +0200: Memory Usage (543036K) : nsd_block has 0 polygons
2026-07-11 03:47:16 +0200: Memory Usage (543036K) : metal1_drw has 39512 polygons
2026-07-11 03:47:16 +0200: Memory Usage (543036K) : metal1_pin has 18610 polygons
2026-07-11 03:47:16 +0200: Memory Usage (543036K) : metal1_mask has 0 polygons
2026-07-11 03:47:16 +0200: Memory Usage (543036K) : metal1_filler has 27923 polygons
2026-07-11 03:47:16 +0200: Memory Usage (543036K) : metal1_nofill has 0 polygons
2026-07-11 03:47:16 +0200: Memory Usage (543036K) : metal1_slit has 0 polygons
2026-07-11 03:47:16 +0200: Memory Usage (543036K) : metal1_text has 10091 polygons
2026-07-11 03:47:16 +0200: Memory Usage (543036K) : metal1_opc has 0 polygons
2026-07-11 03:47:16 +0200: Memory Usage (543036K) : metal1_noqrc has 0 polygons
2026-07-11 03:47:16 +0200: Memory Usage (543036K) : metal1_res has 0 polygons
2026-07-11 03:47:16 +0200: Memory Usage (543036K) : metal1_iprobe has 0 polygons
2026-07-11 03:47:16 +0200: Memory Usage (543036K) : metal1_diffprb has 0 polygons
2026-07-11 03:47:16 +0200: Memory Usage (543036K) : passiv_drw has 32 polygons
2026-07-11 03:47:16 +0200: Memory Usage (543036K) : passiv_pin has 0 polygons
2026-07-11 03:47:16 +0200: Memory Usage (543036K) : passiv_sbump has 0 polygons
2026-07-11 03:47:16 +0200: Memory Usage (543036K) : passiv_pillar has 0 polygons
2026-07-11 03:47:16 +0200: Memory Usage (543036K) : passiv_pdl has 0 polygons
2026-07-11 03:47:16 +0200: Memory Usage (543164K) : metal2_drw has 129019 polygons
2026-07-11 03:47:16 +0200: Memory Usage (543164K) : metal2_pin has 642 polygons
2026-07-11 03:47:16 +0200: Memory Usage (543164K) : metal2_mask has 0 polygons
2026-07-11 03:47:16 +0200: Memory Usage (543292K) : metal2_filler has 30369 polygons
2026-07-11 03:47:16 +0200: Memory Usage (543292K) : metal2_nofill has 0 polygons
2026-07-11 03:47:16 +0200: Memory Usage (543292K) : metal2_slit has 0 polygons
2026-07-11 03:47:16 +0200: Memory Usage (543292K) : metal2_text has 642 polygons
2026-07-11 03:47:16 +0200: Memory Usage (543292K) : metal2_opc has 0 polygons
2026-07-11 03:47:16 +0200: Memory Usage (543420K) : metal2_noqrc has 0 polygons
2026-07-11 03:47:16 +0200: Memory Usage (543420K) : metal2_res has 0 polygons
2026-07-11 03:47:16 +0200: Memory Usage (543548K) : metal2_iprobe has 0 polygons
2026-07-11 03:47:16 +0200: Memory Usage (543548K) : metal2_diffprb has 0 polygons
2026-07-11 03:47:16 +0200: Memory Usage (543676K) : baspoly_drw has 0 polygons
2026-07-11 03:47:16 +0200: Memory Usage (543676K) : baspoly_pin has 0 polygons
2026-07-11 03:47:16 +0200: Memory Usage (543676K) : psd_drw has 1819 polygons
2026-07-11 03:47:16 +0200: Memory Usage (543804K) : nldb_drw has 0 polygons
2026-07-11 03:47:16 +0200: Memory Usage (543932K) : digibnd_drw has 0 polygons
2026-07-11 03:47:16 +0200: Memory Usage (544060K) : via1_drw has 61293 polygons
2026-07-11 03:47:16 +0200: Memory Usage (544188K) : backmetal1_drw has 0 polygons
2026-07-11 03:47:16 +0200: Memory Usage (544188K) : backmetal1_pin has 0 polygons
2026-07-11 03:47:16 +0200: Memory Usage (544316K) : backmetal1_mask has 0 polygons
2026-07-11 03:47:16 +0200: Memory Usage (544316K) : backmetal1_filler has 0 polygons
2026-07-11 03:47:16 +0200: Memory Usage (544444K) : backmetal1_nofill has 0 polygons
2026-07-11 03:47:16 +0200: Memory Usage (544444K) : backmetal1_slit has 0 polygons
2026-07-11 03:47:16 +0200: Memory Usage (544444K) : backmetal1_text has 0 polygons
2026-07-11 03:47:16 +0200: Memory Usage (544572K) : backmetal1_opc has 0 polygons
2026-07-11 03:47:16 +0200: Memory Usage (544700K) : backmetal1_noqrc has 0 polygons
2026-07-11 03:47:16 +0200: Memory Usage (544700K) : backmetal1_res has 0 polygons
2026-07-11 03:47:16 +0200: Memory Usage (544828K) : backmetal1_iprobe has 0 polygons
2026-07-11 03:47:16 +0200: Memory Usage (544828K) : backmetal1_diffprb has 0 polygons
2026-07-11 03:47:16 +0200: Memory Usage (544956K) : backpassiv_drw has 0 polygons
2026-07-11 03:47:16 +0200: Memory Usage (544956K) : res_drw has 0 polygons
2026-07-11 03:47:16 +0200: Memory Usage (545084K) : sram_drw has 0 polygons
2026-07-11 03:47:16 +0200: Memory Usage (545084K) : trans_drw has 0 polygons
2026-07-11 03:47:16 +0200: Memory Usage (545212K) : ind_drw has 0 polygons
2026-07-11 03:47:16 +0200: Memory Usage (545212K) : ind_pin has 0 polygons
2026-07-11 03:47:16 +0200: Memory Usage (545340K) : ind_text has 0 polygons
2026-07-11 03:47:16 +0200: Memory Usage (545340K) : salblock_drw has 55 polygons
2026-07-11 03:47:16 +0200: Memory Usage (546492K) : via2_drw has 170273 polygons
2026-07-11 03:47:16 +0200: Memory Usage (546620K) : metal3_drw has 126558 polygons
2026-07-11 03:47:16 +0200: Memory Usage (546620K) : metal3_pin has 342 polygons
2026-07-11 03:47:16 +0200: Memory Usage (546748K) : metal3_mask has 0 polygons
2026-07-11 03:47:16 +0200: Memory Usage (546748K) : metal3_filler has 13932 polygons
2026-07-11 03:47:16 +0200: Memory Usage (546876K) : metal3_nofill has 0 polygons
2026-07-11 03:47:16 +0200: Memory Usage (546876K) : metal3_slit has 0 polygons
2026-07-11 03:47:16 +0200: Memory Usage (547004K) : metal3_text has 342 polygons
2026-07-11 03:47:16 +0200: Memory Usage (547004K) : metal3_opc has 0 polygons
2026-07-11 03:47:16 +0200: Memory Usage (547004K) : metal3_noqrc has 0 polygons
2026-07-11 03:47:16 +0200: Memory Usage (547132K) : metal3_res has 0 polygons
2026-07-11 03:47:16 +0200: Memory Usage (547132K) : metal3_iprobe has 0 polygons
2026-07-11 03:47:16 +0200: Memory Usage (547260K) : metal3_diffprb has 0 polygons
2026-07-11 03:47:16 +0200: Memory Usage (547388K) : nwell_drw has 900 polygons
2026-07-11 03:47:16 +0200: Memory Usage (547388K) : nwell_pin has 1 polygons
2026-07-11 03:47:16 +0200: Memory Usage (547388K) : nbulay_drw has 0 polygons
2026-07-11 03:47:16 +0200: Memory Usage (547388K) : nbulay_pin has 0 polygons
2026-07-11 03:47:16 +0200: Memory Usage (547388K) : nbulay_block has 0 polygons
2026-07-11 03:47:16 +0200: Memory Usage (547388K) : emwind_drw has 0 polygons
2026-07-11 03:47:16 +0200: Memory Usage (547388K) : emwind_opc has 0 polygons
2026-07-11 03:47:16 +0200: Memory Usage (547388K) : deepco_drw has 0 polygons
2026-07-11 03:47:16 +0200: Memory Usage (547388K) : deepco_drw has 0 polygons
2026-07-11 03:47:16 +0200: Memory Usage (547388K) : mim_drw has 0 polygons
2026-07-11 03:47:16 +0200: Memory Usage (547388K) : edgeseal_drw has 24 polygons
2026-07-11 03:47:16 +0200: Memory Usage (547388K) : edgeseal_bound has 1 polygons
2026-07-11 03:47:16 +0200: Memory Usage (547388K) : substrate_drw has 818 polygons
2026-07-11 03:47:16 +0200: Memory Usage (547388K) : substrate_text has 0 polygons
2026-07-11 03:47:16 +0200: Memory Usage (547388K) : dfpad_drw has 20 polygons
2026-07-11 03:47:16 +0200: Memory Usage (547388K) : dfpad_pillar has 0 polygons
2026-07-11 03:47:16 +0200: Memory Usage (547388K) : dfpad_sbump has 0 polygons
2026-07-11 03:47:16 +0200: Memory Usage (547388K) : thickgateox_drw has 39 polygons
2026-07-11 03:47:16 +0200: Memory Usage (547388K) : pldb_drw has 0 polygons
2026-07-11 03:47:16 +0200: Memory Usage (547388K) : pwell_drw has 0 polygons
2026-07-11 03:47:16 +0200: Memory Usage (547388K) : pwell_pin has 0 polygons
2026-07-11 03:47:16 +0200: Memory Usage (547388K) : pwell_block has 6 polygons
2026-07-11 03:47:16 +0200: Memory Usage (547388K) : ic_drw has 0 polygons
2026-07-11 03:47:16 +0200: Memory Usage (547388K) : via3_drw has 165845 polygons
2026-07-11 03:47:16 +0200: Memory Usage (547388K) : metal4_drw has 123478 polygons
2026-07-11 03:47:16 +0200: Memory Usage (547388K) : metal4_pin has 16630 polygons
2026-07-11 03:47:16 +0200: Memory Usage (547388K) : metal4_mask has 0 polygons
2026-07-11 03:47:16 +0200: Memory Usage (547388K) : metal4_filler has 14002 polygons
2026-07-11 03:47:16 +0200: Memory Usage (547388K) : metal4_nofill has 0 polygons
2026-07-11 03:47:16 +0200: Memory Usage (547388K) : metal4_slit has 0 polygons
2026-07-11 03:47:16 +0200: Memory Usage (547388K) : metal4_text has 8424 polygons
2026-07-11 03:47:16 +0200: Memory Usage (547388K) : metal4_opc has 0 polygons
2026-07-11 03:47:16 +0200: Memory Usage (547388K) : metal4_noqrc has 0 polygons
2026-07-11 03:47:16 +0200: Memory Usage (547388K) : metal4_res has 0 polygons
2026-07-11 03:47:16 +0200: Memory Usage (547388K) : metal4_iprobe has 0 polygons
2026-07-11 03:47:16 +0200: Memory Usage (547388K) : metal4_diffprb has 0 polygons
2026-07-11 03:47:16 +0200: Memory Usage (547388K) : heattrans_drw has 856 polygons
2026-07-11 03:47:16 +0200: Memory Usage (547388K) : heatres_drw has 36 polygons
2026-07-11 03:47:16 +0200: Memory Usage (547388K) : pempoly_drw has 0 polygons
2026-07-11 03:47:16 +0200: Memory Usage (547388K) : fbe_drw has 0 polygons
2026-07-11 03:47:16 +0200: Memory Usage (547388K) : empoly_drw has 0 polygons
2026-07-11 03:47:16 +0200: Memory Usage (547388K) : ldmos_drw has 0 polygons
2026-07-11 03:47:16 +0200: Memory Usage (547388K) : pbiwind_drw has 0 polygons
2026-07-11 03:47:16 +0200: Memory Usage (547388K) : digisub_drw has 0 polygons
2026-07-11 03:47:16 +0200: Memory Usage (547388K) : nodrc_drw has 0 polygons
2026-07-11 03:47:16 +0200: Memory Usage (547388K) : text_drw has 607 polygons
2026-07-11 03:47:16 +0200: Memory Usage (547388K) : via4_drw has 0 polygons
2026-07-11 03:47:16 +0200: Memory Usage (547388K) : metal5_drw has 0 polygons
2026-07-11 03:47:16 +0200: Memory Usage (547388K) : metal5_pin has 0 polygons
2026-07-11 03:47:16 +0200: Memory Usage (547388K) : metal5_mask has 0 polygons
2026-07-11 03:47:16 +0200: Memory Usage (547388K) : metal5_filler has 0 polygons
2026-07-11 03:47:16 +0200: Memory Usage (547388K) : metal5_nofill has 0 polygons
2026-07-11 03:47:16 +0200: Memory Usage (547388K) : metal5_slit has 0 polygons
2026-07-11 03:47:16 +0200: Memory Usage (547388K) : metal5_text has 0 polygons
2026-07-11 03:47:16 +0200: Memory Usage (547388K) : metal5_opc has 0 polygons
2026-07-11 03:47:16 +0200: Memory Usage (547388K) : metal5_noqrc has 0 polygons
2026-07-11 03:47:16 +0200: Memory Usage (547388K) : metal5_res has 0 polygons
2026-07-11 03:47:16 +0200: Memory Usage (547388K) : metal5_iprobe has 0 polygons
2026-07-11 03:47:16 +0200: Memory Usage (547388K) : metal5_diffprb has 0 polygons
2026-07-11 03:47:16 +0200: Memory Usage (547388K) : radhard_drw has 0 polygons
2026-07-11 03:47:16 +0200: Memory Usage (547388K) : memcap_drw has 0 polygons
2026-07-11 03:47:16 +0200: Memory Usage (547388K) : varicap_drw has 0 polygons
2026-07-11 03:47:16 +0200: Memory Usage (547388K) : flash_drw has 0 polygons
2026-07-11 03:47:16 +0200: Memory Usage (547388K) : intbondvia_drw has 0 polygons
2026-07-11 03:47:16 +0200: Memory Usage (547388K) : intbondmet_drw has 0 polygons
2026-07-11 03:47:16 +0200: Memory Usage (547388K) : devbondvia_drw has 0 polygons
2026-07-11 03:47:16 +0200: Memory Usage (547388K) : devbondmet_drw has 0 polygons
2026-07-11 03:47:16 +0200: Memory Usage (547388K) : devtrench_drw has 0 polygons
2026-07-11 03:47:16 +0200: Memory Usage (547388K) : redist_drw has 0 polygons
2026-07-11 03:47:16 +0200: Memory Usage (547388K) : graphbot_drw has 0 polygons
2026-07-11 03:47:16 +0200: Memory Usage (547388K) : graphtop_drw has 0 polygons
2026-07-11 03:47:16 +0200: Memory Usage (547388K) : antvia1_drw has 0 polygons
2026-07-11 03:47:16 +0200: Memory Usage (547388K) : antmetal2_drw has 0 polygons
2026-07-11 03:47:16 +0200: Memory Usage (547388K) : graphcont_drw has 0 polygons
2026-07-11 03:47:16 +0200: Memory Usage (547388K) : siwg_drw has 0 polygons
2026-07-11 03:47:16 +0200: Memory Usage (547388K) : siwg_filler has 0 polygons
2026-07-11 03:47:16 +0200: Memory Usage (547388K) : siwg_nofill has 0 polygons
2026-07-11 03:47:16 +0200: Memory Usage (547388K) : sigrating_drw has 0 polygons
2026-07-11 03:47:16 +0200: Memory Usage (547388K) : singrating_drw has 0 polygons
2026-07-11 03:47:16 +0200: Memory Usage (547388K) : graphpas_drw has 0 polygons
2026-07-11 03:47:16 +0200: Memory Usage (547388K) : emwind3_drw has 0 polygons
2026-07-11 03:47:16 +0200: Memory Usage (547388K) : emwihv3_drw has 0 polygons
2026-07-11 03:47:16 +0200: Memory Usage (547388K) : redbulay_drw has 0 polygons
2026-07-11 03:47:16 +0200: Memory Usage (547388K) : smos_drw has 0 polygons
2026-07-11 03:47:16 +0200: Memory Usage (547388K) : graphpad_drw has 0 polygons
2026-07-11 03:47:16 +0200: Memory Usage (547388K) : polimide_drw has 0 polygons
2026-07-11 03:47:16 +0200: Memory Usage (547388K) : polimide_pin has 0 polygons
2026-07-11 03:47:16 +0200: Memory Usage (547388K) : recog_drw has 0 polygons
2026-07-11 03:47:16 +0200: Memory Usage (547516K) : recog_pin has 0 polygons
2026-07-11 03:47:16 +0200: Memory Usage (547516K) : recog_esd has 0 polygons
2026-07-11 03:47:16 +0200: Memory Usage (547516K) : recog_diode has 113 polygons
2026-07-11 03:47:16 +0200: Memory Usage (547516K) : recog_tsv has 0 polygons
2026-07-11 03:47:16 +0200: Memory Usage (547644K) : recog_iprobe has 0 polygons
2026-07-11 03:47:16 +0200: Memory Usage (547644K) : recog_diffprb has 0 polygons
2026-07-11 03:47:16 +0200: Memory Usage (547644K) : recog_pillar has 0 polygons
2026-07-11 03:47:16 +0200: Memory Usage (547772K) : recog_sbump has 0 polygons
2026-07-11 03:47:16 +0200: Memory Usage (547772K) : recog_otp has 0 polygons
2026-07-11 03:47:16 +0200: Memory Usage (547772K) : recog_pdiode has 0 polygons
2026-07-11 03:47:16 +0200: Memory Usage (547900K) : recog_mom has 8198 polygons
2026-07-11 03:47:16 +0200: Memory Usage (547900K) : recog_pcm has 0 polygons
2026-07-11 03:47:16 +0200: Memory Usage (547900K) : colopen_drw has 0 polygons
2026-07-11 03:47:16 +0200: Memory Usage (547900K) : graphmetal1_drw has 0 polygons
2026-07-11 03:47:16 +0200: Memory Usage (548028K) : graphmetal1_filler has 0 polygons
2026-07-11 03:47:16 +0200: Memory Usage (548028K) : graphmetal1_nofill has 0 polygons
2026-07-11 03:47:16 +0200: Memory Usage (548028K) : graphmetal1_slit has 0 polygons
2026-07-11 03:47:16 +0200: Memory Usage (548156K) : graphmetal1_opc has 0 polygons
2026-07-11 03:47:16 +0200: Memory Usage (548156K) : graphmet1l_drw has 0 polygons
2026-07-11 03:47:16 +0200: Memory Usage (548156K) : graphmet1l_filler has 0 polygons
2026-07-11 03:47:16 +0200: Memory Usage (548156K) : graphmet1l_nofill has 0 polygons
2026-07-11 03:47:16 +0200: Memory Usage (548284K) : graphmet1l_slit has 0 polygons
2026-07-11 03:47:16 +0200: Memory Usage (548284K) : graphmet1l_opc has 0 polygons
2026-07-11 03:47:16 +0200: Memory Usage (548284K) : extblock_drw has 145 polygons
2026-07-11 03:47:16 +0200: Memory Usage (548412K) : nldd_drw has 0 polygons
2026-07-11 03:47:16 +0200: Memory Usage (548412K) : pldd_drw has 0 polygons
2026-07-11 03:47:16 +0200: Memory Usage (548412K) : next_drw has 0 polygons
2026-07-11 03:47:16 +0200: Memory Usage (548540K) : pext_drw has 0 polygons
2026-07-11 03:47:16 +0200: Memory Usage (548540K) : nexthv_drw has 0 polygons
2026-07-11 03:47:16 +0200: Memory Usage (548540K) : pexthv_drw has 0 polygons
2026-07-11 03:47:16 +0200: Memory Usage (548540K) : graphgate_drw has 0 polygons
2026-07-11 03:47:16 +0200: Memory Usage (548668K) : sinwg_drw has 0 polygons
2026-07-11 03:47:16 +0200: Memory Usage (548668K) : sinwg_filler has 0 polygons
2026-07-11 03:47:16 +0200: Memory Usage (548668K) : sinwg_nofill has 0 polygons
2026-07-11 03:47:16 +0200: Memory Usage (548796K) : mempad_drw has 0 polygons
2026-07-11 03:47:16 +0200: Memory Usage (548924K) : topvia1_drw has 56700 polygons
2026-07-11 03:47:16 +0200: Memory Usage (549052K) : topmetal1_drw has 201 polygons
2026-07-11 03:47:16 +0200: Memory Usage (549180K) : topmetal1_pin has 168 polygons
2026-07-11 03:47:16 +0200: Memory Usage (549180K) : topmetal1_mask has 0 polygons
2026-07-11 03:47:16 +0200: Memory Usage (549180K) : topmetal1_filler has 3600 polygons
2026-07-11 03:47:16 +0200: Memory Usage (549308K) : topmetal1_nofill has 0 polygons
2026-07-11 03:47:16 +0200: Memory Usage (549308K) : topmetal1_slit has 0 polygons
2026-07-11 03:47:16 +0200: Memory Usage (549436K) : topmetal1_text has 168 polygons
2026-07-11 03:47:16 +0200: Memory Usage (549436K) : topmetal1_noqrc has 0 polygons
2026-07-11 03:47:16 +0200: Memory Usage (549436K) : topmetal1_res has 0 polygons
2026-07-11 03:47:16 +0200: Memory Usage (549564K) : topmetal1_iprobe has 0 polygons
2026-07-11 03:47:16 +0200: Memory Usage (549564K) : topmetal1_diffprb has 0 polygons
2026-07-11 03:47:16 +0200: Memory Usage (549692K) : inldpwl_drw has 0 polygons
2026-07-11 03:47:16 +0200: Memory Usage (549692K) : polyres_drw has 36 polygons
2026-07-11 03:47:16 +0200: Memory Usage (549692K) : polyres_pin has 0 polygons
2026-07-11 03:47:16 +0200: Memory Usage (549820K) : vmim_drw has 0 polygons
2026-07-11 03:47:16 +0200: Memory Usage (549820K) : nbulaycut_drw has 0 polygons
2026-07-11 03:47:16 +0200: Memory Usage (549820K) : antmetal1_drw has 0 polygons
2026-07-11 03:47:16 +0200: Memory Usage (549948K) : topvia2_drw has 0 polygons
2026-07-11 03:47:16 +0200: Memory Usage (549948K) : topmetal2_drw has 0 polygons
2026-07-11 03:47:16 +0200: Memory Usage (550076K) : topmetal2_pin has 0 polygons
2026-07-11 03:47:16 +0200: Memory Usage (550076K) : topmetal2_mask has 0 polygons
2026-07-11 03:47:16 +0200: Memory Usage (550076K) : topmetal2_filler has 0 polygons
2026-07-11 03:47:16 +0200: Memory Usage (550204K) : topmetal2_nofill has 0 polygons
2026-07-11 03:47:16 +0200: Memory Usage (550204K) : topmetal2_slit has 0 polygons
2026-07-11 03:47:16 +0200: Memory Usage (550332K) : topmetal2_text has 0 polygons
2026-07-11 03:47:16 +0200: Memory Usage (550332K) : topmetal2_noqrc has 0 polygons
2026-07-11 03:47:16 +0200: Memory Usage (550332K) : topmetal2_res has 0 polygons
2026-07-11 03:47:16 +0200: Memory Usage (550460K) : topmetal2_iprobe has 0 polygons
2026-07-11 03:47:16 +0200: Memory Usage (550460K) : topmetal2_diffprb has 0 polygons
2026-07-11 03:47:16 +0200: Memory Usage (550588K) : snsring_drw has 0 polygons
2026-07-11 03:47:16 +0200: Memory Usage (550588K) : sensor_drw has 0 polygons
2026-07-11 03:47:16 +0200: Memory Usage (550588K) : snsarms_drw has 0 polygons
2026-07-11 03:47:16 +0200: Memory Usage (550716K) : snscmosvia_drw has 0 polygons
2026-07-11 03:47:16 +0200: Memory Usage (550716K) : colwind_drw has 0 polygons
2026-07-11 03:47:16 +0200: Memory Usage (550844K) : flm_drw has 0 polygons
2026-07-11 03:47:16 +0200: Memory Usage (550844K) : hafniumox_drw has 0 polygons
2026-07-11 03:47:16 +0200: Memory Usage (550844K) : memvia_drw has 0 polygons
2026-07-11 03:47:16 +0200: Memory Usage (550972K) : thinfilmres_drw has 0 polygons
2026-07-11 03:47:16 +0200: Memory Usage (550972K) : rfmem_drw has 0 polygons
2026-07-11 03:47:16 +0200: Memory Usage (551100K) : norcx_drw has 0 polygons
2026-07-11 03:47:16 +0200: Memory Usage (551100K) : norcx_m2m3 has 0 polygons
2026-07-11 03:47:16 +0200: Memory Usage (551100K) : norcx_m2m4 has 0 polygons
2026-07-11 03:47:16 +0200: Memory Usage (551228K) : norcx_m2m5 has 0 polygons
2026-07-11 03:47:16 +0200: Memory Usage (551228K) : norcx_m2tm1 has 0 polygons
2026-07-11 03:47:16 +0200: Memory Usage (551356K) : norcx_m2tm2 has 0 polygons
2026-07-11 03:47:16 +0200: Memory Usage (551356K) : norcx_m3m4 has 0 polygons
2026-07-11 03:47:16 +0200: Memory Usage (551356K) : norcx_m3m5 has 0 polygons
2026-07-11 03:47:16 +0200: Memory Usage (551484K) : norcx_m3tm1 has 0 polygons
2026-07-11 03:47:16 +0200: Memory Usage (551484K) : norcx_m3tm2 has 0 polygons
2026-07-11 03:47:16 +0200: Memory Usage (551484K) : norcx_m4m5 has 0 polygons
2026-07-11 03:47:16 +0200: Memory Usage (551612K) : norcx_m4tm1 has 0 polygons
2026-07-11 03:47:16 +0200: Memory Usage (551612K) : norcx_m4tm2 has 0 polygons
2026-07-11 03:47:16 +0200: Memory Usage (551740K) : norcx_m5tm1 has 0 polygons
2026-07-11 03:47:16 +0200: Memory Usage (551740K) : norcx_m5tm2 has 0 polygons
2026-07-11 03:47:16 +0200: Memory Usage (551868K) : norcx_tm1tm2 has 0 polygons
2026-07-11 03:47:16 +0200: Memory Usage (551868K) : norcx_m1sub has 0 polygons
2026-07-11 03:47:16 +0200: Memory Usage (551868K) : norcx_m2sub has 0 polygons
2026-07-11 03:47:16 +0200: Memory Usage (551996K) : norcx_m3sub has 0 polygons
2026-07-11 03:47:16 +0200: Memory Usage (551996K) : norcx_m4sub has 0 polygons
2026-07-11 03:47:16 +0200: Memory Usage (551996K) : norcx_m5sub has 0 polygons
2026-07-11 03:47:16 +0200: Memory Usage (552124K) : norcx_tm1sub has 0 polygons
2026-07-11 03:47:16 +0200: Memory Usage (552124K) : norcx_tm2sub has 0 polygons
2026-07-11 03:47:16 +0200: Memory Usage (552252K) : snsbotvia_drw has 0 polygons
2026-07-11 03:47:16 +0200: Memory Usage (552252K) : snstopvia_drw has 0 polygons
2026-07-11 03:47:16 +0200: Memory Usage (552252K) : deepvia_drw has 0 polygons
2026-07-11 03:47:16 +0200: Memory Usage (552380K) : fgetch_drw has 0 polygons
2026-07-11 03:47:16 +0200: Memory Usage (552380K) : ctrgat_drw has 0 polygons
2026-07-11 03:47:16 +0200: Memory Usage (552508K) : fgimp_drw has 0 polygons
2026-07-11 03:47:16 +0200: Memory Usage (552508K) : emwihv_drw has 0 polygons
2026-07-11 03:47:16 +0200: Memory Usage (552508K) : lbe_drw has 0 polygons
2026-07-11 03:47:16 +0200: Memory Usage (552636K) : alcustop_drw has 0 polygons
2026-07-11 03:47:16 +0200: Memory Usage (552636K) : nometfiller_drw has 1 polygons
2026-07-11 03:47:16 +0200: Memory Usage (552764K) : prboundary_drw has 0 polygons
2026-07-11 03:47:16 +0200: Memory Usage (552764K) : exchange0_drw has 0 polygons
2026-07-11 03:47:16 +0200: Memory Usage (552764K) : exchange0_pin has 0 polygons
2026-07-11 03:47:16 +0200: Memory Usage (552892K) : exchange0_text has 0 polygons
2026-07-11 03:47:16 +0200: Memory Usage (552892K) : exchange1_drw has 0 polygons
2026-07-11 03:47:16 +0200: Memory Usage (552892K) : exchange1_pin has 0 polygons
2026-07-11 03:47:16 +0200: Memory Usage (553020K) : exchange1_text has 0 polygons
2026-07-11 03:47:16 +0200: Memory Usage (553020K) : exchange2_drw has 0 polygons
2026-07-11 03:47:16 +0200: Memory Usage (553148K) : exchange2_pin has 0 polygons
2026-07-11 03:47:16 +0200: Memory Usage (553148K) : exchange2_text has 0 polygons
2026-07-11 03:47:16 +0200: Memory Usage (553148K) : exchange3_drw has 0 polygons
2026-07-11 03:47:16 +0200: Memory Usage (553276K) : exchange3_pin has 0 polygons
2026-07-11 03:47:16 +0200: Memory Usage (553276K) : exchange3_text has 0 polygons
2026-07-11 03:47:16 +0200: Memory Usage (553404K) : exchange4_drw has 0 polygons
2026-07-11 03:47:16 +0200: Memory Usage (553404K) : exchange4_pin has 0 polygons
2026-07-11 03:47:16 +0200: Memory Usage (553404K) : exchange4_text has 0 polygons
2026-07-11 03:47:16 +0200: Memory Usage (553532K) : isonwell_drw has 0 polygons
2026-07-11 03:47:16 +0200: Memory Usage (553532K) : Total no. of polygons in the design is 2727981
2026-07-11 03:47:16 +0200: Memory Usage (553532K) : Loaded TECH DRC rules values from /foss/pdks/ihp-sg13cmos5l/libs.tech/klayout/python/sg13cmos5l_pycell_lib/sg13cmos5l_tech_mod.json
2026-07-11 03:47:16 +0200: Memory Usage (553532K) : Loaded default DRC rules values from /foss/pdks/ihp-sg13cmos5l/libs.tech/klayout/tech/drc/rule_decks/sg13cmos5l_tech_default.json
2026-07-11 03:47:16 +0200: Memory Usage (554832K) : Total area of the design is 1102500.0 um^2.
2026-07-11 03:47:16 +0200: Memory Usage (554832K) : The design dimensions are 1050.0 um * 1050.0 um.
2026-07-11 03:47:16 +0200: Memory Usage (554832K) : Starting general IHP-SG13CMOS5L derivations.
2026-07-11 03:47:16 +0200: Memory Usage (554832K) : Starting Pwell derivations
2026-07-11 03:47:16 +0200: Memory Usage (557556K) : Starting IHP-SG13CMOS5L DRC rules.
2026-07-11 03:47:16 +0200: Memory Usage (557556K) : Starting 6.10 Sealring table
2026-07-11 03:47:16 +0200: Memory Usage (557556K) : Tiling mode is enabled for Seal.l rule.
2026-07-11 03:47:16 +0200: Memory Usage (557556K) : Executing rule Seal.l
2026-07-11 03:47:21 +0200: Memory Usage (700372K) : deep mode is enabled after Seal.l rule.
2026-07-11 03:47:21 +0200: Memory Usage (700372K) : Executing rule Seal.n
2026-07-11 03:47:21 +0200: Memory Usage (700684K) : Executing rule seal.b_metal1
2026-07-11 03:47:21 +0200: Memory Usage (701196K) : Executing rule seal.b_metal2
2026-07-11 03:47:21 +0200: Memory Usage (701452K) : Executing rule seal.b_metal3
2026-07-11 03:47:21 +0200: Memory Usage (701188K) : Executing rule seal.b_metal4
2026-07-11 03:47:21 +0200: Memory Usage (701316K) : Executing rule seal.b_topmetal1
2026-07-11 03:47:21 +0200: Memory Usage (701700K) : Executing rule seal.b_activ
2026-07-11 03:47:21 +0200: Memory Usage (701572K) : Executing rule seal.b_psd
2026-07-11 03:47:21 +0200: Memory Usage (701696K) : Executing rule Seal.k
2026-07-11 03:47:21 +0200: Memory Usage (708632K) : Executing rule Seal.m
2026-07-11 03:47:21 +0200: Memory Usage (708632K) : KLayout DRC run for tables 'sealring' completed in 5.69 seconds
