# Logfile created on 2026-07-11 03:25:16 +0200 by logger.rb/v1.5.3
2026-07-11 03:25:16 +0200: Memory Usage (525080K) : Starting running IHP-SG13CMOS5L KLayout DRC runset on /foss/designs/adc8b/IHP__MSPHY9932/release/v.1.0.0/gds/MSPHY9932.gds
2026-07-11 03:25:16 +0200: Memory Usage (525080K) : Ruby Version for klayout: 3.2.3
2026-07-11 03:25:16 +0200: Memory Usage (529816K) : Loading database to memory is complete.
2026-07-11 03:25:16 +0200: Memory Usage (529816K) : IHP-SG13CMOS5L KLayout DRC runset output at: /foss/designs/adc8b/IHP__MSPHY9932/release/v.1.0.0/drc/MSPHY9932_MSPHY9932_cont.lyrdb
2026-07-11 03:25:16 +0200: Memory Usage (529944K) : Evaluate switches.
2026-07-11 03:25:16 +0200: Memory Usage (529944K) : tables selected: cont
2026-07-11 03:25:16 +0200: Memory Usage (529944K) : KLayout will use 16 thread(s) in tiled mode.
2026-07-11 03:25:16 +0200: Memory Usage (529944K) : deep mode is enabled.
2026-07-11 03:25:16 +0200: Memory Usage (529944K) : FEOL enabled: false
2026-07-11 03:25:16 +0200: Memory Usage (529944K) : BEOL enabled: false
2026-07-11 03:25:16 +0200: Memory Usage (529944K) : OFFGRID enabled: true
2026-07-11 03:25:16 +0200: Memory Usage (529944K) : ANGLE enabled: true
2026-07-11 03:25:16 +0200: Memory Usage (529944K) : PIN enabled: false
2026-07-11 03:25:16 +0200: Memory Usage (529944K) : FORBIDDEN enabled: false
2026-07-11 03:25:16 +0200: Memory Usage (529944K) : RECOMMENDED enabled: true
2026-07-11 03:25:16 +0200: Memory Usage (529944K) : PreCheck DRC enabled: false
2026-07-11 03:25:16 +0200: Memory Usage (529944K) : CONNECTIVITY_RULES enabled: false.
2026-07-11 03:25:16 +0200: Memory Usage (529944K) : Read in polygons from layers.
2026-07-11 03:25:16 +0200: Memory Usage (531404K) : activ_drw has 4847 polygons
2026-07-11 03:25:16 +0200: Memory Usage (531532K) : activ_pin has 0 polygons
2026-07-11 03:25:16 +0200: Memory Usage (531532K) : activ_mask has 0 polygons
2026-07-11 03:25:16 +0200: Memory Usage (531660K) : activ_filler has 0 polygons
2026-07-11 03:25:16 +0200: Memory Usage (531660K) : activ_nofill has 0 polygons
2026-07-11 03:25:16 +0200: Memory Usage (531788K) : activ_opc has 0 polygons
2026-07-11 03:25:16 +0200: Memory Usage (531788K) : activ_iopc has 0 polygons
2026-07-11 03:25:16 +0200: Memory Usage (531916K) : activ_noqrc has 0 polygons
2026-07-11 03:25:16 +0200: Memory Usage (531916K) : biwind_drw has 0 polygons
2026-07-11 03:25:16 +0200: Memory Usage (531916K) : biwind_opc has 0 polygons
2026-07-11 03:25:16 +0200: Memory Usage (532044K) : pemwind_drw has 0 polygons
2026-07-11 03:25:16 +0200: Memory Usage (532044K) : gatpoly_drw has 4112 polygons
2026-07-11 03:25:16 +0200: Memory Usage (532300K) : gatpoly_pin has 65 polygons
2026-07-11 03:25:16 +0200: Memory Usage (532300K) : gatpoly_filler has 0 polygons
2026-07-11 03:25:16 +0200: Memory Usage (532428K) : gatpoly_nofill has 0 polygons
2026-07-11 03:25:16 +0200: Memory Usage (532428K) : gatpoly_opc has 0 polygons
2026-07-11 03:25:16 +0200: Memory Usage (532428K) : gatpoly_iopc has 0 polygons
2026-07-11 03:25:16 +0200: Memory Usage (532556K) : gatpoly_noqrc has 0 polygons
2026-07-11 03:25:16 +0200: Memory Usage (540364K) : cont_drw has 1640232 polygons
2026-07-11 03:25:16 +0200: Memory Usage (540364K) : cont_opc has 0 polygons
2026-07-11 03:25:16 +0200: Memory Usage (540364K) : nsd_drw has 0 polygons
2026-07-11 03:25:16 +0200: Memory Usage (540364K) : nsd_block has 0 polygons
2026-07-11 03:25:16 +0200: Memory Usage (540364K) : metal1_drw has 39512 polygons
2026-07-11 03:25:16 +0200: Memory Usage (540364K) : metal1_pin has 18610 polygons
2026-07-11 03:25:16 +0200: Memory Usage (540364K) : metal1_mask has 0 polygons
2026-07-11 03:25:16 +0200: Memory Usage (540364K) : metal1_filler has 0 polygons
2026-07-11 03:25:16 +0200: Memory Usage (540364K) : metal1_nofill has 0 polygons
2026-07-11 03:25:16 +0200: Memory Usage (540364K) : metal1_slit has 0 polygons
2026-07-11 03:25:16 +0200: Memory Usage (540492K) : metal1_text has 10091 polygons
2026-07-11 03:25:16 +0200: Memory Usage (540492K) : metal1_opc has 0 polygons
2026-07-11 03:25:16 +0200: Memory Usage (540492K) : metal1_noqrc has 0 polygons
2026-07-11 03:25:16 +0200: Memory Usage (540492K) : metal1_res has 0 polygons
2026-07-11 03:25:16 +0200: Memory Usage (540492K) : metal1_iprobe has 0 polygons
2026-07-11 03:25:16 +0200: Memory Usage (540492K) : metal1_diffprb has 0 polygons
2026-07-11 03:25:16 +0200: Memory Usage (540492K) : passiv_drw has 32 polygons
2026-07-11 03:25:16 +0200: Memory Usage (540492K) : passiv_pin has 0 polygons
2026-07-11 03:25:16 +0200: Memory Usage (540492K) : passiv_sbump has 0 polygons
2026-07-11 03:25:16 +0200: Memory Usage (540492K) : passiv_pillar has 0 polygons
2026-07-11 03:25:16 +0200: Memory Usage (540492K) : passiv_pdl has 0 polygons
2026-07-11 03:25:16 +0200: Memory Usage (540492K) : metal2_drw has 129019 polygons
2026-07-11 03:25:16 +0200: Memory Usage (540492K) : metal2_pin has 642 polygons
2026-07-11 03:25:16 +0200: Memory Usage (540492K) : metal2_mask has 0 polygons
2026-07-11 03:25:16 +0200: Memory Usage (540492K) : metal2_filler has 0 polygons
2026-07-11 03:25:16 +0200: Memory Usage (540492K) : metal2_nofill has 0 polygons
2026-07-11 03:25:16 +0200: Memory Usage (540492K) : metal2_slit has 0 polygons
2026-07-11 03:25:16 +0200: Memory Usage (540492K) : metal2_text has 642 polygons
2026-07-11 03:25:16 +0200: Memory Usage (540492K) : metal2_opc has 0 polygons
2026-07-11 03:25:16 +0200: Memory Usage (540492K) : metal2_noqrc has 0 polygons
2026-07-11 03:25:16 +0200: Memory Usage (540492K) : metal2_res has 0 polygons
2026-07-11 03:25:16 +0200: Memory Usage (540492K) : metal2_iprobe has 0 polygons
2026-07-11 03:25:16 +0200: Memory Usage (540492K) : metal2_diffprb has 0 polygons
2026-07-11 03:25:16 +0200: Memory Usage (540748K) : baspoly_drw has 0 polygons
2026-07-11 03:25:16 +0200: Memory Usage (540748K) : baspoly_pin has 0 polygons
2026-07-11 03:25:16 +0200: Memory Usage (540748K) : psd_drw has 1819 polygons
2026-07-11 03:25:16 +0200: Memory Usage (540748K) : nldb_drw has 0 polygons
2026-07-11 03:25:16 +0200: Memory Usage (540748K) : digibnd_drw has 0 polygons
2026-07-11 03:25:16 +0200: Memory Usage (540876K) : via1_drw has 61293 polygons
2026-07-11 03:25:16 +0200: Memory Usage (541004K) : backmetal1_drw has 0 polygons
2026-07-11 03:25:16 +0200: Memory Usage (541132K) : backmetal1_pin has 0 polygons
2026-07-11 03:25:16 +0200: Memory Usage (541132K) : backmetal1_mask has 0 polygons
2026-07-11 03:25:16 +0200: Memory Usage (541260K) : backmetal1_filler has 0 polygons
2026-07-11 03:25:16 +0200: Memory Usage (541260K) : backmetal1_nofill has 0 polygons
2026-07-11 03:25:16 +0200: Memory Usage (541260K) : backmetal1_slit has 0 polygons
2026-07-11 03:25:16 +0200: Memory Usage (541388K) : backmetal1_text has 0 polygons
2026-07-11 03:25:16 +0200: Memory Usage (541516K) : backmetal1_opc has 0 polygons
2026-07-11 03:25:16 +0200: Memory Usage (541516K) : backmetal1_noqrc has 0 polygons
2026-07-11 03:25:16 +0200: Memory Usage (541644K) : backmetal1_res has 0 polygons
2026-07-11 03:25:16 +0200: Memory Usage (541644K) : backmetal1_iprobe has 0 polygons
2026-07-11 03:25:16 +0200: Memory Usage (541772K) : backmetal1_diffprb has 0 polygons
2026-07-11 03:25:16 +0200: Memory Usage (541772K) : backpassiv_drw has 0 polygons
2026-07-11 03:25:16 +0200: Memory Usage (541900K) : res_drw has 0 polygons
2026-07-11 03:25:16 +0200: Memory Usage (541900K) : sram_drw has 0 polygons
2026-07-11 03:25:16 +0200: Memory Usage (542028K) : trans_drw has 0 polygons
2026-07-11 03:25:16 +0200: Memory Usage (542028K) : ind_drw has 0 polygons
2026-07-11 03:25:16 +0200: Memory Usage (542028K) : ind_pin has 0 polygons
2026-07-11 03:25:16 +0200: Memory Usage (542156K) : ind_text has 0 polygons
2026-07-11 03:25:16 +0200: Memory Usage (542284K) : salblock_drw has 55 polygons
2026-07-11 03:25:16 +0200: Memory Usage (543180K) : via2_drw has 170273 polygons
2026-07-11 03:25:16 +0200: Memory Usage (543308K) : metal3_drw has 126558 polygons
2026-07-11 03:25:16 +0200: Memory Usage (543436K) : metal3_pin has 342 polygons
2026-07-11 03:25:16 +0200: Memory Usage (543564K) : metal3_mask has 0 polygons
2026-07-11 03:25:16 +0200: Memory Usage (543564K) : metal3_filler has 0 polygons
2026-07-11 03:25:16 +0200: Memory Usage (543692K) : metal3_nofill has 0 polygons
2026-07-11 03:25:16 +0200: Memory Usage (543692K) : metal3_slit has 0 polygons
2026-07-11 03:25:16 +0200: Memory Usage (543820K) : metal3_text has 342 polygons
2026-07-11 03:25:16 +0200: Memory Usage (543820K) : metal3_opc has 0 polygons
2026-07-11 03:25:16 +0200: Memory Usage (543820K) : metal3_noqrc has 0 polygons
2026-07-11 03:25:16 +0200: Memory Usage (543948K) : metal3_res has 0 polygons
2026-07-11 03:25:16 +0200: Memory Usage (543948K) : metal3_iprobe has 0 polygons
2026-07-11 03:25:16 +0200: Memory Usage (544076K) : metal3_diffprb has 0 polygons
2026-07-11 03:25:16 +0200: Memory Usage (544204K) : nwell_drw has 900 polygons
2026-07-11 03:25:16 +0200: Memory Usage (544204K) : nwell_pin has 1 polygons
2026-07-11 03:25:16 +0200: Memory Usage (544332K) : nbulay_drw has 0 polygons
2026-07-11 03:25:16 +0200: Memory Usage (544460K) : nbulay_pin has 0 polygons
2026-07-11 03:25:16 +0200: Memory Usage (544460K) : nbulay_block has 0 polygons
2026-07-11 03:25:16 +0200: Memory Usage (544588K) : emwind_drw has 0 polygons
2026-07-11 03:25:16 +0200: Memory Usage (544588K) : emwind_opc has 0 polygons
2026-07-11 03:25:16 +0200: Memory Usage (544588K) : deepco_drw has 0 polygons
2026-07-11 03:25:16 +0200: Memory Usage (544716K) : deepco_drw has 0 polygons
2026-07-11 03:25:16 +0200: Memory Usage (544716K) : mim_drw has 0 polygons
2026-07-11 03:25:16 +0200: Memory Usage (544844K) : edgeseal_drw has 24 polygons
2026-07-11 03:25:16 +0200: Memory Usage (544844K) : edgeseal_bound has 1 polygons
2026-07-11 03:25:16 +0200: Memory Usage (544972K) : substrate_drw has 818 polygons
2026-07-11 03:25:16 +0200: Memory Usage (544972K) : substrate_text has 0 polygons
2026-07-11 03:25:16 +0200: Memory Usage (545100K) : dfpad_drw has 20 polygons
2026-07-11 03:25:16 +0200: Memory Usage (545100K) : dfpad_pillar has 0 polygons
2026-07-11 03:25:16 +0200: Memory Usage (545100K) : dfpad_sbump has 0 polygons
2026-07-11 03:25:16 +0200: Memory Usage (545228K) : thickgateox_drw has 39 polygons
2026-07-11 03:25:16 +0200: Memory Usage (545228K) : pldb_drw has 0 polygons
2026-07-11 03:25:16 +0200: Memory Usage (545356K) : pwell_drw has 0 polygons
2026-07-11 03:25:16 +0200: Memory Usage (545484K) : pwell_pin has 0 polygons
2026-07-11 03:25:16 +0200: Memory Usage (545484K) : pwell_block has 6 polygons
2026-07-11 03:25:16 +0200: Memory Usage (545484K) : ic_drw has 0 polygons
2026-07-11 03:25:16 +0200: Memory Usage (546380K) : via3_drw has 165845 polygons
2026-07-11 03:25:16 +0200: Memory Usage (546636K) : metal4_drw has 123478 polygons
2026-07-11 03:25:16 +0200: Memory Usage (546636K) : metal4_pin has 16630 polygons
2026-07-11 03:25:16 +0200: Memory Usage (546764K) : metal4_mask has 0 polygons
2026-07-11 03:25:16 +0200: Memory Usage (546764K) : metal4_filler has 0 polygons
2026-07-11 03:25:16 +0200: Memory Usage (546892K) : metal4_nofill has 0 polygons
2026-07-11 03:25:16 +0200: Memory Usage (546892K) : metal4_slit has 0 polygons
2026-07-11 03:25:16 +0200: Memory Usage (547020K) : metal4_text has 8424 polygons
2026-07-11 03:25:16 +0200: Memory Usage (547020K) : metal4_opc has 0 polygons
2026-07-11 03:25:16 +0200: Memory Usage (547148K) : metal4_noqrc has 0 polygons
2026-07-11 03:25:16 +0200: Memory Usage (547148K) : metal4_res has 0 polygons
2026-07-11 03:25:16 +0200: Memory Usage (547148K) : metal4_iprobe has 0 polygons
2026-07-11 03:25:16 +0200: Memory Usage (547276K) : metal4_diffprb has 0 polygons
2026-07-11 03:25:16 +0200: Memory Usage (547276K) : heattrans_drw has 856 polygons
2026-07-11 03:25:16 +0200: Memory Usage (547404K) : heatres_drw has 36 polygons
2026-07-11 03:25:16 +0200: Memory Usage (547532K) : pempoly_drw has 0 polygons
2026-07-11 03:25:16 +0200: Memory Usage (547532K) : fbe_drw has 0 polygons
2026-07-11 03:25:16 +0200: Memory Usage (547660K) : empoly_drw has 0 polygons
2026-07-11 03:25:16 +0200: Memory Usage (547660K) : ldmos_drw has 0 polygons
2026-07-11 03:25:16 +0200: Memory Usage (547660K) : pbiwind_drw has 0 polygons
2026-07-11 03:25:16 +0200: Memory Usage (547788K) : digisub_drw has 0 polygons
2026-07-11 03:25:16 +0200: Memory Usage (547788K) : nodrc_drw has 0 polygons
2026-07-11 03:25:16 +0200: Memory Usage (547916K) : text_drw has 607 polygons
2026-07-11 03:25:16 +0200: Memory Usage (547916K) : via4_drw has 0 polygons
2026-07-11 03:25:16 +0200: Memory Usage (548044K) : metal5_drw has 0 polygons
2026-07-11 03:25:16 +0200: Memory Usage (548044K) : metal5_pin has 0 polygons
2026-07-11 03:25:16 +0200: Memory Usage (548044K) : metal5_mask has 0 polygons
2026-07-11 03:25:16 +0200: Memory Usage (548172K) : metal5_filler has 0 polygons
2026-07-11 03:25:16 +0200: Memory Usage (548300K) : metal5_nofill has 0 polygons
2026-07-11 03:25:16 +0200: Memory Usage (548300K) : metal5_slit has 0 polygons
2026-07-11 03:25:16 +0200: Memory Usage (548428K) : metal5_text has 0 polygons
2026-07-11 03:25:16 +0200: Memory Usage (548428K) : metal5_opc has 0 polygons
2026-07-11 03:25:16 +0200: Memory Usage (548556K) : metal5_noqrc has 0 polygons
2026-07-11 03:25:16 +0200: Memory Usage (548556K) : metal5_res has 0 polygons
2026-07-11 03:25:16 +0200: Memory Usage (548684K) : metal5_iprobe has 0 polygons
2026-07-11 03:25:16 +0200: Memory Usage (548684K) : metal5_diffprb has 0 polygons
2026-07-11 03:25:16 +0200: Memory Usage (548812K) : radhard_drw has 0 polygons
2026-07-11 03:25:16 +0200: Memory Usage (548812K) : memcap_drw has 0 polygons
2026-07-11 03:25:16 +0200: Memory Usage (548940K) : varicap_drw has 0 polygons
2026-07-11 03:25:16 +0200: Memory Usage (548940K) : flash_drw has 0 polygons
2026-07-11 03:25:16 +0200: Memory Usage (548940K) : intbondvia_drw has 0 polygons
2026-07-11 03:25:16 +0200: Memory Usage (549068K) : intbondmet_drw has 0 polygons
2026-07-11 03:25:16 +0200: Memory Usage (549068K) : devbondvia_drw has 0 polygons
2026-07-11 03:25:16 +0200: Memory Usage (549196K) : devbondmet_drw has 0 polygons
2026-07-11 03:25:16 +0200: Memory Usage (549196K) : devtrench_drw has 0 polygons
2026-07-11 03:25:16 +0200: Memory Usage (549324K) : redist_drw has 0 polygons
2026-07-11 03:25:16 +0200: Memory Usage (549324K) : graphbot_drw has 0 polygons
2026-07-11 03:25:16 +0200: Memory Usage (549324K) : graphtop_drw has 0 polygons
2026-07-11 03:25:16 +0200: Memory Usage (549452K) : antvia1_drw has 0 polygons
2026-07-11 03:25:16 +0200: Memory Usage (549452K) : antmetal2_drw has 0 polygons
2026-07-11 03:25:16 +0200: Memory Usage (549452K) : graphcont_drw has 0 polygons
2026-07-11 03:25:16 +0200: Memory Usage (549580K) : siwg_drw has 0 polygons
2026-07-11 03:25:16 +0200: Memory Usage (549580K) : siwg_filler has 0 polygons
2026-07-11 03:25:16 +0200: Memory Usage (549580K) : siwg_nofill has 0 polygons
2026-07-11 03:25:16 +0200: Memory Usage (549580K) : sigrating_drw has 0 polygons
2026-07-11 03:25:16 +0200: Memory Usage (549708K) : singrating_drw has 0 polygons
2026-07-11 03:25:16 +0200: Memory Usage (549708K) : graphpas_drw has 0 polygons
2026-07-11 03:25:16 +0200: Memory Usage (549708K) : emwind3_drw has 0 polygons
2026-07-11 03:25:16 +0200: Memory Usage (549836K) : emwihv3_drw has 0 polygons
2026-07-11 03:25:16 +0200: Memory Usage (549836K) : redbulay_drw has 0 polygons
2026-07-11 03:25:16 +0200: Memory Usage (549836K) : smos_drw has 0 polygons
2026-07-11 03:25:16 +0200: Memory Usage (549964K) : graphpad_drw has 0 polygons
2026-07-11 03:25:16 +0200: Memory Usage (549964K) : polimide_drw has 0 polygons
2026-07-11 03:25:16 +0200: Memory Usage (549964K) : polimide_pin has 0 polygons
2026-07-11 03:25:16 +0200: Memory Usage (549964K) : recog_drw has 0 polygons
2026-07-11 03:25:16 +0200: Memory Usage (550092K) : recog_pin has 0 polygons
2026-07-11 03:25:16 +0200: Memory Usage (550092K) : recog_esd has 0 polygons
2026-07-11 03:25:16 +0200: Memory Usage (550092K) : recog_diode has 113 polygons
2026-07-11 03:25:16 +0200: Memory Usage (550220K) : recog_tsv has 0 polygons
2026-07-11 03:25:16 +0200: Memory Usage (550220K) : recog_iprobe has 0 polygons
2026-07-11 03:25:16 +0200: Memory Usage (550348K) : recog_diffprb has 0 polygons
2026-07-11 03:25:16 +0200: Memory Usage (550348K) : recog_pillar has 0 polygons
2026-07-11 03:25:16 +0200: Memory Usage (550476K) : recog_sbump has 0 polygons
2026-07-11 03:25:16 +0200: Memory Usage (550476K) : recog_otp has 0 polygons
2026-07-11 03:25:16 +0200: Memory Usage (550476K) : recog_pdiode has 0 polygons
2026-07-11 03:25:16 +0200: Memory Usage (550604K) : recog_mom has 8198 polygons
2026-07-11 03:25:16 +0200: Memory Usage (550604K) : recog_pcm has 0 polygons
2026-07-11 03:25:16 +0200: Memory Usage (550732K) : colopen_drw has 0 polygons
2026-07-11 03:25:16 +0200: Memory Usage (550732K) : graphmetal1_drw has 0 polygons
2026-07-11 03:25:16 +0200: Memory Usage (550860K) : graphmetal1_filler has 0 polygons
2026-07-11 03:25:16 +0200: Memory Usage (550860K) : graphmetal1_nofill has 0 polygons
2026-07-11 03:25:16 +0200: Memory Usage (550860K) : graphmetal1_slit has 0 polygons
2026-07-11 03:25:16 +0200: Memory Usage (550988K) : graphmetal1_opc has 0 polygons
2026-07-11 03:25:16 +0200: Memory Usage (550988K) : graphmet1l_drw has 0 polygons
2026-07-11 03:25:16 +0200: Memory Usage (551116K) : graphmet1l_filler has 0 polygons
2026-07-11 03:25:16 +0200: Memory Usage (551116K) : graphmet1l_nofill has 0 polygons
2026-07-11 03:25:16 +0200: Memory Usage (551244K) : graphmet1l_slit has 0 polygons
2026-07-11 03:25:16 +0200: Memory Usage (551244K) : graphmet1l_opc has 0 polygons
2026-07-11 03:25:16 +0200: Memory Usage (551244K) : extblock_drw has 145 polygons
2026-07-11 03:25:16 +0200: Memory Usage (551372K) : nldd_drw has 0 polygons
2026-07-11 03:25:16 +0200: Memory Usage (551372K) : pldd_drw has 0 polygons
2026-07-11 03:25:16 +0200: Memory Usage (551372K) : next_drw has 0 polygons
2026-07-11 03:25:16 +0200: Memory Usage (551372K) : pext_drw has 0 polygons
2026-07-11 03:25:16 +0200: Memory Usage (551372K) : nexthv_drw has 0 polygons
2026-07-11 03:25:16 +0200: Memory Usage (551372K) : pexthv_drw has 0 polygons
2026-07-11 03:25:16 +0200: Memory Usage (551372K) : graphgate_drw has 0 polygons
2026-07-11 03:25:16 +0200: Memory Usage (551372K) : sinwg_drw has 0 polygons
2026-07-11 03:25:16 +0200: Memory Usage (551372K) : sinwg_filler has 0 polygons
2026-07-11 03:25:16 +0200: Memory Usage (551372K) : sinwg_nofill has 0 polygons
2026-07-11 03:25:16 +0200: Memory Usage (551372K) : mempad_drw has 0 polygons
2026-07-11 03:25:16 +0200: Memory Usage (551372K) : topvia1_drw has 56700 polygons
2026-07-11 03:25:16 +0200: Memory Usage (551372K) : topmetal1_drw has 201 polygons
2026-07-11 03:25:16 +0200: Memory Usage (551372K) : topmetal1_pin has 168 polygons
2026-07-11 03:25:16 +0200: Memory Usage (551372K) : topmetal1_mask has 0 polygons
2026-07-11 03:25:16 +0200: Memory Usage (551372K) : topmetal1_filler has 0 polygons
2026-07-11 03:25:16 +0200: Memory Usage (551372K) : topmetal1_nofill has 0 polygons
2026-07-11 03:25:16 +0200: Memory Usage (551372K) : topmetal1_slit has 0 polygons
2026-07-11 03:25:16 +0200: Memory Usage (551372K) : topmetal1_text has 168 polygons
2026-07-11 03:25:16 +0200: Memory Usage (551372K) : topmetal1_noqrc has 0 polygons
2026-07-11 03:25:16 +0200: Memory Usage (551372K) : topmetal1_res has 0 polygons
2026-07-11 03:25:16 +0200: Memory Usage (551372K) : topmetal1_iprobe has 0 polygons
2026-07-11 03:25:16 +0200: Memory Usage (551372K) : topmetal1_diffprb has 0 polygons
2026-07-11 03:25:16 +0200: Memory Usage (551372K) : inldpwl_drw has 0 polygons
2026-07-11 03:25:16 +0200: Memory Usage (551372K) : polyres_drw has 36 polygons
2026-07-11 03:25:16 +0200: Memory Usage (551372K) : polyres_pin has 0 polygons
2026-07-11 03:25:16 +0200: Memory Usage (551372K) : vmim_drw has 0 polygons
2026-07-11 03:25:16 +0200: Memory Usage (551372K) : nbulaycut_drw has 0 polygons
2026-07-11 03:25:16 +0200: Memory Usage (551372K) : antmetal1_drw has 0 polygons
2026-07-11 03:25:16 +0200: Memory Usage (551372K) : topvia2_drw has 0 polygons
2026-07-11 03:25:16 +0200: Memory Usage (551372K) : topmetal2_drw has 0 polygons
2026-07-11 03:25:16 +0200: Memory Usage (551372K) : topmetal2_pin has 0 polygons
2026-07-11 03:25:16 +0200: Memory Usage (551372K) : topmetal2_mask has 0 polygons
2026-07-11 03:25:16 +0200: Memory Usage (551372K) : topmetal2_filler has 0 polygons
2026-07-11 03:25:16 +0200: Memory Usage (551372K) : topmetal2_nofill has 0 polygons
2026-07-11 03:25:16 +0200: Memory Usage (551372K) : topmetal2_slit has 0 polygons
2026-07-11 03:25:16 +0200: Memory Usage (551372K) : topmetal2_text has 0 polygons
2026-07-11 03:25:16 +0200: Memory Usage (551372K) : topmetal2_noqrc has 0 polygons
2026-07-11 03:25:16 +0200: Memory Usage (551372K) : topmetal2_res has 0 polygons
2026-07-11 03:25:16 +0200: Memory Usage (551372K) : topmetal2_iprobe has 0 polygons
2026-07-11 03:25:16 +0200: Memory Usage (551372K) : topmetal2_diffprb has 0 polygons
2026-07-11 03:25:16 +0200: Memory Usage (551372K) : snsring_drw has 0 polygons
2026-07-11 03:25:16 +0200: Memory Usage (551372K) : sensor_drw has 0 polygons
2026-07-11 03:25:16 +0200: Memory Usage (551372K) : snsarms_drw has 0 polygons
2026-07-11 03:25:16 +0200: Memory Usage (551372K) : snscmosvia_drw has 0 polygons
2026-07-11 03:25:16 +0200: Memory Usage (551372K) : colwind_drw has 0 polygons
2026-07-11 03:25:16 +0200: Memory Usage (551372K) : flm_drw has 0 polygons
2026-07-11 03:25:16 +0200: Memory Usage (551372K) : hafniumox_drw has 0 polygons
2026-07-11 03:25:16 +0200: Memory Usage (551372K) : memvia_drw has 0 polygons
2026-07-11 03:25:16 +0200: Memory Usage (551372K) : thinfilmres_drw has 0 polygons
2026-07-11 03:25:16 +0200: Memory Usage (551372K) : rfmem_drw has 0 polygons
2026-07-11 03:25:16 +0200: Memory Usage (551372K) : norcx_drw has 0 polygons
2026-07-11 03:25:16 +0200: Memory Usage (551372K) : norcx_m2m3 has 0 polygons
2026-07-11 03:25:16 +0200: Memory Usage (551372K) : norcx_m2m4 has 0 polygons
2026-07-11 03:25:16 +0200: Memory Usage (551372K) : norcx_m2m5 has 0 polygons
2026-07-11 03:25:16 +0200: Memory Usage (551372K) : norcx_m2tm1 has 0 polygons
2026-07-11 03:25:16 +0200: Memory Usage (551372K) : norcx_m2tm2 has 0 polygons
2026-07-11 03:25:16 +0200: Memory Usage (551372K) : norcx_m3m4 has 0 polygons
2026-07-11 03:25:16 +0200: Memory Usage (551372K) : norcx_m3m5 has 0 polygons
2026-07-11 03:25:16 +0200: Memory Usage (551372K) : norcx_m3tm1 has 0 polygons
2026-07-11 03:25:16 +0200: Memory Usage (551372K) : norcx_m3tm2 has 0 polygons
2026-07-11 03:25:16 +0200: Memory Usage (551372K) : norcx_m4m5 has 0 polygons
2026-07-11 03:25:16 +0200: Memory Usage (551372K) : norcx_m4tm1 has 0 polygons
2026-07-11 03:25:16 +0200: Memory Usage (551372K) : norcx_m4tm2 has 0 polygons
2026-07-11 03:25:16 +0200: Memory Usage (551372K) : norcx_m5tm1 has 0 polygons
2026-07-11 03:25:16 +0200: Memory Usage (551372K) : norcx_m5tm2 has 0 polygons
2026-07-11 03:25:16 +0200: Memory Usage (551372K) : norcx_tm1tm2 has 0 polygons
2026-07-11 03:25:16 +0200: Memory Usage (551372K) : norcx_m1sub has 0 polygons
2026-07-11 03:25:16 +0200: Memory Usage (551372K) : norcx_m2sub has 0 polygons
2026-07-11 03:25:16 +0200: Memory Usage (551372K) : norcx_m3sub has 0 polygons
2026-07-11 03:25:16 +0200: Memory Usage (551372K) : norcx_m4sub has 0 polygons
2026-07-11 03:25:16 +0200: Memory Usage (551372K) : norcx_m5sub has 0 polygons
2026-07-11 03:25:16 +0200: Memory Usage (551372K) : norcx_tm1sub has 0 polygons
2026-07-11 03:25:16 +0200: Memory Usage (551372K) : norcx_tm2sub has 0 polygons
2026-07-11 03:25:16 +0200: Memory Usage (551372K) : snsbotvia_drw has 0 polygons
2026-07-11 03:25:16 +0200: Memory Usage (551372K) : snstopvia_drw has 0 polygons
2026-07-11 03:25:16 +0200: Memory Usage (551372K) : deepvia_drw has 0 polygons
2026-07-11 03:25:16 +0200: Memory Usage (551372K) : fgetch_drw has 0 polygons
2026-07-11 03:25:16 +0200: Memory Usage (551372K) : ctrgat_drw has 0 polygons
2026-07-11 03:25:16 +0200: Memory Usage (551372K) : fgimp_drw has 0 polygons
2026-07-11 03:25:16 +0200: Memory Usage (551372K) : emwihv_drw has 0 polygons
2026-07-11 03:25:16 +0200: Memory Usage (551372K) : lbe_drw has 0 polygons
2026-07-11 03:25:16 +0200: Memory Usage (551372K) : alcustop_drw has 0 polygons
2026-07-11 03:25:16 +0200: Memory Usage (551372K) : nometfiller_drw has 0 polygons
2026-07-11 03:25:16 +0200: Memory Usage (551372K) : prboundary_drw has 0 polygons
2026-07-11 03:25:16 +0200: Memory Usage (551372K) : exchange0_drw has 0 polygons
2026-07-11 03:25:16 +0200: Memory Usage (551372K) : exchange0_pin has 0 polygons
2026-07-11 03:25:16 +0200: Memory Usage (551372K) : exchange0_text has 0 polygons
2026-07-11 03:25:16 +0200: Memory Usage (551372K) : exchange1_drw has 0 polygons
2026-07-11 03:25:16 +0200: Memory Usage (551372K) : exchange1_pin has 0 polygons
2026-07-11 03:25:16 +0200: Memory Usage (551372K) : exchange1_text has 0 polygons
2026-07-11 03:25:16 +0200: Memory Usage (551372K) : exchange2_drw has 0 polygons
2026-07-11 03:25:16 +0200: Memory Usage (551372K) : exchange2_pin has 0 polygons
2026-07-11 03:25:16 +0200: Memory Usage (551372K) : exchange2_text has 0 polygons
2026-07-11 03:25:16 +0200: Memory Usage (551372K) : exchange3_drw has 0 polygons
2026-07-11 03:25:16 +0200: Memory Usage (551372K) : exchange3_pin has 0 polygons
2026-07-11 03:25:16 +0200: Memory Usage (551372K) : exchange3_text has 0 polygons
2026-07-11 03:25:16 +0200: Memory Usage (551372K) : exchange4_drw has 0 polygons
2026-07-11 03:25:16 +0200: Memory Usage (551372K) : exchange4_pin has 0 polygons
2026-07-11 03:25:16 +0200: Memory Usage (551372K) : exchange4_text has 0 polygons
2026-07-11 03:25:16 +0200: Memory Usage (551372K) : isonwell_drw has 0 polygons
2026-07-11 03:25:16 +0200: Memory Usage (551372K) : Total no. of polygons in the design is 2591900
2026-07-11 03:25:16 +0200: Memory Usage (551372K) : Loaded TECH DRC rules values from /foss/pdks/ihp-sg13cmos5l/libs.tech/klayout/python/sg13cmos5l_pycell_lib/sg13cmos5l_tech_mod.json
2026-07-11 03:25:16 +0200: Memory Usage (551372K) : Loaded default DRC rules values from /foss/pdks/ihp-sg13cmos5l/libs.tech/klayout/tech/drc/rule_decks/sg13cmos5l_tech_default.json
2026-07-11 03:25:16 +0200: Memory Usage (552164K) : Total area of the design is 1102500.0 um^2.
2026-07-11 03:25:16 +0200: Memory Usage (552164K) : The design dimensions are 1050.0 um * 1050.0 um.
2026-07-11 03:25:16 +0200: Memory Usage (552164K) : Starting general IHP-SG13CMOS5L derivations.
2026-07-11 03:25:16 +0200: Memory Usage (552164K) : Starting Pwell derivations
2026-07-11 03:25:16 +0200: Memory Usage (555044K) : Starting n-Activ derivations
2026-07-11 03:25:16 +0200: Memory Usage (556248K) : Starting p-Activ derivations
2026-07-11 03:25:16 +0200: Memory Usage (556504K) : Starting nact FET derivations
2026-07-11 03:25:16 +0200: Memory Usage (556632K) : Starting cont/contbar general derivations
2026-07-11 03:25:18 +0200: Memory Usage (727856K) : Starting IHP-SG13CMOS5L DRC rules.
2026-07-11 03:25:18 +0200: Memory Usage (727856K) : Starting 5.14. Cont table
2026-07-11 03:25:18 +0200: Memory Usage (727856K) : Executing rule Cnt.a
2026-07-11 03:25:20 +0200: Memory Usage (733388K) : Executing rule Cnt.b
2026-07-11 03:25:20 +0200: Memory Usage (815412K) : Executing rule Cnt.c
2026-07-11 03:25:24 +0200: Memory Usage (822472K) : Executing rule Cnt.c.digibnd
2026-07-11 03:25:24 +0200: Memory Usage (822472K) : Executing rule Cnt.c.SRAM
2026-07-11 03:25:24 +0200: Memory Usage (822472K) : Executing rule Cnt.d
2026-07-11 03:25:24 +0200: Memory Usage (825544K) : Executing rule Cnt.e
2026-07-11 03:25:24 +0200: Memory Usage (827336K) : Executing rule Cnt.g1
2026-07-11 03:25:26 +0200: Memory Usage (801568K) : Executing rule Cnt.g2
2026-07-11 03:25:30 +0200: Memory Usage (929328K) : KLayout DRC run for tables 'cont' completed in 13.87 seconds
