# Logfile created on 2026-07-11 03:25:59 +0200 by logger.rb/v1.5.3
2026-07-11 03:25:59 +0200: Memory Usage (528284K) : Starting running IHP-SG13CMOS5L KLayout DRC runset on /foss/designs/adc8b/IHP__MSPHY9932/release/v.1.0.0/gds/MSPHY9932.gds
2026-07-11 03:25:59 +0200: Memory Usage (528284K) : Ruby Version for klayout: 3.2.3
2026-07-11 03:25:59 +0200: Memory Usage (531740K) : Loading database to memory is complete.
2026-07-11 03:25:59 +0200: Memory Usage (531740K) : IHP-SG13CMOS5L KLayout DRC runset output at: /foss/designs/adc8b/IHP__MSPHY9932/release/v.1.0.0/drc/MSPHY9932_MSPHY9932_pin.lyrdb
2026-07-11 03:25:59 +0200: Memory Usage (531868K) : Evaluate switches.
2026-07-11 03:25:59 +0200: Memory Usage (531868K) : tables selected: pin
2026-07-11 03:25:59 +0200: Memory Usage (531868K) : KLayout will use 16 thread(s) in tiled mode.
2026-07-11 03:25:59 +0200: Memory Usage (531868K) : deep mode is enabled.
2026-07-11 03:25:59 +0200: Memory Usage (531868K) : FEOL enabled: false
2026-07-11 03:25:59 +0200: Memory Usage (531868K) : BEOL enabled: false
2026-07-11 03:25:59 +0200: Memory Usage (531868K) : OFFGRID enabled: true
2026-07-11 03:25:59 +0200: Memory Usage (531868K) : ANGLE enabled: true
2026-07-11 03:25:59 +0200: Memory Usage (531868K) : PIN enabled: false
2026-07-11 03:25:59 +0200: Memory Usage (531868K) : FORBIDDEN enabled: false
2026-07-11 03:25:59 +0200: Memory Usage (531868K) : RECOMMENDED enabled: true
2026-07-11 03:25:59 +0200: Memory Usage (531868K) : PreCheck DRC enabled: false
2026-07-11 03:25:59 +0200: Memory Usage (531868K) : CONNECTIVITY_RULES enabled: false.
2026-07-11 03:25:59 +0200: Memory Usage (531868K) : Read in polygons from layers.
2026-07-11 03:25:59 +0200: Memory Usage (533148K) : activ_drw has 4847 polygons
2026-07-11 03:25:59 +0200: Memory Usage (533276K) : activ_pin has 0 polygons
2026-07-11 03:25:59 +0200: Memory Usage (533404K) : activ_mask has 0 polygons
2026-07-11 03:25:59 +0200: Memory Usage (533404K) : activ_filler has 0 polygons
2026-07-11 03:25:59 +0200: Memory Usage (533532K) : activ_nofill has 0 polygons
2026-07-11 03:25:59 +0200: Memory Usage (533532K) : activ_opc has 0 polygons
2026-07-11 03:25:59 +0200: Memory Usage (533660K) : activ_iopc has 0 polygons
2026-07-11 03:25:59 +0200: Memory Usage (533660K) : activ_noqrc has 0 polygons
2026-07-11 03:25:59 +0200: Memory Usage (533788K) : biwind_drw has 0 polygons
2026-07-11 03:25:59 +0200: Memory Usage (533788K) : biwind_opc has 0 polygons
2026-07-11 03:25:59 +0200: Memory Usage (533788K) : pemwind_drw has 0 polygons
2026-07-11 03:25:59 +0200: Memory Usage (533916K) : gatpoly_drw has 4112 polygons
2026-07-11 03:25:59 +0200: Memory Usage (534044K) : gatpoly_pin has 65 polygons
2026-07-11 03:25:59 +0200: Memory Usage (534172K) : gatpoly_filler has 0 polygons
2026-07-11 03:25:59 +0200: Memory Usage (534172K) : gatpoly_nofill has 0 polygons
2026-07-11 03:25:59 +0200: Memory Usage (534300K) : gatpoly_opc has 0 polygons
2026-07-11 03:25:59 +0200: Memory Usage (534300K) : gatpoly_iopc has 0 polygons
2026-07-11 03:25:59 +0200: Memory Usage (534300K) : gatpoly_noqrc has 0 polygons
2026-07-11 03:25:59 +0200: Memory Usage (542108K) : cont_drw has 1640232 polygons
2026-07-11 03:25:59 +0200: Memory Usage (542108K) : cont_opc has 0 polygons
2026-07-11 03:25:59 +0200: Memory Usage (542108K) : nsd_drw has 0 polygons
2026-07-11 03:25:59 +0200: Memory Usage (542108K) : nsd_block has 0 polygons
2026-07-11 03:25:59 +0200: Memory Usage (542108K) : metal1_drw has 39512 polygons
2026-07-11 03:25:59 +0200: Memory Usage (542108K) : metal1_pin has 18610 polygons
2026-07-11 03:25:59 +0200: Memory Usage (542108K) : metal1_mask has 0 polygons
2026-07-11 03:25:59 +0200: Memory Usage (542108K) : metal1_filler has 0 polygons
2026-07-11 03:25:59 +0200: Memory Usage (542108K) : metal1_nofill has 0 polygons
2026-07-11 03:25:59 +0200: Memory Usage (542108K) : metal1_slit has 0 polygons
2026-07-11 03:25:59 +0200: Memory Usage (542236K) : metal1_text has 10091 polygons
2026-07-11 03:25:59 +0200: Memory Usage (542236K) : metal1_opc has 0 polygons
2026-07-11 03:25:59 +0200: Memory Usage (542236K) : metal1_noqrc has 0 polygons
2026-07-11 03:25:59 +0200: Memory Usage (542236K) : metal1_res has 0 polygons
2026-07-11 03:25:59 +0200: Memory Usage (542236K) : metal1_iprobe has 0 polygons
2026-07-11 03:25:59 +0200: Memory Usage (542236K) : metal1_diffprb has 0 polygons
2026-07-11 03:25:59 +0200: Memory Usage (542236K) : passiv_drw has 32 polygons
2026-07-11 03:25:59 +0200: Memory Usage (542236K) : passiv_pin has 0 polygons
2026-07-11 03:25:59 +0200: Memory Usage (542236K) : passiv_sbump has 0 polygons
2026-07-11 03:25:59 +0200: Memory Usage (542236K) : passiv_pillar has 0 polygons
2026-07-11 03:25:59 +0200: Memory Usage (542236K) : passiv_pdl has 0 polygons
2026-07-11 03:25:59 +0200: Memory Usage (542236K) : metal2_drw has 129019 polygons
2026-07-11 03:25:59 +0200: Memory Usage (542236K) : metal2_pin has 642 polygons
2026-07-11 03:25:59 +0200: Memory Usage (542236K) : metal2_mask has 0 polygons
2026-07-11 03:25:59 +0200: Memory Usage (542236K) : metal2_filler has 0 polygons
2026-07-11 03:25:59 +0200: Memory Usage (542236K) : metal2_nofill has 0 polygons
2026-07-11 03:25:59 +0200: Memory Usage (542236K) : metal2_slit has 0 polygons
2026-07-11 03:25:59 +0200: Memory Usage (542236K) : metal2_text has 642 polygons
2026-07-11 03:25:59 +0200: Memory Usage (542236K) : metal2_opc has 0 polygons
2026-07-11 03:25:59 +0200: Memory Usage (542236K) : metal2_noqrc has 0 polygons
2026-07-11 03:25:59 +0200: Memory Usage (542236K) : metal2_res has 0 polygons
2026-07-11 03:25:59 +0200: Memory Usage (542236K) : metal2_iprobe has 0 polygons
2026-07-11 03:25:59 +0200: Memory Usage (542236K) : metal2_diffprb has 0 polygons
2026-07-11 03:25:59 +0200: Memory Usage (542492K) : baspoly_drw has 0 polygons
2026-07-11 03:25:59 +0200: Memory Usage (542492K) : baspoly_pin has 0 polygons
2026-07-11 03:25:59 +0200: Memory Usage (542492K) : psd_drw has 1819 polygons
2026-07-11 03:25:59 +0200: Memory Usage (542492K) : nldb_drw has 0 polygons
2026-07-11 03:25:59 +0200: Memory Usage (542492K) : digibnd_drw has 0 polygons
2026-07-11 03:25:59 +0200: Memory Usage (542620K) : via1_drw has 61293 polygons
2026-07-11 03:25:59 +0200: Memory Usage (542748K) : backmetal1_drw has 0 polygons
2026-07-11 03:25:59 +0200: Memory Usage (542876K) : backmetal1_pin has 0 polygons
2026-07-11 03:25:59 +0200: Memory Usage (542876K) : backmetal1_mask has 0 polygons
2026-07-11 03:25:59 +0200: Memory Usage (543004K) : backmetal1_filler has 0 polygons
2026-07-11 03:25:59 +0200: Memory Usage (543004K) : backmetal1_nofill has 0 polygons
2026-07-11 03:25:59 +0200: Memory Usage (543004K) : backmetal1_slit has 0 polygons
2026-07-11 03:25:59 +0200: Memory Usage (543132K) : backmetal1_text has 0 polygons
2026-07-11 03:25:59 +0200: Memory Usage (543260K) : backmetal1_opc has 0 polygons
2026-07-11 03:25:59 +0200: Memory Usage (543260K) : backmetal1_noqrc has 0 polygons
2026-07-11 03:25:59 +0200: Memory Usage (543388K) : backmetal1_res has 0 polygons
2026-07-11 03:25:59 +0200: Memory Usage (543388K) : backmetal1_iprobe has 0 polygons
2026-07-11 03:25:59 +0200: Memory Usage (543516K) : backmetal1_diffprb has 0 polygons
2026-07-11 03:25:59 +0200: Memory Usage (543644K) : backpassiv_drw has 0 polygons
2026-07-11 03:25:59 +0200: Memory Usage (543644K) : res_drw has 0 polygons
2026-07-11 03:25:59 +0200: Memory Usage (543644K) : sram_drw has 0 polygons
2026-07-11 03:25:59 +0200: Memory Usage (543772K) : trans_drw has 0 polygons
2026-07-11 03:25:59 +0200: Memory Usage (543772K) : ind_drw has 0 polygons
2026-07-11 03:25:59 +0200: Memory Usage (543900K) : ind_pin has 0 polygons
2026-07-11 03:25:59 +0200: Memory Usage (544028K) : ind_text has 0 polygons
2026-07-11 03:25:59 +0200: Memory Usage (544028K) : salblock_drw has 55 polygons
2026-07-11 03:25:59 +0200: Memory Usage (544924K) : via2_drw has 170273 polygons
2026-07-11 03:25:59 +0200: Memory Usage (545180K) : metal3_drw has 126558 polygons
2026-07-11 03:25:59 +0200: Memory Usage (545180K) : metal3_pin has 342 polygons
2026-07-11 03:25:59 +0200: Memory Usage (545308K) : metal3_mask has 0 polygons
2026-07-11 03:25:59 +0200: Memory Usage (545308K) : metal3_filler has 0 polygons
2026-07-11 03:25:59 +0200: Memory Usage (545436K) : metal3_nofill has 0 polygons
2026-07-11 03:25:59 +0200: Memory Usage (545436K) : metal3_slit has 0 polygons
2026-07-11 03:25:59 +0200: Memory Usage (545564K) : metal3_text has 342 polygons
2026-07-11 03:25:59 +0200: Memory Usage (545564K) : metal3_opc has 0 polygons
2026-07-11 03:25:59 +0200: Memory Usage (545692K) : metal3_noqrc has 0 polygons
2026-07-11 03:25:59 +0200: Memory Usage (545692K) : metal3_res has 0 polygons
2026-07-11 03:25:59 +0200: Memory Usage (545692K) : metal3_iprobe has 0 polygons
2026-07-11 03:25:59 +0200: Memory Usage (545820K) : metal3_diffprb has 0 polygons
2026-07-11 03:25:59 +0200: Memory Usage (545948K) : nwell_drw has 900 polygons
2026-07-11 03:25:59 +0200: Memory Usage (545948K) : nwell_pin has 1 polygons
2026-07-11 03:25:59 +0200: Memory Usage (546076K) : nbulay_drw has 0 polygons
2026-07-11 03:25:59 +0200: Memory Usage (546204K) : nbulay_pin has 0 polygons
2026-07-11 03:25:59 +0200: Memory Usage (546204K) : nbulay_block has 0 polygons
2026-07-11 03:25:59 +0200: Memory Usage (546332K) : emwind_drw has 0 polygons
2026-07-11 03:25:59 +0200: Memory Usage (546332K) : emwind_opc has 0 polygons
2026-07-11 03:25:59 +0200: Memory Usage (546332K) : deepco_drw has 0 polygons
2026-07-11 03:25:59 +0200: Memory Usage (546460K) : deepco_drw has 0 polygons
2026-07-11 03:25:59 +0200: Memory Usage (546460K) : mim_drw has 0 polygons
2026-07-11 03:25:59 +0200: Memory Usage (546588K) : edgeseal_drw has 24 polygons
2026-07-11 03:25:59 +0200: Memory Usage (546588K) : edgeseal_bound has 1 polygons
2026-07-11 03:25:59 +0200: Memory Usage (546716K) : substrate_drw has 818 polygons
2026-07-11 03:25:59 +0200: Memory Usage (546716K) : substrate_text has 0 polygons
2026-07-11 03:25:59 +0200: Memory Usage (546844K) : dfpad_drw has 20 polygons
2026-07-11 03:25:59 +0200: Memory Usage (546844K) : dfpad_pillar has 0 polygons
2026-07-11 03:25:59 +0200: Memory Usage (546844K) : dfpad_sbump has 0 polygons
2026-07-11 03:25:59 +0200: Memory Usage (546972K) : thickgateox_drw has 39 polygons
2026-07-11 03:25:59 +0200: Memory Usage (546972K) : pldb_drw has 0 polygons
2026-07-11 03:25:59 +0200: Memory Usage (547100K) : pwell_drw has 0 polygons
2026-07-11 03:25:59 +0200: Memory Usage (547100K) : pwell_pin has 0 polygons
2026-07-11 03:25:59 +0200: Memory Usage (547228K) : pwell_block has 6 polygons
2026-07-11 03:25:59 +0200: Memory Usage (547356K) : ic_drw has 0 polygons
2026-07-11 03:25:59 +0200: Memory Usage (548252K) : via3_drw has 165845 polygons
2026-07-11 03:25:59 +0200: Memory Usage (548380K) : metal4_drw has 123478 polygons
2026-07-11 03:25:59 +0200: Memory Usage (548508K) : metal4_pin has 16630 polygons
2026-07-11 03:25:59 +0200: Memory Usage (548636K) : metal4_mask has 0 polygons
2026-07-11 03:25:59 +0200: Memory Usage (548636K) : metal4_filler has 0 polygons
2026-07-11 03:25:59 +0200: Memory Usage (548636K) : metal4_nofill has 0 polygons
2026-07-11 03:25:59 +0200: Memory Usage (548764K) : metal4_slit has 0 polygons
2026-07-11 03:25:59 +0200: Memory Usage (548764K) : metal4_text has 8424 polygons
2026-07-11 03:25:59 +0200: Memory Usage (548892K) : metal4_opc has 0 polygons
2026-07-11 03:25:59 +0200: Memory Usage (548892K) : metal4_noqrc has 0 polygons
2026-07-11 03:25:59 +0200: Memory Usage (548892K) : metal4_res has 0 polygons
2026-07-11 03:25:59 +0200: Memory Usage (549020K) : metal4_iprobe has 0 polygons
2026-07-11 03:25:59 +0200: Memory Usage (549020K) : metal4_diffprb has 0 polygons
2026-07-11 03:25:59 +0200: Memory Usage (549148K) : heattrans_drw has 856 polygons
2026-07-11 03:25:59 +0200: Memory Usage (549148K) : heatres_drw has 36 polygons
2026-07-11 03:25:59 +0200: Memory Usage (549276K) : pempoly_drw has 0 polygons
2026-07-11 03:25:59 +0200: Memory Usage (549404K) : fbe_drw has 0 polygons
2026-07-11 03:25:59 +0200: Memory Usage (549404K) : empoly_drw has 0 polygons
2026-07-11 03:25:59 +0200: Memory Usage (549532K) : ldmos_drw has 0 polygons
2026-07-11 03:25:59 +0200: Memory Usage (549532K) : pbiwind_drw has 0 polygons
2026-07-11 03:25:59 +0200: Memory Usage (549532K) : digisub_drw has 0 polygons
2026-07-11 03:25:59 +0200: Memory Usage (549660K) : nodrc_drw has 0 polygons
2026-07-11 03:25:59 +0200: Memory Usage (549660K) : text_drw has 607 polygons
2026-07-11 03:25:59 +0200: Memory Usage (549788K) : via4_drw has 0 polygons
2026-07-11 03:25:59 +0200: Memory Usage (549788K) : metal5_drw has 0 polygons
2026-07-11 03:25:59 +0200: Memory Usage (549916K) : metal5_pin has 0 polygons
2026-07-11 03:25:59 +0200: Memory Usage (549916K) : metal5_mask has 0 polygons
2026-07-11 03:25:59 +0200: Memory Usage (550044K) : metal5_filler has 0 polygons
2026-07-11 03:25:59 +0200: Memory Usage (550044K) : metal5_nofill has 0 polygons
2026-07-11 03:25:59 +0200: Memory Usage (550172K) : metal5_slit has 0 polygons
2026-07-11 03:25:59 +0200: Memory Usage (550172K) : metal5_text has 0 polygons
2026-07-11 03:25:59 +0200: Memory Usage (550300K) : metal5_opc has 0 polygons
2026-07-11 03:25:59 +0200: Memory Usage (550300K) : metal5_noqrc has 0 polygons
2026-07-11 03:25:59 +0200: Memory Usage (550428K) : metal5_res has 0 polygons
2026-07-11 03:25:59 +0200: Memory Usage (550556K) : metal5_iprobe has 0 polygons
2026-07-11 03:25:59 +0200: Memory Usage (550556K) : metal5_diffprb has 0 polygons
2026-07-11 03:25:59 +0200: Memory Usage (550556K) : radhard_drw has 0 polygons
2026-07-11 03:25:59 +0200: Memory Usage (550684K) : memcap_drw has 0 polygons
2026-07-11 03:25:59 +0200: Memory Usage (550684K) : varicap_drw has 0 polygons
2026-07-11 03:25:59 +0200: Memory Usage (550812K) : flash_drw has 0 polygons
2026-07-11 03:25:59 +0200: Memory Usage (550812K) : intbondvia_drw has 0 polygons
2026-07-11 03:25:59 +0200: Memory Usage (550940K) : intbondmet_drw has 0 polygons
2026-07-11 03:25:59 +0200: Memory Usage (550940K) : devbondvia_drw has 0 polygons
2026-07-11 03:25:59 +0200: Memory Usage (551068K) : devbondmet_drw has 0 polygons
2026-07-11 03:25:59 +0200: Memory Usage (551068K) : devtrench_drw has 0 polygons
2026-07-11 03:25:59 +0200: Memory Usage (551068K) : redist_drw has 0 polygons
2026-07-11 03:25:59 +0200: Memory Usage (551196K) : graphbot_drw has 0 polygons
2026-07-11 03:25:59 +0200: Memory Usage (551196K) : graphtop_drw has 0 polygons
2026-07-11 03:25:59 +0200: Memory Usage (551324K) : antvia1_drw has 0 polygons
2026-07-11 03:25:59 +0200: Memory Usage (551452K) : antmetal2_drw has 0 polygons
2026-07-11 03:25:59 +0200: Memory Usage (551452K) : graphcont_drw has 0 polygons
2026-07-11 03:25:59 +0200: Memory Usage (551580K) : siwg_drw has 0 polygons
2026-07-11 03:25:59 +0200: Memory Usage (551580K) : siwg_filler has 0 polygons
2026-07-11 03:25:59 +0200: Memory Usage (551580K) : siwg_nofill has 0 polygons
2026-07-11 03:25:59 +0200: Memory Usage (551580K) : sigrating_drw has 0 polygons
2026-07-11 03:25:59 +0200: Memory Usage (551580K) : singrating_drw has 0 polygons
2026-07-11 03:25:59 +0200: Memory Usage (551580K) : graphpas_drw has 0 polygons
2026-07-11 03:25:59 +0200: Memory Usage (551580K) : emwind3_drw has 0 polygons
2026-07-11 03:25:59 +0200: Memory Usage (551580K) : emwihv3_drw has 0 polygons
2026-07-11 03:25:59 +0200: Memory Usage (551580K) : redbulay_drw has 0 polygons
2026-07-11 03:25:59 +0200: Memory Usage (551580K) : smos_drw has 0 polygons
2026-07-11 03:25:59 +0200: Memory Usage (551580K) : graphpad_drw has 0 polygons
2026-07-11 03:25:59 +0200: Memory Usage (551580K) : polimide_drw has 0 polygons
2026-07-11 03:25:59 +0200: Memory Usage (551580K) : polimide_pin has 0 polygons
2026-07-11 03:25:59 +0200: Memory Usage (551580K) : recog_drw has 0 polygons
2026-07-11 03:25:59 +0200: Memory Usage (551580K) : recog_pin has 0 polygons
2026-07-11 03:25:59 +0200: Memory Usage (551580K) : recog_esd has 0 polygons
2026-07-11 03:25:59 +0200: Memory Usage (551580K) : recog_diode has 113 polygons
2026-07-11 03:25:59 +0200: Memory Usage (551580K) : recog_tsv has 0 polygons
2026-07-11 03:25:59 +0200: Memory Usage (551580K) : recog_iprobe has 0 polygons
2026-07-11 03:25:59 +0200: Memory Usage (551580K) : recog_diffprb has 0 polygons
2026-07-11 03:25:59 +0200: Memory Usage (551580K) : recog_pillar has 0 polygons
2026-07-11 03:25:59 +0200: Memory Usage (551580K) : recog_sbump has 0 polygons
2026-07-11 03:25:59 +0200: Memory Usage (551580K) : recog_otp has 0 polygons
2026-07-11 03:25:59 +0200: Memory Usage (551580K) : recog_pdiode has 0 polygons
2026-07-11 03:25:59 +0200: Memory Usage (551580K) : recog_mom has 8198 polygons
2026-07-11 03:25:59 +0200: Memory Usage (551580K) : recog_pcm has 0 polygons
2026-07-11 03:25:59 +0200: Memory Usage (551580K) : colopen_drw has 0 polygons
2026-07-11 03:25:59 +0200: Memory Usage (551580K) : graphmetal1_drw has 0 polygons
2026-07-11 03:25:59 +0200: Memory Usage (551580K) : graphmetal1_filler has 0 polygons
2026-07-11 03:25:59 +0200: Memory Usage (551580K) : graphmetal1_nofill has 0 polygons
2026-07-11 03:25:59 +0200: Memory Usage (551580K) : graphmetal1_slit has 0 polygons
2026-07-11 03:25:59 +0200: Memory Usage (551580K) : graphmetal1_opc has 0 polygons
2026-07-11 03:25:59 +0200: Memory Usage (551580K) : graphmet1l_drw has 0 polygons
2026-07-11 03:25:59 +0200: Memory Usage (551580K) : graphmet1l_filler has 0 polygons
2026-07-11 03:25:59 +0200: Memory Usage (551580K) : graphmet1l_nofill has 0 polygons
2026-07-11 03:25:59 +0200: Memory Usage (551580K) : graphmet1l_slit has 0 polygons
2026-07-11 03:25:59 +0200: Memory Usage (551580K) : graphmet1l_opc has 0 polygons
2026-07-11 03:25:59 +0200: Memory Usage (551580K) : extblock_drw has 145 polygons
2026-07-11 03:25:59 +0200: Memory Usage (551580K) : nldd_drw has 0 polygons
2026-07-11 03:25:59 +0200: Memory Usage (551580K) : pldd_drw has 0 polygons
2026-07-11 03:25:59 +0200: Memory Usage (551580K) : next_drw has 0 polygons
2026-07-11 03:25:59 +0200: Memory Usage (551580K) : pext_drw has 0 polygons
2026-07-11 03:25:59 +0200: Memory Usage (551580K) : nexthv_drw has 0 polygons
2026-07-11 03:25:59 +0200: Memory Usage (551580K) : pexthv_drw has 0 polygons
2026-07-11 03:25:59 +0200: Memory Usage (551580K) : graphgate_drw has 0 polygons
2026-07-11 03:25:59 +0200: Memory Usage (551580K) : sinwg_drw has 0 polygons
2026-07-11 03:25:59 +0200: Memory Usage (551580K) : sinwg_filler has 0 polygons
2026-07-11 03:25:59 +0200: Memory Usage (551580K) : sinwg_nofill has 0 polygons
2026-07-11 03:25:59 +0200: Memory Usage (551580K) : mempad_drw has 0 polygons
2026-07-11 03:25:59 +0200: Memory Usage (551580K) : topvia1_drw has 56700 polygons
2026-07-11 03:25:59 +0200: Memory Usage (551580K) : topmetal1_drw has 201 polygons
2026-07-11 03:25:59 +0200: Memory Usage (551580K) : topmetal1_pin has 168 polygons
2026-07-11 03:25:59 +0200: Memory Usage (551580K) : topmetal1_mask has 0 polygons
2026-07-11 03:25:59 +0200: Memory Usage (551580K) : topmetal1_filler has 0 polygons
2026-07-11 03:25:59 +0200: Memory Usage (551580K) : topmetal1_nofill has 0 polygons
2026-07-11 03:25:59 +0200: Memory Usage (551580K) : topmetal1_slit has 0 polygons
2026-07-11 03:25:59 +0200: Memory Usage (551580K) : topmetal1_text has 168 polygons
2026-07-11 03:25:59 +0200: Memory Usage (551580K) : topmetal1_noqrc has 0 polygons
2026-07-11 03:25:59 +0200: Memory Usage (551580K) : topmetal1_res has 0 polygons
2026-07-11 03:25:59 +0200: Memory Usage (551580K) : topmetal1_iprobe has 0 polygons
2026-07-11 03:25:59 +0200: Memory Usage (551580K) : topmetal1_diffprb has 0 polygons
2026-07-11 03:25:59 +0200: Memory Usage (551580K) : inldpwl_drw has 0 polygons
2026-07-11 03:25:59 +0200: Memory Usage (551580K) : polyres_drw has 36 polygons
2026-07-11 03:25:59 +0200: Memory Usage (551580K) : polyres_pin has 0 polygons
2026-07-11 03:25:59 +0200: Memory Usage (551580K) : vmim_drw has 0 polygons
2026-07-11 03:25:59 +0200: Memory Usage (551580K) : nbulaycut_drw has 0 polygons
2026-07-11 03:25:59 +0200: Memory Usage (551580K) : antmetal1_drw has 0 polygons
2026-07-11 03:25:59 +0200: Memory Usage (551580K) : topvia2_drw has 0 polygons
2026-07-11 03:25:59 +0200: Memory Usage (551580K) : topmetal2_drw has 0 polygons
2026-07-11 03:25:59 +0200: Memory Usage (551580K) : topmetal2_pin has 0 polygons
2026-07-11 03:25:59 +0200: Memory Usage (551580K) : topmetal2_mask has 0 polygons
2026-07-11 03:25:59 +0200: Memory Usage (551580K) : topmetal2_filler has 0 polygons
2026-07-11 03:25:59 +0200: Memory Usage (551580K) : topmetal2_nofill has 0 polygons
2026-07-11 03:25:59 +0200: Memory Usage (551580K) : topmetal2_slit has 0 polygons
2026-07-11 03:25:59 +0200: Memory Usage (551580K) : topmetal2_text has 0 polygons
2026-07-11 03:25:59 +0200: Memory Usage (551580K) : topmetal2_noqrc has 0 polygons
2026-07-11 03:25:59 +0200: Memory Usage (551580K) : topmetal2_res has 0 polygons
2026-07-11 03:25:59 +0200: Memory Usage (551580K) : topmetal2_iprobe has 0 polygons
2026-07-11 03:25:59 +0200: Memory Usage (551580K) : topmetal2_diffprb has 0 polygons
2026-07-11 03:25:59 +0200: Memory Usage (551580K) : snsring_drw has 0 polygons
2026-07-11 03:25:59 +0200: Memory Usage (551580K) : sensor_drw has 0 polygons
2026-07-11 03:25:59 +0200: Memory Usage (551580K) : snsarms_drw has 0 polygons
2026-07-11 03:25:59 +0200: Memory Usage (551580K) : snscmosvia_drw has 0 polygons
2026-07-11 03:25:59 +0200: Memory Usage (551580K) : colwind_drw has 0 polygons
2026-07-11 03:25:59 +0200: Memory Usage (551580K) : flm_drw has 0 polygons
2026-07-11 03:25:59 +0200: Memory Usage (551580K) : hafniumox_drw has 0 polygons
2026-07-11 03:25:59 +0200: Memory Usage (551580K) : memvia_drw has 0 polygons
2026-07-11 03:25:59 +0200: Memory Usage (551580K) : thinfilmres_drw has 0 polygons
2026-07-11 03:25:59 +0200: Memory Usage (551580K) : rfmem_drw has 0 polygons
2026-07-11 03:25:59 +0200: Memory Usage (551580K) : norcx_drw has 0 polygons
2026-07-11 03:25:59 +0200: Memory Usage (551580K) : norcx_m2m3 has 0 polygons
2026-07-11 03:25:59 +0200: Memory Usage (551580K) : norcx_m2m4 has 0 polygons
2026-07-11 03:25:59 +0200: Memory Usage (551580K) : norcx_m2m5 has 0 polygons
2026-07-11 03:25:59 +0200: Memory Usage (551580K) : norcx_m2tm1 has 0 polygons
2026-07-11 03:25:59 +0200: Memory Usage (551580K) : norcx_m2tm2 has 0 polygons
2026-07-11 03:25:59 +0200: Memory Usage (551580K) : norcx_m3m4 has 0 polygons
2026-07-11 03:25:59 +0200: Memory Usage (551580K) : norcx_m3m5 has 0 polygons
2026-07-11 03:25:59 +0200: Memory Usage (551580K) : norcx_m3tm1 has 0 polygons
2026-07-11 03:25:59 +0200: Memory Usage (551580K) : norcx_m3tm2 has 0 polygons
2026-07-11 03:25:59 +0200: Memory Usage (551580K) : norcx_m4m5 has 0 polygons
2026-07-11 03:25:59 +0200: Memory Usage (551580K) : norcx_m4tm1 has 0 polygons
2026-07-11 03:25:59 +0200: Memory Usage (551580K) : norcx_m4tm2 has 0 polygons
2026-07-11 03:25:59 +0200: Memory Usage (551580K) : norcx_m5tm1 has 0 polygons
2026-07-11 03:25:59 +0200: Memory Usage (551580K) : norcx_m5tm2 has 0 polygons
2026-07-11 03:25:59 +0200: Memory Usage (551580K) : norcx_tm1tm2 has 0 polygons
2026-07-11 03:25:59 +0200: Memory Usage (551580K) : norcx_m1sub has 0 polygons
2026-07-11 03:25:59 +0200: Memory Usage (551580K) : norcx_m2sub has 0 polygons
2026-07-11 03:25:59 +0200: Memory Usage (551580K) : norcx_m3sub has 0 polygons
2026-07-11 03:25:59 +0200: Memory Usage (551580K) : norcx_m4sub has 0 polygons
2026-07-11 03:25:59 +0200: Memory Usage (551580K) : norcx_m5sub has 0 polygons
2026-07-11 03:25:59 +0200: Memory Usage (551580K) : norcx_tm1sub has 0 polygons
2026-07-11 03:25:59 +0200: Memory Usage (551580K) : norcx_tm2sub has 0 polygons
2026-07-11 03:25:59 +0200: Memory Usage (551580K) : snsbotvia_drw has 0 polygons
2026-07-11 03:25:59 +0200: Memory Usage (551580K) : snstopvia_drw has 0 polygons
2026-07-11 03:25:59 +0200: Memory Usage (551580K) : deepvia_drw has 0 polygons
2026-07-11 03:25:59 +0200: Memory Usage (551580K) : fgetch_drw has 0 polygons
2026-07-11 03:25:59 +0200: Memory Usage (551580K) : ctrgat_drw has 0 polygons
2026-07-11 03:25:59 +0200: Memory Usage (551580K) : fgimp_drw has 0 polygons
2026-07-11 03:25:59 +0200: Memory Usage (551580K) : emwihv_drw has 0 polygons
2026-07-11 03:25:59 +0200: Memory Usage (551580K) : lbe_drw has 0 polygons
2026-07-11 03:25:59 +0200: Memory Usage (551580K) : alcustop_drw has 0 polygons
2026-07-11 03:25:59 +0200: Memory Usage (551580K) : nometfiller_drw has 0 polygons
2026-07-11 03:25:59 +0200: Memory Usage (551580K) : prboundary_drw has 0 polygons
2026-07-11 03:25:59 +0200: Memory Usage (551580K) : exchange0_drw has 0 polygons
2026-07-11 03:25:59 +0200: Memory Usage (551580K) : exchange0_pin has 0 polygons
2026-07-11 03:25:59 +0200: Memory Usage (551580K) : exchange0_text has 0 polygons
2026-07-11 03:25:59 +0200: Memory Usage (551580K) : exchange1_drw has 0 polygons
2026-07-11 03:25:59 +0200: Memory Usage (551580K) : exchange1_pin has 0 polygons
2026-07-11 03:25:59 +0200: Memory Usage (551580K) : exchange1_text has 0 polygons
2026-07-11 03:25:59 +0200: Memory Usage (551580K) : exchange2_drw has 0 polygons
2026-07-11 03:25:59 +0200: Memory Usage (551580K) : exchange2_pin has 0 polygons
2026-07-11 03:25:59 +0200: Memory Usage (551580K) : exchange2_text has 0 polygons
2026-07-11 03:25:59 +0200: Memory Usage (551580K) : exchange3_drw has 0 polygons
2026-07-11 03:25:59 +0200: Memory Usage (551580K) : exchange3_pin has 0 polygons
2026-07-11 03:25:59 +0200: Memory Usage (551580K) : exchange3_text has 0 polygons
2026-07-11 03:25:59 +0200: Memory Usage (551580K) : exchange4_drw has 0 polygons
2026-07-11 03:25:59 +0200: Memory Usage (551580K) : exchange4_pin has 0 polygons
2026-07-11 03:25:59 +0200: Memory Usage (551580K) : exchange4_text has 0 polygons
2026-07-11 03:25:59 +0200: Memory Usage (551580K) : isonwell_drw has 0 polygons
2026-07-11 03:25:59 +0200: Memory Usage (551580K) : Total no. of polygons in the design is 2591900
2026-07-11 03:25:59 +0200: Memory Usage (551580K) : Loaded TECH DRC rules values from /foss/pdks/ihp-sg13cmos5l/libs.tech/klayout/python/sg13cmos5l_pycell_lib/sg13cmos5l_tech_mod.json
2026-07-11 03:25:59 +0200: Memory Usage (551580K) : Loaded default DRC rules values from /foss/pdks/ihp-sg13cmos5l/libs.tech/klayout/tech/drc/rule_decks/sg13cmos5l_tech_default.json
2026-07-11 03:25:59 +0200: Memory Usage (552352K) : Total area of the design is 1102500.0 um^2.
2026-07-11 03:25:59 +0200: Memory Usage (552352K) : The design dimensions are 1050.0 um * 1050.0 um.
2026-07-11 03:25:59 +0200: Memory Usage (552352K) : Starting general IHP-SG13CMOS5L derivations.
2026-07-11 03:25:59 +0200: Memory Usage (552352K) : Starting Pwell derivations
2026-07-11 03:25:59 +0200: Memory Usage (555216K) : Starting IHP-SG13CMOS5L DRC rules.
2026-07-11 03:25:59 +0200: Memory Usage (555216K) : Starting 7.4. PIN table
2026-07-11 03:25:59 +0200: Memory Usage (555216K) : Executing rule Pin.a
2026-07-11 03:25:59 +0200: Memory Usage (555404K) : Executing rule Pin.b
2026-07-11 03:25:59 +0200: Memory Usage (555404K) : Executing rule Pin.e
2026-07-11 03:25:59 +0200: Memory Usage (557976K) : Executing rule Pin.f_M2
2026-07-11 03:25:59 +0200: Memory Usage (558360K) : Executing rule Pin.f_M3
2026-07-11 03:25:59 +0200: Memory Usage (558488K) : Executing rule Pin.f_M4
2026-07-11 03:25:59 +0200: Memory Usage (559640K) : Executing rule Pin.g
2026-07-11 03:25:59 +0200: Memory Usage (559636K) : KLayout DRC run for tables 'pin' completed in 0.7 seconds
