# Logfile created on 2026-07-11 03:25:56 +0200 by logger.rb/v1.5.3
2026-07-11 03:25:56 +0200: Memory Usage (527056K) : Starting running IHP-SG13CMOS5L KLayout DRC runset on /foss/designs/adc8b/IHP__MSPHY9932/release/v.1.0.0/gds/MSPHY9932.gds
2026-07-11 03:25:56 +0200: Memory Usage (527056K) : Ruby Version for klayout: 3.2.3
2026-07-11 03:25:56 +0200: Memory Usage (530768K) : Loading database to memory is complete.
2026-07-11 03:25:56 +0200: Memory Usage (530768K) : IHP-SG13CMOS5L KLayout DRC runset output at: /foss/designs/adc8b/IHP__MSPHY9932/release/v.1.0.0/drc/MSPHY9932_MSPHY9932_angle.lyrdb
2026-07-11 03:25:56 +0200: Memory Usage (530896K) : Evaluate switches.
2026-07-11 03:25:56 +0200: Memory Usage (530896K) : tables selected: angle
2026-07-11 03:25:56 +0200: Memory Usage (530896K) : KLayout will use 16 thread(s) in tiled mode.
2026-07-11 03:25:56 +0200: Memory Usage (530896K) : deep mode is enabled.
2026-07-11 03:25:56 +0200: Memory Usage (530896K) : FEOL enabled: false
2026-07-11 03:25:56 +0200: Memory Usage (530896K) : BEOL enabled: false
2026-07-11 03:25:56 +0200: Memory Usage (530896K) : OFFGRID enabled: true
2026-07-11 03:25:56 +0200: Memory Usage (530896K) : ANGLE enabled: true
2026-07-11 03:25:56 +0200: Memory Usage (530896K) : PIN enabled: false
2026-07-11 03:25:56 +0200: Memory Usage (530896K) : FORBIDDEN enabled: false
2026-07-11 03:25:56 +0200: Memory Usage (530896K) : RECOMMENDED enabled: true
2026-07-11 03:25:56 +0200: Memory Usage (530896K) : PreCheck DRC enabled: false
2026-07-11 03:25:56 +0200: Memory Usage (530896K) : CONNECTIVITY_RULES enabled: false.
2026-07-11 03:25:56 +0200: Memory Usage (530896K) : Read in polygons from layers.
2026-07-11 03:25:56 +0200: Memory Usage (532228K) : activ_drw has 4847 polygons
2026-07-11 03:25:56 +0200: Memory Usage (532484K) : activ_pin has 0 polygons
2026-07-11 03:25:56 +0200: Memory Usage (532484K) : activ_mask has 0 polygons
2026-07-11 03:25:56 +0200: Memory Usage (532612K) : activ_filler has 0 polygons
2026-07-11 03:25:56 +0200: Memory Usage (532612K) : activ_nofill has 0 polygons
2026-07-11 03:25:56 +0200: Memory Usage (532740K) : activ_opc has 0 polygons
2026-07-11 03:25:56 +0200: Memory Usage (532740K) : activ_iopc has 0 polygons
2026-07-11 03:25:56 +0200: Memory Usage (532740K) : activ_noqrc has 0 polygons
2026-07-11 03:25:56 +0200: Memory Usage (532868K) : biwind_drw has 0 polygons
2026-07-11 03:25:56 +0200: Memory Usage (532868K) : biwind_opc has 0 polygons
2026-07-11 03:25:56 +0200: Memory Usage (532996K) : pemwind_drw has 0 polygons
2026-07-11 03:25:56 +0200: Memory Usage (532996K) : gatpoly_drw has 4112 polygons
2026-07-11 03:25:56 +0200: Memory Usage (533124K) : gatpoly_pin has 65 polygons
2026-07-11 03:25:56 +0200: Memory Usage (533252K) : gatpoly_filler has 0 polygons
2026-07-11 03:25:56 +0200: Memory Usage (533252K) : gatpoly_nofill has 0 polygons
2026-07-11 03:25:56 +0200: Memory Usage (533380K) : gatpoly_opc has 0 polygons
2026-07-11 03:25:56 +0200: Memory Usage (533380K) : gatpoly_iopc has 0 polygons
2026-07-11 03:25:56 +0200: Memory Usage (533508K) : gatpoly_noqrc has 0 polygons
2026-07-11 03:25:56 +0200: Memory Usage (541316K) : cont_drw has 1640232 polygons
2026-07-11 03:25:56 +0200: Memory Usage (541316K) : cont_opc has 0 polygons
2026-07-11 03:25:56 +0200: Memory Usage (541316K) : nsd_drw has 0 polygons
2026-07-11 03:25:56 +0200: Memory Usage (541316K) : nsd_block has 0 polygons
2026-07-11 03:25:56 +0200: Memory Usage (541316K) : metal1_drw has 39512 polygons
2026-07-11 03:25:56 +0200: Memory Usage (541316K) : metal1_pin has 18610 polygons
2026-07-11 03:25:56 +0200: Memory Usage (541316K) : metal1_mask has 0 polygons
2026-07-11 03:25:56 +0200: Memory Usage (541316K) : metal1_filler has 0 polygons
2026-07-11 03:25:56 +0200: Memory Usage (541316K) : metal1_nofill has 0 polygons
2026-07-11 03:25:56 +0200: Memory Usage (541316K) : metal1_slit has 0 polygons
2026-07-11 03:25:56 +0200: Memory Usage (541444K) : metal1_text has 10091 polygons
2026-07-11 03:25:56 +0200: Memory Usage (541444K) : metal1_opc has 0 polygons
2026-07-11 03:25:56 +0200: Memory Usage (541444K) : metal1_noqrc has 0 polygons
2026-07-11 03:25:56 +0200: Memory Usage (541444K) : metal1_res has 0 polygons
2026-07-11 03:25:56 +0200: Memory Usage (541444K) : metal1_iprobe has 0 polygons
2026-07-11 03:25:56 +0200: Memory Usage (541444K) : metal1_diffprb has 0 polygons
2026-07-11 03:25:56 +0200: Memory Usage (541444K) : passiv_drw has 32 polygons
2026-07-11 03:25:56 +0200: Memory Usage (541444K) : passiv_pin has 0 polygons
2026-07-11 03:25:56 +0200: Memory Usage (541444K) : passiv_sbump has 0 polygons
2026-07-11 03:25:56 +0200: Memory Usage (541444K) : passiv_pillar has 0 polygons
2026-07-11 03:25:56 +0200: Memory Usage (541444K) : passiv_pdl has 0 polygons
2026-07-11 03:25:56 +0200: Memory Usage (541572K) : metal2_drw has 129019 polygons
2026-07-11 03:25:56 +0200: Memory Usage (541572K) : metal2_pin has 642 polygons
2026-07-11 03:25:56 +0200: Memory Usage (541572K) : metal2_mask has 0 polygons
2026-07-11 03:25:56 +0200: Memory Usage (541572K) : metal2_filler has 0 polygons
2026-07-11 03:25:56 +0200: Memory Usage (541572K) : metal2_nofill has 0 polygons
2026-07-11 03:25:56 +0200: Memory Usage (541572K) : metal2_slit has 0 polygons
2026-07-11 03:25:56 +0200: Memory Usage (541572K) : metal2_text has 642 polygons
2026-07-11 03:25:56 +0200: Memory Usage (541572K) : metal2_opc has 0 polygons
2026-07-11 03:25:56 +0200: Memory Usage (541572K) : metal2_noqrc has 0 polygons
2026-07-11 03:25:56 +0200: Memory Usage (541572K) : metal2_res has 0 polygons
2026-07-11 03:25:56 +0200: Memory Usage (541572K) : metal2_iprobe has 0 polygons
2026-07-11 03:25:56 +0200: Memory Usage (541572K) : metal2_diffprb has 0 polygons
2026-07-11 03:25:56 +0200: Memory Usage (541700K) : baspoly_drw has 0 polygons
2026-07-11 03:25:56 +0200: Memory Usage (541700K) : baspoly_pin has 0 polygons
2026-07-11 03:25:56 +0200: Memory Usage (541700K) : psd_drw has 1819 polygons
2026-07-11 03:25:56 +0200: Memory Usage (541700K) : nldb_drw has 0 polygons
2026-07-11 03:25:56 +0200: Memory Usage (541828K) : digibnd_drw has 0 polygons
2026-07-11 03:25:56 +0200: Memory Usage (541956K) : via1_drw has 61293 polygons
2026-07-11 03:25:56 +0200: Memory Usage (542084K) : backmetal1_drw has 0 polygons
2026-07-11 03:25:56 +0200: Memory Usage (542084K) : backmetal1_pin has 0 polygons
2026-07-11 03:25:56 +0200: Memory Usage (542212K) : backmetal1_mask has 0 polygons
2026-07-11 03:25:56 +0200: Memory Usage (542212K) : backmetal1_filler has 0 polygons
2026-07-11 03:25:56 +0200: Memory Usage (542340K) : backmetal1_nofill has 0 polygons
2026-07-11 03:25:56 +0200: Memory Usage (542340K) : backmetal1_slit has 0 polygons
2026-07-11 03:25:56 +0200: Memory Usage (542468K) : backmetal1_text has 0 polygons
2026-07-11 03:25:56 +0200: Memory Usage (542596K) : backmetal1_opc has 0 polygons
2026-07-11 03:25:56 +0200: Memory Usage (542596K) : backmetal1_noqrc has 0 polygons
2026-07-11 03:25:56 +0200: Memory Usage (542724K) : backmetal1_res has 0 polygons
2026-07-11 03:25:56 +0200: Memory Usage (542724K) : backmetal1_iprobe has 0 polygons
2026-07-11 03:25:56 +0200: Memory Usage (542724K) : backmetal1_diffprb has 0 polygons
2026-07-11 03:25:56 +0200: Memory Usage (542852K) : backpassiv_drw has 0 polygons
2026-07-11 03:25:56 +0200: Memory Usage (542980K) : res_drw has 0 polygons
2026-07-11 03:25:56 +0200: Memory Usage (542980K) : sram_drw has 0 polygons
2026-07-11 03:25:56 +0200: Memory Usage (543108K) : trans_drw has 0 polygons
2026-07-11 03:25:56 +0200: Memory Usage (543108K) : ind_drw has 0 polygons
2026-07-11 03:25:56 +0200: Memory Usage (543108K) : ind_pin has 0 polygons
2026-07-11 03:25:56 +0200: Memory Usage (543236K) : ind_text has 0 polygons
2026-07-11 03:25:56 +0200: Memory Usage (543364K) : salblock_drw has 55 polygons
2026-07-11 03:25:56 +0200: Memory Usage (544260K) : via2_drw has 170273 polygons
2026-07-11 03:25:56 +0200: Memory Usage (544388K) : metal3_drw has 126558 polygons
2026-07-11 03:25:56 +0200: Memory Usage (544516K) : metal3_pin has 342 polygons
2026-07-11 03:25:56 +0200: Memory Usage (544516K) : metal3_mask has 0 polygons
2026-07-11 03:25:56 +0200: Memory Usage (544644K) : metal3_filler has 0 polygons
2026-07-11 03:25:56 +0200: Memory Usage (544644K) : metal3_nofill has 0 polygons
2026-07-11 03:25:56 +0200: Memory Usage (544772K) : metal3_slit has 0 polygons
2026-07-11 03:25:56 +0200: Memory Usage (544772K) : metal3_text has 342 polygons
2026-07-11 03:25:56 +0200: Memory Usage (544772K) : metal3_opc has 0 polygons
2026-07-11 03:25:56 +0200: Memory Usage (544900K) : metal3_noqrc has 0 polygons
2026-07-11 03:25:56 +0200: Memory Usage (544900K) : metal3_res has 0 polygons
2026-07-11 03:25:56 +0200: Memory Usage (544900K) : metal3_iprobe has 0 polygons
2026-07-11 03:25:56 +0200: Memory Usage (545028K) : metal3_diffprb has 0 polygons
2026-07-11 03:25:56 +0200: Memory Usage (545156K) : nwell_drw has 900 polygons
2026-07-11 03:25:56 +0200: Memory Usage (545156K) : nwell_pin has 1 polygons
2026-07-11 03:25:56 +0200: Memory Usage (545284K) : nbulay_drw has 0 polygons
2026-07-11 03:25:56 +0200: Memory Usage (545412K) : nbulay_pin has 0 polygons
2026-07-11 03:25:56 +0200: Memory Usage (545412K) : nbulay_block has 0 polygons
2026-07-11 03:25:56 +0200: Memory Usage (545540K) : emwind_drw has 0 polygons
2026-07-11 03:25:56 +0200: Memory Usage (545540K) : emwind_opc has 0 polygons
2026-07-11 03:25:56 +0200: Memory Usage (545668K) : deepco_drw has 0 polygons
2026-07-11 03:25:56 +0200: Memory Usage (545668K) : deepco_drw has 0 polygons
2026-07-11 03:25:56 +0200: Memory Usage (545668K) : mim_drw has 0 polygons
2026-07-11 03:25:56 +0200: Memory Usage (545796K) : edgeseal_drw has 24 polygons
2026-07-11 03:25:56 +0200: Memory Usage (545796K) : edgeseal_bound has 1 polygons
2026-07-11 03:25:56 +0200: Memory Usage (545924K) : substrate_drw has 818 polygons
2026-07-11 03:25:56 +0200: Memory Usage (545924K) : substrate_text has 0 polygons
2026-07-11 03:25:56 +0200: Memory Usage (546052K) : dfpad_drw has 20 polygons
2026-07-11 03:25:56 +0200: Memory Usage (546052K) : dfpad_pillar has 0 polygons
2026-07-11 03:25:56 +0200: Memory Usage (546052K) : dfpad_sbump has 0 polygons
2026-07-11 03:25:56 +0200: Memory Usage (546052K) : thickgateox_drw has 39 polygons
2026-07-11 03:25:56 +0200: Memory Usage (546180K) : pldb_drw has 0 polygons
2026-07-11 03:25:56 +0200: Memory Usage (546180K) : pwell_drw has 0 polygons
2026-07-11 03:25:56 +0200: Memory Usage (546308K) : pwell_pin has 0 polygons
2026-07-11 03:25:56 +0200: Memory Usage (546436K) : pwell_block has 6 polygons
2026-07-11 03:25:56 +0200: Memory Usage (546436K) : ic_drw has 0 polygons
2026-07-11 03:25:56 +0200: Memory Usage (547332K) : via3_drw has 165845 polygons
2026-07-11 03:25:56 +0200: Memory Usage (547460K) : metal4_drw has 123478 polygons
2026-07-11 03:25:56 +0200: Memory Usage (547588K) : metal4_pin has 16630 polygons
2026-07-11 03:25:56 +0200: Memory Usage (547716K) : metal4_mask has 0 polygons
2026-07-11 03:25:56 +0200: Memory Usage (547716K) : metal4_filler has 0 polygons
2026-07-11 03:25:56 +0200: Memory Usage (547844K) : metal4_nofill has 0 polygons
2026-07-11 03:25:56 +0200: Memory Usage (547844K) : metal4_slit has 0 polygons
2026-07-11 03:25:56 +0200: Memory Usage (547844K) : metal4_text has 8424 polygons
2026-07-11 03:25:56 +0200: Memory Usage (547972K) : metal4_opc has 0 polygons
2026-07-11 03:25:56 +0200: Memory Usage (547972K) : metal4_noqrc has 0 polygons
2026-07-11 03:25:56 +0200: Memory Usage (548100K) : metal4_res has 0 polygons
2026-07-11 03:25:56 +0200: Memory Usage (548100K) : metal4_iprobe has 0 polygons
2026-07-11 03:25:56 +0200: Memory Usage (548100K) : metal4_diffprb has 0 polygons
2026-07-11 03:25:56 +0200: Memory Usage (548228K) : heattrans_drw has 856 polygons
2026-07-11 03:25:56 +0200: Memory Usage (548228K) : heatres_drw has 36 polygons
2026-07-11 03:25:56 +0200: Memory Usage (548356K) : pempoly_drw has 0 polygons
2026-07-11 03:25:56 +0200: Memory Usage (548484K) : fbe_drw has 0 polygons
2026-07-11 03:25:56 +0200: Memory Usage (548484K) : empoly_drw has 0 polygons
2026-07-11 03:25:56 +0200: Memory Usage (548612K) : ldmos_drw has 0 polygons
2026-07-11 03:25:56 +0200: Memory Usage (548612K) : pbiwind_drw has 0 polygons
2026-07-11 03:25:56 +0200: Memory Usage (548740K) : digisub_drw has 0 polygons
2026-07-11 03:25:56 +0200: Memory Usage (548740K) : nodrc_drw has 0 polygons
2026-07-11 03:25:56 +0200: Memory Usage (548740K) : text_drw has 607 polygons
2026-07-11 03:25:56 +0200: Memory Usage (548868K) : via4_drw has 0 polygons
2026-07-11 03:25:56 +0200: Memory Usage (548868K) : metal5_drw has 0 polygons
2026-07-11 03:25:56 +0200: Memory Usage (548996K) : metal5_pin has 0 polygons
2026-07-11 03:25:56 +0200: Memory Usage (548996K) : metal5_mask has 0 polygons
2026-07-11 03:25:56 +0200: Memory Usage (548996K) : metal5_filler has 0 polygons
2026-07-11 03:25:56 +0200: Memory Usage (548996K) : metal5_nofill has 0 polygons
2026-07-11 03:25:56 +0200: Memory Usage (548996K) : metal5_slit has 0 polygons
2026-07-11 03:25:56 +0200: Memory Usage (548996K) : metal5_text has 0 polygons
2026-07-11 03:25:56 +0200: Memory Usage (548996K) : metal5_opc has 0 polygons
2026-07-11 03:25:56 +0200: Memory Usage (548996K) : metal5_noqrc has 0 polygons
2026-07-11 03:25:56 +0200: Memory Usage (548996K) : metal5_res has 0 polygons
2026-07-11 03:25:56 +0200: Memory Usage (548996K) : metal5_iprobe has 0 polygons
2026-07-11 03:25:56 +0200: Memory Usage (548996K) : metal5_diffprb has 0 polygons
2026-07-11 03:25:56 +0200: Memory Usage (548996K) : radhard_drw has 0 polygons
2026-07-11 03:25:56 +0200: Memory Usage (548996K) : memcap_drw has 0 polygons
2026-07-11 03:25:56 +0200: Memory Usage (548996K) : varicap_drw has 0 polygons
2026-07-11 03:25:56 +0200: Memory Usage (548996K) : flash_drw has 0 polygons
2026-07-11 03:25:56 +0200: Memory Usage (548996K) : intbondvia_drw has 0 polygons
2026-07-11 03:25:56 +0200: Memory Usage (548996K) : intbondmet_drw has 0 polygons
2026-07-11 03:25:56 +0200: Memory Usage (548996K) : devbondvia_drw has 0 polygons
2026-07-11 03:25:56 +0200: Memory Usage (548996K) : devbondmet_drw has 0 polygons
2026-07-11 03:25:56 +0200: Memory Usage (548996K) : devtrench_drw has 0 polygons
2026-07-11 03:25:56 +0200: Memory Usage (548996K) : redist_drw has 0 polygons
2026-07-11 03:25:56 +0200: Memory Usage (548996K) : graphbot_drw has 0 polygons
2026-07-11 03:25:56 +0200: Memory Usage (548996K) : graphtop_drw has 0 polygons
2026-07-11 03:25:56 +0200: Memory Usage (548996K) : antvia1_drw has 0 polygons
2026-07-11 03:25:56 +0200: Memory Usage (548996K) : antmetal2_drw has 0 polygons
2026-07-11 03:25:56 +0200: Memory Usage (548996K) : graphcont_drw has 0 polygons
2026-07-11 03:25:56 +0200: Memory Usage (548996K) : siwg_drw has 0 polygons
2026-07-11 03:25:56 +0200: Memory Usage (548996K) : siwg_filler has 0 polygons
2026-07-11 03:25:56 +0200: Memory Usage (548996K) : siwg_nofill has 0 polygons
2026-07-11 03:25:56 +0200: Memory Usage (548996K) : sigrating_drw has 0 polygons
2026-07-11 03:25:56 +0200: Memory Usage (548996K) : singrating_drw has 0 polygons
2026-07-11 03:25:56 +0200: Memory Usage (548996K) : graphpas_drw has 0 polygons
2026-07-11 03:25:56 +0200: Memory Usage (548996K) : emwind3_drw has 0 polygons
2026-07-11 03:25:56 +0200: Memory Usage (548996K) : emwihv3_drw has 0 polygons
2026-07-11 03:25:56 +0200: Memory Usage (548996K) : redbulay_drw has 0 polygons
2026-07-11 03:25:56 +0200: Memory Usage (548996K) : smos_drw has 0 polygons
2026-07-11 03:25:56 +0200: Memory Usage (548996K) : graphpad_drw has 0 polygons
2026-07-11 03:25:56 +0200: Memory Usage (548996K) : polimide_drw has 0 polygons
2026-07-11 03:25:56 +0200: Memory Usage (548996K) : polimide_pin has 0 polygons
2026-07-11 03:25:56 +0200: Memory Usage (548996K) : recog_drw has 0 polygons
2026-07-11 03:25:56 +0200: Memory Usage (548996K) : recog_pin has 0 polygons
2026-07-11 03:25:56 +0200: Memory Usage (548996K) : recog_esd has 0 polygons
2026-07-11 03:25:56 +0200: Memory Usage (548996K) : recog_diode has 113 polygons
2026-07-11 03:25:56 +0200: Memory Usage (548996K) : recog_tsv has 0 polygons
2026-07-11 03:25:56 +0200: Memory Usage (548996K) : recog_iprobe has 0 polygons
2026-07-11 03:25:56 +0200: Memory Usage (548996K) : recog_diffprb has 0 polygons
2026-07-11 03:25:56 +0200: Memory Usage (548996K) : recog_pillar has 0 polygons
2026-07-11 03:25:56 +0200: Memory Usage (548996K) : recog_sbump has 0 polygons
2026-07-11 03:25:56 +0200: Memory Usage (548996K) : recog_otp has 0 polygons
2026-07-11 03:25:56 +0200: Memory Usage (548996K) : recog_pdiode has 0 polygons
2026-07-11 03:25:56 +0200: Memory Usage (548996K) : recog_mom has 8198 polygons
2026-07-11 03:25:56 +0200: Memory Usage (548996K) : recog_pcm has 0 polygons
2026-07-11 03:25:56 +0200: Memory Usage (548996K) : colopen_drw has 0 polygons
2026-07-11 03:25:56 +0200: Memory Usage (548996K) : graphmetal1_drw has 0 polygons
2026-07-11 03:25:56 +0200: Memory Usage (548996K) : graphmetal1_filler has 0 polygons
2026-07-11 03:25:56 +0200: Memory Usage (548996K) : graphmetal1_nofill has 0 polygons
2026-07-11 03:25:56 +0200: Memory Usage (548996K) : graphmetal1_slit has 0 polygons
2026-07-11 03:25:56 +0200: Memory Usage (548996K) : graphmetal1_opc has 0 polygons
2026-07-11 03:25:56 +0200: Memory Usage (548996K) : graphmet1l_drw has 0 polygons
2026-07-11 03:25:56 +0200: Memory Usage (548996K) : graphmet1l_filler has 0 polygons
2026-07-11 03:25:56 +0200: Memory Usage (548996K) : graphmet1l_nofill has 0 polygons
2026-07-11 03:25:56 +0200: Memory Usage (548996K) : graphmet1l_slit has 0 polygons
2026-07-11 03:25:56 +0200: Memory Usage (548996K) : graphmet1l_opc has 0 polygons
2026-07-11 03:25:56 +0200: Memory Usage (548996K) : extblock_drw has 145 polygons
2026-07-11 03:25:56 +0200: Memory Usage (548996K) : nldd_drw has 0 polygons
2026-07-11 03:25:56 +0200: Memory Usage (548996K) : pldd_drw has 0 polygons
2026-07-11 03:25:56 +0200: Memory Usage (548996K) : next_drw has 0 polygons
2026-07-11 03:25:56 +0200: Memory Usage (548996K) : pext_drw has 0 polygons
2026-07-11 03:25:56 +0200: Memory Usage (548996K) : nexthv_drw has 0 polygons
2026-07-11 03:25:56 +0200: Memory Usage (548996K) : pexthv_drw has 0 polygons
2026-07-11 03:25:56 +0200: Memory Usage (548996K) : graphgate_drw has 0 polygons
2026-07-11 03:25:56 +0200: Memory Usage (548996K) : sinwg_drw has 0 polygons
2026-07-11 03:25:56 +0200: Memory Usage (548996K) : sinwg_filler has 0 polygons
2026-07-11 03:25:56 +0200: Memory Usage (548996K) : sinwg_nofill has 0 polygons
2026-07-11 03:25:56 +0200: Memory Usage (548996K) : mempad_drw has 0 polygons
2026-07-11 03:25:56 +0200: Memory Usage (548996K) : topvia1_drw has 56700 polygons
2026-07-11 03:25:56 +0200: Memory Usage (548996K) : topmetal1_drw has 201 polygons
2026-07-11 03:25:56 +0200: Memory Usage (548996K) : topmetal1_pin has 168 polygons
2026-07-11 03:25:56 +0200: Memory Usage (548996K) : topmetal1_mask has 0 polygons
2026-07-11 03:25:56 +0200: Memory Usage (548996K) : topmetal1_filler has 0 polygons
2026-07-11 03:25:56 +0200: Memory Usage (548996K) : topmetal1_nofill has 0 polygons
2026-07-11 03:25:56 +0200: Memory Usage (548996K) : topmetal1_slit has 0 polygons
2026-07-11 03:25:56 +0200: Memory Usage (548996K) : topmetal1_text has 168 polygons
2026-07-11 03:25:56 +0200: Memory Usage (548996K) : topmetal1_noqrc has 0 polygons
2026-07-11 03:25:56 +0200: Memory Usage (548996K) : topmetal1_res has 0 polygons
2026-07-11 03:25:56 +0200: Memory Usage (548996K) : topmetal1_iprobe has 0 polygons
2026-07-11 03:25:56 +0200: Memory Usage (548996K) : topmetal1_diffprb has 0 polygons
2026-07-11 03:25:56 +0200: Memory Usage (548996K) : inldpwl_drw has 0 polygons
2026-07-11 03:25:56 +0200: Memory Usage (548996K) : polyres_drw has 36 polygons
2026-07-11 03:25:56 +0200: Memory Usage (548996K) : polyres_pin has 0 polygons
2026-07-11 03:25:56 +0200: Memory Usage (548996K) : vmim_drw has 0 polygons
2026-07-11 03:25:56 +0200: Memory Usage (548996K) : nbulaycut_drw has 0 polygons
2026-07-11 03:25:56 +0200: Memory Usage (548996K) : antmetal1_drw has 0 polygons
2026-07-11 03:25:56 +0200: Memory Usage (548996K) : topvia2_drw has 0 polygons
2026-07-11 03:25:56 +0200: Memory Usage (548996K) : topmetal2_drw has 0 polygons
2026-07-11 03:25:56 +0200: Memory Usage (548996K) : topmetal2_pin has 0 polygons
2026-07-11 03:25:56 +0200: Memory Usage (548996K) : topmetal2_mask has 0 polygons
2026-07-11 03:25:56 +0200: Memory Usage (548996K) : topmetal2_filler has 0 polygons
2026-07-11 03:25:56 +0200: Memory Usage (548996K) : topmetal2_nofill has 0 polygons
2026-07-11 03:25:56 +0200: Memory Usage (548996K) : topmetal2_slit has 0 polygons
2026-07-11 03:25:56 +0200: Memory Usage (548996K) : topmetal2_text has 0 polygons
2026-07-11 03:25:56 +0200: Memory Usage (548996K) : topmetal2_noqrc has 0 polygons
2026-07-11 03:25:56 +0200: Memory Usage (548996K) : topmetal2_res has 0 polygons
2026-07-11 03:25:56 +0200: Memory Usage (548996K) : topmetal2_iprobe has 0 polygons
2026-07-11 03:25:56 +0200: Memory Usage (548996K) : topmetal2_diffprb has 0 polygons
2026-07-11 03:25:56 +0200: Memory Usage (548996K) : snsring_drw has 0 polygons
2026-07-11 03:25:56 +0200: Memory Usage (548996K) : sensor_drw has 0 polygons
2026-07-11 03:25:56 +0200: Memory Usage (548996K) : snsarms_drw has 0 polygons
2026-07-11 03:25:56 +0200: Memory Usage (548996K) : snscmosvia_drw has 0 polygons
2026-07-11 03:25:56 +0200: Memory Usage (548996K) : colwind_drw has 0 polygons
2026-07-11 03:25:56 +0200: Memory Usage (548996K) : flm_drw has 0 polygons
2026-07-11 03:25:56 +0200: Memory Usage (548996K) : hafniumox_drw has 0 polygons
2026-07-11 03:25:56 +0200: Memory Usage (548996K) : memvia_drw has 0 polygons
2026-07-11 03:25:56 +0200: Memory Usage (548996K) : thinfilmres_drw has 0 polygons
2026-07-11 03:25:56 +0200: Memory Usage (548996K) : rfmem_drw has 0 polygons
2026-07-11 03:25:56 +0200: Memory Usage (548996K) : norcx_drw has 0 polygons
2026-07-11 03:25:56 +0200: Memory Usage (548996K) : norcx_m2m3 has 0 polygons
2026-07-11 03:25:56 +0200: Memory Usage (548996K) : norcx_m2m4 has 0 polygons
2026-07-11 03:25:56 +0200: Memory Usage (548996K) : norcx_m2m5 has 0 polygons
2026-07-11 03:25:56 +0200: Memory Usage (548996K) : norcx_m2tm1 has 0 polygons
2026-07-11 03:25:56 +0200: Memory Usage (548996K) : norcx_m2tm2 has 0 polygons
2026-07-11 03:25:56 +0200: Memory Usage (548996K) : norcx_m3m4 has 0 polygons
2026-07-11 03:25:56 +0200: Memory Usage (548996K) : norcx_m3m5 has 0 polygons
2026-07-11 03:25:56 +0200: Memory Usage (548996K) : norcx_m3tm1 has 0 polygons
2026-07-11 03:25:56 +0200: Memory Usage (548996K) : norcx_m3tm2 has 0 polygons
2026-07-11 03:25:56 +0200: Memory Usage (548996K) : norcx_m4m5 has 0 polygons
2026-07-11 03:25:56 +0200: Memory Usage (548996K) : norcx_m4tm1 has 0 polygons
2026-07-11 03:25:56 +0200: Memory Usage (548996K) : norcx_m4tm2 has 0 polygons
2026-07-11 03:25:56 +0200: Memory Usage (548996K) : norcx_m5tm1 has 0 polygons
2026-07-11 03:25:56 +0200: Memory Usage (548996K) : norcx_m5tm2 has 0 polygons
2026-07-11 03:25:56 +0200: Memory Usage (548996K) : norcx_tm1tm2 has 0 polygons
2026-07-11 03:25:56 +0200: Memory Usage (548996K) : norcx_m1sub has 0 polygons
2026-07-11 03:25:56 +0200: Memory Usage (548996K) : norcx_m2sub has 0 polygons
2026-07-11 03:25:56 +0200: Memory Usage (548996K) : norcx_m3sub has 0 polygons
2026-07-11 03:25:56 +0200: Memory Usage (548996K) : norcx_m4sub has 0 polygons
2026-07-11 03:25:56 +0200: Memory Usage (548996K) : norcx_m5sub has 0 polygons
2026-07-11 03:25:57 +0200: Memory Usage (548996K) : norcx_tm1sub has 0 polygons
2026-07-11 03:25:57 +0200: Memory Usage (548996K) : norcx_tm2sub has 0 polygons
2026-07-11 03:25:57 +0200: Memory Usage (548996K) : snsbotvia_drw has 0 polygons
2026-07-11 03:25:57 +0200: Memory Usage (548996K) : snstopvia_drw has 0 polygons
2026-07-11 03:25:57 +0200: Memory Usage (548996K) : deepvia_drw has 0 polygons
2026-07-11 03:25:57 +0200: Memory Usage (548996K) : fgetch_drw has 0 polygons
2026-07-11 03:25:57 +0200: Memory Usage (548996K) : ctrgat_drw has 0 polygons
2026-07-11 03:25:57 +0200: Memory Usage (548996K) : fgimp_drw has 0 polygons
2026-07-11 03:25:57 +0200: Memory Usage (548996K) : emwihv_drw has 0 polygons
2026-07-11 03:25:57 +0200: Memory Usage (548996K) : lbe_drw has 0 polygons
2026-07-11 03:25:57 +0200: Memory Usage (548996K) : alcustop_drw has 0 polygons
2026-07-11 03:25:57 +0200: Memory Usage (549124K) : nometfiller_drw has 0 polygons
2026-07-11 03:25:57 +0200: Memory Usage (549124K) : prboundary_drw has 0 polygons
2026-07-11 03:25:57 +0200: Memory Usage (549124K) : exchange0_drw has 0 polygons
2026-07-11 03:25:57 +0200: Memory Usage (549252K) : exchange0_pin has 0 polygons
2026-07-11 03:25:57 +0200: Memory Usage (549252K) : exchange0_text has 0 polygons
2026-07-11 03:25:57 +0200: Memory Usage (549252K) : exchange1_drw has 0 polygons
2026-07-11 03:25:57 +0200: Memory Usage (549252K) : exchange1_pin has 0 polygons
2026-07-11 03:25:57 +0200: Memory Usage (549380K) : exchange1_text has 0 polygons
2026-07-11 03:25:57 +0200: Memory Usage (549380K) : exchange2_drw has 0 polygons
2026-07-11 03:25:57 +0200: Memory Usage (549380K) : exchange2_pin has 0 polygons
2026-07-11 03:25:57 +0200: Memory Usage (549508K) : exchange2_text has 0 polygons
2026-07-11 03:25:57 +0200: Memory Usage (549508K) : exchange3_drw has 0 polygons
2026-07-11 03:25:57 +0200: Memory Usage (549508K) : exchange3_pin has 0 polygons
2026-07-11 03:25:57 +0200: Memory Usage (549636K) : exchange3_text has 0 polygons
2026-07-11 03:25:57 +0200: Memory Usage (549636K) : exchange4_drw has 0 polygons
2026-07-11 03:25:57 +0200: Memory Usage (549636K) : exchange4_pin has 0 polygons
2026-07-11 03:25:57 +0200: Memory Usage (549636K) : exchange4_text has 0 polygons
2026-07-11 03:25:57 +0200: Memory Usage (549764K) : isonwell_drw has 0 polygons
2026-07-11 03:25:57 +0200: Memory Usage (549764K) : Total no. of polygons in the design is 2591900
2026-07-11 03:25:57 +0200: Memory Usage (549764K) : Loaded TECH DRC rules values from /foss/pdks/ihp-sg13cmos5l/libs.tech/klayout/python/sg13cmos5l_pycell_lib/sg13cmos5l_tech_mod.json
2026-07-11 03:25:57 +0200: Memory Usage (549764K) : Loaded default DRC rules values from /foss/pdks/ihp-sg13cmos5l/libs.tech/klayout/tech/drc/rule_decks/sg13cmos5l_tech_default.json
2026-07-11 03:25:57 +0200: Memory Usage (550676K) : Total area of the design is 1102500.0 um^2.
2026-07-11 03:25:57 +0200: Memory Usage (550676K) : The design dimensions are 1050.0 um * 1050.0 um.
2026-07-11 03:25:57 +0200: Memory Usage (550676K) : Starting general IHP-SG13CMOS5L derivations.
2026-07-11 03:25:57 +0200: Memory Usage (550676K) : Starting Pwell derivations
2026-07-11 03:25:57 +0200: Memory Usage (554080K) : Starting IHP-SG13CMOS5L DRC rules.
2026-07-11 03:25:57 +0200: Memory Usage (554080K) : Starting 3.2. angle table
2026-07-11 03:25:57 +0200: Memory Usage (554080K) : Executing rule activ_drw_Acute
2026-07-11 03:25:57 +0200: Memory Usage (554888K) : Executing rule activ_pin_Acute
2026-07-11 03:25:57 +0200: Memory Usage (555272K) : Executing rule activ_mask_Acute
2026-07-11 03:25:57 +0200: Memory Usage (555656K) : Executing rule activ_filler_Acute
2026-07-11 03:25:57 +0200: Memory Usage (556168K) : Executing rule activ_nofill_Acute
2026-07-11 03:25:57 +0200: Memory Usage (556680K) : Executing rule activ_opc_Acute
2026-07-11 03:25:57 +0200: Memory Usage (557064K) : Executing rule activ_iopc_Acute
2026-07-11 03:25:57 +0200: Memory Usage (557576K) : Executing rule activ_noqrc_Acute
2026-07-11 03:25:57 +0200: Memory Usage (558088K) : Executing rule gatpoly_drw_Acute
2026-07-11 03:25:57 +0200: Memory Usage (558472K) : Executing rule gatpoly_pin_Acute
2026-07-11 03:25:57 +0200: Memory Usage (558984K) : Executing rule gatpoly_filler_Acute
2026-07-11 03:25:57 +0200: Memory Usage (559368K) : Executing rule gatpoly_nofill_Acute
2026-07-11 03:25:57 +0200: Memory Usage (559880K) : Executing rule gatpoly_opc_Acute
2026-07-11 03:25:57 +0200: Memory Usage (560392K) : Executing rule gatpoly_iopc_Acute
2026-07-11 03:25:57 +0200: Memory Usage (560776K) : Executing rule gatpoly_noqrc_Acute
2026-07-11 03:25:57 +0200: Memory Usage (561288K) : Executing rule cont_drw_Acute
2026-07-11 03:26:03 +0200: Memory Usage (692108K) : Executing rule cont_opc_Acute
2026-07-11 03:26:03 +0200: Memory Usage (692108K) : Executing rule nsd_drw_Acute
2026-07-11 03:26:03 +0200: Memory Usage (692108K) : Executing rule nsd_block_Acute
2026-07-11 03:26:03 +0200: Memory Usage (692108K) : Executing rule metal1_drw_Acute
2026-07-11 03:26:03 +0200: Memory Usage (692108K) : Executing rule metal1_pin_Acute
2026-07-11 03:26:04 +0200: Memory Usage (692108K) : Executing rule metal1_mask_Acute
2026-07-11 03:26:04 +0200: Memory Usage (692108K) : Executing rule metal1_filler_Acute
2026-07-11 03:26:04 +0200: Memory Usage (692108K) : Executing rule metal1_nofill_Acute
2026-07-11 03:26:04 +0200: Memory Usage (692108K) : Executing rule metal1_slit_Acute
2026-07-11 03:26:04 +0200: Memory Usage (692108K) : Executing rule metal1_opc_Acute
2026-07-11 03:26:04 +0200: Memory Usage (692108K) : Executing rule metal1_noqrc_Acute
2026-07-11 03:26:04 +0200: Memory Usage (692108K) : Executing rule metal1_res_Acute
2026-07-11 03:26:04 +0200: Memory Usage (692108K) : Executing rule metal1_iprobe_Acute
2026-07-11 03:26:04 +0200: Memory Usage (692108K) : Executing rule metal1_diffprb_Acute
2026-07-11 03:26:04 +0200: Memory Usage (692108K) : Executing rule passiv_drw_Acute
2026-07-11 03:26:04 +0200: Memory Usage (692108K) : Executing rule passiv_pin_Acute
2026-07-11 03:26:04 +0200: Memory Usage (692108K) : Executing rule passiv_pillar_Acute
2026-07-11 03:26:04 +0200: Memory Usage (692108K) : Executing rule passiv_sbump_Acute
2026-07-11 03:26:04 +0200: Memory Usage (692108K) : Executing rule passiv_pdl_Acute
2026-07-11 03:26:04 +0200: Memory Usage (692108K) : Executing rule metal2_drw_Acute
2026-07-11 03:26:04 +0200: Memory Usage (648724K) : Executing rule metal2_pin_Acute
2026-07-11 03:26:04 +0200: Memory Usage (648724K) : Executing rule metal2_mask_Acute
2026-07-11 03:26:04 +0200: Memory Usage (648724K) : Executing rule metal2_filler_Acute
2026-07-11 03:26:04 +0200: Memory Usage (648724K) : Executing rule metal2_nofill_Acute
2026-07-11 03:26:04 +0200: Memory Usage (648724K) : Executing rule metal2_slit_Acute
2026-07-11 03:26:04 +0200: Memory Usage (648724K) : Executing rule metal2_opc_Acute
2026-07-11 03:26:04 +0200: Memory Usage (648724K) : Executing rule metal2_noqrc_Acute
2026-07-11 03:26:04 +0200: Memory Usage (648724K) : Executing rule metal2_res_Acute
2026-07-11 03:26:04 +0200: Memory Usage (648724K) : Executing rule metal2_iprobe_Acute
2026-07-11 03:26:04 +0200: Memory Usage (648724K) : Executing rule metal2_diffprb_Acute
2026-07-11 03:26:04 +0200: Memory Usage (648724K) : Executing rule psd_drw_Acute
2026-07-11 03:26:04 +0200: Memory Usage (648724K) : Executing rule via1_drw_Acute
2026-07-11 03:26:04 +0200: Memory Usage (648724K) : Executing rule salblock_drw_Acute
2026-07-11 03:26:04 +0200: Memory Usage (648724K) : Executing rule via2_drw_Acute
2026-07-11 03:26:05 +0200: Memory Usage (648724K) : Executing rule metal3_drw_Acute
2026-07-11 03:26:06 +0200: Memory Usage (648724K) : Executing rule metal3_pin_Acute
2026-07-11 03:26:06 +0200: Memory Usage (648724K) : Executing rule metal3_mask_Acute
2026-07-11 03:26:06 +0200: Memory Usage (648724K) : Executing rule metal3_filler_Acute
2026-07-11 03:26:06 +0200: Memory Usage (648724K) : Executing rule metal3_nofill_Acute
2026-07-11 03:26:06 +0200: Memory Usage (648724K) : Executing rule metal3_slit_Acute
2026-07-11 03:26:06 +0200: Memory Usage (648724K) : Executing rule metal3_opc_Acute
2026-07-11 03:26:06 +0200: Memory Usage (648724K) : Executing rule metal3_noqrc_Acute
2026-07-11 03:26:06 +0200: Memory Usage (648724K) : Executing rule metal3_res_Acute
2026-07-11 03:26:06 +0200: Memory Usage (648724K) : Executing rule metal3_iprobe_Acute
2026-07-11 03:26:06 +0200: Memory Usage (648724K) : Executing rule metal3_diffprb_Acute
2026-07-11 03:26:06 +0200: Memory Usage (648724K) : Executing rule nwell_drw_Acute
2026-07-11 03:26:06 +0200: Memory Usage (648724K) : Executing rule nwell_pin_Acute
2026-07-11 03:26:06 +0200: Memory Usage (648724K) : Executing rule pwell_drw_Acute
2026-07-11 03:26:06 +0200: Memory Usage (648724K) : Executing rule pwell_pin_Acute
2026-07-11 03:26:06 +0200: Memory Usage (648724K) : Executing rule pwell_block_Acute
2026-07-11 03:26:06 +0200: Memory Usage (648724K) : Executing rule substrate_drw_Acute
2026-07-11 03:26:06 +0200: Memory Usage (648724K) : Executing rule via3_drw_Acute
2026-07-11 03:26:07 +0200: Memory Usage (648048K) : Executing rule metal4_drw_Acute
2026-07-11 03:26:07 +0200: Memory Usage (648048K) : Executing rule metal4_pin_Acute
2026-07-11 03:26:07 +0200: Memory Usage (645828K) : Executing rule metal4_mask_Acute
2026-07-11 03:26:07 +0200: Memory Usage (645828K) : Executing rule metal4_filler_Acute
2026-07-11 03:26:07 +0200: Memory Usage (645828K) : Executing rule metal4_nofill_Acute
2026-07-11 03:26:07 +0200: Memory Usage (645828K) : Executing rule metal4_slit_Acute
2026-07-11 03:26:07 +0200: Memory Usage (645828K) : Executing rule metal4_opc_Acute
2026-07-11 03:26:07 +0200: Memory Usage (645828K) : Executing rule metal4_noqrc_Acute
2026-07-11 03:26:07 +0200: Memory Usage (645828K) : Executing rule metal4_res_Acute
2026-07-11 03:26:07 +0200: Memory Usage (645828K) : Executing rule metal4_iprobe_Acute
2026-07-11 03:26:07 +0200: Memory Usage (645828K) : Executing rule metal4_diffprb_Acute
2026-07-11 03:26:07 +0200: Memory Usage (645828K) : Executing rule topvia1_drw_Acute
2026-07-11 03:26:08 +0200: Memory Usage (645828K) : Executing rule topmetal1_drw_Acute
2026-07-11 03:26:08 +0200: Memory Usage (645828K) : Executing rule topmetal1_pin_Acute
2026-07-11 03:26:08 +0200: Memory Usage (645828K) : Executing rule topmetal1_mask_Acute
2026-07-11 03:26:08 +0200: Memory Usage (645828K) : Executing rule topmetal1_filler_Acute
2026-07-11 03:26:08 +0200: Memory Usage (645828K) : Executing rule topmetal1_nofill_Acute
2026-07-11 03:26:08 +0200: Memory Usage (645828K) : Executing rule topmetal1_slit_Acute
2026-07-11 03:26:08 +0200: Memory Usage (645828K) : Executing rule topmetal1_noqrc_Acute
2026-07-11 03:26:08 +0200: Memory Usage (645828K) : Executing rule topmetal1_res_Acute
2026-07-11 03:26:08 +0200: Memory Usage (645828K) : Executing rule topmetal1_iprobe_Acute
2026-07-11 03:26:08 +0200: Memory Usage (645828K) : Executing rule topmetal1_diffprb_Acute
2026-07-11 03:26:08 +0200: Memory Usage (645828K) : Executing rule thickgateox_drw_Acute
2026-07-11 03:26:08 +0200: Memory Usage (645828K) : Executing rule polyres_drw_Acute
2026-07-11 03:26:08 +0200: Memory Usage (645828K) : Executing rule polyres_pin_Acute
2026-07-11 03:26:08 +0200: Memory Usage (645828K) : Executing rule antmetal1_drw_Acute
2026-07-11 03:26:08 +0200: Memory Usage (645828K) : Executing rule thinfilmres_drw_Acute
2026-07-11 03:26:08 +0200: Memory Usage (645828K) : Executing rule lbe_drw_Acute
2026-07-11 03:26:08 +0200: Memory Usage (645828K) : Executing rule prboundary_drw_Acute
2026-07-11 03:26:08 +0200: Memory Usage (645828K) : Executing rule cont_drw_Angle90
2026-07-11 03:26:12 +0200: Memory Usage (1009148K) : Executing rule via1_drw_Angle90
2026-07-11 03:26:13 +0200: Memory Usage (1014524K) : Executing rule via2_drw_Angle90
2026-07-11 03:26:14 +0200: Memory Usage (974908K) : Executing rule via3_drw_Angle90
2026-07-11 03:26:15 +0200: Memory Usage (977456K) : Executing rule topvia1_drw_Angle90
2026-07-11 03:26:15 +0200: Memory Usage (977584K) : Executing rule gatpoly_drw_Angle45
2026-07-11 03:26:15 +0200: Memory Usage (977712K) : Executing rule activ_drw_Angle45
2026-07-11 03:26:15 +0200: Memory Usage (977820K) : Executing rule metal1_drw_Angle45
2026-07-11 03:26:16 +0200: Memory Usage (980892K) : Executing rule metal2_drw_Angle45
2026-07-11 03:26:16 +0200: Memory Usage (985756K) : Executing rule metal3_drw_Angle45
2026-07-11 03:26:17 +0200: Memory Usage (988060K) : Executing rule metal4_drw_Angle45
2026-07-11 03:26:17 +0200: Memory Usage (992148K) : Executing rule topmetal1_drw_Angle45
2026-07-11 03:26:17 +0200: Memory Usage (992276K) : KLayout DRC run for tables 'angle' completed in 21.1 seconds
