# Logfile created on 2026-07-11 03:25:56 +0200 by logger.rb/v1.5.3
2026-07-11 03:25:56 +0200: Memory Usage (525928K) : Starting running IHP-SG13CMOS5L KLayout DRC runset on /foss/designs/adc8b/IHP__MSPHY9932/release/v.1.0.0/gds/MSPHY9932.gds
2026-07-11 03:25:56 +0200: Memory Usage (525928K) : Ruby Version for klayout: 3.2.3
2026-07-11 03:25:56 +0200: Memory Usage (530664K) : Loading database to memory is complete.
2026-07-11 03:25:56 +0200: Memory Usage (530664K) : IHP-SG13CMOS5L KLayout DRC runset output at: /foss/designs/adc8b/IHP__MSPHY9932/release/v.1.0.0/drc/MSPHY9932_MSPHY9932_forbidden_cmos5l.lyrdb
2026-07-11 03:25:56 +0200: Memory Usage (530664K) : Evaluate switches.
2026-07-11 03:25:56 +0200: Memory Usage (530664K) : tables selected: forbidden_cmos5l
2026-07-11 03:25:56 +0200: Memory Usage (530664K) : KLayout will use 16 thread(s) in tiled mode.
2026-07-11 03:25:56 +0200: Memory Usage (530664K) : deep mode is enabled.
2026-07-11 03:25:56 +0200: Memory Usage (530664K) : FEOL enabled: false
2026-07-11 03:25:56 +0200: Memory Usage (530664K) : BEOL enabled: false
2026-07-11 03:25:56 +0200: Memory Usage (530664K) : OFFGRID enabled: true
2026-07-11 03:25:56 +0200: Memory Usage (530664K) : ANGLE enabled: true
2026-07-11 03:25:56 +0200: Memory Usage (530664K) : PIN enabled: false
2026-07-11 03:25:56 +0200: Memory Usage (530664K) : FORBIDDEN enabled: false
2026-07-11 03:25:56 +0200: Memory Usage (530664K) : RECOMMENDED enabled: true
2026-07-11 03:25:56 +0200: Memory Usage (530664K) : PreCheck DRC enabled: false
2026-07-11 03:25:56 +0200: Memory Usage (530664K) : CONNECTIVITY_RULES enabled: false.
2026-07-11 03:25:56 +0200: Memory Usage (530664K) : Read in polygons from layers.
2026-07-11 03:25:56 +0200: Memory Usage (532124K) : activ_drw has 4847 polygons
2026-07-11 03:25:56 +0200: Memory Usage (532252K) : activ_pin has 0 polygons
2026-07-11 03:25:56 +0200: Memory Usage (532252K) : activ_mask has 0 polygons
2026-07-11 03:25:56 +0200: Memory Usage (532380K) : activ_filler has 0 polygons
2026-07-11 03:25:56 +0200: Memory Usage (532380K) : activ_nofill has 0 polygons
2026-07-11 03:25:56 +0200: Memory Usage (532508K) : activ_opc has 0 polygons
2026-07-11 03:25:56 +0200: Memory Usage (532508K) : activ_iopc has 0 polygons
2026-07-11 03:25:56 +0200: Memory Usage (532636K) : activ_noqrc has 0 polygons
2026-07-11 03:25:56 +0200: Memory Usage (532636K) : biwind_drw has 0 polygons
2026-07-11 03:25:56 +0200: Memory Usage (532636K) : biwind_opc has 0 polygons
2026-07-11 03:25:56 +0200: Memory Usage (532764K) : pemwind_drw has 0 polygons
2026-07-11 03:25:56 +0200: Memory Usage (532764K) : gatpoly_drw has 4112 polygons
2026-07-11 03:25:56 +0200: Memory Usage (532892K) : gatpoly_pin has 65 polygons
2026-07-11 03:25:56 +0200: Memory Usage (533020K) : gatpoly_filler has 0 polygons
2026-07-11 03:25:56 +0200: Memory Usage (533020K) : gatpoly_nofill has 0 polygons
2026-07-11 03:25:56 +0200: Memory Usage (533020K) : gatpoly_opc has 0 polygons
2026-07-11 03:25:56 +0200: Memory Usage (533148K) : gatpoly_iopc has 0 polygons
2026-07-11 03:25:56 +0200: Memory Usage (533148K) : gatpoly_noqrc has 0 polygons
2026-07-11 03:25:56 +0200: Memory Usage (541084K) : cont_drw has 1640232 polygons
2026-07-11 03:25:56 +0200: Memory Usage (541084K) : cont_opc has 0 polygons
2026-07-11 03:25:56 +0200: Memory Usage (541084K) : nsd_drw has 0 polygons
2026-07-11 03:25:56 +0200: Memory Usage (541084K) : nsd_block has 0 polygons
2026-07-11 03:25:56 +0200: Memory Usage (541084K) : metal1_drw has 39512 polygons
2026-07-11 03:25:56 +0200: Memory Usage (541084K) : metal1_pin has 18610 polygons
2026-07-11 03:25:56 +0200: Memory Usage (541084K) : metal1_mask has 0 polygons
2026-07-11 03:25:56 +0200: Memory Usage (541084K) : metal1_filler has 0 polygons
2026-07-11 03:25:56 +0200: Memory Usage (541084K) : metal1_nofill has 0 polygons
2026-07-11 03:25:56 +0200: Memory Usage (541084K) : metal1_slit has 0 polygons
2026-07-11 03:25:56 +0200: Memory Usage (541084K) : metal1_text has 10091 polygons
2026-07-11 03:25:56 +0200: Memory Usage (541084K) : metal1_opc has 0 polygons
2026-07-11 03:25:56 +0200: Memory Usage (541084K) : metal1_noqrc has 0 polygons
2026-07-11 03:25:56 +0200: Memory Usage (541084K) : metal1_res has 0 polygons
2026-07-11 03:25:56 +0200: Memory Usage (541084K) : metal1_iprobe has 0 polygons
2026-07-11 03:25:56 +0200: Memory Usage (541084K) : metal1_diffprb has 0 polygons
2026-07-11 03:25:56 +0200: Memory Usage (541084K) : passiv_drw has 32 polygons
2026-07-11 03:25:56 +0200: Memory Usage (541084K) : passiv_pin has 0 polygons
2026-07-11 03:25:56 +0200: Memory Usage (541084K) : passiv_sbump has 0 polygons
2026-07-11 03:25:56 +0200: Memory Usage (541084K) : passiv_pillar has 0 polygons
2026-07-11 03:25:56 +0200: Memory Usage (541084K) : passiv_pdl has 0 polygons
2026-07-11 03:25:56 +0200: Memory Usage (541084K) : metal2_drw has 129019 polygons
2026-07-11 03:25:56 +0200: Memory Usage (541084K) : metal2_pin has 642 polygons
2026-07-11 03:25:56 +0200: Memory Usage (541084K) : metal2_mask has 0 polygons
2026-07-11 03:25:56 +0200: Memory Usage (541084K) : metal2_filler has 0 polygons
2026-07-11 03:25:56 +0200: Memory Usage (541084K) : metal2_nofill has 0 polygons
2026-07-11 03:25:56 +0200: Memory Usage (541084K) : metal2_slit has 0 polygons
2026-07-11 03:25:56 +0200: Memory Usage (541084K) : metal2_text has 642 polygons
2026-07-11 03:25:56 +0200: Memory Usage (541084K) : metal2_opc has 0 polygons
2026-07-11 03:25:56 +0200: Memory Usage (541084K) : metal2_noqrc has 0 polygons
2026-07-11 03:25:56 +0200: Memory Usage (541084K) : metal2_res has 0 polygons
2026-07-11 03:25:56 +0200: Memory Usage (541084K) : metal2_iprobe has 0 polygons
2026-07-11 03:25:56 +0200: Memory Usage (541084K) : metal2_diffprb has 0 polygons
2026-07-11 03:25:56 +0200: Memory Usage (541340K) : baspoly_drw has 0 polygons
2026-07-11 03:25:56 +0200: Memory Usage (541340K) : baspoly_pin has 0 polygons
2026-07-11 03:25:56 +0200: Memory Usage (541340K) : psd_drw has 1819 polygons
2026-07-11 03:25:56 +0200: Memory Usage (541340K) : nldb_drw has 0 polygons
2026-07-11 03:25:56 +0200: Memory Usage (541340K) : digibnd_drw has 0 polygons
2026-07-11 03:25:56 +0200: Memory Usage (541468K) : via1_drw has 61293 polygons
2026-07-11 03:25:56 +0200: Memory Usage (541596K) : backmetal1_drw has 0 polygons
2026-07-11 03:25:56 +0200: Memory Usage (541724K) : backmetal1_pin has 0 polygons
2026-07-11 03:25:56 +0200: Memory Usage (541724K) : backmetal1_mask has 0 polygons
2026-07-11 03:25:56 +0200: Memory Usage (541852K) : backmetal1_filler has 0 polygons
2026-07-11 03:25:56 +0200: Memory Usage (541852K) : backmetal1_nofill has 0 polygons
2026-07-11 03:25:56 +0200: Memory Usage (541852K) : backmetal1_slit has 0 polygons
2026-07-11 03:25:56 +0200: Memory Usage (541980K) : backmetal1_text has 0 polygons
2026-07-11 03:25:56 +0200: Memory Usage (542108K) : backmetal1_opc has 0 polygons
2026-07-11 03:25:56 +0200: Memory Usage (542108K) : backmetal1_noqrc has 0 polygons
2026-07-11 03:25:56 +0200: Memory Usage (542236K) : backmetal1_res has 0 polygons
2026-07-11 03:25:56 +0200: Memory Usage (542364K) : backmetal1_iprobe has 0 polygons
2026-07-11 03:25:56 +0200: Memory Usage (542364K) : backmetal1_diffprb has 0 polygons
2026-07-11 03:25:56 +0200: Memory Usage (542364K) : backpassiv_drw has 0 polygons
2026-07-11 03:25:56 +0200: Memory Usage (542492K) : res_drw has 0 polygons
2026-07-11 03:25:56 +0200: Memory Usage (542492K) : sram_drw has 0 polygons
2026-07-11 03:25:56 +0200: Memory Usage (542620K) : trans_drw has 0 polygons
2026-07-11 03:25:56 +0200: Memory Usage (542620K) : ind_drw has 0 polygons
2026-07-11 03:25:56 +0200: Memory Usage (542748K) : ind_pin has 0 polygons
2026-07-11 03:25:56 +0200: Memory Usage (542876K) : ind_text has 0 polygons
2026-07-11 03:25:56 +0200: Memory Usage (542876K) : salblock_drw has 55 polygons
2026-07-11 03:25:56 +0200: Memory Usage (543772K) : via2_drw has 170273 polygons
2026-07-11 03:25:56 +0200: Memory Usage (543900K) : metal3_drw has 126558 polygons
2026-07-11 03:25:56 +0200: Memory Usage (544028K) : metal3_pin has 342 polygons
2026-07-11 03:25:56 +0200: Memory Usage (544028K) : metal3_mask has 0 polygons
2026-07-11 03:25:56 +0200: Memory Usage (544156K) : metal3_filler has 0 polygons
2026-07-11 03:25:56 +0200: Memory Usage (544156K) : metal3_nofill has 0 polygons
2026-07-11 03:25:56 +0200: Memory Usage (544284K) : metal3_slit has 0 polygons
2026-07-11 03:25:56 +0200: Memory Usage (544284K) : metal3_text has 342 polygons
2026-07-11 03:25:56 +0200: Memory Usage (544412K) : metal3_opc has 0 polygons
2026-07-11 03:25:56 +0200: Memory Usage (544412K) : metal3_noqrc has 0 polygons
2026-07-11 03:25:56 +0200: Memory Usage (544412K) : metal3_res has 0 polygons
2026-07-11 03:25:56 +0200: Memory Usage (544540K) : metal3_iprobe has 0 polygons
2026-07-11 03:25:56 +0200: Memory Usage (544540K) : metal3_diffprb has 0 polygons
2026-07-11 03:25:56 +0200: Memory Usage (544668K) : nwell_drw has 900 polygons
2026-07-11 03:25:56 +0200: Memory Usage (544796K) : nwell_pin has 1 polygons
2026-07-11 03:25:56 +0200: Memory Usage (544796K) : nbulay_drw has 0 polygons
2026-07-11 03:25:56 +0200: Memory Usage (544924K) : nbulay_pin has 0 polygons
2026-07-11 03:25:56 +0200: Memory Usage (545052K) : nbulay_block has 0 polygons
2026-07-11 03:25:56 +0200: Memory Usage (545052K) : emwind_drw has 0 polygons
2026-07-11 03:25:56 +0200: Memory Usage (545180K) : emwind_opc has 0 polygons
2026-07-11 03:25:56 +0200: Memory Usage (545180K) : deepco_drw has 0 polygons
2026-07-11 03:25:56 +0200: Memory Usage (545180K) : deepco_drw has 0 polygons
2026-07-11 03:25:56 +0200: Memory Usage (545308K) : mim_drw has 0 polygons
2026-07-11 03:25:56 +0200: Memory Usage (545308K) : edgeseal_drw has 24 polygons
2026-07-11 03:25:56 +0200: Memory Usage (545436K) : edgeseal_bound has 1 polygons
2026-07-11 03:25:56 +0200: Memory Usage (545436K) : substrate_drw has 818 polygons
2026-07-11 03:25:56 +0200: Memory Usage (545564K) : substrate_text has 0 polygons
2026-07-11 03:25:56 +0200: Memory Usage (545564K) : dfpad_drw has 20 polygons
2026-07-11 03:25:56 +0200: Memory Usage (545564K) : dfpad_pillar has 0 polygons
2026-07-11 03:25:56 +0200: Memory Usage (545692K) : dfpad_sbump has 0 polygons
2026-07-11 03:25:56 +0200: Memory Usage (545692K) : thickgateox_drw has 39 polygons
2026-07-11 03:25:56 +0200: Memory Usage (545820K) : pldb_drw has 0 polygons
2026-07-11 03:25:56 +0200: Memory Usage (545820K) : pwell_drw has 0 polygons
2026-07-11 03:25:56 +0200: Memory Usage (545948K) : pwell_pin has 0 polygons
2026-07-11 03:25:56 +0200: Memory Usage (546076K) : pwell_block has 6 polygons
2026-07-11 03:25:56 +0200: Memory Usage (546076K) : ic_drw has 0 polygons
2026-07-11 03:25:56 +0200: Memory Usage (546844K) : via3_drw has 165845 polygons
2026-07-11 03:25:56 +0200: Memory Usage (546972K) : metal4_drw has 123478 polygons
2026-07-11 03:25:56 +0200: Memory Usage (547100K) : metal4_pin has 16630 polygons
2026-07-11 03:25:56 +0200: Memory Usage (547228K) : metal4_mask has 0 polygons
2026-07-11 03:25:56 +0200: Memory Usage (547228K) : metal4_filler has 0 polygons
2026-07-11 03:25:56 +0200: Memory Usage (547356K) : metal4_nofill has 0 polygons
2026-07-11 03:25:56 +0200: Memory Usage (547356K) : metal4_slit has 0 polygons
2026-07-11 03:25:56 +0200: Memory Usage (547356K) : metal4_text has 8424 polygons
2026-07-11 03:25:56 +0200: Memory Usage (547484K) : metal4_opc has 0 polygons
2026-07-11 03:25:56 +0200: Memory Usage (547484K) : metal4_noqrc has 0 polygons
2026-07-11 03:25:56 +0200: Memory Usage (547612K) : metal4_res has 0 polygons
2026-07-11 03:25:56 +0200: Memory Usage (547612K) : metal4_iprobe has 0 polygons
2026-07-11 03:25:56 +0200: Memory Usage (547740K) : metal4_diffprb has 0 polygons
2026-07-11 03:25:56 +0200: Memory Usage (547740K) : heattrans_drw has 856 polygons
2026-07-11 03:25:56 +0200: Memory Usage (547740K) : heatres_drw has 36 polygons
2026-07-11 03:25:56 +0200: Memory Usage (547868K) : pempoly_drw has 0 polygons
2026-07-11 03:25:56 +0200: Memory Usage (547996K) : fbe_drw has 0 polygons
2026-07-11 03:25:56 +0200: Memory Usage (547996K) : empoly_drw has 0 polygons
2026-07-11 03:25:56 +0200: Memory Usage (548124K) : ldmos_drw has 0 polygons
2026-07-11 03:25:56 +0200: Memory Usage (548124K) : pbiwind_drw has 0 polygons
2026-07-11 03:25:56 +0200: Memory Usage (548124K) : digisub_drw has 0 polygons
2026-07-11 03:25:56 +0200: Memory Usage (548124K) : nodrc_drw has 0 polygons
2026-07-11 03:25:56 +0200: Memory Usage (548252K) : text_drw has 607 polygons
2026-07-11 03:25:56 +0200: Memory Usage (548252K) : via4_drw has 0 polygons
2026-07-11 03:25:56 +0200: Memory Usage (548380K) : metal5_drw has 0 polygons
2026-07-11 03:25:56 +0200: Memory Usage (548380K) : metal5_pin has 0 polygons
2026-07-11 03:25:56 +0200: Memory Usage (548508K) : metal5_mask has 0 polygons
2026-07-11 03:25:56 +0200: Memory Usage (548508K) : metal5_filler has 0 polygons
2026-07-11 03:25:56 +0200: Memory Usage (548636K) : metal5_nofill has 0 polygons
2026-07-11 03:25:56 +0200: Memory Usage (548636K) : metal5_slit has 0 polygons
2026-07-11 03:25:56 +0200: Memory Usage (548764K) : metal5_text has 0 polygons
2026-07-11 03:25:56 +0200: Memory Usage (548764K) : metal5_opc has 0 polygons
2026-07-11 03:25:56 +0200: Memory Usage (548892K) : metal5_noqrc has 0 polygons
2026-07-11 03:25:56 +0200: Memory Usage (549020K) : metal5_res has 0 polygons
2026-07-11 03:25:56 +0200: Memory Usage (549020K) : metal5_iprobe has 0 polygons
2026-07-11 03:25:56 +0200: Memory Usage (549020K) : metal5_diffprb has 0 polygons
2026-07-11 03:25:56 +0200: Memory Usage (549148K) : radhard_drw has 0 polygons
2026-07-11 03:25:56 +0200: Memory Usage (549148K) : memcap_drw has 0 polygons
2026-07-11 03:25:56 +0200: Memory Usage (549276K) : varicap_drw has 0 polygons
2026-07-11 03:25:56 +0200: Memory Usage (549276K) : flash_drw has 0 polygons
2026-07-11 03:25:56 +0200: Memory Usage (549276K) : intbondvia_drw has 0 polygons
2026-07-11 03:25:56 +0200: Memory Usage (549404K) : intbondmet_drw has 0 polygons
2026-07-11 03:25:56 +0200: Memory Usage (549404K) : devbondvia_drw has 0 polygons
2026-07-11 03:25:56 +0200: Memory Usage (549404K) : devbondmet_drw has 0 polygons
2026-07-11 03:25:56 +0200: Memory Usage (549404K) : devtrench_drw has 0 polygons
2026-07-11 03:25:56 +0200: Memory Usage (549404K) : redist_drw has 0 polygons
2026-07-11 03:25:56 +0200: Memory Usage (549404K) : graphbot_drw has 0 polygons
2026-07-11 03:25:56 +0200: Memory Usage (549404K) : graphtop_drw has 0 polygons
2026-07-11 03:25:56 +0200: Memory Usage (549404K) : antvia1_drw has 0 polygons
2026-07-11 03:25:56 +0200: Memory Usage (549404K) : antmetal2_drw has 0 polygons
2026-07-11 03:25:56 +0200: Memory Usage (549404K) : graphcont_drw has 0 polygons
2026-07-11 03:25:56 +0200: Memory Usage (549404K) : siwg_drw has 0 polygons
2026-07-11 03:25:56 +0200: Memory Usage (549404K) : siwg_filler has 0 polygons
2026-07-11 03:25:56 +0200: Memory Usage (549404K) : siwg_nofill has 0 polygons
2026-07-11 03:25:56 +0200: Memory Usage (549404K) : sigrating_drw has 0 polygons
2026-07-11 03:25:56 +0200: Memory Usage (549404K) : singrating_drw has 0 polygons
2026-07-11 03:25:56 +0200: Memory Usage (549404K) : graphpas_drw has 0 polygons
2026-07-11 03:25:56 +0200: Memory Usage (549404K) : emwind3_drw has 0 polygons
2026-07-11 03:25:56 +0200: Memory Usage (549404K) : emwihv3_drw has 0 polygons
2026-07-11 03:25:56 +0200: Memory Usage (549404K) : redbulay_drw has 0 polygons
2026-07-11 03:25:56 +0200: Memory Usage (549404K) : smos_drw has 0 polygons
2026-07-11 03:25:56 +0200: Memory Usage (549404K) : graphpad_drw has 0 polygons
2026-07-11 03:25:56 +0200: Memory Usage (549404K) : polimide_drw has 0 polygons
2026-07-11 03:25:56 +0200: Memory Usage (549404K) : polimide_pin has 0 polygons
2026-07-11 03:25:56 +0200: Memory Usage (549404K) : recog_drw has 0 polygons
2026-07-11 03:25:56 +0200: Memory Usage (549404K) : recog_pin has 0 polygons
2026-07-11 03:25:56 +0200: Memory Usage (549404K) : recog_esd has 0 polygons
2026-07-11 03:25:56 +0200: Memory Usage (549404K) : recog_diode has 113 polygons
2026-07-11 03:25:56 +0200: Memory Usage (549404K) : recog_tsv has 0 polygons
2026-07-11 03:25:56 +0200: Memory Usage (549404K) : recog_iprobe has 0 polygons
2026-07-11 03:25:56 +0200: Memory Usage (549404K) : recog_diffprb has 0 polygons
2026-07-11 03:25:56 +0200: Memory Usage (549404K) : recog_pillar has 0 polygons
2026-07-11 03:25:56 +0200: Memory Usage (549404K) : recog_sbump has 0 polygons
2026-07-11 03:25:56 +0200: Memory Usage (549404K) : recog_otp has 0 polygons
2026-07-11 03:25:56 +0200: Memory Usage (549404K) : recog_pdiode has 0 polygons
2026-07-11 03:25:56 +0200: Memory Usage (549404K) : recog_mom has 8198 polygons
2026-07-11 03:25:56 +0200: Memory Usage (549404K) : recog_pcm has 0 polygons
2026-07-11 03:25:56 +0200: Memory Usage (549404K) : colopen_drw has 0 polygons
2026-07-11 03:25:56 +0200: Memory Usage (549404K) : graphmetal1_drw has 0 polygons
2026-07-11 03:25:56 +0200: Memory Usage (549404K) : graphmetal1_filler has 0 polygons
2026-07-11 03:25:56 +0200: Memory Usage (549404K) : graphmetal1_nofill has 0 polygons
2026-07-11 03:25:56 +0200: Memory Usage (549404K) : graphmetal1_slit has 0 polygons
2026-07-11 03:25:56 +0200: Memory Usage (549404K) : graphmetal1_opc has 0 polygons
2026-07-11 03:25:56 +0200: Memory Usage (549404K) : graphmet1l_drw has 0 polygons
2026-07-11 03:25:56 +0200: Memory Usage (549404K) : graphmet1l_filler has 0 polygons
2026-07-11 03:25:56 +0200: Memory Usage (549404K) : graphmet1l_nofill has 0 polygons
2026-07-11 03:25:56 +0200: Memory Usage (549404K) : graphmet1l_slit has 0 polygons
2026-07-11 03:25:56 +0200: Memory Usage (549404K) : graphmet1l_opc has 0 polygons
2026-07-11 03:25:56 +0200: Memory Usage (549404K) : extblock_drw has 145 polygons
2026-07-11 03:25:56 +0200: Memory Usage (549404K) : nldd_drw has 0 polygons
2026-07-11 03:25:56 +0200: Memory Usage (549404K) : pldd_drw has 0 polygons
2026-07-11 03:25:56 +0200: Memory Usage (549404K) : next_drw has 0 polygons
2026-07-11 03:25:56 +0200: Memory Usage (549404K) : pext_drw has 0 polygons
2026-07-11 03:25:56 +0200: Memory Usage (549404K) : nexthv_drw has 0 polygons
2026-07-11 03:25:56 +0200: Memory Usage (549404K) : pexthv_drw has 0 polygons
2026-07-11 03:25:56 +0200: Memory Usage (549404K) : graphgate_drw has 0 polygons
2026-07-11 03:25:56 +0200: Memory Usage (549404K) : sinwg_drw has 0 polygons
2026-07-11 03:25:56 +0200: Memory Usage (549404K) : sinwg_filler has 0 polygons
2026-07-11 03:25:56 +0200: Memory Usage (549404K) : sinwg_nofill has 0 polygons
2026-07-11 03:25:56 +0200: Memory Usage (549404K) : mempad_drw has 0 polygons
2026-07-11 03:25:56 +0200: Memory Usage (549404K) : topvia1_drw has 56700 polygons
2026-07-11 03:25:56 +0200: Memory Usage (549404K) : topmetal1_drw has 201 polygons
2026-07-11 03:25:56 +0200: Memory Usage (549404K) : topmetal1_pin has 168 polygons
2026-07-11 03:25:56 +0200: Memory Usage (549404K) : topmetal1_mask has 0 polygons
2026-07-11 03:25:56 +0200: Memory Usage (549404K) : topmetal1_filler has 0 polygons
2026-07-11 03:25:56 +0200: Memory Usage (549404K) : topmetal1_nofill has 0 polygons
2026-07-11 03:25:56 +0200: Memory Usage (549404K) : topmetal1_slit has 0 polygons
2026-07-11 03:25:56 +0200: Memory Usage (549404K) : topmetal1_text has 168 polygons
2026-07-11 03:25:56 +0200: Memory Usage (549404K) : topmetal1_noqrc has 0 polygons
2026-07-11 03:25:56 +0200: Memory Usage (549404K) : topmetal1_res has 0 polygons
2026-07-11 03:25:56 +0200: Memory Usage (549404K) : topmetal1_iprobe has 0 polygons
2026-07-11 03:25:56 +0200: Memory Usage (549404K) : topmetal1_diffprb has 0 polygons
2026-07-11 03:25:56 +0200: Memory Usage (549404K) : inldpwl_drw has 0 polygons
2026-07-11 03:25:56 +0200: Memory Usage (549404K) : polyres_drw has 36 polygons
2026-07-11 03:25:56 +0200: Memory Usage (549404K) : polyres_pin has 0 polygons
2026-07-11 03:25:56 +0200: Memory Usage (549404K) : vmim_drw has 0 polygons
2026-07-11 03:25:56 +0200: Memory Usage (549404K) : nbulaycut_drw has 0 polygons
2026-07-11 03:25:56 +0200: Memory Usage (549404K) : antmetal1_drw has 0 polygons
2026-07-11 03:25:56 +0200: Memory Usage (549404K) : topvia2_drw has 0 polygons
2026-07-11 03:25:56 +0200: Memory Usage (549404K) : topmetal2_drw has 0 polygons
2026-07-11 03:25:56 +0200: Memory Usage (549404K) : topmetal2_pin has 0 polygons
2026-07-11 03:25:56 +0200: Memory Usage (549404K) : topmetal2_mask has 0 polygons
2026-07-11 03:25:56 +0200: Memory Usage (549404K) : topmetal2_filler has 0 polygons
2026-07-11 03:25:56 +0200: Memory Usage (549404K) : topmetal2_nofill has 0 polygons
2026-07-11 03:25:56 +0200: Memory Usage (549404K) : topmetal2_slit has 0 polygons
2026-07-11 03:25:56 +0200: Memory Usage (549404K) : topmetal2_text has 0 polygons
2026-07-11 03:25:56 +0200: Memory Usage (549404K) : topmetal2_noqrc has 0 polygons
2026-07-11 03:25:56 +0200: Memory Usage (549404K) : topmetal2_res has 0 polygons
2026-07-11 03:25:56 +0200: Memory Usage (549404K) : topmetal2_iprobe has 0 polygons
2026-07-11 03:25:56 +0200: Memory Usage (549404K) : topmetal2_diffprb has 0 polygons
2026-07-11 03:25:56 +0200: Memory Usage (549404K) : snsring_drw has 0 polygons
2026-07-11 03:25:56 +0200: Memory Usage (549404K) : sensor_drw has 0 polygons
2026-07-11 03:25:56 +0200: Memory Usage (549404K) : snsarms_drw has 0 polygons
2026-07-11 03:25:56 +0200: Memory Usage (549404K) : snscmosvia_drw has 0 polygons
2026-07-11 03:25:56 +0200: Memory Usage (549404K) : colwind_drw has 0 polygons
2026-07-11 03:25:56 +0200: Memory Usage (549404K) : flm_drw has 0 polygons
2026-07-11 03:25:56 +0200: Memory Usage (549404K) : hafniumox_drw has 0 polygons
2026-07-11 03:25:56 +0200: Memory Usage (549404K) : memvia_drw has 0 polygons
2026-07-11 03:25:56 +0200: Memory Usage (549404K) : thinfilmres_drw has 0 polygons
2026-07-11 03:25:56 +0200: Memory Usage (549404K) : rfmem_drw has 0 polygons
2026-07-11 03:25:56 +0200: Memory Usage (549404K) : norcx_drw has 0 polygons
2026-07-11 03:25:56 +0200: Memory Usage (549404K) : norcx_m2m3 has 0 polygons
2026-07-11 03:25:56 +0200: Memory Usage (549404K) : norcx_m2m4 has 0 polygons
2026-07-11 03:25:56 +0200: Memory Usage (549404K) : norcx_m2m5 has 0 polygons
2026-07-11 03:25:56 +0200: Memory Usage (549404K) : norcx_m2tm1 has 0 polygons
2026-07-11 03:25:56 +0200: Memory Usage (549404K) : norcx_m2tm2 has 0 polygons
2026-07-11 03:25:56 +0200: Memory Usage (549404K) : norcx_m3m4 has 0 polygons
2026-07-11 03:25:56 +0200: Memory Usage (549404K) : norcx_m3m5 has 0 polygons
2026-07-11 03:25:56 +0200: Memory Usage (549404K) : norcx_m3tm1 has 0 polygons
2026-07-11 03:25:56 +0200: Memory Usage (549404K) : norcx_m3tm2 has 0 polygons
2026-07-11 03:25:56 +0200: Memory Usage (549404K) : norcx_m4m5 has 0 polygons
2026-07-11 03:25:56 +0200: Memory Usage (549404K) : norcx_m4tm1 has 0 polygons
2026-07-11 03:25:56 +0200: Memory Usage (549404K) : norcx_m4tm2 has 0 polygons
2026-07-11 03:25:56 +0200: Memory Usage (549404K) : norcx_m5tm1 has 0 polygons
2026-07-11 03:25:56 +0200: Memory Usage (549404K) : norcx_m5tm2 has 0 polygons
2026-07-11 03:25:56 +0200: Memory Usage (549404K) : norcx_tm1tm2 has 0 polygons
2026-07-11 03:25:56 +0200: Memory Usage (549404K) : norcx_m1sub has 0 polygons
2026-07-11 03:25:56 +0200: Memory Usage (549404K) : norcx_m2sub has 0 polygons
2026-07-11 03:25:56 +0200: Memory Usage (549404K) : norcx_m3sub has 0 polygons
2026-07-11 03:25:56 +0200: Memory Usage (549404K) : norcx_m4sub has 0 polygons
2026-07-11 03:25:56 +0200: Memory Usage (549404K) : norcx_m5sub has 0 polygons
2026-07-11 03:25:56 +0200: Memory Usage (549404K) : norcx_tm1sub has 0 polygons
2026-07-11 03:25:56 +0200: Memory Usage (549404K) : norcx_tm2sub has 0 polygons
2026-07-11 03:25:56 +0200: Memory Usage (549404K) : snsbotvia_drw has 0 polygons
2026-07-11 03:25:56 +0200: Memory Usage (549404K) : snstopvia_drw has 0 polygons
2026-07-11 03:25:56 +0200: Memory Usage (549404K) : deepvia_drw has 0 polygons
2026-07-11 03:25:56 +0200: Memory Usage (549404K) : fgetch_drw has 0 polygons
2026-07-11 03:25:56 +0200: Memory Usage (549404K) : ctrgat_drw has 0 polygons
2026-07-11 03:25:56 +0200: Memory Usage (549404K) : fgimp_drw has 0 polygons
2026-07-11 03:25:56 +0200: Memory Usage (549404K) : emwihv_drw has 0 polygons
2026-07-11 03:25:56 +0200: Memory Usage (549404K) : lbe_drw has 0 polygons
2026-07-11 03:25:56 +0200: Memory Usage (549404K) : alcustop_drw has 0 polygons
2026-07-11 03:25:56 +0200: Memory Usage (549404K) : nometfiller_drw has 0 polygons
2026-07-11 03:25:56 +0200: Memory Usage (549404K) : prboundary_drw has 0 polygons
2026-07-11 03:25:56 +0200: Memory Usage (549404K) : exchange0_drw has 0 polygons
2026-07-11 03:25:56 +0200: Memory Usage (549404K) : exchange0_pin has 0 polygons
2026-07-11 03:25:56 +0200: Memory Usage (549404K) : exchange0_text has 0 polygons
2026-07-11 03:25:56 +0200: Memory Usage (549404K) : exchange1_drw has 0 polygons
2026-07-11 03:25:56 +0200: Memory Usage (549404K) : exchange1_pin has 0 polygons
2026-07-11 03:25:56 +0200: Memory Usage (549404K) : exchange1_text has 0 polygons
2026-07-11 03:25:56 +0200: Memory Usage (549404K) : exchange2_drw has 0 polygons
2026-07-11 03:25:56 +0200: Memory Usage (549404K) : exchange2_pin has 0 polygons
2026-07-11 03:25:56 +0200: Memory Usage (549404K) : exchange2_text has 0 polygons
2026-07-11 03:25:56 +0200: Memory Usage (549404K) : exchange3_drw has 0 polygons
2026-07-11 03:25:56 +0200: Memory Usage (549404K) : exchange3_pin has 0 polygons
2026-07-11 03:25:56 +0200: Memory Usage (549404K) : exchange3_text has 0 polygons
2026-07-11 03:25:56 +0200: Memory Usage (549404K) : exchange4_drw has 0 polygons
2026-07-11 03:25:56 +0200: Memory Usage (549404K) : exchange4_pin has 0 polygons
2026-07-11 03:25:56 +0200: Memory Usage (549404K) : exchange4_text has 0 polygons
2026-07-11 03:25:56 +0200: Memory Usage (549404K) : isonwell_drw has 0 polygons
2026-07-11 03:25:56 +0200: Memory Usage (549404K) : Total no. of polygons in the design is 2591900
2026-07-11 03:25:56 +0200: Memory Usage (549404K) : Loaded TECH DRC rules values from /foss/pdks/ihp-sg13cmos5l/libs.tech/klayout/python/sg13cmos5l_pycell_lib/sg13cmos5l_tech_mod.json
2026-07-11 03:25:56 +0200: Memory Usage (549404K) : Loaded default DRC rules values from /foss/pdks/ihp-sg13cmos5l/libs.tech/klayout/tech/drc/rule_decks/sg13cmos5l_tech_default.json
2026-07-11 03:25:56 +0200: Memory Usage (550320K) : Total area of the design is 1102500.0 um^2.
2026-07-11 03:25:56 +0200: Memory Usage (550320K) : The design dimensions are 1050.0 um * 1050.0 um.
2026-07-11 03:25:56 +0200: Memory Usage (550320K) : Starting general IHP-SG13CMOS5L derivations.
2026-07-11 03:25:56 +0200: Memory Usage (550320K) : Starting Pwell derivations
2026-07-11 03:25:56 +0200: Memory Usage (553460K) : Starting IHP-SG13CMOS5L DRC rules.
2026-07-11 03:25:56 +0200: Memory Usage (553460K) : Starting 3.2. CMOS5L FORBIDDEN layers check
2026-07-11 03:25:56 +0200: Memory Usage (553460K) : Executing rule CMOS5L.FORB.Metal5
2026-07-11 03:25:56 +0200: Memory Usage (553460K) : Executing rule CMOS5L.FORB.Metal5.filler
2026-07-11 03:25:56 +0200: Memory Usage (553588K) : Executing rule CMOS5L.FORB.Via4
2026-07-11 03:25:56 +0200: Memory Usage (553588K) : Executing rule CMOS5L.FORB.TopMetal2
2026-07-11 03:25:56 +0200: Memory Usage (553588K) : Executing rule CMOS5L.FORB.TopMetal2.filler
2026-07-11 03:25:56 +0200: Memory Usage (553716K) : Executing rule CMOS5L.FORB.TopVia2
2026-07-11 03:25:56 +0200: Memory Usage (553716K) : Executing rule CMOS5L.FORB.TRANS
2026-07-11 03:25:56 +0200: Memory Usage (553716K) : Executing rule CMOS5L.FORB.nBuLay
2026-07-11 03:25:56 +0200: Memory Usage (553844K) : Executing rule CMOS5L.FORB.MIM
2026-07-11 03:25:56 +0200: Memory Usage (553844K) : Executing rule CMOS5L.FORB.Vmim
2026-07-11 03:25:56 +0200: Memory Usage (553844K) : KLayout DRC run for tables 'forbidden_cmos5l' completed in 0.63 seconds
