# Logfile created on 2026-07-11 03:25:53 +0200 by logger.rb/v1.5.3
2026-07-11 03:25:53 +0200: Memory Usage (526616K) : Starting running IHP-SG13CMOS5L KLayout DRC runset on /foss/designs/adc8b/IHP__MSPHY9932/release/v.1.0.0/gds/MSPHY9932.gds
2026-07-11 03:25:53 +0200: Memory Usage (526616K) : Ruby Version for klayout: 3.2.3
2026-07-11 03:25:53 +0200: Memory Usage (531896K) : Loading database to memory is complete.
2026-07-11 03:25:53 +0200: Memory Usage (531896K) : IHP-SG13CMOS5L KLayout DRC runset output at: /foss/designs/adc8b/IHP__MSPHY9932/release/v.1.0.0/drc/MSPHY9932_MSPHY9932_lbe.lyrdb
2026-07-11 03:25:53 +0200: Memory Usage (531896K) : Evaluate switches.
2026-07-11 03:25:53 +0200: Memory Usage (531896K) : tables selected: lbe
2026-07-11 03:25:53 +0200: Memory Usage (531896K) : KLayout will use 16 thread(s) in tiled mode.
2026-07-11 03:25:53 +0200: Memory Usage (531896K) : deep mode is enabled.
2026-07-11 03:25:53 +0200: Memory Usage (531896K) : FEOL enabled: false
2026-07-11 03:25:53 +0200: Memory Usage (531896K) : BEOL enabled: false
2026-07-11 03:25:53 +0200: Memory Usage (531896K) : OFFGRID enabled: true
2026-07-11 03:25:53 +0200: Memory Usage (531896K) : ANGLE enabled: true
2026-07-11 03:25:53 +0200: Memory Usage (531896K) : PIN enabled: false
2026-07-11 03:25:53 +0200: Memory Usage (531896K) : FORBIDDEN enabled: false
2026-07-11 03:25:53 +0200: Memory Usage (531896K) : RECOMMENDED enabled: true
2026-07-11 03:25:53 +0200: Memory Usage (531896K) : PreCheck DRC enabled: false
2026-07-11 03:25:53 +0200: Memory Usage (531896K) : CONNECTIVITY_RULES enabled: false.
2026-07-11 03:25:53 +0200: Memory Usage (531896K) : Read in polygons from layers.
2026-07-11 03:25:53 +0200: Memory Usage (533204K) : activ_drw has 4847 polygons
2026-07-11 03:25:53 +0200: Memory Usage (533332K) : activ_pin has 0 polygons
2026-07-11 03:25:53 +0200: Memory Usage (533460K) : activ_mask has 0 polygons
2026-07-11 03:25:53 +0200: Memory Usage (533460K) : activ_filler has 0 polygons
2026-07-11 03:25:53 +0200: Memory Usage (533588K) : activ_nofill has 0 polygons
2026-07-11 03:25:53 +0200: Memory Usage (533588K) : activ_opc has 0 polygons
2026-07-11 03:25:53 +0200: Memory Usage (533588K) : activ_iopc has 0 polygons
2026-07-11 03:25:53 +0200: Memory Usage (533716K) : activ_noqrc has 0 polygons
2026-07-11 03:25:53 +0200: Memory Usage (533716K) : biwind_drw has 0 polygons
2026-07-11 03:25:53 +0200: Memory Usage (533716K) : biwind_opc has 0 polygons
2026-07-11 03:25:53 +0200: Memory Usage (533844K) : pemwind_drw has 0 polygons
2026-07-11 03:25:53 +0200: Memory Usage (533844K) : gatpoly_drw has 4112 polygons
2026-07-11 03:25:53 +0200: Memory Usage (533972K) : gatpoly_pin has 65 polygons
2026-07-11 03:25:53 +0200: Memory Usage (534100K) : gatpoly_filler has 0 polygons
2026-07-11 03:25:53 +0200: Memory Usage (534100K) : gatpoly_nofill has 0 polygons
2026-07-11 03:25:53 +0200: Memory Usage (534228K) : gatpoly_opc has 0 polygons
2026-07-11 03:25:53 +0200: Memory Usage (534228K) : gatpoly_iopc has 0 polygons
2026-07-11 03:25:53 +0200: Memory Usage (534356K) : gatpoly_noqrc has 0 polygons
2026-07-11 03:25:53 +0200: Memory Usage (542164K) : cont_drw has 1640232 polygons
2026-07-11 03:25:53 +0200: Memory Usage (542164K) : cont_opc has 0 polygons
2026-07-11 03:25:53 +0200: Memory Usage (542164K) : nsd_drw has 0 polygons
2026-07-11 03:25:53 +0200: Memory Usage (542164K) : nsd_block has 0 polygons
2026-07-11 03:25:53 +0200: Memory Usage (542164K) : metal1_drw has 39512 polygons
2026-07-11 03:25:53 +0200: Memory Usage (542164K) : metal1_pin has 18610 polygons
2026-07-11 03:25:53 +0200: Memory Usage (542164K) : metal1_mask has 0 polygons
2026-07-11 03:25:53 +0200: Memory Usage (542164K) : metal1_filler has 0 polygons
2026-07-11 03:25:53 +0200: Memory Usage (542164K) : metal1_nofill has 0 polygons
2026-07-11 03:25:53 +0200: Memory Usage (542164K) : metal1_slit has 0 polygons
2026-07-11 03:25:53 +0200: Memory Usage (542352K) : metal1_text has 10091 polygons
2026-07-11 03:25:53 +0200: Memory Usage (542352K) : metal1_opc has 0 polygons
2026-07-11 03:25:53 +0200: Memory Usage (542352K) : metal1_noqrc has 0 polygons
2026-07-11 03:25:53 +0200: Memory Usage (542352K) : metal1_res has 0 polygons
2026-07-11 03:25:53 +0200: Memory Usage (542352K) : metal1_iprobe has 0 polygons
2026-07-11 03:25:53 +0200: Memory Usage (542352K) : metal1_diffprb has 0 polygons
2026-07-11 03:25:53 +0200: Memory Usage (542352K) : passiv_drw has 32 polygons
2026-07-11 03:25:53 +0200: Memory Usage (542352K) : passiv_pin has 0 polygons
2026-07-11 03:25:53 +0200: Memory Usage (542352K) : passiv_sbump has 0 polygons
2026-07-11 03:25:53 +0200: Memory Usage (542352K) : passiv_pillar has 0 polygons
2026-07-11 03:25:53 +0200: Memory Usage (542480K) : passiv_pdl has 0 polygons
2026-07-11 03:25:53 +0200: Memory Usage (542480K) : metal2_drw has 129019 polygons
2026-07-11 03:25:53 +0200: Memory Usage (542480K) : metal2_pin has 642 polygons
2026-07-11 03:25:53 +0200: Memory Usage (542480K) : metal2_mask has 0 polygons
2026-07-11 03:25:53 +0200: Memory Usage (542480K) : metal2_filler has 0 polygons
2026-07-11 03:25:53 +0200: Memory Usage (542480K) : metal2_nofill has 0 polygons
2026-07-11 03:25:53 +0200: Memory Usage (542480K) : metal2_slit has 0 polygons
2026-07-11 03:25:53 +0200: Memory Usage (542480K) : metal2_text has 642 polygons
2026-07-11 03:25:53 +0200: Memory Usage (542480K) : metal2_opc has 0 polygons
2026-07-11 03:25:53 +0200: Memory Usage (542480K) : metal2_noqrc has 0 polygons
2026-07-11 03:25:53 +0200: Memory Usage (542480K) : metal2_res has 0 polygons
2026-07-11 03:25:53 +0200: Memory Usage (542480K) : metal2_iprobe has 0 polygons
2026-07-11 03:25:53 +0200: Memory Usage (542480K) : metal2_diffprb has 0 polygons
2026-07-11 03:25:53 +0200: Memory Usage (542608K) : baspoly_drw has 0 polygons
2026-07-11 03:25:53 +0200: Memory Usage (542608K) : baspoly_pin has 0 polygons
2026-07-11 03:25:53 +0200: Memory Usage (542608K) : psd_drw has 1819 polygons
2026-07-11 03:25:53 +0200: Memory Usage (542608K) : nldb_drw has 0 polygons
2026-07-11 03:25:53 +0200: Memory Usage (542608K) : digibnd_drw has 0 polygons
2026-07-11 03:25:53 +0200: Memory Usage (542736K) : via1_drw has 61293 polygons
2026-07-11 03:25:53 +0200: Memory Usage (542992K) : backmetal1_drw has 0 polygons
2026-07-11 03:25:53 +0200: Memory Usage (542992K) : backmetal1_pin has 0 polygons
2026-07-11 03:25:53 +0200: Memory Usage (543120K) : backmetal1_mask has 0 polygons
2026-07-11 03:25:53 +0200: Memory Usage (543120K) : backmetal1_filler has 0 polygons
2026-07-11 03:25:53 +0200: Memory Usage (543120K) : backmetal1_nofill has 0 polygons
2026-07-11 03:25:53 +0200: Memory Usage (543248K) : backmetal1_slit has 0 polygons
2026-07-11 03:25:53 +0200: Memory Usage (543248K) : backmetal1_text has 0 polygons
2026-07-11 03:25:53 +0200: Memory Usage (543376K) : backmetal1_opc has 0 polygons
2026-07-11 03:25:53 +0200: Memory Usage (543504K) : backmetal1_noqrc has 0 polygons
2026-07-11 03:25:53 +0200: Memory Usage (543504K) : backmetal1_res has 0 polygons
2026-07-11 03:25:53 +0200: Memory Usage (543632K) : backmetal1_iprobe has 0 polygons
2026-07-11 03:25:53 +0200: Memory Usage (543632K) : backmetal1_diffprb has 0 polygons
2026-07-11 03:25:53 +0200: Memory Usage (543760K) : backpassiv_drw has 0 polygons
2026-07-11 03:25:53 +0200: Memory Usage (543760K) : res_drw has 0 polygons
2026-07-11 03:25:53 +0200: Memory Usage (543888K) : sram_drw has 0 polygons
2026-07-11 03:25:53 +0200: Memory Usage (543888K) : trans_drw has 0 polygons
2026-07-11 03:25:53 +0200: Memory Usage (543888K) : ind_drw has 0 polygons
2026-07-11 03:25:53 +0200: Memory Usage (544016K) : ind_pin has 0 polygons
2026-07-11 03:25:53 +0200: Memory Usage (544144K) : ind_text has 0 polygons
2026-07-11 03:25:53 +0200: Memory Usage (544144K) : salblock_drw has 55 polygons
2026-07-11 03:25:53 +0200: Memory Usage (545168K) : via2_drw has 170273 polygons
2026-07-11 03:25:53 +0200: Memory Usage (545296K) : metal3_drw has 126558 polygons
2026-07-11 03:25:53 +0200: Memory Usage (545424K) : metal3_pin has 342 polygons
2026-07-11 03:25:53 +0200: Memory Usage (545552K) : metal3_mask has 0 polygons
2026-07-11 03:25:53 +0200: Memory Usage (545552K) : metal3_filler has 0 polygons
2026-07-11 03:25:53 +0200: Memory Usage (545680K) : metal3_nofill has 0 polygons
2026-07-11 03:25:53 +0200: Memory Usage (545680K) : metal3_slit has 0 polygons
2026-07-11 03:25:53 +0200: Memory Usage (545680K) : metal3_text has 342 polygons
2026-07-11 03:25:53 +0200: Memory Usage (545808K) : metal3_opc has 0 polygons
2026-07-11 03:25:53 +0200: Memory Usage (545808K) : metal3_noqrc has 0 polygons
2026-07-11 03:25:53 +0200: Memory Usage (545936K) : metal3_res has 0 polygons
2026-07-11 03:25:53 +0200: Memory Usage (545936K) : metal3_iprobe has 0 polygons
2026-07-11 03:25:53 +0200: Memory Usage (546064K) : metal3_diffprb has 0 polygons
2026-07-11 03:25:53 +0200: Memory Usage (546064K) : nwell_drw has 900 polygons
2026-07-11 03:25:53 +0200: Memory Usage (546192K) : nwell_pin has 1 polygons
2026-07-11 03:25:53 +0200: Memory Usage (546192K) : nbulay_drw has 0 polygons
2026-07-11 03:25:53 +0200: Memory Usage (546320K) : nbulay_pin has 0 polygons
2026-07-11 03:25:53 +0200: Memory Usage (546448K) : nbulay_block has 0 polygons
2026-07-11 03:25:53 +0200: Memory Usage (546448K) : emwind_drw has 0 polygons
2026-07-11 03:25:53 +0200: Memory Usage (546576K) : emwind_opc has 0 polygons
2026-07-11 03:25:53 +0200: Memory Usage (546576K) : deepco_drw has 0 polygons
2026-07-11 03:25:53 +0200: Memory Usage (546704K) : deepco_drw has 0 polygons
2026-07-11 03:25:53 +0200: Memory Usage (546704K) : mim_drw has 0 polygons
2026-07-11 03:25:53 +0200: Memory Usage (546704K) : edgeseal_drw has 24 polygons
2026-07-11 03:25:53 +0200: Memory Usage (546832K) : edgeseal_bound has 1 polygons
2026-07-11 03:25:53 +0200: Memory Usage (546832K) : substrate_drw has 818 polygons
2026-07-11 03:25:53 +0200: Memory Usage (546960K) : substrate_text has 0 polygons
2026-07-11 03:25:53 +0200: Memory Usage (546960K) : dfpad_drw has 20 polygons
2026-07-11 03:25:53 +0200: Memory Usage (547088K) : dfpad_pillar has 0 polygons
2026-07-11 03:25:53 +0200: Memory Usage (547088K) : dfpad_sbump has 0 polygons
2026-07-11 03:25:53 +0200: Memory Usage (547216K) : thickgateox_drw has 39 polygons
2026-07-11 03:25:53 +0200: Memory Usage (547216K) : pldb_drw has 0 polygons
2026-07-11 03:25:53 +0200: Memory Usage (547216K) : pwell_drw has 0 polygons
2026-07-11 03:25:53 +0200: Memory Usage (547344K) : pwell_pin has 0 polygons
2026-07-11 03:25:53 +0200: Memory Usage (547472K) : pwell_block has 6 polygons
2026-07-11 03:25:53 +0200: Memory Usage (547472K) : ic_drw has 0 polygons
2026-07-11 03:25:53 +0200: Memory Usage (548368K) : via3_drw has 165845 polygons
2026-07-11 03:25:53 +0200: Memory Usage (548496K) : metal4_drw has 123478 polygons
2026-07-11 03:25:53 +0200: Memory Usage (548624K) : metal4_pin has 16630 polygons
2026-07-11 03:25:53 +0200: Memory Usage (548752K) : metal4_mask has 0 polygons
2026-07-11 03:25:53 +0200: Memory Usage (548752K) : metal4_filler has 0 polygons
2026-07-11 03:25:53 +0200: Memory Usage (548880K) : metal4_nofill has 0 polygons
2026-07-11 03:25:53 +0200: Memory Usage (548880K) : metal4_slit has 0 polygons
2026-07-11 03:25:53 +0200: Memory Usage (548880K) : metal4_text has 8424 polygons
2026-07-11 03:25:53 +0200: Memory Usage (548880K) : metal4_opc has 0 polygons
2026-07-11 03:25:53 +0200: Memory Usage (548880K) : metal4_noqrc has 0 polygons
2026-07-11 03:25:53 +0200: Memory Usage (548880K) : metal4_res has 0 polygons
2026-07-11 03:25:53 +0200: Memory Usage (548880K) : metal4_iprobe has 0 polygons
2026-07-11 03:25:53 +0200: Memory Usage (548880K) : metal4_diffprb has 0 polygons
2026-07-11 03:25:53 +0200: Memory Usage (548880K) : heattrans_drw has 856 polygons
2026-07-11 03:25:53 +0200: Memory Usage (548880K) : heatres_drw has 36 polygons
2026-07-11 03:25:53 +0200: Memory Usage (548880K) : pempoly_drw has 0 polygons
2026-07-11 03:25:53 +0200: Memory Usage (548880K) : fbe_drw has 0 polygons
2026-07-11 03:25:53 +0200: Memory Usage (548880K) : empoly_drw has 0 polygons
2026-07-11 03:25:53 +0200: Memory Usage (548880K) : ldmos_drw has 0 polygons
2026-07-11 03:25:53 +0200: Memory Usage (548880K) : pbiwind_drw has 0 polygons
2026-07-11 03:25:53 +0200: Memory Usage (548880K) : digisub_drw has 0 polygons
2026-07-11 03:25:53 +0200: Memory Usage (548880K) : nodrc_drw has 0 polygons
2026-07-11 03:25:53 +0200: Memory Usage (548880K) : text_drw has 607 polygons
2026-07-11 03:25:53 +0200: Memory Usage (548880K) : via4_drw has 0 polygons
2026-07-11 03:25:53 +0200: Memory Usage (548880K) : metal5_drw has 0 polygons
2026-07-11 03:25:53 +0200: Memory Usage (548880K) : metal5_pin has 0 polygons
2026-07-11 03:25:53 +0200: Memory Usage (548880K) : metal5_mask has 0 polygons
2026-07-11 03:25:53 +0200: Memory Usage (548880K) : metal5_filler has 0 polygons
2026-07-11 03:25:53 +0200: Memory Usage (548880K) : metal5_nofill has 0 polygons
2026-07-11 03:25:53 +0200: Memory Usage (548880K) : metal5_slit has 0 polygons
2026-07-11 03:25:53 +0200: Memory Usage (548880K) : metal5_text has 0 polygons
2026-07-11 03:25:53 +0200: Memory Usage (548880K) : metal5_opc has 0 polygons
2026-07-11 03:25:53 +0200: Memory Usage (548880K) : metal5_noqrc has 0 polygons
2026-07-11 03:25:53 +0200: Memory Usage (548880K) : metal5_res has 0 polygons
2026-07-11 03:25:53 +0200: Memory Usage (548880K) : metal5_iprobe has 0 polygons
2026-07-11 03:25:53 +0200: Memory Usage (548880K) : metal5_diffprb has 0 polygons
2026-07-11 03:25:53 +0200: Memory Usage (548880K) : radhard_drw has 0 polygons
2026-07-11 03:25:53 +0200: Memory Usage (548880K) : memcap_drw has 0 polygons
2026-07-11 03:25:53 +0200: Memory Usage (548880K) : varicap_drw has 0 polygons
2026-07-11 03:25:53 +0200: Memory Usage (548880K) : flash_drw has 0 polygons
2026-07-11 03:25:53 +0200: Memory Usage (548880K) : intbondvia_drw has 0 polygons
2026-07-11 03:25:53 +0200: Memory Usage (548880K) : intbondmet_drw has 0 polygons
2026-07-11 03:25:53 +0200: Memory Usage (548880K) : devbondvia_drw has 0 polygons
2026-07-11 03:25:53 +0200: Memory Usage (548880K) : devbondmet_drw has 0 polygons
2026-07-11 03:25:53 +0200: Memory Usage (548880K) : devtrench_drw has 0 polygons
2026-07-11 03:25:53 +0200: Memory Usage (548880K) : redist_drw has 0 polygons
2026-07-11 03:25:53 +0200: Memory Usage (548880K) : graphbot_drw has 0 polygons
2026-07-11 03:25:53 +0200: Memory Usage (548880K) : graphtop_drw has 0 polygons
2026-07-11 03:25:53 +0200: Memory Usage (548880K) : antvia1_drw has 0 polygons
2026-07-11 03:25:53 +0200: Memory Usage (548880K) : antmetal2_drw has 0 polygons
2026-07-11 03:25:53 +0200: Memory Usage (548880K) : graphcont_drw has 0 polygons
2026-07-11 03:25:53 +0200: Memory Usage (548880K) : siwg_drw has 0 polygons
2026-07-11 03:25:53 +0200: Memory Usage (548880K) : siwg_filler has 0 polygons
2026-07-11 03:25:53 +0200: Memory Usage (548880K) : siwg_nofill has 0 polygons
2026-07-11 03:25:53 +0200: Memory Usage (548880K) : sigrating_drw has 0 polygons
2026-07-11 03:25:53 +0200: Memory Usage (548880K) : singrating_drw has 0 polygons
2026-07-11 03:25:53 +0200: Memory Usage (548880K) : graphpas_drw has 0 polygons
2026-07-11 03:25:53 +0200: Memory Usage (548880K) : emwind3_drw has 0 polygons
2026-07-11 03:25:53 +0200: Memory Usage (548880K) : emwihv3_drw has 0 polygons
2026-07-11 03:25:53 +0200: Memory Usage (548880K) : redbulay_drw has 0 polygons
2026-07-11 03:25:53 +0200: Memory Usage (548880K) : smos_drw has 0 polygons
2026-07-11 03:25:53 +0200: Memory Usage (548880K) : graphpad_drw has 0 polygons
2026-07-11 03:25:53 +0200: Memory Usage (548880K) : polimide_drw has 0 polygons
2026-07-11 03:25:53 +0200: Memory Usage (548880K) : polimide_pin has 0 polygons
2026-07-11 03:25:53 +0200: Memory Usage (548880K) : recog_drw has 0 polygons
2026-07-11 03:25:53 +0200: Memory Usage (548880K) : recog_pin has 0 polygons
2026-07-11 03:25:53 +0200: Memory Usage (548880K) : recog_esd has 0 polygons
2026-07-11 03:25:53 +0200: Memory Usage (548880K) : recog_diode has 113 polygons
2026-07-11 03:25:53 +0200: Memory Usage (548880K) : recog_tsv has 0 polygons
2026-07-11 03:25:53 +0200: Memory Usage (548880K) : recog_iprobe has 0 polygons
2026-07-11 03:25:53 +0200: Memory Usage (548880K) : recog_diffprb has 0 polygons
2026-07-11 03:25:53 +0200: Memory Usage (548880K) : recog_pillar has 0 polygons
2026-07-11 03:25:53 +0200: Memory Usage (548880K) : recog_sbump has 0 polygons
2026-07-11 03:25:53 +0200: Memory Usage (548880K) : recog_otp has 0 polygons
2026-07-11 03:25:53 +0200: Memory Usage (548880K) : recog_pdiode has 0 polygons
2026-07-11 03:25:53 +0200: Memory Usage (548880K) : recog_mom has 8198 polygons
2026-07-11 03:25:53 +0200: Memory Usage (548880K) : recog_pcm has 0 polygons
2026-07-11 03:25:53 +0200: Memory Usage (548880K) : colopen_drw has 0 polygons
2026-07-11 03:25:53 +0200: Memory Usage (548880K) : graphmetal1_drw has 0 polygons
2026-07-11 03:25:53 +0200: Memory Usage (548880K) : graphmetal1_filler has 0 polygons
2026-07-11 03:25:53 +0200: Memory Usage (548880K) : graphmetal1_nofill has 0 polygons
2026-07-11 03:25:53 +0200: Memory Usage (548880K) : graphmetal1_slit has 0 polygons
2026-07-11 03:25:53 +0200: Memory Usage (548880K) : graphmetal1_opc has 0 polygons
2026-07-11 03:25:53 +0200: Memory Usage (548880K) : graphmet1l_drw has 0 polygons
2026-07-11 03:25:53 +0200: Memory Usage (548880K) : graphmet1l_filler has 0 polygons
2026-07-11 03:25:53 +0200: Memory Usage (548880K) : graphmet1l_nofill has 0 polygons
2026-07-11 03:25:53 +0200: Memory Usage (548880K) : graphmet1l_slit has 0 polygons
2026-07-11 03:25:53 +0200: Memory Usage (548880K) : graphmet1l_opc has 0 polygons
2026-07-11 03:25:53 +0200: Memory Usage (548880K) : extblock_drw has 145 polygons
2026-07-11 03:25:53 +0200: Memory Usage (548880K) : nldd_drw has 0 polygons
2026-07-11 03:25:53 +0200: Memory Usage (548880K) : pldd_drw has 0 polygons
2026-07-11 03:25:53 +0200: Memory Usage (548880K) : next_drw has 0 polygons
2026-07-11 03:25:53 +0200: Memory Usage (548880K) : pext_drw has 0 polygons
2026-07-11 03:25:53 +0200: Memory Usage (548880K) : nexthv_drw has 0 polygons
2026-07-11 03:25:53 +0200: Memory Usage (548880K) : pexthv_drw has 0 polygons
2026-07-11 03:25:53 +0200: Memory Usage (548880K) : graphgate_drw has 0 polygons
2026-07-11 03:25:53 +0200: Memory Usage (548880K) : sinwg_drw has 0 polygons
2026-07-11 03:25:53 +0200: Memory Usage (548880K) : sinwg_filler has 0 polygons
2026-07-11 03:25:53 +0200: Memory Usage (548880K) : sinwg_nofill has 0 polygons
2026-07-11 03:25:53 +0200: Memory Usage (548880K) : mempad_drw has 0 polygons
2026-07-11 03:25:53 +0200: Memory Usage (548880K) : topvia1_drw has 56700 polygons
2026-07-11 03:25:53 +0200: Memory Usage (548880K) : topmetal1_drw has 201 polygons
2026-07-11 03:25:53 +0200: Memory Usage (548880K) : topmetal1_pin has 168 polygons
2026-07-11 03:25:53 +0200: Memory Usage (548880K) : topmetal1_mask has 0 polygons
2026-07-11 03:25:53 +0200: Memory Usage (548880K) : topmetal1_filler has 0 polygons
2026-07-11 03:25:53 +0200: Memory Usage (548880K) : topmetal1_nofill has 0 polygons
2026-07-11 03:25:53 +0200: Memory Usage (548880K) : topmetal1_slit has 0 polygons
2026-07-11 03:25:53 +0200: Memory Usage (548880K) : topmetal1_text has 168 polygons
2026-07-11 03:25:53 +0200: Memory Usage (548880K) : topmetal1_noqrc has 0 polygons
2026-07-11 03:25:53 +0200: Memory Usage (548880K) : topmetal1_res has 0 polygons
2026-07-11 03:25:53 +0200: Memory Usage (548880K) : topmetal1_iprobe has 0 polygons
2026-07-11 03:25:53 +0200: Memory Usage (548880K) : topmetal1_diffprb has 0 polygons
2026-07-11 03:25:53 +0200: Memory Usage (548880K) : inldpwl_drw has 0 polygons
2026-07-11 03:25:53 +0200: Memory Usage (548880K) : polyres_drw has 36 polygons
2026-07-11 03:25:53 +0200: Memory Usage (548880K) : polyres_pin has 0 polygons
2026-07-11 03:25:53 +0200: Memory Usage (548880K) : vmim_drw has 0 polygons
2026-07-11 03:25:53 +0200: Memory Usage (548880K) : nbulaycut_drw has 0 polygons
2026-07-11 03:25:53 +0200: Memory Usage (548880K) : antmetal1_drw has 0 polygons
2026-07-11 03:25:53 +0200: Memory Usage (548880K) : topvia2_drw has 0 polygons
2026-07-11 03:25:53 +0200: Memory Usage (548880K) : topmetal2_drw has 0 polygons
2026-07-11 03:25:53 +0200: Memory Usage (548880K) : topmetal2_pin has 0 polygons
2026-07-11 03:25:53 +0200: Memory Usage (548880K) : topmetal2_mask has 0 polygons
2026-07-11 03:25:53 +0200: Memory Usage (548880K) : topmetal2_filler has 0 polygons
2026-07-11 03:25:53 +0200: Memory Usage (548880K) : topmetal2_nofill has 0 polygons
2026-07-11 03:25:53 +0200: Memory Usage (548880K) : topmetal2_slit has 0 polygons
2026-07-11 03:25:53 +0200: Memory Usage (548880K) : topmetal2_text has 0 polygons
2026-07-11 03:25:53 +0200: Memory Usage (548880K) : topmetal2_noqrc has 0 polygons
2026-07-11 03:25:53 +0200: Memory Usage (548880K) : topmetal2_res has 0 polygons
2026-07-11 03:25:53 +0200: Memory Usage (548880K) : topmetal2_iprobe has 0 polygons
2026-07-11 03:25:53 +0200: Memory Usage (548880K) : topmetal2_diffprb has 0 polygons
2026-07-11 03:25:53 +0200: Memory Usage (549008K) : snsring_drw has 0 polygons
2026-07-11 03:25:53 +0200: Memory Usage (549008K) : sensor_drw has 0 polygons
2026-07-11 03:25:53 +0200: Memory Usage (549008K) : snsarms_drw has 0 polygons
2026-07-11 03:25:53 +0200: Memory Usage (549136K) : snscmosvia_drw has 0 polygons
2026-07-11 03:25:53 +0200: Memory Usage (549136K) : colwind_drw has 0 polygons
2026-07-11 03:25:53 +0200: Memory Usage (549136K) : flm_drw has 0 polygons
2026-07-11 03:25:53 +0200: Memory Usage (549136K) : hafniumox_drw has 0 polygons
2026-07-11 03:25:53 +0200: Memory Usage (549264K) : memvia_drw has 0 polygons
2026-07-11 03:25:53 +0200: Memory Usage (549264K) : thinfilmres_drw has 0 polygons
2026-07-11 03:25:53 +0200: Memory Usage (549264K) : rfmem_drw has 0 polygons
2026-07-11 03:25:53 +0200: Memory Usage (549392K) : norcx_drw has 0 polygons
2026-07-11 03:25:53 +0200: Memory Usage (549392K) : norcx_m2m3 has 0 polygons
2026-07-11 03:25:53 +0200: Memory Usage (549392K) : norcx_m2m4 has 0 polygons
2026-07-11 03:25:53 +0200: Memory Usage (549520K) : norcx_m2m5 has 0 polygons
2026-07-11 03:25:53 +0200: Memory Usage (549520K) : norcx_m2tm1 has 0 polygons
2026-07-11 03:25:53 +0200: Memory Usage (549520K) : norcx_m2tm2 has 0 polygons
2026-07-11 03:25:53 +0200: Memory Usage (549520K) : norcx_m3m4 has 0 polygons
2026-07-11 03:25:53 +0200: Memory Usage (549648K) : norcx_m3m5 has 0 polygons
2026-07-11 03:25:53 +0200: Memory Usage (549648K) : norcx_m3tm1 has 0 polygons
2026-07-11 03:25:53 +0200: Memory Usage (549648K) : norcx_m3tm2 has 0 polygons
2026-07-11 03:25:53 +0200: Memory Usage (549776K) : norcx_m4m5 has 0 polygons
2026-07-11 03:25:53 +0200: Memory Usage (549776K) : norcx_m4tm1 has 0 polygons
2026-07-11 03:25:53 +0200: Memory Usage (549776K) : norcx_m4tm2 has 0 polygons
2026-07-11 03:25:53 +0200: Memory Usage (549904K) : norcx_m5tm1 has 0 polygons
2026-07-11 03:25:53 +0200: Memory Usage (549904K) : norcx_m5tm2 has 0 polygons
2026-07-11 03:25:53 +0200: Memory Usage (549904K) : norcx_tm1tm2 has 0 polygons
2026-07-11 03:25:53 +0200: Memory Usage (549904K) : norcx_m1sub has 0 polygons
2026-07-11 03:25:53 +0200: Memory Usage (550032K) : norcx_m2sub has 0 polygons
2026-07-11 03:25:53 +0200: Memory Usage (550032K) : norcx_m3sub has 0 polygons
2026-07-11 03:25:53 +0200: Memory Usage (550032K) : norcx_m4sub has 0 polygons
2026-07-11 03:25:53 +0200: Memory Usage (550160K) : norcx_m5sub has 0 polygons
2026-07-11 03:25:53 +0200: Memory Usage (550160K) : norcx_tm1sub has 0 polygons
2026-07-11 03:25:53 +0200: Memory Usage (550160K) : norcx_tm2sub has 0 polygons
2026-07-11 03:25:53 +0200: Memory Usage (550160K) : snsbotvia_drw has 0 polygons
2026-07-11 03:25:53 +0200: Memory Usage (550288K) : snstopvia_drw has 0 polygons
2026-07-11 03:25:53 +0200: Memory Usage (550288K) : deepvia_drw has 0 polygons
2026-07-11 03:25:53 +0200: Memory Usage (550288K) : fgetch_drw has 0 polygons
2026-07-11 03:25:53 +0200: Memory Usage (550416K) : ctrgat_drw has 0 polygons
2026-07-11 03:25:53 +0200: Memory Usage (550416K) : fgimp_drw has 0 polygons
2026-07-11 03:25:53 +0200: Memory Usage (550416K) : emwihv_drw has 0 polygons
2026-07-11 03:25:53 +0200: Memory Usage (550544K) : lbe_drw has 0 polygons
2026-07-11 03:25:53 +0200: Memory Usage (550544K) : alcustop_drw has 0 polygons
2026-07-11 03:25:53 +0200: Memory Usage (550544K) : nometfiller_drw has 0 polygons
2026-07-11 03:25:53 +0200: Memory Usage (550544K) : prboundary_drw has 0 polygons
2026-07-11 03:25:53 +0200: Memory Usage (550672K) : exchange0_drw has 0 polygons
2026-07-11 03:25:53 +0200: Memory Usage (550672K) : exchange0_pin has 0 polygons
2026-07-11 03:25:53 +0200: Memory Usage (550672K) : exchange0_text has 0 polygons
2026-07-11 03:25:53 +0200: Memory Usage (550800K) : exchange1_drw has 0 polygons
2026-07-11 03:25:53 +0200: Memory Usage (550800K) : exchange1_pin has 0 polygons
2026-07-11 03:25:53 +0200: Memory Usage (550800K) : exchange1_text has 0 polygons
2026-07-11 03:25:53 +0200: Memory Usage (550800K) : exchange2_drw has 0 polygons
2026-07-11 03:25:53 +0200: Memory Usage (550928K) : exchange2_pin has 0 polygons
2026-07-11 03:25:53 +0200: Memory Usage (550928K) : exchange2_text has 0 polygons
2026-07-11 03:25:53 +0200: Memory Usage (551056K) : exchange3_drw has 0 polygons
2026-07-11 03:25:53 +0200: Memory Usage (551056K) : exchange3_pin has 0 polygons
2026-07-11 03:25:53 +0200: Memory Usage (551056K) : exchange3_text has 0 polygons
2026-07-11 03:25:53 +0200: Memory Usage (551184K) : exchange4_drw has 0 polygons
2026-07-11 03:25:53 +0200: Memory Usage (551184K) : exchange4_pin has 0 polygons
2026-07-11 03:25:53 +0200: Memory Usage (551312K) : exchange4_text has 0 polygons
2026-07-11 03:25:53 +0200: Memory Usage (551312K) : isonwell_drw has 0 polygons
2026-07-11 03:25:53 +0200: Memory Usage (551312K) : Total no. of polygons in the design is 2591900
2026-07-11 03:25:53 +0200: Memory Usage (551312K) : Loaded TECH DRC rules values from /foss/pdks/ihp-sg13cmos5l/libs.tech/klayout/python/sg13cmos5l_pycell_lib/sg13cmos5l_tech_mod.json
2026-07-11 03:25:53 +0200: Memory Usage (551312K) : Loaded default DRC rules values from /foss/pdks/ihp-sg13cmos5l/libs.tech/klayout/tech/drc/rule_decks/sg13cmos5l_tech_default.json
2026-07-11 03:25:53 +0200: Memory Usage (552464K) : Total area of the design is 1102500.0 um^2.
2026-07-11 03:25:53 +0200: Memory Usage (552464K) : The design dimensions are 1050.0 um * 1050.0 um.
2026-07-11 03:25:53 +0200: Memory Usage (552464K) : Starting general IHP-SG13CMOS5L derivations.
2026-07-11 03:25:53 +0200: Memory Usage (552464K) : Starting Pwell derivations
2026-07-11 03:25:53 +0200: Memory Usage (555452K) : Starting IHP-SG13CMOS5L DRC rules.
2026-07-11 03:25:53 +0200: Memory Usage (555452K) : Starting 9.1. LBE table
2026-07-11 03:25:53 +0200: Memory Usage (555452K) : Executing rule LBE.a
2026-07-11 03:25:53 +0200: Memory Usage (555712K) : Executing rule LBE.b
2026-07-11 03:25:53 +0200: Memory Usage (555840K) : Executing rule LBE.b1
2026-07-11 03:25:53 +0200: Memory Usage (555968K) : Executing rule LBE.c
2026-07-11 03:25:53 +0200: Memory Usage (555968K) : Executing rule LBE.d
2026-07-11 03:25:53 +0200: Memory Usage (556096K) : Executing rule LBE.h
2026-07-11 03:25:53 +0200: Memory Usage (556224K) : KLayout DRC run for tables 'lbe' completed in 0.65 seconds
