# Logfile created on 2026-07-11 03:46:50 +0200 by logger.rb/v1.5.3
2026-07-11 03:46:50 +0200: Memory Usage (525556K) : Starting running IHP-SG13CMOS5L KLayout DRC runset on /foss/designs/adc8b/IHP__MSPHY9932/release/v.1.0.0/gds/MSPHY9932.gds
2026-07-11 03:46:50 +0200: Memory Usage (525556K) : Ruby Version for klayout: 3.2.3
2026-07-11 03:46:50 +0200: Memory Usage (529652K) : Loading database to memory is complete.
2026-07-11 03:46:50 +0200: Memory Usage (529652K) : IHP-SG13CMOS5L KLayout DRC runset output at: /foss/designs/adc8b/IHP__MSPHY9932/release/v.1.0.0/drc/MSPHY9932_MSPHY9932_nbulay.lyrdb
2026-07-11 03:46:50 +0200: Memory Usage (529780K) : Evaluate switches.
2026-07-11 03:46:50 +0200: Memory Usage (529780K) : tables selected: nbulay
2026-07-11 03:46:50 +0200: Memory Usage (529780K) : KLayout will use 16 thread(s) in tiled mode.
2026-07-11 03:46:50 +0200: Memory Usage (529780K) : deep mode is enabled.
2026-07-11 03:46:50 +0200: Memory Usage (529780K) : FEOL enabled: false
2026-07-11 03:46:50 +0200: Memory Usage (529780K) : BEOL enabled: false
2026-07-11 03:46:50 +0200: Memory Usage (529780K) : OFFGRID enabled: true
2026-07-11 03:46:50 +0200: Memory Usage (529780K) : ANGLE enabled: true
2026-07-11 03:46:50 +0200: Memory Usage (529780K) : PIN enabled: false
2026-07-11 03:46:50 +0200: Memory Usage (529780K) : FORBIDDEN enabled: false
2026-07-11 03:46:50 +0200: Memory Usage (529780K) : RECOMMENDED enabled: true
2026-07-11 03:46:50 +0200: Memory Usage (529780K) : PreCheck DRC enabled: false
2026-07-11 03:46:50 +0200: Memory Usage (529780K) : CONNECTIVITY_RULES enabled: false.
2026-07-11 03:46:50 +0200: Memory Usage (529780K) : Read in polygons from layers.
2026-07-11 03:46:50 +0200: Memory Usage (531352K) : activ_drw has 4847 polygons
2026-07-11 03:46:50 +0200: Memory Usage (531480K) : activ_pin has 0 polygons
2026-07-11 03:46:50 +0200: Memory Usage (531608K) : activ_mask has 0 polygons
2026-07-11 03:46:50 +0200: Memory Usage (531608K) : activ_filler has 23127 polygons
2026-07-11 03:46:50 +0200: Memory Usage (531736K) : activ_nofill has 0 polygons
2026-07-11 03:46:50 +0200: Memory Usage (531736K) : activ_opc has 0 polygons
2026-07-11 03:46:50 +0200: Memory Usage (531736K) : activ_iopc has 0 polygons
2026-07-11 03:46:50 +0200: Memory Usage (531864K) : activ_noqrc has 0 polygons
2026-07-11 03:46:50 +0200: Memory Usage (531864K) : biwind_drw has 0 polygons
2026-07-11 03:46:50 +0200: Memory Usage (531992K) : biwind_opc has 0 polygons
2026-07-11 03:46:50 +0200: Memory Usage (531992K) : pemwind_drw has 0 polygons
2026-07-11 03:46:50 +0200: Memory Usage (532248K) : gatpoly_drw has 4112 polygons
2026-07-11 03:46:50 +0200: Memory Usage (532376K) : gatpoly_pin has 65 polygons
2026-07-11 03:46:50 +0200: Memory Usage (532376K) : gatpoly_filler has 23127 polygons
2026-07-11 03:46:50 +0200: Memory Usage (532504K) : gatpoly_nofill has 0 polygons
2026-07-11 03:46:50 +0200: Memory Usage (532504K) : gatpoly_opc has 0 polygons
2026-07-11 03:46:50 +0200: Memory Usage (532632K) : gatpoly_iopc has 0 polygons
2026-07-11 03:46:50 +0200: Memory Usage (532632K) : gatpoly_noqrc has 0 polygons
2026-07-11 03:46:51 +0200: Memory Usage (540440K) : cont_drw has 1640232 polygons
2026-07-11 03:46:51 +0200: Memory Usage (540440K) : cont_opc has 0 polygons
2026-07-11 03:46:51 +0200: Memory Usage (540440K) : nsd_drw has 0 polygons
2026-07-11 03:46:51 +0200: Memory Usage (540440K) : nsd_block has 0 polygons
2026-07-11 03:46:51 +0200: Memory Usage (540440K) : metal1_drw has 39512 polygons
2026-07-11 03:46:51 +0200: Memory Usage (540440K) : metal1_pin has 18610 polygons
2026-07-11 03:46:51 +0200: Memory Usage (540440K) : metal1_mask has 0 polygons
2026-07-11 03:46:51 +0200: Memory Usage (540440K) : metal1_filler has 27923 polygons
2026-07-11 03:46:51 +0200: Memory Usage (540440K) : metal1_nofill has 0 polygons
2026-07-11 03:46:51 +0200: Memory Usage (540440K) : metal1_slit has 0 polygons
2026-07-11 03:46:51 +0200: Memory Usage (540568K) : metal1_text has 10091 polygons
2026-07-11 03:46:51 +0200: Memory Usage (540568K) : metal1_opc has 0 polygons
2026-07-11 03:46:51 +0200: Memory Usage (540568K) : metal1_noqrc has 0 polygons
2026-07-11 03:46:51 +0200: Memory Usage (540568K) : metal1_res has 0 polygons
2026-07-11 03:46:51 +0200: Memory Usage (540568K) : metal1_iprobe has 0 polygons
2026-07-11 03:46:51 +0200: Memory Usage (540568K) : metal1_diffprb has 0 polygons
2026-07-11 03:46:51 +0200: Memory Usage (540568K) : passiv_drw has 32 polygons
2026-07-11 03:46:51 +0200: Memory Usage (540568K) : passiv_pin has 0 polygons
2026-07-11 03:46:51 +0200: Memory Usage (540568K) : passiv_sbump has 0 polygons
2026-07-11 03:46:51 +0200: Memory Usage (540568K) : passiv_pillar has 0 polygons
2026-07-11 03:46:51 +0200: Memory Usage (540696K) : passiv_pdl has 0 polygons
2026-07-11 03:46:51 +0200: Memory Usage (540696K) : metal2_drw has 129019 polygons
2026-07-11 03:46:51 +0200: Memory Usage (540696K) : metal2_pin has 642 polygons
2026-07-11 03:46:51 +0200: Memory Usage (540696K) : metal2_mask has 0 polygons
2026-07-11 03:46:51 +0200: Memory Usage (540824K) : metal2_filler has 30369 polygons
2026-07-11 03:46:51 +0200: Memory Usage (540824K) : metal2_nofill has 0 polygons
2026-07-11 03:46:51 +0200: Memory Usage (540824K) : metal2_slit has 0 polygons
2026-07-11 03:46:51 +0200: Memory Usage (540824K) : metal2_text has 642 polygons
2026-07-11 03:46:51 +0200: Memory Usage (540824K) : metal2_opc has 0 polygons
2026-07-11 03:46:51 +0200: Memory Usage (540952K) : metal2_noqrc has 0 polygons
2026-07-11 03:46:51 +0200: Memory Usage (540952K) : metal2_res has 0 polygons
2026-07-11 03:46:51 +0200: Memory Usage (541080K) : metal2_iprobe has 0 polygons
2026-07-11 03:46:51 +0200: Memory Usage (541080K) : metal2_diffprb has 0 polygons
2026-07-11 03:46:51 +0200: Memory Usage (541208K) : baspoly_drw has 0 polygons
2026-07-11 03:46:51 +0200: Memory Usage (541208K) : baspoly_pin has 0 polygons
2026-07-11 03:46:51 +0200: Memory Usage (541208K) : psd_drw has 1819 polygons
2026-07-11 03:46:51 +0200: Memory Usage (541336K) : nldb_drw has 0 polygons
2026-07-11 03:46:51 +0200: Memory Usage (541464K) : digibnd_drw has 0 polygons
2026-07-11 03:46:51 +0200: Memory Usage (541592K) : via1_drw has 61293 polygons
2026-07-11 03:46:51 +0200: Memory Usage (541720K) : backmetal1_drw has 0 polygons
2026-07-11 03:46:51 +0200: Memory Usage (541720K) : backmetal1_pin has 0 polygons
2026-07-11 03:46:51 +0200: Memory Usage (541848K) : backmetal1_mask has 0 polygons
2026-07-11 03:46:51 +0200: Memory Usage (541848K) : backmetal1_filler has 0 polygons
2026-07-11 03:46:51 +0200: Memory Usage (541976K) : backmetal1_nofill has 0 polygons
2026-07-11 03:46:51 +0200: Memory Usage (541976K) : backmetal1_slit has 0 polygons
2026-07-11 03:46:51 +0200: Memory Usage (542104K) : backmetal1_text has 0 polygons
2026-07-11 03:46:51 +0200: Memory Usage (542104K) : backmetal1_opc has 0 polygons
2026-07-11 03:46:51 +0200: Memory Usage (542232K) : backmetal1_noqrc has 0 polygons
2026-07-11 03:46:51 +0200: Memory Usage (542360K) : backmetal1_res has 0 polygons
2026-07-11 03:46:51 +0200: Memory Usage (542360K) : backmetal1_iprobe has 0 polygons
2026-07-11 03:46:51 +0200: Memory Usage (542488K) : backmetal1_diffprb has 0 polygons
2026-07-11 03:46:51 +0200: Memory Usage (542488K) : backpassiv_drw has 0 polygons
2026-07-11 03:46:51 +0200: Memory Usage (542488K) : res_drw has 0 polygons
2026-07-11 03:46:51 +0200: Memory Usage (542616K) : sram_drw has 0 polygons
2026-07-11 03:46:51 +0200: Memory Usage (542616K) : trans_drw has 0 polygons
2026-07-11 03:46:51 +0200: Memory Usage (542744K) : ind_drw has 0 polygons
2026-07-11 03:46:51 +0200: Memory Usage (542744K) : ind_pin has 0 polygons
2026-07-11 03:46:51 +0200: Memory Usage (542872K) : ind_text has 0 polygons
2026-07-11 03:46:51 +0200: Memory Usage (542872K) : salblock_drw has 55 polygons
2026-07-11 03:46:51 +0200: Memory Usage (543896K) : via2_drw has 170273 polygons
2026-07-11 03:46:51 +0200: Memory Usage (544024K) : metal3_drw has 126558 polygons
2026-07-11 03:46:51 +0200: Memory Usage (544152K) : metal3_pin has 342 polygons
2026-07-11 03:46:51 +0200: Memory Usage (544280K) : metal3_mask has 0 polygons
2026-07-11 03:46:51 +0200: Memory Usage (544280K) : metal3_filler has 13932 polygons
2026-07-11 03:46:51 +0200: Memory Usage (544280K) : metal3_nofill has 0 polygons
2026-07-11 03:46:51 +0200: Memory Usage (544408K) : metal3_slit has 0 polygons
2026-07-11 03:46:51 +0200: Memory Usage (544408K) : metal3_text has 342 polygons
2026-07-11 03:46:51 +0200: Memory Usage (544536K) : metal3_opc has 0 polygons
2026-07-11 03:46:51 +0200: Memory Usage (544536K) : metal3_noqrc has 0 polygons
2026-07-11 03:46:51 +0200: Memory Usage (544664K) : metal3_res has 0 polygons
2026-07-11 03:46:51 +0200: Memory Usage (544664K) : metal3_iprobe has 0 polygons
2026-07-11 03:46:51 +0200: Memory Usage (544792K) : metal3_diffprb has 0 polygons
2026-07-11 03:46:51 +0200: Memory Usage (544792K) : nwell_drw has 900 polygons
2026-07-11 03:46:51 +0200: Memory Usage (544920K) : nwell_pin has 1 polygons
2026-07-11 03:46:51 +0200: Memory Usage (544920K) : nbulay_drw has 0 polygons
2026-07-11 03:46:51 +0200: Memory Usage (545048K) : nbulay_pin has 0 polygons
2026-07-11 03:46:51 +0200: Memory Usage (545176K) : nbulay_block has 0 polygons
2026-07-11 03:46:51 +0200: Memory Usage (545176K) : emwind_drw has 0 polygons
2026-07-11 03:46:51 +0200: Memory Usage (545304K) : emwind_opc has 0 polygons
2026-07-11 03:46:51 +0200: Memory Usage (545304K) : deepco_drw has 0 polygons
2026-07-11 03:46:51 +0200: Memory Usage (545304K) : deepco_drw has 0 polygons
2026-07-11 03:46:51 +0200: Memory Usage (545432K) : mim_drw has 0 polygons
2026-07-11 03:46:51 +0200: Memory Usage (545432K) : edgeseal_drw has 24 polygons
2026-07-11 03:46:51 +0200: Memory Usage (545560K) : edgeseal_bound has 1 polygons
2026-07-11 03:46:51 +0200: Memory Usage (545560K) : substrate_drw has 818 polygons
2026-07-11 03:46:51 +0200: Memory Usage (545560K) : substrate_text has 0 polygons
2026-07-11 03:46:51 +0200: Memory Usage (545560K) : dfpad_drw has 20 polygons
2026-07-11 03:46:51 +0200: Memory Usage (545560K) : dfpad_pillar has 0 polygons
2026-07-11 03:46:51 +0200: Memory Usage (545560K) : dfpad_sbump has 0 polygons
2026-07-11 03:46:51 +0200: Memory Usage (545560K) : thickgateox_drw has 39 polygons
2026-07-11 03:46:51 +0200: Memory Usage (545560K) : pldb_drw has 0 polygons
2026-07-11 03:46:51 +0200: Memory Usage (545560K) : pwell_drw has 0 polygons
2026-07-11 03:46:51 +0200: Memory Usage (545560K) : pwell_pin has 0 polygons
2026-07-11 03:46:51 +0200: Memory Usage (545560K) : pwell_block has 6 polygons
2026-07-11 03:46:51 +0200: Memory Usage (545560K) : ic_drw has 0 polygons
2026-07-11 03:46:51 +0200: Memory Usage (545560K) : via3_drw has 165845 polygons
2026-07-11 03:46:51 +0200: Memory Usage (545560K) : metal4_drw has 123478 polygons
2026-07-11 03:46:51 +0200: Memory Usage (545560K) : metal4_pin has 16630 polygons
2026-07-11 03:46:51 +0200: Memory Usage (545560K) : metal4_mask has 0 polygons
2026-07-11 03:46:51 +0200: Memory Usage (545560K) : metal4_filler has 14002 polygons
2026-07-11 03:46:51 +0200: Memory Usage (545560K) : metal4_nofill has 0 polygons
2026-07-11 03:46:51 +0200: Memory Usage (545560K) : metal4_slit has 0 polygons
2026-07-11 03:46:51 +0200: Memory Usage (545560K) : metal4_text has 8424 polygons
2026-07-11 03:46:51 +0200: Memory Usage (545560K) : metal4_opc has 0 polygons
2026-07-11 03:46:51 +0200: Memory Usage (545560K) : metal4_noqrc has 0 polygons
2026-07-11 03:46:51 +0200: Memory Usage (545560K) : metal4_res has 0 polygons
2026-07-11 03:46:51 +0200: Memory Usage (545560K) : metal4_iprobe has 0 polygons
2026-07-11 03:46:51 +0200: Memory Usage (545560K) : metal4_diffprb has 0 polygons
2026-07-11 03:46:51 +0200: Memory Usage (545560K) : heattrans_drw has 856 polygons
2026-07-11 03:46:51 +0200: Memory Usage (545560K) : heatres_drw has 36 polygons
2026-07-11 03:46:51 +0200: Memory Usage (545560K) : pempoly_drw has 0 polygons
2026-07-11 03:46:51 +0200: Memory Usage (545560K) : fbe_drw has 0 polygons
2026-07-11 03:46:51 +0200: Memory Usage (545560K) : empoly_drw has 0 polygons
2026-07-11 03:46:51 +0200: Memory Usage (545560K) : ldmos_drw has 0 polygons
2026-07-11 03:46:51 +0200: Memory Usage (545560K) : pbiwind_drw has 0 polygons
2026-07-11 03:46:51 +0200: Memory Usage (545560K) : digisub_drw has 0 polygons
2026-07-11 03:46:51 +0200: Memory Usage (545560K) : nodrc_drw has 0 polygons
2026-07-11 03:46:51 +0200: Memory Usage (545560K) : text_drw has 607 polygons
2026-07-11 03:46:51 +0200: Memory Usage (545560K) : via4_drw has 0 polygons
2026-07-11 03:46:51 +0200: Memory Usage (545560K) : metal5_drw has 0 polygons
2026-07-11 03:46:51 +0200: Memory Usage (545560K) : metal5_pin has 0 polygons
2026-07-11 03:46:51 +0200: Memory Usage (545560K) : metal5_mask has 0 polygons
2026-07-11 03:46:51 +0200: Memory Usage (545560K) : metal5_filler has 0 polygons
2026-07-11 03:46:51 +0200: Memory Usage (545560K) : metal5_nofill has 0 polygons
2026-07-11 03:46:51 +0200: Memory Usage (545560K) : metal5_slit has 0 polygons
2026-07-11 03:46:51 +0200: Memory Usage (545560K) : metal5_text has 0 polygons
2026-07-11 03:46:51 +0200: Memory Usage (545560K) : metal5_opc has 0 polygons
2026-07-11 03:46:51 +0200: Memory Usage (545560K) : metal5_noqrc has 0 polygons
2026-07-11 03:46:51 +0200: Memory Usage (545560K) : metal5_res has 0 polygons
2026-07-11 03:46:51 +0200: Memory Usage (545560K) : metal5_iprobe has 0 polygons
2026-07-11 03:46:51 +0200: Memory Usage (545560K) : metal5_diffprb has 0 polygons
2026-07-11 03:46:51 +0200: Memory Usage (545560K) : radhard_drw has 0 polygons
2026-07-11 03:46:51 +0200: Memory Usage (545560K) : memcap_drw has 0 polygons
2026-07-11 03:46:51 +0200: Memory Usage (545560K) : varicap_drw has 0 polygons
2026-07-11 03:46:51 +0200: Memory Usage (545560K) : flash_drw has 0 polygons
2026-07-11 03:46:51 +0200: Memory Usage (545560K) : intbondvia_drw has 0 polygons
2026-07-11 03:46:51 +0200: Memory Usage (545560K) : intbondmet_drw has 0 polygons
2026-07-11 03:46:51 +0200: Memory Usage (545560K) : devbondvia_drw has 0 polygons
2026-07-11 03:46:51 +0200: Memory Usage (545560K) : devbondmet_drw has 0 polygons
2026-07-11 03:46:51 +0200: Memory Usage (545560K) : devtrench_drw has 0 polygons
2026-07-11 03:46:51 +0200: Memory Usage (545560K) : redist_drw has 0 polygons
2026-07-11 03:46:51 +0200: Memory Usage (545560K) : graphbot_drw has 0 polygons
2026-07-11 03:46:51 +0200: Memory Usage (545560K) : graphtop_drw has 0 polygons
2026-07-11 03:46:51 +0200: Memory Usage (545560K) : antvia1_drw has 0 polygons
2026-07-11 03:46:51 +0200: Memory Usage (545560K) : antmetal2_drw has 0 polygons
2026-07-11 03:46:51 +0200: Memory Usage (545560K) : graphcont_drw has 0 polygons
2026-07-11 03:46:51 +0200: Memory Usage (545560K) : siwg_drw has 0 polygons
2026-07-11 03:46:51 +0200: Memory Usage (545560K) : siwg_filler has 0 polygons
2026-07-11 03:46:51 +0200: Memory Usage (545560K) : siwg_nofill has 0 polygons
2026-07-11 03:46:51 +0200: Memory Usage (545560K) : sigrating_drw has 0 polygons
2026-07-11 03:46:51 +0200: Memory Usage (545560K) : singrating_drw has 0 polygons
2026-07-11 03:46:51 +0200: Memory Usage (545560K) : graphpas_drw has 0 polygons
2026-07-11 03:46:51 +0200: Memory Usage (545560K) : emwind3_drw has 0 polygons
2026-07-11 03:46:51 +0200: Memory Usage (545560K) : emwihv3_drw has 0 polygons
2026-07-11 03:46:51 +0200: Memory Usage (545560K) : redbulay_drw has 0 polygons
2026-07-11 03:46:51 +0200: Memory Usage (545560K) : smos_drw has 0 polygons
2026-07-11 03:46:51 +0200: Memory Usage (545560K) : graphpad_drw has 0 polygons
2026-07-11 03:46:51 +0200: Memory Usage (545560K) : polimide_drw has 0 polygons
2026-07-11 03:46:51 +0200: Memory Usage (545560K) : polimide_pin has 0 polygons
2026-07-11 03:46:51 +0200: Memory Usage (545560K) : recog_drw has 0 polygons
2026-07-11 03:46:51 +0200: Memory Usage (545560K) : recog_pin has 0 polygons
2026-07-11 03:46:51 +0200: Memory Usage (545560K) : recog_esd has 0 polygons
2026-07-11 03:46:51 +0200: Memory Usage (545560K) : recog_diode has 113 polygons
2026-07-11 03:46:51 +0200: Memory Usage (545560K) : recog_tsv has 0 polygons
2026-07-11 03:46:51 +0200: Memory Usage (545560K) : recog_iprobe has 0 polygons
2026-07-11 03:46:51 +0200: Memory Usage (545560K) : recog_diffprb has 0 polygons
2026-07-11 03:46:51 +0200: Memory Usage (545560K) : recog_pillar has 0 polygons
2026-07-11 03:46:51 +0200: Memory Usage (545560K) : recog_sbump has 0 polygons
2026-07-11 03:46:51 +0200: Memory Usage (545560K) : recog_otp has 0 polygons
2026-07-11 03:46:51 +0200: Memory Usage (545560K) : recog_pdiode has 0 polygons
2026-07-11 03:46:51 +0200: Memory Usage (545560K) : recog_mom has 8198 polygons
2026-07-11 03:46:51 +0200: Memory Usage (545560K) : recog_pcm has 0 polygons
2026-07-11 03:46:51 +0200: Memory Usage (545560K) : colopen_drw has 0 polygons
2026-07-11 03:46:51 +0200: Memory Usage (545560K) : graphmetal1_drw has 0 polygons
2026-07-11 03:46:51 +0200: Memory Usage (545560K) : graphmetal1_filler has 0 polygons
2026-07-11 03:46:51 +0200: Memory Usage (545560K) : graphmetal1_nofill has 0 polygons
2026-07-11 03:46:51 +0200: Memory Usage (545560K) : graphmetal1_slit has 0 polygons
2026-07-11 03:46:51 +0200: Memory Usage (545560K) : graphmetal1_opc has 0 polygons
2026-07-11 03:46:51 +0200: Memory Usage (545560K) : graphmet1l_drw has 0 polygons
2026-07-11 03:46:51 +0200: Memory Usage (545560K) : graphmet1l_filler has 0 polygons
2026-07-11 03:46:51 +0200: Memory Usage (545688K) : graphmet1l_nofill has 0 polygons
2026-07-11 03:46:51 +0200: Memory Usage (545688K) : graphmet1l_slit has 0 polygons
2026-07-11 03:46:51 +0200: Memory Usage (545688K) : graphmet1l_opc has 0 polygons
2026-07-11 03:46:51 +0200: Memory Usage (545816K) : extblock_drw has 145 polygons
2026-07-11 03:46:51 +0200: Memory Usage (545816K) : nldd_drw has 0 polygons
2026-07-11 03:46:51 +0200: Memory Usage (545816K) : pldd_drw has 0 polygons
2026-07-11 03:46:51 +0200: Memory Usage (545944K) : next_drw has 0 polygons
2026-07-11 03:46:51 +0200: Memory Usage (545944K) : pext_drw has 0 polygons
2026-07-11 03:46:51 +0200: Memory Usage (545944K) : nexthv_drw has 0 polygons
2026-07-11 03:46:51 +0200: Memory Usage (545944K) : pexthv_drw has 0 polygons
2026-07-11 03:46:51 +0200: Memory Usage (546072K) : graphgate_drw has 0 polygons
2026-07-11 03:46:51 +0200: Memory Usage (546072K) : sinwg_drw has 0 polygons
2026-07-11 03:46:51 +0200: Memory Usage (546072K) : sinwg_filler has 0 polygons
2026-07-11 03:46:51 +0200: Memory Usage (546200K) : sinwg_nofill has 0 polygons
2026-07-11 03:46:51 +0200: Memory Usage (546200K) : mempad_drw has 0 polygons
2026-07-11 03:46:51 +0200: Memory Usage (546456K) : topvia1_drw has 56700 polygons
2026-07-11 03:46:51 +0200: Memory Usage (546584K) : topmetal1_drw has 201 polygons
2026-07-11 03:46:51 +0200: Memory Usage (546584K) : topmetal1_pin has 168 polygons
2026-07-11 03:46:51 +0200: Memory Usage (546712K) : topmetal1_mask has 0 polygons
2026-07-11 03:46:51 +0200: Memory Usage (546712K) : topmetal1_filler has 3600 polygons
2026-07-11 03:46:51 +0200: Memory Usage (546712K) : topmetal1_nofill has 0 polygons
2026-07-11 03:46:51 +0200: Memory Usage (546712K) : topmetal1_slit has 0 polygons
2026-07-11 03:46:51 +0200: Memory Usage (546840K) : topmetal1_text has 168 polygons
2026-07-11 03:46:51 +0200: Memory Usage (546840K) : topmetal1_noqrc has 0 polygons
2026-07-11 03:46:51 +0200: Memory Usage (546840K) : topmetal1_res has 0 polygons
2026-07-11 03:46:51 +0200: Memory Usage (546968K) : topmetal1_iprobe has 0 polygons
2026-07-11 03:46:51 +0200: Memory Usage (546968K) : topmetal1_diffprb has 0 polygons
2026-07-11 03:46:51 +0200: Memory Usage (546968K) : inldpwl_drw has 0 polygons
2026-07-11 03:46:51 +0200: Memory Usage (547096K) : polyres_drw has 36 polygons
2026-07-11 03:46:51 +0200: Memory Usage (547096K) : polyres_pin has 0 polygons
2026-07-11 03:46:51 +0200: Memory Usage (547096K) : vmim_drw has 0 polygons
2026-07-11 03:46:51 +0200: Memory Usage (547096K) : nbulaycut_drw has 0 polygons
2026-07-11 03:46:51 +0200: Memory Usage (547224K) : antmetal1_drw has 0 polygons
2026-07-11 03:46:51 +0200: Memory Usage (547224K) : topvia2_drw has 0 polygons
2026-07-11 03:46:51 +0200: Memory Usage (547224K) : topmetal2_drw has 0 polygons
2026-07-11 03:46:51 +0200: Memory Usage (547352K) : topmetal2_pin has 0 polygons
2026-07-11 03:46:51 +0200: Memory Usage (547352K) : topmetal2_mask has 0 polygons
2026-07-11 03:46:51 +0200: Memory Usage (547352K) : topmetal2_filler has 0 polygons
2026-07-11 03:46:51 +0200: Memory Usage (547480K) : topmetal2_nofill has 0 polygons
2026-07-11 03:46:51 +0200: Memory Usage (547480K) : topmetal2_slit has 0 polygons
2026-07-11 03:46:51 +0200: Memory Usage (547480K) : topmetal2_text has 0 polygons
2026-07-11 03:46:51 +0200: Memory Usage (547480K) : topmetal2_noqrc has 0 polygons
2026-07-11 03:46:51 +0200: Memory Usage (547608K) : topmetal2_res has 0 polygons
2026-07-11 03:46:51 +0200: Memory Usage (547608K) : topmetal2_iprobe has 0 polygons
2026-07-11 03:46:51 +0200: Memory Usage (547608K) : topmetal2_diffprb has 0 polygons
2026-07-11 03:46:51 +0200: Memory Usage (547608K) : snsring_drw has 0 polygons
2026-07-11 03:46:51 +0200: Memory Usage (547608K) : sensor_drw has 0 polygons
2026-07-11 03:46:51 +0200: Memory Usage (547736K) : snsarms_drw has 0 polygons
2026-07-11 03:46:51 +0200: Memory Usage (547736K) : snscmosvia_drw has 0 polygons
2026-07-11 03:46:51 +0200: Memory Usage (547736K) : colwind_drw has 0 polygons
2026-07-11 03:46:51 +0200: Memory Usage (547864K) : flm_drw has 0 polygons
2026-07-11 03:46:51 +0200: Memory Usage (547864K) : hafniumox_drw has 0 polygons
2026-07-11 03:46:51 +0200: Memory Usage (547992K) : memvia_drw has 0 polygons
2026-07-11 03:46:51 +0200: Memory Usage (547992K) : thinfilmres_drw has 0 polygons
2026-07-11 03:46:51 +0200: Memory Usage (547992K) : rfmem_drw has 0 polygons
2026-07-11 03:46:51 +0200: Memory Usage (548120K) : norcx_drw has 0 polygons
2026-07-11 03:46:51 +0200: Memory Usage (548120K) : norcx_m2m3 has 0 polygons
2026-07-11 03:46:51 +0200: Memory Usage (548120K) : norcx_m2m4 has 0 polygons
2026-07-11 03:46:51 +0200: Memory Usage (548248K) : norcx_m2m5 has 0 polygons
2026-07-11 03:46:51 +0200: Memory Usage (548248K) : norcx_m2tm1 has 0 polygons
2026-07-11 03:46:51 +0200: Memory Usage (548376K) : norcx_m2tm2 has 0 polygons
2026-07-11 03:46:51 +0200: Memory Usage (548376K) : norcx_m3m4 has 0 polygons
2026-07-11 03:46:51 +0200: Memory Usage (548376K) : norcx_m3m5 has 0 polygons
2026-07-11 03:46:51 +0200: Memory Usage (548504K) : norcx_m3tm1 has 0 polygons
2026-07-11 03:46:51 +0200: Memory Usage (548504K) : norcx_m3tm2 has 0 polygons
2026-07-11 03:46:51 +0200: Memory Usage (548632K) : norcx_m4m5 has 0 polygons
2026-07-11 03:46:51 +0200: Memory Usage (548632K) : norcx_m4tm1 has 0 polygons
2026-07-11 03:46:51 +0200: Memory Usage (548760K) : norcx_m4tm2 has 0 polygons
2026-07-11 03:46:51 +0200: Memory Usage (548760K) : norcx_m5tm1 has 0 polygons
2026-07-11 03:46:51 +0200: Memory Usage (548760K) : norcx_m5tm2 has 0 polygons
2026-07-11 03:46:51 +0200: Memory Usage (548888K) : norcx_tm1tm2 has 0 polygons
2026-07-11 03:46:51 +0200: Memory Usage (548888K) : norcx_m1sub has 0 polygons
2026-07-11 03:46:51 +0200: Memory Usage (548888K) : norcx_m2sub has 0 polygons
2026-07-11 03:46:51 +0200: Memory Usage (549016K) : norcx_m3sub has 0 polygons
2026-07-11 03:46:51 +0200: Memory Usage (549016K) : norcx_m4sub has 0 polygons
2026-07-11 03:46:51 +0200: Memory Usage (549144K) : norcx_m5sub has 0 polygons
2026-07-11 03:46:51 +0200: Memory Usage (549144K) : norcx_tm1sub has 0 polygons
2026-07-11 03:46:51 +0200: Memory Usage (549144K) : norcx_tm2sub has 0 polygons
2026-07-11 03:46:51 +0200: Memory Usage (549272K) : snsbotvia_drw has 0 polygons
2026-07-11 03:46:51 +0200: Memory Usage (549272K) : snstopvia_drw has 0 polygons
2026-07-11 03:46:51 +0200: Memory Usage (549400K) : deepvia_drw has 0 polygons
2026-07-11 03:46:51 +0200: Memory Usage (549400K) : fgetch_drw has 0 polygons
2026-07-11 03:46:51 +0200: Memory Usage (549400K) : ctrgat_drw has 0 polygons
2026-07-11 03:46:51 +0200: Memory Usage (549528K) : fgimp_drw has 0 polygons
2026-07-11 03:46:51 +0200: Memory Usage (549528K) : emwihv_drw has 0 polygons
2026-07-11 03:46:51 +0200: Memory Usage (549656K) : lbe_drw has 0 polygons
2026-07-11 03:46:51 +0200: Memory Usage (549656K) : alcustop_drw has 0 polygons
2026-07-11 03:46:51 +0200: Memory Usage (549656K) : nometfiller_drw has 1 polygons
2026-07-11 03:46:51 +0200: Memory Usage (549784K) : prboundary_drw has 0 polygons
2026-07-11 03:46:51 +0200: Memory Usage (549784K) : exchange0_drw has 0 polygons
2026-07-11 03:46:51 +0200: Memory Usage (549784K) : exchange0_pin has 0 polygons
2026-07-11 03:46:51 +0200: Memory Usage (549912K) : exchange0_text has 0 polygons
2026-07-11 03:46:51 +0200: Memory Usage (549912K) : exchange1_drw has 0 polygons
2026-07-11 03:46:51 +0200: Memory Usage (550040K) : exchange1_pin has 0 polygons
2026-07-11 03:46:51 +0200: Memory Usage (550040K) : exchange1_text has 0 polygons
2026-07-11 03:46:51 +0200: Memory Usage (550040K) : exchange2_drw has 0 polygons
2026-07-11 03:46:51 +0200: Memory Usage (550168K) : exchange2_pin has 0 polygons
2026-07-11 03:46:51 +0200: Memory Usage (550168K) : exchange2_text has 0 polygons
2026-07-11 03:46:51 +0200: Memory Usage (550296K) : exchange3_drw has 0 polygons
2026-07-11 03:46:51 +0200: Memory Usage (550296K) : exchange3_pin has 0 polygons
2026-07-11 03:46:51 +0200: Memory Usage (550296K) : exchange3_text has 0 polygons
2026-07-11 03:46:51 +0200: Memory Usage (550424K) : exchange4_drw has 0 polygons
2026-07-11 03:46:51 +0200: Memory Usage (550424K) : exchange4_pin has 0 polygons
2026-07-11 03:46:51 +0200: Memory Usage (550424K) : exchange4_text has 0 polygons
2026-07-11 03:46:51 +0200: Memory Usage (550552K) : isonwell_drw has 0 polygons
2026-07-11 03:46:51 +0200: Memory Usage (550552K) : Total no. of polygons in the design is 2727981
2026-07-11 03:46:51 +0200: Memory Usage (550552K) : Loaded TECH DRC rules values from /foss/pdks/ihp-sg13cmos5l/libs.tech/klayout/python/sg13cmos5l_pycell_lib/sg13cmos5l_tech_mod.json
2026-07-11 03:46:51 +0200: Memory Usage (550552K) : Loaded default DRC rules values from /foss/pdks/ihp-sg13cmos5l/libs.tech/klayout/tech/drc/rule_decks/sg13cmos5l_tech_default.json
2026-07-11 03:46:51 +0200: Memory Usage (551960K) : Total area of the design is 1102500.0 um^2.
2026-07-11 03:46:51 +0200: Memory Usage (551960K) : The design dimensions are 1050.0 um * 1050.0 um.
2026-07-11 03:46:51 +0200: Memory Usage (551960K) : Starting general IHP-SG13CMOS5L derivations.
2026-07-11 03:46:51 +0200: Memory Usage (551960K) : Starting Pwell derivations
2026-07-11 03:46:51 +0200: Memory Usage (554692K) : Starting IHP-SG13CMOS5L DRC rules.
2026-07-11 03:46:51 +0200: Memory Usage (554692K) : Starting 5.3 nBuLay table
2026-07-11 03:46:51 +0200: Memory Usage (554692K) : nBuLay (32/0) is a FORBIDDEN layer in CMOS5L - skipping NBL rules
2026-07-11 03:46:51 +0200: Memory Usage (554692K) : KLayout DRC run for tables 'nbulay' completed in 0.77 seconds
