# Logfile created on 2026-07-11 03:25:33 +0200 by logger.rb/v1.5.3
2026-07-11 03:25:33 +0200: Memory Usage (526040K) : Starting running IHP-SG13CMOS5L KLayout DRC runset on /foss/designs/adc8b/IHP__MSPHY9932/release/v.1.0.0/gds/MSPHY9932.gds
2026-07-11 03:25:33 +0200: Memory Usage (526040K) : Ruby Version for klayout: 3.2.3
2026-07-11 03:25:33 +0200: Memory Usage (529624K) : Loading database to memory is complete.
2026-07-11 03:25:33 +0200: Memory Usage (529624K) : IHP-SG13CMOS5L KLayout DRC runset output at: /foss/designs/adc8b/IHP__MSPHY9932/release/v.1.0.0/drc/MSPHY9932_MSPHY9932_gatpolyfiller.lyrdb
2026-07-11 03:25:33 +0200: Memory Usage (529624K) : Evaluate switches.
2026-07-11 03:25:33 +0200: Memory Usage (529624K) : tables selected: gatpolyfiller
2026-07-11 03:25:33 +0200: Memory Usage (529624K) : KLayout will use 16 thread(s) in tiled mode.
2026-07-11 03:25:33 +0200: Memory Usage (529624K) : deep mode is enabled.
2026-07-11 03:25:33 +0200: Memory Usage (529624K) : FEOL enabled: false
2026-07-11 03:25:33 +0200: Memory Usage (529624K) : BEOL enabled: false
2026-07-11 03:25:33 +0200: Memory Usage (529624K) : OFFGRID enabled: true
2026-07-11 03:25:33 +0200: Memory Usage (529624K) : ANGLE enabled: true
2026-07-11 03:25:33 +0200: Memory Usage (529624K) : PIN enabled: false
2026-07-11 03:25:33 +0200: Memory Usage (529624K) : FORBIDDEN enabled: false
2026-07-11 03:25:33 +0200: Memory Usage (529624K) : RECOMMENDED enabled: true
2026-07-11 03:25:33 +0200: Memory Usage (529624K) : PreCheck DRC enabled: false
2026-07-11 03:25:33 +0200: Memory Usage (529624K) : CONNECTIVITY_RULES enabled: false.
2026-07-11 03:25:33 +0200: Memory Usage (529624K) : Read in polygons from layers.
2026-07-11 03:25:33 +0200: Memory Usage (530936K) : activ_drw has 4847 polygons
2026-07-11 03:25:33 +0200: Memory Usage (531064K) : activ_pin has 0 polygons
2026-07-11 03:25:33 +0200: Memory Usage (531192K) : activ_mask has 0 polygons
2026-07-11 03:25:33 +0200: Memory Usage (531192K) : activ_filler has 0 polygons
2026-07-11 03:25:33 +0200: Memory Usage (531320K) : activ_nofill has 0 polygons
2026-07-11 03:25:33 +0200: Memory Usage (531320K) : activ_opc has 0 polygons
2026-07-11 03:25:33 +0200: Memory Usage (531320K) : activ_iopc has 0 polygons
2026-07-11 03:25:33 +0200: Memory Usage (531448K) : activ_noqrc has 0 polygons
2026-07-11 03:25:33 +0200: Memory Usage (531448K) : biwind_drw has 0 polygons
2026-07-11 03:25:33 +0200: Memory Usage (531576K) : biwind_opc has 0 polygons
2026-07-11 03:25:33 +0200: Memory Usage (531576K) : pemwind_drw has 0 polygons
2026-07-11 03:25:33 +0200: Memory Usage (531576K) : gatpoly_drw has 4112 polygons
2026-07-11 03:25:33 +0200: Memory Usage (531832K) : gatpoly_pin has 65 polygons
2026-07-11 03:25:33 +0200: Memory Usage (531832K) : gatpoly_filler has 0 polygons
2026-07-11 03:25:33 +0200: Memory Usage (531960K) : gatpoly_nofill has 0 polygons
2026-07-11 03:25:33 +0200: Memory Usage (531960K) : gatpoly_opc has 0 polygons
2026-07-11 03:25:33 +0200: Memory Usage (531960K) : gatpoly_iopc has 0 polygons
2026-07-11 03:25:33 +0200: Memory Usage (531960K) : gatpoly_noqrc has 0 polygons
2026-07-11 03:25:33 +0200: Memory Usage (539768K) : cont_drw has 1640232 polygons
2026-07-11 03:25:33 +0200: Memory Usage (539768K) : cont_opc has 0 polygons
2026-07-11 03:25:33 +0200: Memory Usage (539768K) : nsd_drw has 0 polygons
2026-07-11 03:25:33 +0200: Memory Usage (539768K) : nsd_block has 0 polygons
2026-07-11 03:25:33 +0200: Memory Usage (539768K) : metal1_drw has 39512 polygons
2026-07-11 03:25:33 +0200: Memory Usage (539768K) : metal1_pin has 18610 polygons
2026-07-11 03:25:33 +0200: Memory Usage (539768K) : metal1_mask has 0 polygons
2026-07-11 03:25:33 +0200: Memory Usage (539768K) : metal1_filler has 0 polygons
2026-07-11 03:25:33 +0200: Memory Usage (539768K) : metal1_nofill has 0 polygons
2026-07-11 03:25:33 +0200: Memory Usage (539768K) : metal1_slit has 0 polygons
2026-07-11 03:25:33 +0200: Memory Usage (539896K) : metal1_text has 10091 polygons
2026-07-11 03:25:33 +0200: Memory Usage (539896K) : metal1_opc has 0 polygons
2026-07-11 03:25:33 +0200: Memory Usage (539896K) : metal1_noqrc has 0 polygons
2026-07-11 03:25:33 +0200: Memory Usage (539896K) : metal1_res has 0 polygons
2026-07-11 03:25:33 +0200: Memory Usage (539896K) : metal1_iprobe has 0 polygons
2026-07-11 03:25:33 +0200: Memory Usage (539896K) : metal1_diffprb has 0 polygons
2026-07-11 03:25:33 +0200: Memory Usage (539896K) : passiv_drw has 32 polygons
2026-07-11 03:25:33 +0200: Memory Usage (539896K) : passiv_pin has 0 polygons
2026-07-11 03:25:33 +0200: Memory Usage (539896K) : passiv_sbump has 0 polygons
2026-07-11 03:25:33 +0200: Memory Usage (539896K) : passiv_pillar has 0 polygons
2026-07-11 03:25:33 +0200: Memory Usage (539896K) : passiv_pdl has 0 polygons
2026-07-11 03:25:33 +0200: Memory Usage (539896K) : metal2_drw has 129019 polygons
2026-07-11 03:25:33 +0200: Memory Usage (539896K) : metal2_pin has 642 polygons
2026-07-11 03:25:33 +0200: Memory Usage (539896K) : metal2_mask has 0 polygons
2026-07-11 03:25:33 +0200: Memory Usage (539896K) : metal2_filler has 0 polygons
2026-07-11 03:25:33 +0200: Memory Usage (539896K) : metal2_nofill has 0 polygons
2026-07-11 03:25:33 +0200: Memory Usage (539896K) : metal2_slit has 0 polygons
2026-07-11 03:25:33 +0200: Memory Usage (539896K) : metal2_text has 642 polygons
2026-07-11 03:25:33 +0200: Memory Usage (539896K) : metal2_opc has 0 polygons
2026-07-11 03:25:33 +0200: Memory Usage (539896K) : metal2_noqrc has 0 polygons
2026-07-11 03:25:33 +0200: Memory Usage (539896K) : metal2_res has 0 polygons
2026-07-11 03:25:33 +0200: Memory Usage (539896K) : metal2_iprobe has 0 polygons
2026-07-11 03:25:33 +0200: Memory Usage (539896K) : metal2_diffprb has 0 polygons
2026-07-11 03:25:33 +0200: Memory Usage (540152K) : baspoly_drw has 0 polygons
2026-07-11 03:25:33 +0200: Memory Usage (540152K) : baspoly_pin has 0 polygons
2026-07-11 03:25:33 +0200: Memory Usage (540152K) : psd_drw has 1819 polygons
2026-07-11 03:25:33 +0200: Memory Usage (540152K) : nldb_drw has 0 polygons
2026-07-11 03:25:33 +0200: Memory Usage (540152K) : digibnd_drw has 0 polygons
2026-07-11 03:25:33 +0200: Memory Usage (540280K) : via1_drw has 61293 polygons
2026-07-11 03:25:33 +0200: Memory Usage (540536K) : backmetal1_drw has 0 polygons
2026-07-11 03:25:33 +0200: Memory Usage (540536K) : backmetal1_pin has 0 polygons
2026-07-11 03:25:33 +0200: Memory Usage (540536K) : backmetal1_mask has 0 polygons
2026-07-11 03:25:33 +0200: Memory Usage (540664K) : backmetal1_filler has 0 polygons
2026-07-11 03:25:33 +0200: Memory Usage (540664K) : backmetal1_nofill has 0 polygons
2026-07-11 03:25:33 +0200: Memory Usage (540792K) : backmetal1_slit has 0 polygons
2026-07-11 03:25:33 +0200: Memory Usage (540792K) : backmetal1_text has 0 polygons
2026-07-11 03:25:33 +0200: Memory Usage (540920K) : backmetal1_opc has 0 polygons
2026-07-11 03:25:33 +0200: Memory Usage (540920K) : backmetal1_noqrc has 0 polygons
2026-07-11 03:25:33 +0200: Memory Usage (541048K) : backmetal1_res has 0 polygons
2026-07-11 03:25:33 +0200: Memory Usage (541176K) : backmetal1_iprobe has 0 polygons
2026-07-11 03:25:33 +0200: Memory Usage (541176K) : backmetal1_diffprb has 0 polygons
2026-07-11 03:25:33 +0200: Memory Usage (541304K) : backpassiv_drw has 0 polygons
2026-07-11 03:25:33 +0200: Memory Usage (541304K) : res_drw has 0 polygons
2026-07-11 03:25:33 +0200: Memory Usage (541432K) : sram_drw has 0 polygons
2026-07-11 03:25:33 +0200: Memory Usage (541432K) : trans_drw has 0 polygons
2026-07-11 03:25:33 +0200: Memory Usage (541432K) : ind_drw has 0 polygons
2026-07-11 03:25:33 +0200: Memory Usage (541560K) : ind_pin has 0 polygons
2026-07-11 03:25:33 +0200: Memory Usage (541688K) : ind_text has 0 polygons
2026-07-11 03:25:33 +0200: Memory Usage (541688K) : salblock_drw has 55 polygons
2026-07-11 03:25:33 +0200: Memory Usage (542712K) : via2_drw has 170273 polygons
2026-07-11 03:25:33 +0200: Memory Usage (542840K) : metal3_drw has 126558 polygons
2026-07-11 03:25:33 +0200: Memory Usage (542968K) : metal3_pin has 342 polygons
2026-07-11 03:25:33 +0200: Memory Usage (543096K) : metal3_mask has 0 polygons
2026-07-11 03:25:33 +0200: Memory Usage (543096K) : metal3_filler has 0 polygons
2026-07-11 03:25:33 +0200: Memory Usage (543096K) : metal3_nofill has 0 polygons
2026-07-11 03:25:33 +0200: Memory Usage (543224K) : metal3_slit has 0 polygons
2026-07-11 03:25:33 +0200: Memory Usage (543224K) : metal3_text has 342 polygons
2026-07-11 03:25:33 +0200: Memory Usage (543352K) : metal3_opc has 0 polygons
2026-07-11 03:25:33 +0200: Memory Usage (543352K) : metal3_noqrc has 0 polygons
2026-07-11 03:25:33 +0200: Memory Usage (543480K) : metal3_res has 0 polygons
2026-07-11 03:25:33 +0200: Memory Usage (543480K) : metal3_iprobe has 0 polygons
2026-07-11 03:25:33 +0200: Memory Usage (543608K) : metal3_diffprb has 0 polygons
2026-07-11 03:25:33 +0200: Memory Usage (543608K) : nwell_drw has 900 polygons
2026-07-11 03:25:33 +0200: Memory Usage (543736K) : nwell_pin has 1 polygons
2026-07-11 03:25:33 +0200: Memory Usage (543736K) : nbulay_drw has 0 polygons
2026-07-11 03:25:33 +0200: Memory Usage (543864K) : nbulay_pin has 0 polygons
2026-07-11 03:25:33 +0200: Memory Usage (543992K) : nbulay_block has 0 polygons
2026-07-11 03:25:33 +0200: Memory Usage (543992K) : emwind_drw has 0 polygons
2026-07-11 03:25:33 +0200: Memory Usage (544120K) : emwind_opc has 0 polygons
2026-07-11 03:25:33 +0200: Memory Usage (544120K) : deepco_drw has 0 polygons
2026-07-11 03:25:33 +0200: Memory Usage (544120K) : deepco_drw has 0 polygons
2026-07-11 03:25:33 +0200: Memory Usage (544248K) : mim_drw has 0 polygons
2026-07-11 03:25:33 +0200: Memory Usage (544248K) : edgeseal_drw has 24 polygons
2026-07-11 03:25:33 +0200: Memory Usage (544376K) : edgeseal_bound has 1 polygons
2026-07-11 03:25:33 +0200: Memory Usage (544376K) : substrate_drw has 818 polygons
2026-07-11 03:25:33 +0200: Memory Usage (544504K) : substrate_text has 0 polygons
2026-07-11 03:25:33 +0200: Memory Usage (544504K) : dfpad_drw has 20 polygons
2026-07-11 03:25:33 +0200: Memory Usage (544632K) : dfpad_pillar has 0 polygons
2026-07-11 03:25:33 +0200: Memory Usage (544632K) : dfpad_sbump has 0 polygons
2026-07-11 03:25:33 +0200: Memory Usage (544632K) : thickgateox_drw has 39 polygons
2026-07-11 03:25:33 +0200: Memory Usage (544760K) : pldb_drw has 0 polygons
2026-07-11 03:25:33 +0200: Memory Usage (544760K) : pwell_drw has 0 polygons
2026-07-11 03:25:33 +0200: Memory Usage (544888K) : pwell_pin has 0 polygons
2026-07-11 03:25:33 +0200: Memory Usage (545016K) : pwell_block has 6 polygons
2026-07-11 03:25:33 +0200: Memory Usage (545016K) : ic_drw has 0 polygons
2026-07-11 03:25:33 +0200: Memory Usage (545912K) : via3_drw has 165845 polygons
2026-07-11 03:25:33 +0200: Memory Usage (546040K) : metal4_drw has 123478 polygons
2026-07-11 03:25:33 +0200: Memory Usage (546168K) : metal4_pin has 16630 polygons
2026-07-11 03:25:33 +0200: Memory Usage (546296K) : metal4_mask has 0 polygons
2026-07-11 03:25:33 +0200: Memory Usage (546296K) : metal4_filler has 0 polygons
2026-07-11 03:25:33 +0200: Memory Usage (546296K) : metal4_nofill has 0 polygons
2026-07-11 03:25:33 +0200: Memory Usage (546424K) : metal4_slit has 0 polygons
2026-07-11 03:25:33 +0200: Memory Usage (546424K) : metal4_text has 8424 polygons
2026-07-11 03:25:33 +0200: Memory Usage (546552K) : metal4_opc has 0 polygons
2026-07-11 03:25:33 +0200: Memory Usage (546552K) : metal4_noqrc has 0 polygons
2026-07-11 03:25:33 +0200: Memory Usage (546680K) : metal4_res has 0 polygons
2026-07-11 03:25:33 +0200: Memory Usage (546680K) : metal4_iprobe has 0 polygons
2026-07-11 03:25:33 +0200: Memory Usage (546680K) : metal4_diffprb has 0 polygons
2026-07-11 03:25:33 +0200: Memory Usage (546808K) : heattrans_drw has 856 polygons
2026-07-11 03:25:33 +0200: Memory Usage (546808K) : heatres_drw has 36 polygons
2026-07-11 03:25:33 +0200: Memory Usage (546936K) : pempoly_drw has 0 polygons
2026-07-11 03:25:33 +0200: Memory Usage (547064K) : fbe_drw has 0 polygons
2026-07-11 03:25:33 +0200: Memory Usage (547064K) : empoly_drw has 0 polygons
2026-07-11 03:25:33 +0200: Memory Usage (547192K) : ldmos_drw has 0 polygons
2026-07-11 03:25:33 +0200: Memory Usage (547192K) : pbiwind_drw has 0 polygons
2026-07-11 03:25:33 +0200: Memory Usage (547192K) : digisub_drw has 0 polygons
2026-07-11 03:25:33 +0200: Memory Usage (547320K) : nodrc_drw has 0 polygons
2026-07-11 03:25:33 +0200: Memory Usage (547320K) : text_drw has 607 polygons
2026-07-11 03:25:33 +0200: Memory Usage (547448K) : via4_drw has 0 polygons
2026-07-11 03:25:33 +0200: Memory Usage (547448K) : metal5_drw has 0 polygons
2026-07-11 03:25:33 +0200: Memory Usage (547576K) : metal5_pin has 0 polygons
2026-07-11 03:25:33 +0200: Memory Usage (547576K) : metal5_mask has 0 polygons
2026-07-11 03:25:33 +0200: Memory Usage (547576K) : metal5_filler has 0 polygons
2026-07-11 03:25:33 +0200: Memory Usage (547704K) : metal5_nofill has 0 polygons
2026-07-11 03:25:33 +0200: Memory Usage (547832K) : metal5_slit has 0 polygons
2026-07-11 03:25:33 +0200: Memory Usage (547832K) : metal5_text has 0 polygons
2026-07-11 03:25:33 +0200: Memory Usage (547832K) : metal5_opc has 0 polygons
2026-07-11 03:25:33 +0200: Memory Usage (547832K) : metal5_noqrc has 0 polygons
2026-07-11 03:25:33 +0200: Memory Usage (547832K) : metal5_res has 0 polygons
2026-07-11 03:25:33 +0200: Memory Usage (547832K) : metal5_iprobe has 0 polygons
2026-07-11 03:25:33 +0200: Memory Usage (547832K) : metal5_diffprb has 0 polygons
2026-07-11 03:25:33 +0200: Memory Usage (547832K) : radhard_drw has 0 polygons
2026-07-11 03:25:33 +0200: Memory Usage (547832K) : memcap_drw has 0 polygons
2026-07-11 03:25:33 +0200: Memory Usage (547832K) : varicap_drw has 0 polygons
2026-07-11 03:25:33 +0200: Memory Usage (547832K) : flash_drw has 0 polygons
2026-07-11 03:25:33 +0200: Memory Usage (547832K) : intbondvia_drw has 0 polygons
2026-07-11 03:25:33 +0200: Memory Usage (547832K) : intbondmet_drw has 0 polygons
2026-07-11 03:25:33 +0200: Memory Usage (547832K) : devbondvia_drw has 0 polygons
2026-07-11 03:25:33 +0200: Memory Usage (547832K) : devbondmet_drw has 0 polygons
2026-07-11 03:25:33 +0200: Memory Usage (547832K) : devtrench_drw has 0 polygons
2026-07-11 03:25:33 +0200: Memory Usage (547832K) : redist_drw has 0 polygons
2026-07-11 03:25:33 +0200: Memory Usage (547832K) : graphbot_drw has 0 polygons
2026-07-11 03:25:33 +0200: Memory Usage (547832K) : graphtop_drw has 0 polygons
2026-07-11 03:25:33 +0200: Memory Usage (547832K) : antvia1_drw has 0 polygons
2026-07-11 03:25:33 +0200: Memory Usage (547832K) : antmetal2_drw has 0 polygons
2026-07-11 03:25:33 +0200: Memory Usage (547832K) : graphcont_drw has 0 polygons
2026-07-11 03:25:33 +0200: Memory Usage (547832K) : siwg_drw has 0 polygons
2026-07-11 03:25:33 +0200: Memory Usage (547832K) : siwg_filler has 0 polygons
2026-07-11 03:25:33 +0200: Memory Usage (547832K) : siwg_nofill has 0 polygons
2026-07-11 03:25:33 +0200: Memory Usage (547832K) : sigrating_drw has 0 polygons
2026-07-11 03:25:33 +0200: Memory Usage (547832K) : singrating_drw has 0 polygons
2026-07-11 03:25:33 +0200: Memory Usage (547832K) : graphpas_drw has 0 polygons
2026-07-11 03:25:33 +0200: Memory Usage (547832K) : emwind3_drw has 0 polygons
2026-07-11 03:25:33 +0200: Memory Usage (547832K) : emwihv3_drw has 0 polygons
2026-07-11 03:25:33 +0200: Memory Usage (547832K) : redbulay_drw has 0 polygons
2026-07-11 03:25:33 +0200: Memory Usage (547832K) : smos_drw has 0 polygons
2026-07-11 03:25:33 +0200: Memory Usage (547832K) : graphpad_drw has 0 polygons
2026-07-11 03:25:33 +0200: Memory Usage (547832K) : polimide_drw has 0 polygons
2026-07-11 03:25:33 +0200: Memory Usage (547832K) : polimide_pin has 0 polygons
2026-07-11 03:25:33 +0200: Memory Usage (547832K) : recog_drw has 0 polygons
2026-07-11 03:25:33 +0200: Memory Usage (547832K) : recog_pin has 0 polygons
2026-07-11 03:25:33 +0200: Memory Usage (547832K) : recog_esd has 0 polygons
2026-07-11 03:25:33 +0200: Memory Usage (547832K) : recog_diode has 113 polygons
2026-07-11 03:25:33 +0200: Memory Usage (547832K) : recog_tsv has 0 polygons
2026-07-11 03:25:33 +0200: Memory Usage (547832K) : recog_iprobe has 0 polygons
2026-07-11 03:25:33 +0200: Memory Usage (547832K) : recog_diffprb has 0 polygons
2026-07-11 03:25:33 +0200: Memory Usage (547832K) : recog_pillar has 0 polygons
2026-07-11 03:25:33 +0200: Memory Usage (547832K) : recog_sbump has 0 polygons
2026-07-11 03:25:33 +0200: Memory Usage (547832K) : recog_otp has 0 polygons
2026-07-11 03:25:33 +0200: Memory Usage (547832K) : recog_pdiode has 0 polygons
2026-07-11 03:25:33 +0200: Memory Usage (547832K) : recog_mom has 8198 polygons
2026-07-11 03:25:33 +0200: Memory Usage (547832K) : recog_pcm has 0 polygons
2026-07-11 03:25:33 +0200: Memory Usage (547832K) : colopen_drw has 0 polygons
2026-07-11 03:25:33 +0200: Memory Usage (547832K) : graphmetal1_drw has 0 polygons
2026-07-11 03:25:33 +0200: Memory Usage (547832K) : graphmetal1_filler has 0 polygons
2026-07-11 03:25:33 +0200: Memory Usage (547832K) : graphmetal1_nofill has 0 polygons
2026-07-11 03:25:33 +0200: Memory Usage (547832K) : graphmetal1_slit has 0 polygons
2026-07-11 03:25:33 +0200: Memory Usage (547832K) : graphmetal1_opc has 0 polygons
2026-07-11 03:25:33 +0200: Memory Usage (547832K) : graphmet1l_drw has 0 polygons
2026-07-11 03:25:33 +0200: Memory Usage (547832K) : graphmet1l_filler has 0 polygons
2026-07-11 03:25:33 +0200: Memory Usage (547832K) : graphmet1l_nofill has 0 polygons
2026-07-11 03:25:33 +0200: Memory Usage (547832K) : graphmet1l_slit has 0 polygons
2026-07-11 03:25:33 +0200: Memory Usage (547832K) : graphmet1l_opc has 0 polygons
2026-07-11 03:25:33 +0200: Memory Usage (547832K) : extblock_drw has 145 polygons
2026-07-11 03:25:33 +0200: Memory Usage (547832K) : nldd_drw has 0 polygons
2026-07-11 03:25:33 +0200: Memory Usage (547832K) : pldd_drw has 0 polygons
2026-07-11 03:25:33 +0200: Memory Usage (547832K) : next_drw has 0 polygons
2026-07-11 03:25:33 +0200: Memory Usage (547832K) : pext_drw has 0 polygons
2026-07-11 03:25:33 +0200: Memory Usage (547832K) : nexthv_drw has 0 polygons
2026-07-11 03:25:33 +0200: Memory Usage (547832K) : pexthv_drw has 0 polygons
2026-07-11 03:25:33 +0200: Memory Usage (547832K) : graphgate_drw has 0 polygons
2026-07-11 03:25:33 +0200: Memory Usage (547832K) : sinwg_drw has 0 polygons
2026-07-11 03:25:33 +0200: Memory Usage (547832K) : sinwg_filler has 0 polygons
2026-07-11 03:25:33 +0200: Memory Usage (547832K) : sinwg_nofill has 0 polygons
2026-07-11 03:25:33 +0200: Memory Usage (547832K) : mempad_drw has 0 polygons
2026-07-11 03:25:33 +0200: Memory Usage (547832K) : topvia1_drw has 56700 polygons
2026-07-11 03:25:33 +0200: Memory Usage (547832K) : topmetal1_drw has 201 polygons
2026-07-11 03:25:33 +0200: Memory Usage (547832K) : topmetal1_pin has 168 polygons
2026-07-11 03:25:33 +0200: Memory Usage (547832K) : topmetal1_mask has 0 polygons
2026-07-11 03:25:33 +0200: Memory Usage (547832K) : topmetal1_filler has 0 polygons
2026-07-11 03:25:33 +0200: Memory Usage (547832K) : topmetal1_nofill has 0 polygons
2026-07-11 03:25:33 +0200: Memory Usage (547832K) : topmetal1_slit has 0 polygons
2026-07-11 03:25:33 +0200: Memory Usage (547832K) : topmetal1_text has 168 polygons
2026-07-11 03:25:33 +0200: Memory Usage (547832K) : topmetal1_noqrc has 0 polygons
2026-07-11 03:25:33 +0200: Memory Usage (547832K) : topmetal1_res has 0 polygons
2026-07-11 03:25:33 +0200: Memory Usage (547832K) : topmetal1_iprobe has 0 polygons
2026-07-11 03:25:33 +0200: Memory Usage (547832K) : topmetal1_diffprb has 0 polygons
2026-07-11 03:25:33 +0200: Memory Usage (547832K) : inldpwl_drw has 0 polygons
2026-07-11 03:25:33 +0200: Memory Usage (547832K) : polyres_drw has 36 polygons
2026-07-11 03:25:33 +0200: Memory Usage (547832K) : polyres_pin has 0 polygons
2026-07-11 03:25:33 +0200: Memory Usage (547832K) : vmim_drw has 0 polygons
2026-07-11 03:25:33 +0200: Memory Usage (547832K) : nbulaycut_drw has 0 polygons
2026-07-11 03:25:33 +0200: Memory Usage (547832K) : antmetal1_drw has 0 polygons
2026-07-11 03:25:33 +0200: Memory Usage (547832K) : topvia2_drw has 0 polygons
2026-07-11 03:25:33 +0200: Memory Usage (547832K) : topmetal2_drw has 0 polygons
2026-07-11 03:25:33 +0200: Memory Usage (547832K) : topmetal2_pin has 0 polygons
2026-07-11 03:25:33 +0200: Memory Usage (547832K) : topmetal2_mask has 0 polygons
2026-07-11 03:25:33 +0200: Memory Usage (547832K) : topmetal2_filler has 0 polygons
2026-07-11 03:25:33 +0200: Memory Usage (547832K) : topmetal2_nofill has 0 polygons
2026-07-11 03:25:33 +0200: Memory Usage (547832K) : topmetal2_slit has 0 polygons
2026-07-11 03:25:33 +0200: Memory Usage (547832K) : topmetal2_text has 0 polygons
2026-07-11 03:25:33 +0200: Memory Usage (547832K) : topmetal2_noqrc has 0 polygons
2026-07-11 03:25:33 +0200: Memory Usage (547832K) : topmetal2_res has 0 polygons
2026-07-11 03:25:33 +0200: Memory Usage (547832K) : topmetal2_iprobe has 0 polygons
2026-07-11 03:25:33 +0200: Memory Usage (547832K) : topmetal2_diffprb has 0 polygons
2026-07-11 03:25:33 +0200: Memory Usage (547832K) : snsring_drw has 0 polygons
2026-07-11 03:25:33 +0200: Memory Usage (547832K) : sensor_drw has 0 polygons
2026-07-11 03:25:33 +0200: Memory Usage (547832K) : snsarms_drw has 0 polygons
2026-07-11 03:25:33 +0200: Memory Usage (547832K) : snscmosvia_drw has 0 polygons
2026-07-11 03:25:33 +0200: Memory Usage (547832K) : colwind_drw has 0 polygons
2026-07-11 03:25:33 +0200: Memory Usage (547832K) : flm_drw has 0 polygons
2026-07-11 03:25:33 +0200: Memory Usage (547832K) : hafniumox_drw has 0 polygons
2026-07-11 03:25:33 +0200: Memory Usage (547832K) : memvia_drw has 0 polygons
2026-07-11 03:25:33 +0200: Memory Usage (547832K) : thinfilmres_drw has 0 polygons
2026-07-11 03:25:33 +0200: Memory Usage (547832K) : rfmem_drw has 0 polygons
2026-07-11 03:25:33 +0200: Memory Usage (547832K) : norcx_drw has 0 polygons
2026-07-11 03:25:33 +0200: Memory Usage (547832K) : norcx_m2m3 has 0 polygons
2026-07-11 03:25:33 +0200: Memory Usage (547832K) : norcx_m2m4 has 0 polygons
2026-07-11 03:25:33 +0200: Memory Usage (547832K) : norcx_m2m5 has 0 polygons
2026-07-11 03:25:33 +0200: Memory Usage (547832K) : norcx_m2tm1 has 0 polygons
2026-07-11 03:25:33 +0200: Memory Usage (547832K) : norcx_m2tm2 has 0 polygons
2026-07-11 03:25:33 +0200: Memory Usage (547832K) : norcx_m3m4 has 0 polygons
2026-07-11 03:25:33 +0200: Memory Usage (547832K) : norcx_m3m5 has 0 polygons
2026-07-11 03:25:33 +0200: Memory Usage (547832K) : norcx_m3tm1 has 0 polygons
2026-07-11 03:25:33 +0200: Memory Usage (547832K) : norcx_m3tm2 has 0 polygons
2026-07-11 03:25:33 +0200: Memory Usage (547832K) : norcx_m4m5 has 0 polygons
2026-07-11 03:25:33 +0200: Memory Usage (547832K) : norcx_m4tm1 has 0 polygons
2026-07-11 03:25:33 +0200: Memory Usage (547832K) : norcx_m4tm2 has 0 polygons
2026-07-11 03:25:33 +0200: Memory Usage (547832K) : norcx_m5tm1 has 0 polygons
2026-07-11 03:25:33 +0200: Memory Usage (547832K) : norcx_m5tm2 has 0 polygons
2026-07-11 03:25:33 +0200: Memory Usage (547832K) : norcx_tm1tm2 has 0 polygons
2026-07-11 03:25:33 +0200: Memory Usage (547832K) : norcx_m1sub has 0 polygons
2026-07-11 03:25:33 +0200: Memory Usage (547832K) : norcx_m2sub has 0 polygons
2026-07-11 03:25:33 +0200: Memory Usage (547832K) : norcx_m3sub has 0 polygons
2026-07-11 03:25:33 +0200: Memory Usage (547832K) : norcx_m4sub has 0 polygons
2026-07-11 03:25:33 +0200: Memory Usage (547832K) : norcx_m5sub has 0 polygons
2026-07-11 03:25:33 +0200: Memory Usage (547832K) : norcx_tm1sub has 0 polygons
2026-07-11 03:25:33 +0200: Memory Usage (547832K) : norcx_tm2sub has 0 polygons
2026-07-11 03:25:33 +0200: Memory Usage (547832K) : snsbotvia_drw has 0 polygons
2026-07-11 03:25:33 +0200: Memory Usage (547832K) : snstopvia_drw has 0 polygons
2026-07-11 03:25:33 +0200: Memory Usage (547832K) : deepvia_drw has 0 polygons
2026-07-11 03:25:33 +0200: Memory Usage (547832K) : fgetch_drw has 0 polygons
2026-07-11 03:25:33 +0200: Memory Usage (547832K) : ctrgat_drw has 0 polygons
2026-07-11 03:25:33 +0200: Memory Usage (547832K) : fgimp_drw has 0 polygons
2026-07-11 03:25:33 +0200: Memory Usage (547832K) : emwihv_drw has 0 polygons
2026-07-11 03:25:33 +0200: Memory Usage (547832K) : lbe_drw has 0 polygons
2026-07-11 03:25:33 +0200: Memory Usage (547832K) : alcustop_drw has 0 polygons
2026-07-11 03:25:33 +0200: Memory Usage (547832K) : nometfiller_drw has 0 polygons
2026-07-11 03:25:33 +0200: Memory Usage (547832K) : prboundary_drw has 0 polygons
2026-07-11 03:25:33 +0200: Memory Usage (547832K) : exchange0_drw has 0 polygons
2026-07-11 03:25:33 +0200: Memory Usage (547832K) : exchange0_pin has 0 polygons
2026-07-11 03:25:33 +0200: Memory Usage (547832K) : exchange0_text has 0 polygons
2026-07-11 03:25:33 +0200: Memory Usage (547832K) : exchange1_drw has 0 polygons
2026-07-11 03:25:33 +0200: Memory Usage (547832K) : exchange1_pin has 0 polygons
2026-07-11 03:25:33 +0200: Memory Usage (547832K) : exchange1_text has 0 polygons
2026-07-11 03:25:33 +0200: Memory Usage (547832K) : exchange2_drw has 0 polygons
2026-07-11 03:25:33 +0200: Memory Usage (547832K) : exchange2_pin has 0 polygons
2026-07-11 03:25:33 +0200: Memory Usage (547832K) : exchange2_text has 0 polygons
2026-07-11 03:25:33 +0200: Memory Usage (547832K) : exchange3_drw has 0 polygons
2026-07-11 03:25:33 +0200: Memory Usage (547960K) : exchange3_pin has 0 polygons
2026-07-11 03:25:33 +0200: Memory Usage (547960K) : exchange3_text has 0 polygons
2026-07-11 03:25:33 +0200: Memory Usage (547960K) : exchange4_drw has 0 polygons
2026-07-11 03:25:33 +0200: Memory Usage (548088K) : exchange4_pin has 0 polygons
2026-07-11 03:25:33 +0200: Memory Usage (548088K) : exchange4_text has 0 polygons
2026-07-11 03:25:33 +0200: Memory Usage (548088K) : isonwell_drw has 0 polygons
2026-07-11 03:25:33 +0200: Memory Usage (548088K) : Total no. of polygons in the design is 2591900
2026-07-11 03:25:33 +0200: Memory Usage (548088K) : Loaded TECH DRC rules values from /foss/pdks/ihp-sg13cmos5l/libs.tech/klayout/python/sg13cmos5l_pycell_lib/sg13cmos5l_tech_mod.json
2026-07-11 03:25:33 +0200: Memory Usage (548088K) : Loaded default DRC rules values from /foss/pdks/ihp-sg13cmos5l/libs.tech/klayout/tech/drc/rule_decks/sg13cmos5l_tech_default.json
2026-07-11 03:25:33 +0200: Memory Usage (549116K) : Total area of the design is 1102500.0 um^2.
2026-07-11 03:25:33 +0200: Memory Usage (549116K) : The design dimensions are 1050.0 um * 1050.0 um.
2026-07-11 03:25:33 +0200: Memory Usage (549116K) : Starting general IHP-SG13CMOS5L derivations.
2026-07-11 03:25:33 +0200: Memory Usage (549116K) : Starting Pwell derivations
2026-07-11 03:25:33 +0200: Memory Usage (552352K) : Starting IHP-SG13CMOS5L DRC rules.
2026-07-11 03:25:33 +0200: Memory Usage (552352K) : Starting 5.9 GatPoly:filler
2026-07-11 03:25:33 +0200: Memory Usage (576800K) : Tiling mode is enabled for GatPoly:filler table.
2026-07-11 03:25:33 +0200: Memory Usage (576800K) : Executing rule GFil.d
2026-07-11 03:25:35 +0200: Memory Usage (604188K) : Executing rule GFil.e
2026-07-11 03:25:35 +0200: Memory Usage (604444K) : Executing rule GFil.i
2026-07-11 03:25:35 +0200: Memory Usage (604444K) : deep mode is enabled after GatPoly:filler table.
2026-07-11 03:25:35 +0200: Memory Usage (604444K) : KLayout DRC run for tables 'gatpolyfiller' completed in 2.38 seconds
