# Logfile created on 2026-07-11 03:46:53 +0200 by logger.rb/v1.5.3
2026-07-11 03:46:53 +0200: Memory Usage (527692K) : Starting running IHP-SG13CMOS5L KLayout DRC runset on /foss/designs/adc8b/IHP__MSPHY9932/release/v.1.0.0/gds/MSPHY9932.gds
2026-07-11 03:46:53 +0200: Memory Usage (527692K) : Ruby Version for klayout: 3.2.3
2026-07-11 03:46:54 +0200: Memory Usage (532812K) : Loading database to memory is complete.
2026-07-11 03:46:54 +0200: Memory Usage (532812K) : IHP-SG13CMOS5L KLayout DRC runset output at: /foss/designs/adc8b/IHP__MSPHY9932/release/v.1.0.0/drc/MSPHY9932_MSPHY9932_activ.lyrdb
2026-07-11 03:46:54 +0200: Memory Usage (532940K) : Evaluate switches.
2026-07-11 03:46:54 +0200: Memory Usage (532940K) : tables selected: activ
2026-07-11 03:46:54 +0200: Memory Usage (532940K) : KLayout will use 16 thread(s) in tiled mode.
2026-07-11 03:46:54 +0200: Memory Usage (532940K) : deep mode is enabled.
2026-07-11 03:46:54 +0200: Memory Usage (532940K) : FEOL enabled: false
2026-07-11 03:46:54 +0200: Memory Usage (532940K) : BEOL enabled: false
2026-07-11 03:46:54 +0200: Memory Usage (532940K) : OFFGRID enabled: true
2026-07-11 03:46:54 +0200: Memory Usage (532940K) : ANGLE enabled: true
2026-07-11 03:46:54 +0200: Memory Usage (532940K) : PIN enabled: false
2026-07-11 03:46:54 +0200: Memory Usage (532940K) : FORBIDDEN enabled: false
2026-07-11 03:46:54 +0200: Memory Usage (532940K) : RECOMMENDED enabled: true
2026-07-11 03:46:54 +0200: Memory Usage (532940K) : PreCheck DRC enabled: false
2026-07-11 03:46:54 +0200: Memory Usage (532940K) : CONNECTIVITY_RULES enabled: false.
2026-07-11 03:46:54 +0200: Memory Usage (532940K) : Read in polygons from layers.
2026-07-11 03:46:54 +0200: Memory Usage (534552K) : activ_drw has 4847 polygons
2026-07-11 03:46:54 +0200: Memory Usage (534808K) : activ_pin has 0 polygons
2026-07-11 03:46:54 +0200: Memory Usage (534808K) : activ_mask has 0 polygons
2026-07-11 03:46:54 +0200: Memory Usage (534936K) : activ_filler has 23127 polygons
2026-07-11 03:46:54 +0200: Memory Usage (534936K) : activ_nofill has 0 polygons
2026-07-11 03:46:54 +0200: Memory Usage (534936K) : activ_opc has 0 polygons
2026-07-11 03:46:54 +0200: Memory Usage (535064K) : activ_iopc has 0 polygons
2026-07-11 03:46:54 +0200: Memory Usage (535064K) : activ_noqrc has 0 polygons
2026-07-11 03:46:54 +0200: Memory Usage (535192K) : biwind_drw has 0 polygons
2026-07-11 03:46:54 +0200: Memory Usage (535192K) : biwind_opc has 0 polygons
2026-07-11 03:46:54 +0200: Memory Usage (535320K) : pemwind_drw has 0 polygons
2026-07-11 03:46:54 +0200: Memory Usage (535320K) : gatpoly_drw has 4112 polygons
2026-07-11 03:46:54 +0200: Memory Usage (535448K) : gatpoly_pin has 65 polygons
2026-07-11 03:46:54 +0200: Memory Usage (535576K) : gatpoly_filler has 23127 polygons
2026-07-11 03:46:54 +0200: Memory Usage (535576K) : gatpoly_nofill has 0 polygons
2026-07-11 03:46:54 +0200: Memory Usage (535704K) : gatpoly_opc has 0 polygons
2026-07-11 03:46:54 +0200: Memory Usage (535704K) : gatpoly_iopc has 0 polygons
2026-07-11 03:46:54 +0200: Memory Usage (535832K) : gatpoly_noqrc has 0 polygons
2026-07-11 03:46:54 +0200: Memory Usage (543768K) : cont_drw has 1640232 polygons
2026-07-11 03:46:54 +0200: Memory Usage (543768K) : cont_opc has 0 polygons
2026-07-11 03:46:54 +0200: Memory Usage (543768K) : nsd_drw has 0 polygons
2026-07-11 03:46:54 +0200: Memory Usage (543768K) : nsd_block has 0 polygons
2026-07-11 03:46:54 +0200: Memory Usage (543768K) : metal1_drw has 39512 polygons
2026-07-11 03:46:54 +0200: Memory Usage (543768K) : metal1_pin has 18610 polygons
2026-07-11 03:46:54 +0200: Memory Usage (543768K) : metal1_mask has 0 polygons
2026-07-11 03:46:54 +0200: Memory Usage (543768K) : metal1_filler has 27923 polygons
2026-07-11 03:46:54 +0200: Memory Usage (543768K) : metal1_nofill has 0 polygons
2026-07-11 03:46:54 +0200: Memory Usage (543768K) : metal1_slit has 0 polygons
2026-07-11 03:46:54 +0200: Memory Usage (543768K) : metal1_text has 10091 polygons
2026-07-11 03:46:54 +0200: Memory Usage (543768K) : metal1_opc has 0 polygons
2026-07-11 03:46:54 +0200: Memory Usage (543768K) : metal1_noqrc has 0 polygons
2026-07-11 03:46:54 +0200: Memory Usage (543768K) : metal1_res has 0 polygons
2026-07-11 03:46:54 +0200: Memory Usage (543768K) : metal1_iprobe has 0 polygons
2026-07-11 03:46:54 +0200: Memory Usage (543768K) : metal1_diffprb has 0 polygons
2026-07-11 03:46:54 +0200: Memory Usage (543768K) : passiv_drw has 32 polygons
2026-07-11 03:46:54 +0200: Memory Usage (543768K) : passiv_pin has 0 polygons
2026-07-11 03:46:54 +0200: Memory Usage (543768K) : passiv_sbump has 0 polygons
2026-07-11 03:46:54 +0200: Memory Usage (543768K) : passiv_pillar has 0 polygons
2026-07-11 03:46:54 +0200: Memory Usage (543768K) : passiv_pdl has 0 polygons
2026-07-11 03:46:54 +0200: Memory Usage (543768K) : metal2_drw has 129019 polygons
2026-07-11 03:46:54 +0200: Memory Usage (543768K) : metal2_pin has 642 polygons
2026-07-11 03:46:54 +0200: Memory Usage (543768K) : metal2_mask has 0 polygons
2026-07-11 03:46:54 +0200: Memory Usage (543896K) : metal2_filler has 30369 polygons
2026-07-11 03:46:54 +0200: Memory Usage (543896K) : metal2_nofill has 0 polygons
2026-07-11 03:46:54 +0200: Memory Usage (543896K) : metal2_slit has 0 polygons
2026-07-11 03:46:54 +0200: Memory Usage (544024K) : metal2_text has 642 polygons
2026-07-11 03:46:54 +0200: Memory Usage (544024K) : metal2_opc has 0 polygons
2026-07-11 03:46:54 +0200: Memory Usage (544024K) : metal2_noqrc has 0 polygons
2026-07-11 03:46:54 +0200: Memory Usage (544152K) : metal2_res has 0 polygons
2026-07-11 03:46:54 +0200: Memory Usage (544152K) : metal2_iprobe has 0 polygons
2026-07-11 03:46:54 +0200: Memory Usage (544152K) : metal2_diffprb has 0 polygons
2026-07-11 03:46:54 +0200: Memory Usage (544280K) : baspoly_drw has 0 polygons
2026-07-11 03:46:54 +0200: Memory Usage (544280K) : baspoly_pin has 0 polygons
2026-07-11 03:46:54 +0200: Memory Usage (544408K) : psd_drw has 1819 polygons
2026-07-11 03:46:54 +0200: Memory Usage (544408K) : nldb_drw has 0 polygons
2026-07-11 03:46:54 +0200: Memory Usage (544536K) : digibnd_drw has 0 polygons
2026-07-11 03:46:54 +0200: Memory Usage (544664K) : via1_drw has 61293 polygons
2026-07-11 03:46:54 +0200: Memory Usage (544792K) : backmetal1_drw has 0 polygons
2026-07-11 03:46:54 +0200: Memory Usage (544920K) : backmetal1_pin has 0 polygons
2026-07-11 03:46:54 +0200: Memory Usage (544920K) : backmetal1_mask has 0 polygons
2026-07-11 03:46:54 +0200: Memory Usage (545048K) : backmetal1_filler has 0 polygons
2026-07-11 03:46:54 +0200: Memory Usage (545048K) : backmetal1_nofill has 0 polygons
2026-07-11 03:46:54 +0200: Memory Usage (545048K) : backmetal1_slit has 0 polygons
2026-07-11 03:46:54 +0200: Memory Usage (545176K) : backmetal1_text has 0 polygons
2026-07-11 03:46:54 +0200: Memory Usage (545304K) : backmetal1_opc has 0 polygons
2026-07-11 03:46:54 +0200: Memory Usage (545304K) : backmetal1_noqrc has 0 polygons
2026-07-11 03:46:54 +0200: Memory Usage (545432K) : backmetal1_res has 0 polygons
2026-07-11 03:46:54 +0200: Memory Usage (545432K) : backmetal1_iprobe has 0 polygons
2026-07-11 03:46:54 +0200: Memory Usage (545560K) : backmetal1_diffprb has 0 polygons
2026-07-11 03:46:54 +0200: Memory Usage (545560K) : backpassiv_drw has 0 polygons
2026-07-11 03:46:54 +0200: Memory Usage (545688K) : res_drw has 0 polygons
2026-07-11 03:46:54 +0200: Memory Usage (545688K) : sram_drw has 0 polygons
2026-07-11 03:46:54 +0200: Memory Usage (545816K) : trans_drw has 0 polygons
2026-07-11 03:46:54 +0200: Memory Usage (545816K) : ind_drw has 0 polygons
2026-07-11 03:46:54 +0200: Memory Usage (545816K) : ind_pin has 0 polygons
2026-07-11 03:46:54 +0200: Memory Usage (545944K) : ind_text has 0 polygons
2026-07-11 03:46:54 +0200: Memory Usage (546072K) : salblock_drw has 55 polygons
2026-07-11 03:46:54 +0200: Memory Usage (546968K) : via2_drw has 170273 polygons
2026-07-11 03:46:54 +0200: Memory Usage (547224K) : metal3_drw has 126558 polygons
2026-07-11 03:46:54 +0200: Memory Usage (547224K) : metal3_pin has 342 polygons
2026-07-11 03:46:54 +0200: Memory Usage (547352K) : metal3_mask has 0 polygons
2026-07-11 03:46:54 +0200: Memory Usage (547352K) : metal3_filler has 13932 polygons
2026-07-11 03:46:54 +0200: Memory Usage (547480K) : metal3_nofill has 0 polygons
2026-07-11 03:46:54 +0200: Memory Usage (547480K) : metal3_slit has 0 polygons
2026-07-11 03:46:54 +0200: Memory Usage (547608K) : metal3_text has 342 polygons
2026-07-11 03:46:54 +0200: Memory Usage (547608K) : metal3_opc has 0 polygons
2026-07-11 03:46:54 +0200: Memory Usage (547608K) : metal3_noqrc has 0 polygons
2026-07-11 03:46:54 +0200: Memory Usage (547736K) : metal3_res has 0 polygons
2026-07-11 03:46:54 +0200: Memory Usage (547736K) : metal3_iprobe has 0 polygons
2026-07-11 03:46:54 +0200: Memory Usage (547864K) : metal3_diffprb has 0 polygons
2026-07-11 03:46:54 +0200: Memory Usage (547992K) : nwell_drw has 900 polygons
2026-07-11 03:46:54 +0200: Memory Usage (547992K) : nwell_pin has 1 polygons
2026-07-11 03:46:54 +0200: Memory Usage (548120K) : nbulay_drw has 0 polygons
2026-07-11 03:46:54 +0200: Memory Usage (548248K) : nbulay_pin has 0 polygons
2026-07-11 03:46:54 +0200: Memory Usage (548248K) : nbulay_block has 0 polygons
2026-07-11 03:46:54 +0200: Memory Usage (548376K) : emwind_drw has 0 polygons
2026-07-11 03:46:54 +0200: Memory Usage (548376K) : emwind_opc has 0 polygons
2026-07-11 03:46:54 +0200: Memory Usage (548376K) : deepco_drw has 0 polygons
2026-07-11 03:46:54 +0200: Memory Usage (548504K) : deepco_drw has 0 polygons
2026-07-11 03:46:54 +0200: Memory Usage (548504K) : mim_drw has 0 polygons
2026-07-11 03:46:54 +0200: Memory Usage (548632K) : edgeseal_drw has 24 polygons
2026-07-11 03:46:54 +0200: Memory Usage (548632K) : edgeseal_bound has 1 polygons
2026-07-11 03:46:54 +0200: Memory Usage (548760K) : substrate_drw has 818 polygons
2026-07-11 03:46:54 +0200: Memory Usage (548760K) : substrate_text has 0 polygons
2026-07-11 03:46:54 +0200: Memory Usage (548888K) : dfpad_drw has 20 polygons
2026-07-11 03:46:54 +0200: Memory Usage (548888K) : dfpad_pillar has 0 polygons
2026-07-11 03:46:54 +0200: Memory Usage (548888K) : dfpad_sbump has 0 polygons
2026-07-11 03:46:54 +0200: Memory Usage (549016K) : thickgateox_drw has 39 polygons
2026-07-11 03:46:54 +0200: Memory Usage (549016K) : pldb_drw has 0 polygons
2026-07-11 03:46:54 +0200: Memory Usage (549144K) : pwell_drw has 0 polygons
2026-07-11 03:46:54 +0200: Memory Usage (549144K) : pwell_pin has 0 polygons
2026-07-11 03:46:54 +0200: Memory Usage (549144K) : pwell_block has 6 polygons
2026-07-11 03:46:54 +0200: Memory Usage (549144K) : ic_drw has 0 polygons
2026-07-11 03:46:54 +0200: Memory Usage (549144K) : via3_drw has 165845 polygons
2026-07-11 03:46:54 +0200: Memory Usage (549144K) : metal4_drw has 123478 polygons
2026-07-11 03:46:54 +0200: Memory Usage (549144K) : metal4_pin has 16630 polygons
2026-07-11 03:46:54 +0200: Memory Usage (549144K) : metal4_mask has 0 polygons
2026-07-11 03:46:54 +0200: Memory Usage (549144K) : metal4_filler has 14002 polygons
2026-07-11 03:46:54 +0200: Memory Usage (549144K) : metal4_nofill has 0 polygons
2026-07-11 03:46:54 +0200: Memory Usage (549144K) : metal4_slit has 0 polygons
2026-07-11 03:46:54 +0200: Memory Usage (549144K) : metal4_text has 8424 polygons
2026-07-11 03:46:54 +0200: Memory Usage (549144K) : metal4_opc has 0 polygons
2026-07-11 03:46:54 +0200: Memory Usage (549144K) : metal4_noqrc has 0 polygons
2026-07-11 03:46:54 +0200: Memory Usage (549144K) : metal4_res has 0 polygons
2026-07-11 03:46:54 +0200: Memory Usage (549144K) : metal4_iprobe has 0 polygons
2026-07-11 03:46:54 +0200: Memory Usage (549144K) : metal4_diffprb has 0 polygons
2026-07-11 03:46:54 +0200: Memory Usage (549144K) : heattrans_drw has 856 polygons
2026-07-11 03:46:54 +0200: Memory Usage (549144K) : heatres_drw has 36 polygons
2026-07-11 03:46:54 +0200: Memory Usage (549144K) : pempoly_drw has 0 polygons
2026-07-11 03:46:54 +0200: Memory Usage (549144K) : fbe_drw has 0 polygons
2026-07-11 03:46:54 +0200: Memory Usage (549144K) : empoly_drw has 0 polygons
2026-07-11 03:46:54 +0200: Memory Usage (549144K) : ldmos_drw has 0 polygons
2026-07-11 03:46:54 +0200: Memory Usage (549144K) : pbiwind_drw has 0 polygons
2026-07-11 03:46:54 +0200: Memory Usage (549144K) : digisub_drw has 0 polygons
2026-07-11 03:46:54 +0200: Memory Usage (549144K) : nodrc_drw has 0 polygons
2026-07-11 03:46:54 +0200: Memory Usage (549144K) : text_drw has 607 polygons
2026-07-11 03:46:54 +0200: Memory Usage (549144K) : via4_drw has 0 polygons
2026-07-11 03:46:54 +0200: Memory Usage (549144K) : metal5_drw has 0 polygons
2026-07-11 03:46:54 +0200: Memory Usage (549144K) : metal5_pin has 0 polygons
2026-07-11 03:46:54 +0200: Memory Usage (549144K) : metal5_mask has 0 polygons
2026-07-11 03:46:54 +0200: Memory Usage (549144K) : metal5_filler has 0 polygons
2026-07-11 03:46:54 +0200: Memory Usage (549144K) : metal5_nofill has 0 polygons
2026-07-11 03:46:54 +0200: Memory Usage (549144K) : metal5_slit has 0 polygons
2026-07-11 03:46:54 +0200: Memory Usage (549144K) : metal5_text has 0 polygons
2026-07-11 03:46:54 +0200: Memory Usage (549144K) : metal5_opc has 0 polygons
2026-07-11 03:46:54 +0200: Memory Usage (549144K) : metal5_noqrc has 0 polygons
2026-07-11 03:46:54 +0200: Memory Usage (549144K) : metal5_res has 0 polygons
2026-07-11 03:46:54 +0200: Memory Usage (549144K) : metal5_iprobe has 0 polygons
2026-07-11 03:46:54 +0200: Memory Usage (549144K) : metal5_diffprb has 0 polygons
2026-07-11 03:46:54 +0200: Memory Usage (549144K) : radhard_drw has 0 polygons
2026-07-11 03:46:54 +0200: Memory Usage (549144K) : memcap_drw has 0 polygons
2026-07-11 03:46:54 +0200: Memory Usage (549144K) : varicap_drw has 0 polygons
2026-07-11 03:46:54 +0200: Memory Usage (549144K) : flash_drw has 0 polygons
2026-07-11 03:46:54 +0200: Memory Usage (549144K) : intbondvia_drw has 0 polygons
2026-07-11 03:46:54 +0200: Memory Usage (549144K) : intbondmet_drw has 0 polygons
2026-07-11 03:46:54 +0200: Memory Usage (549144K) : devbondvia_drw has 0 polygons
2026-07-11 03:46:54 +0200: Memory Usage (549144K) : devbondmet_drw has 0 polygons
2026-07-11 03:46:54 +0200: Memory Usage (549144K) : devtrench_drw has 0 polygons
2026-07-11 03:46:54 +0200: Memory Usage (549144K) : redist_drw has 0 polygons
2026-07-11 03:46:54 +0200: Memory Usage (549144K) : graphbot_drw has 0 polygons
2026-07-11 03:46:54 +0200: Memory Usage (549144K) : graphtop_drw has 0 polygons
2026-07-11 03:46:54 +0200: Memory Usage (549144K) : antvia1_drw has 0 polygons
2026-07-11 03:46:54 +0200: Memory Usage (549144K) : antmetal2_drw has 0 polygons
2026-07-11 03:46:54 +0200: Memory Usage (549144K) : graphcont_drw has 0 polygons
2026-07-11 03:46:54 +0200: Memory Usage (549144K) : siwg_drw has 0 polygons
2026-07-11 03:46:54 +0200: Memory Usage (549144K) : siwg_filler has 0 polygons
2026-07-11 03:46:54 +0200: Memory Usage (549144K) : siwg_nofill has 0 polygons
2026-07-11 03:46:54 +0200: Memory Usage (549144K) : sigrating_drw has 0 polygons
2026-07-11 03:46:54 +0200: Memory Usage (549144K) : singrating_drw has 0 polygons
2026-07-11 03:46:54 +0200: Memory Usage (549144K) : graphpas_drw has 0 polygons
2026-07-11 03:46:54 +0200: Memory Usage (549144K) : emwind3_drw has 0 polygons
2026-07-11 03:46:54 +0200: Memory Usage (549144K) : emwihv3_drw has 0 polygons
2026-07-11 03:46:54 +0200: Memory Usage (549144K) : redbulay_drw has 0 polygons
2026-07-11 03:46:54 +0200: Memory Usage (549144K) : smos_drw has 0 polygons
2026-07-11 03:46:54 +0200: Memory Usage (549144K) : graphpad_drw has 0 polygons
2026-07-11 03:46:54 +0200: Memory Usage (549144K) : polimide_drw has 0 polygons
2026-07-11 03:46:54 +0200: Memory Usage (549144K) : polimide_pin has 0 polygons
2026-07-11 03:46:54 +0200: Memory Usage (549144K) : recog_drw has 0 polygons
2026-07-11 03:46:54 +0200: Memory Usage (549144K) : recog_pin has 0 polygons
2026-07-11 03:46:54 +0200: Memory Usage (549144K) : recog_esd has 0 polygons
2026-07-11 03:46:54 +0200: Memory Usage (549144K) : recog_diode has 113 polygons
2026-07-11 03:46:54 +0200: Memory Usage (549144K) : recog_tsv has 0 polygons
2026-07-11 03:46:54 +0200: Memory Usage (549144K) : recog_iprobe has 0 polygons
2026-07-11 03:46:54 +0200: Memory Usage (549144K) : recog_diffprb has 0 polygons
2026-07-11 03:46:54 +0200: Memory Usage (549144K) : recog_pillar has 0 polygons
2026-07-11 03:46:54 +0200: Memory Usage (549144K) : recog_sbump has 0 polygons
2026-07-11 03:46:54 +0200: Memory Usage (549144K) : recog_otp has 0 polygons
2026-07-11 03:46:54 +0200: Memory Usage (549144K) : recog_pdiode has 0 polygons
2026-07-11 03:46:54 +0200: Memory Usage (549144K) : recog_mom has 8198 polygons
2026-07-11 03:46:54 +0200: Memory Usage (549144K) : recog_pcm has 0 polygons
2026-07-11 03:46:54 +0200: Memory Usage (549144K) : colopen_drw has 0 polygons
2026-07-11 03:46:54 +0200: Memory Usage (549144K) : graphmetal1_drw has 0 polygons
2026-07-11 03:46:54 +0200: Memory Usage (549144K) : graphmetal1_filler has 0 polygons
2026-07-11 03:46:54 +0200: Memory Usage (549144K) : graphmetal1_nofill has 0 polygons
2026-07-11 03:46:54 +0200: Memory Usage (549144K) : graphmetal1_slit has 0 polygons
2026-07-11 03:46:54 +0200: Memory Usage (549144K) : graphmetal1_opc has 0 polygons
2026-07-11 03:46:54 +0200: Memory Usage (549144K) : graphmet1l_drw has 0 polygons
2026-07-11 03:46:54 +0200: Memory Usage (549144K) : graphmet1l_filler has 0 polygons
2026-07-11 03:46:54 +0200: Memory Usage (549144K) : graphmet1l_nofill has 0 polygons
2026-07-11 03:46:54 +0200: Memory Usage (549144K) : graphmet1l_slit has 0 polygons
2026-07-11 03:46:54 +0200: Memory Usage (549144K) : graphmet1l_opc has 0 polygons
2026-07-11 03:46:54 +0200: Memory Usage (549144K) : extblock_drw has 145 polygons
2026-07-11 03:46:54 +0200: Memory Usage (549144K) : nldd_drw has 0 polygons
2026-07-11 03:46:54 +0200: Memory Usage (549144K) : pldd_drw has 0 polygons
2026-07-11 03:46:54 +0200: Memory Usage (549144K) : next_drw has 0 polygons
2026-07-11 03:46:54 +0200: Memory Usage (549144K) : pext_drw has 0 polygons
2026-07-11 03:46:54 +0200: Memory Usage (549144K) : nexthv_drw has 0 polygons
2026-07-11 03:46:54 +0200: Memory Usage (549144K) : pexthv_drw has 0 polygons
2026-07-11 03:46:54 +0200: Memory Usage (549144K) : graphgate_drw has 0 polygons
2026-07-11 03:46:54 +0200: Memory Usage (549144K) : sinwg_drw has 0 polygons
2026-07-11 03:46:54 +0200: Memory Usage (549144K) : sinwg_filler has 0 polygons
2026-07-11 03:46:54 +0200: Memory Usage (549144K) : sinwg_nofill has 0 polygons
2026-07-11 03:46:54 +0200: Memory Usage (549272K) : mempad_drw has 0 polygons
2026-07-11 03:46:54 +0200: Memory Usage (549400K) : topvia1_drw has 56700 polygons
2026-07-11 03:46:54 +0200: Memory Usage (549528K) : topmetal1_drw has 201 polygons
2026-07-11 03:46:54 +0200: Memory Usage (549656K) : topmetal1_pin has 168 polygons
2026-07-11 03:46:54 +0200: Memory Usage (549656K) : topmetal1_mask has 0 polygons
2026-07-11 03:46:54 +0200: Memory Usage (549656K) : topmetal1_filler has 3600 polygons
2026-07-11 03:46:54 +0200: Memory Usage (549784K) : topmetal1_nofill has 0 polygons
2026-07-11 03:46:54 +0200: Memory Usage (549784K) : topmetal1_slit has 0 polygons
2026-07-11 03:46:54 +0200: Memory Usage (549784K) : topmetal1_text has 168 polygons
2026-07-11 03:46:54 +0200: Memory Usage (549912K) : topmetal1_noqrc has 0 polygons
2026-07-11 03:46:54 +0200: Memory Usage (549912K) : topmetal1_res has 0 polygons
2026-07-11 03:46:54 +0200: Memory Usage (549912K) : topmetal1_iprobe has 0 polygons
2026-07-11 03:46:54 +0200: Memory Usage (549912K) : topmetal1_diffprb has 0 polygons
2026-07-11 03:46:54 +0200: Memory Usage (550040K) : inldpwl_drw has 0 polygons
2026-07-11 03:46:54 +0200: Memory Usage (550040K) : polyres_drw has 36 polygons
2026-07-11 03:46:54 +0200: Memory Usage (550040K) : polyres_pin has 0 polygons
2026-07-11 03:46:54 +0200: Memory Usage (550168K) : vmim_drw has 0 polygons
2026-07-11 03:46:54 +0200: Memory Usage (550168K) : nbulaycut_drw has 0 polygons
2026-07-11 03:46:54 +0200: Memory Usage (550168K) : antmetal1_drw has 0 polygons
2026-07-11 03:46:54 +0200: Memory Usage (550296K) : topvia2_drw has 0 polygons
2026-07-11 03:46:54 +0200: Memory Usage (550296K) : topmetal2_drw has 0 polygons
2026-07-11 03:46:54 +0200: Memory Usage (550296K) : topmetal2_pin has 0 polygons
2026-07-11 03:46:54 +0200: Memory Usage (550296K) : topmetal2_mask has 0 polygons
2026-07-11 03:46:54 +0200: Memory Usage (550424K) : topmetal2_filler has 0 polygons
2026-07-11 03:46:54 +0200: Memory Usage (550424K) : topmetal2_nofill has 0 polygons
2026-07-11 03:46:54 +0200: Memory Usage (550424K) : topmetal2_slit has 0 polygons
2026-07-11 03:46:54 +0200: Memory Usage (550552K) : topmetal2_text has 0 polygons
2026-07-11 03:46:54 +0200: Memory Usage (550552K) : topmetal2_noqrc has 0 polygons
2026-07-11 03:46:54 +0200: Memory Usage (550552K) : topmetal2_res has 0 polygons
2026-07-11 03:46:54 +0200: Memory Usage (550680K) : topmetal2_iprobe has 0 polygons
2026-07-11 03:46:54 +0200: Memory Usage (550680K) : topmetal2_diffprb has 0 polygons
2026-07-11 03:46:54 +0200: Memory Usage (550680K) : snsring_drw has 0 polygons
2026-07-11 03:46:54 +0200: Memory Usage (550680K) : sensor_drw has 0 polygons
2026-07-11 03:46:54 +0200: Memory Usage (550808K) : snsarms_drw has 0 polygons
2026-07-11 03:46:54 +0200: Memory Usage (550808K) : snscmosvia_drw has 0 polygons
2026-07-11 03:46:54 +0200: Memory Usage (550808K) : colwind_drw has 0 polygons
2026-07-11 03:46:54 +0200: Memory Usage (550936K) : flm_drw has 0 polygons
2026-07-11 03:46:54 +0200: Memory Usage (550936K) : hafniumox_drw has 0 polygons
2026-07-11 03:46:54 +0200: Memory Usage (550936K) : memvia_drw has 0 polygons
2026-07-11 03:46:54 +0200: Memory Usage (550936K) : thinfilmres_drw has 0 polygons
2026-07-11 03:46:54 +0200: Memory Usage (551064K) : rfmem_drw has 0 polygons
2026-07-11 03:46:54 +0200: Memory Usage (551064K) : norcx_drw has 0 polygons
2026-07-11 03:46:54 +0200: Memory Usage (551064K) : norcx_m2m3 has 0 polygons
2026-07-11 03:46:54 +0200: Memory Usage (551192K) : norcx_m2m4 has 0 polygons
2026-07-11 03:46:54 +0200: Memory Usage (551192K) : norcx_m2m5 has 0 polygons
2026-07-11 03:46:54 +0200: Memory Usage (551192K) : norcx_m2tm1 has 0 polygons
2026-07-11 03:46:54 +0200: Memory Usage (551320K) : norcx_m2tm2 has 0 polygons
2026-07-11 03:46:54 +0200: Memory Usage (551320K) : norcx_m3m4 has 0 polygons
2026-07-11 03:46:54 +0200: Memory Usage (551320K) : norcx_m3m5 has 0 polygons
2026-07-11 03:46:54 +0200: Memory Usage (551448K) : norcx_m3tm1 has 0 polygons
2026-07-11 03:46:54 +0200: Memory Usage (551448K) : norcx_m3tm2 has 0 polygons
2026-07-11 03:46:54 +0200: Memory Usage (551448K) : norcx_m4m5 has 0 polygons
2026-07-11 03:46:54 +0200: Memory Usage (551448K) : norcx_m4tm1 has 0 polygons
2026-07-11 03:46:54 +0200: Memory Usage (551576K) : norcx_m4tm2 has 0 polygons
2026-07-11 03:46:54 +0200: Memory Usage (551576K) : norcx_m5tm1 has 0 polygons
2026-07-11 03:46:54 +0200: Memory Usage (551576K) : norcx_m5tm2 has 0 polygons
2026-07-11 03:46:54 +0200: Memory Usage (551704K) : norcx_tm1tm2 has 0 polygons
2026-07-11 03:46:54 +0200: Memory Usage (551704K) : norcx_m1sub has 0 polygons
2026-07-11 03:46:54 +0200: Memory Usage (551832K) : norcx_m2sub has 0 polygons
2026-07-11 03:46:54 +0200: Memory Usage (551832K) : norcx_m3sub has 0 polygons
2026-07-11 03:46:54 +0200: Memory Usage (551960K) : norcx_m4sub has 0 polygons
2026-07-11 03:46:54 +0200: Memory Usage (551960K) : norcx_m5sub has 0 polygons
2026-07-11 03:46:54 +0200: Memory Usage (551960K) : norcx_tm1sub has 0 polygons
2026-07-11 03:46:54 +0200: Memory Usage (552088K) : norcx_tm2sub has 0 polygons
2026-07-11 03:46:54 +0200: Memory Usage (552088K) : snsbotvia_drw has 0 polygons
2026-07-11 03:46:54 +0200: Memory Usage (552088K) : snstopvia_drw has 0 polygons
2026-07-11 03:46:54 +0200: Memory Usage (552216K) : deepvia_drw has 0 polygons
2026-07-11 03:46:54 +0200: Memory Usage (552216K) : fgetch_drw has 0 polygons
2026-07-11 03:46:54 +0200: Memory Usage (552344K) : ctrgat_drw has 0 polygons
2026-07-11 03:46:54 +0200: Memory Usage (552344K) : fgimp_drw has 0 polygons
2026-07-11 03:46:54 +0200: Memory Usage (552344K) : emwihv_drw has 0 polygons
2026-07-11 03:46:54 +0200: Memory Usage (552472K) : lbe_drw has 0 polygons
2026-07-11 03:46:54 +0200: Memory Usage (552472K) : alcustop_drw has 0 polygons
2026-07-11 03:46:54 +0200: Memory Usage (552600K) : nometfiller_drw has 1 polygons
2026-07-11 03:46:54 +0200: Memory Usage (552600K) : prboundary_drw has 0 polygons
2026-07-11 03:46:54 +0200: Memory Usage (552600K) : exchange0_drw has 0 polygons
2026-07-11 03:46:54 +0200: Memory Usage (552728K) : exchange0_pin has 0 polygons
2026-07-11 03:46:54 +0200: Memory Usage (552728K) : exchange0_text has 0 polygons
2026-07-11 03:46:54 +0200: Memory Usage (552856K) : exchange1_drw has 0 polygons
2026-07-11 03:46:54 +0200: Memory Usage (552856K) : exchange1_pin has 0 polygons
2026-07-11 03:46:54 +0200: Memory Usage (552856K) : exchange1_text has 0 polygons
2026-07-11 03:46:54 +0200: Memory Usage (552984K) : exchange2_drw has 0 polygons
2026-07-11 03:46:54 +0200: Memory Usage (552984K) : exchange2_pin has 0 polygons
2026-07-11 03:46:54 +0200: Memory Usage (552984K) : exchange2_text has 0 polygons
2026-07-11 03:46:54 +0200: Memory Usage (553112K) : exchange3_drw has 0 polygons
2026-07-11 03:46:54 +0200: Memory Usage (553112K) : exchange3_pin has 0 polygons
2026-07-11 03:46:54 +0200: Memory Usage (553240K) : exchange3_text has 0 polygons
2026-07-11 03:46:54 +0200: Memory Usage (553240K) : exchange4_drw has 0 polygons
2026-07-11 03:46:54 +0200: Memory Usage (553240K) : exchange4_pin has 0 polygons
2026-07-11 03:46:54 +0200: Memory Usage (553368K) : exchange4_text has 0 polygons
2026-07-11 03:46:54 +0200: Memory Usage (553368K) : isonwell_drw has 0 polygons
2026-07-11 03:46:54 +0200: Memory Usage (553368K) : Total no. of polygons in the design is 2727981
2026-07-11 03:46:54 +0200: Memory Usage (553368K) : Loaded TECH DRC rules values from /foss/pdks/ihp-sg13cmos5l/libs.tech/klayout/python/sg13cmos5l_pycell_lib/sg13cmos5l_tech_mod.json
2026-07-11 03:46:54 +0200: Memory Usage (553368K) : Loaded default DRC rules values from /foss/pdks/ihp-sg13cmos5l/libs.tech/klayout/tech/drc/rule_decks/sg13cmos5l_tech_default.json
2026-07-11 03:46:54 +0200: Memory Usage (554648K) : Total area of the design is 1102500.0 um^2.
2026-07-11 03:46:54 +0200: Memory Usage (554648K) : The design dimensions are 1050.0 um * 1050.0 um.
2026-07-11 03:46:54 +0200: Memory Usage (554648K) : Starting general IHP-SG13CMOS5L derivations.
2026-07-11 03:46:54 +0200: Memory Usage (554648K) : Starting Pwell derivations
2026-07-11 03:46:54 +0200: Memory Usage (557080K) : Starting IHP-SG13CMOS5L DRC rules.
2026-07-11 03:46:54 +0200: Memory Usage (557080K) : Starting 5.5. Activ table
2026-07-11 03:46:54 +0200: Memory Usage (557080K) : Executing rule Act.a
2026-07-11 03:46:54 +0200: Memory Usage (557336K) : Executing rule Act.b
2026-07-11 03:46:54 +0200: Memory Usage (566528K) : KLayout DRC run for tables 'activ' completed in 0.85 seconds
