# Logfile created on 2026-07-11 03:25:27 +0200 by logger.rb/v1.5.3
2026-07-11 03:25:27 +0200: Memory Usage (525416K) : Starting running IHP-SG13CMOS5L KLayout DRC runset on /foss/designs/adc8b/IHP__MSPHY9932/release/v.1.0.0/gds/MSPHY9932.gds
2026-07-11 03:25:27 +0200: Memory Usage (525416K) : Ruby Version for klayout: 3.2.3
2026-07-11 03:25:27 +0200: Memory Usage (529128K) : Loading database to memory is complete.
2026-07-11 03:25:27 +0200: Memory Usage (529128K) : IHP-SG13CMOS5L KLayout DRC runset output at: /foss/designs/adc8b/IHP__MSPHY9932/release/v.1.0.0/drc/MSPHY9932_MSPHY9932_activfiller.lyrdb
2026-07-11 03:25:27 +0200: Memory Usage (529256K) : Evaluate switches.
2026-07-11 03:25:27 +0200: Memory Usage (529256K) : tables selected: activfiller
2026-07-11 03:25:27 +0200: Memory Usage (529256K) : KLayout will use 16 thread(s) in tiled mode.
2026-07-11 03:25:27 +0200: Memory Usage (529256K) : deep mode is enabled.
2026-07-11 03:25:27 +0200: Memory Usage (529256K) : FEOL enabled: false
2026-07-11 03:25:27 +0200: Memory Usage (529256K) : BEOL enabled: false
2026-07-11 03:25:27 +0200: Memory Usage (529256K) : OFFGRID enabled: true
2026-07-11 03:25:27 +0200: Memory Usage (529256K) : ANGLE enabled: true
2026-07-11 03:25:27 +0200: Memory Usage (529256K) : PIN enabled: false
2026-07-11 03:25:27 +0200: Memory Usage (529256K) : FORBIDDEN enabled: false
2026-07-11 03:25:27 +0200: Memory Usage (529256K) : RECOMMENDED enabled: true
2026-07-11 03:25:27 +0200: Memory Usage (529256K) : PreCheck DRC enabled: false
2026-07-11 03:25:27 +0200: Memory Usage (529256K) : CONNECTIVITY_RULES enabled: false.
2026-07-11 03:25:27 +0200: Memory Usage (529256K) : Read in polygons from layers.
2026-07-11 03:25:27 +0200: Memory Usage (530308K) : activ_drw has 4847 polygons
2026-07-11 03:25:27 +0200: Memory Usage (530564K) : activ_pin has 0 polygons
2026-07-11 03:25:27 +0200: Memory Usage (530564K) : activ_mask has 0 polygons
2026-07-11 03:25:27 +0200: Memory Usage (530692K) : activ_filler has 0 polygons
2026-07-11 03:25:27 +0200: Memory Usage (530692K) : activ_nofill has 0 polygons
2026-07-11 03:25:27 +0200: Memory Usage (530692K) : activ_opc has 0 polygons
2026-07-11 03:25:27 +0200: Memory Usage (530820K) : activ_iopc has 0 polygons
2026-07-11 03:25:27 +0200: Memory Usage (530820K) : activ_noqrc has 0 polygons
2026-07-11 03:25:27 +0200: Memory Usage (530948K) : biwind_drw has 0 polygons
2026-07-11 03:25:27 +0200: Memory Usage (530948K) : biwind_opc has 0 polygons
2026-07-11 03:25:27 +0200: Memory Usage (531076K) : pemwind_drw has 0 polygons
2026-07-11 03:25:27 +0200: Memory Usage (531076K) : gatpoly_drw has 4112 polygons
2026-07-11 03:25:27 +0200: Memory Usage (531204K) : gatpoly_pin has 65 polygons
2026-07-11 03:25:27 +0200: Memory Usage (531332K) : gatpoly_filler has 0 polygons
2026-07-11 03:25:27 +0200: Memory Usage (531332K) : gatpoly_nofill has 0 polygons
2026-07-11 03:25:27 +0200: Memory Usage (531460K) : gatpoly_opc has 0 polygons
2026-07-11 03:25:27 +0200: Memory Usage (531460K) : gatpoly_iopc has 0 polygons
2026-07-11 03:25:27 +0200: Memory Usage (531588K) : gatpoly_noqrc has 0 polygons
2026-07-11 03:25:27 +0200: Memory Usage (539524K) : cont_drw has 1640232 polygons
2026-07-11 03:25:27 +0200: Memory Usage (539524K) : cont_opc has 0 polygons
2026-07-11 03:25:27 +0200: Memory Usage (539524K) : nsd_drw has 0 polygons
2026-07-11 03:25:27 +0200: Memory Usage (539524K) : nsd_block has 0 polygons
2026-07-11 03:25:27 +0200: Memory Usage (539524K) : metal1_drw has 39512 polygons
2026-07-11 03:25:27 +0200: Memory Usage (539524K) : metal1_pin has 18610 polygons
2026-07-11 03:25:27 +0200: Memory Usage (539524K) : metal1_mask has 0 polygons
2026-07-11 03:25:27 +0200: Memory Usage (539524K) : metal1_filler has 0 polygons
2026-07-11 03:25:27 +0200: Memory Usage (539524K) : metal1_nofill has 0 polygons
2026-07-11 03:25:27 +0200: Memory Usage (539524K) : metal1_slit has 0 polygons
2026-07-11 03:25:27 +0200: Memory Usage (539712K) : metal1_text has 10091 polygons
2026-07-11 03:25:27 +0200: Memory Usage (539712K) : metal1_opc has 0 polygons
2026-07-11 03:25:27 +0200: Memory Usage (539712K) : metal1_noqrc has 0 polygons
2026-07-11 03:25:27 +0200: Memory Usage (539712K) : metal1_res has 0 polygons
2026-07-11 03:25:27 +0200: Memory Usage (539712K) : metal1_iprobe has 0 polygons
2026-07-11 03:25:27 +0200: Memory Usage (539712K) : metal1_diffprb has 0 polygons
2026-07-11 03:25:27 +0200: Memory Usage (539712K) : passiv_drw has 32 polygons
2026-07-11 03:25:27 +0200: Memory Usage (539712K) : passiv_pin has 0 polygons
2026-07-11 03:25:27 +0200: Memory Usage (539712K) : passiv_sbump has 0 polygons
2026-07-11 03:25:27 +0200: Memory Usage (539712K) : passiv_pillar has 0 polygons
2026-07-11 03:25:27 +0200: Memory Usage (539712K) : passiv_pdl has 0 polygons
2026-07-11 03:25:27 +0200: Memory Usage (539712K) : metal2_drw has 129019 polygons
2026-07-11 03:25:27 +0200: Memory Usage (539712K) : metal2_pin has 642 polygons
2026-07-11 03:25:27 +0200: Memory Usage (539712K) : metal2_mask has 0 polygons
2026-07-11 03:25:27 +0200: Memory Usage (539712K) : metal2_filler has 0 polygons
2026-07-11 03:25:27 +0200: Memory Usage (539712K) : metal2_nofill has 0 polygons
2026-07-11 03:25:27 +0200: Memory Usage (539712K) : metal2_slit has 0 polygons
2026-07-11 03:25:27 +0200: Memory Usage (539712K) : metal2_text has 642 polygons
2026-07-11 03:25:27 +0200: Memory Usage (539712K) : metal2_opc has 0 polygons
2026-07-11 03:25:27 +0200: Memory Usage (539712K) : metal2_noqrc has 0 polygons
2026-07-11 03:25:27 +0200: Memory Usage (539712K) : metal2_res has 0 polygons
2026-07-11 03:25:27 +0200: Memory Usage (539712K) : metal2_iprobe has 0 polygons
2026-07-11 03:25:27 +0200: Memory Usage (539712K) : metal2_diffprb has 0 polygons
2026-07-11 03:25:27 +0200: Memory Usage (539840K) : baspoly_drw has 0 polygons
2026-07-11 03:25:27 +0200: Memory Usage (539840K) : baspoly_pin has 0 polygons
2026-07-11 03:25:27 +0200: Memory Usage (539840K) : psd_drw has 1819 polygons
2026-07-11 03:25:27 +0200: Memory Usage (539840K) : nldb_drw has 0 polygons
2026-07-11 03:25:27 +0200: Memory Usage (539968K) : digibnd_drw has 0 polygons
2026-07-11 03:25:27 +0200: Memory Usage (540096K) : via1_drw has 61293 polygons
2026-07-11 03:25:27 +0200: Memory Usage (540224K) : backmetal1_drw has 0 polygons
2026-07-11 03:25:27 +0200: Memory Usage (540224K) : backmetal1_pin has 0 polygons
2026-07-11 03:25:27 +0200: Memory Usage (540352K) : backmetal1_mask has 0 polygons
2026-07-11 03:25:27 +0200: Memory Usage (540352K) : backmetal1_filler has 0 polygons
2026-07-11 03:25:27 +0200: Memory Usage (540480K) : backmetal1_nofill has 0 polygons
2026-07-11 03:25:27 +0200: Memory Usage (540480K) : backmetal1_slit has 0 polygons
2026-07-11 03:25:27 +0200: Memory Usage (540608K) : backmetal1_text has 0 polygons
2026-07-11 03:25:27 +0200: Memory Usage (540608K) : backmetal1_opc has 0 polygons
2026-07-11 03:25:27 +0200: Memory Usage (540736K) : backmetal1_noqrc has 0 polygons
2026-07-11 03:25:27 +0200: Memory Usage (540736K) : backmetal1_res has 0 polygons
2026-07-11 03:25:27 +0200: Memory Usage (540864K) : backmetal1_iprobe has 0 polygons
2026-07-11 03:25:27 +0200: Memory Usage (540992K) : backmetal1_diffprb has 0 polygons
2026-07-11 03:25:27 +0200: Memory Usage (540992K) : backpassiv_drw has 0 polygons
2026-07-11 03:25:27 +0200: Memory Usage (541120K) : res_drw has 0 polygons
2026-07-11 03:25:27 +0200: Memory Usage (541120K) : sram_drw has 0 polygons
2026-07-11 03:25:27 +0200: Memory Usage (541120K) : trans_drw has 0 polygons
2026-07-11 03:25:27 +0200: Memory Usage (541248K) : ind_drw has 0 polygons
2026-07-11 03:25:27 +0200: Memory Usage (541248K) : ind_pin has 0 polygons
2026-07-11 03:25:27 +0200: Memory Usage (541376K) : ind_text has 0 polygons
2026-07-11 03:25:27 +0200: Memory Usage (541504K) : salblock_drw has 55 polygons
2026-07-11 03:25:27 +0200: Memory Usage (542400K) : via2_drw has 170273 polygons
2026-07-11 03:25:27 +0200: Memory Usage (542528K) : metal3_drw has 126558 polygons
2026-07-11 03:25:27 +0200: Memory Usage (542656K) : metal3_pin has 342 polygons
2026-07-11 03:25:27 +0200: Memory Usage (542784K) : metal3_mask has 0 polygons
2026-07-11 03:25:27 +0200: Memory Usage (542784K) : metal3_filler has 0 polygons
2026-07-11 03:25:27 +0200: Memory Usage (542784K) : metal3_nofill has 0 polygons
2026-07-11 03:25:27 +0200: Memory Usage (542912K) : metal3_slit has 0 polygons
2026-07-11 03:25:27 +0200: Memory Usage (542912K) : metal3_text has 342 polygons
2026-07-11 03:25:27 +0200: Memory Usage (543040K) : metal3_opc has 0 polygons
2026-07-11 03:25:27 +0200: Memory Usage (543040K) : metal3_noqrc has 0 polygons
2026-07-11 03:25:27 +0200: Memory Usage (543168K) : metal3_res has 0 polygons
2026-07-11 03:25:27 +0200: Memory Usage (543168K) : metal3_iprobe has 0 polygons
2026-07-11 03:25:27 +0200: Memory Usage (543168K) : metal3_diffprb has 0 polygons
2026-07-11 03:25:27 +0200: Memory Usage (543296K) : nwell_drw has 900 polygons
2026-07-11 03:25:27 +0200: Memory Usage (543424K) : nwell_pin has 1 polygons
2026-07-11 03:25:27 +0200: Memory Usage (543424K) : nbulay_drw has 0 polygons
2026-07-11 03:25:27 +0200: Memory Usage (543552K) : nbulay_pin has 0 polygons
2026-07-11 03:25:27 +0200: Memory Usage (543680K) : nbulay_block has 0 polygons
2026-07-11 03:25:27 +0200: Memory Usage (543680K) : emwind_drw has 0 polygons
2026-07-11 03:25:27 +0200: Memory Usage (543808K) : emwind_opc has 0 polygons
2026-07-11 03:25:27 +0200: Memory Usage (543808K) : deepco_drw has 0 polygons
2026-07-11 03:25:27 +0200: Memory Usage (543936K) : deepco_drw has 0 polygons
2026-07-11 03:25:28 +0200: Memory Usage (543936K) : mim_drw has 0 polygons
2026-07-11 03:25:28 +0200: Memory Usage (543936K) : edgeseal_drw has 24 polygons
2026-07-11 03:25:28 +0200: Memory Usage (544064K) : edgeseal_bound has 1 polygons
2026-07-11 03:25:28 +0200: Memory Usage (544064K) : substrate_drw has 818 polygons
2026-07-11 03:25:28 +0200: Memory Usage (544192K) : substrate_text has 0 polygons
2026-07-11 03:25:28 +0200: Memory Usage (544192K) : dfpad_drw has 20 polygons
2026-07-11 03:25:28 +0200: Memory Usage (544320K) : dfpad_pillar has 0 polygons
2026-07-11 03:25:28 +0200: Memory Usage (544320K) : dfpad_sbump has 0 polygons
2026-07-11 03:25:28 +0200: Memory Usage (544448K) : thickgateox_drw has 39 polygons
2026-07-11 03:25:28 +0200: Memory Usage (544448K) : pldb_drw has 0 polygons
2026-07-11 03:25:28 +0200: Memory Usage (544448K) : pwell_drw has 0 polygons
2026-07-11 03:25:28 +0200: Memory Usage (544576K) : pwell_pin has 0 polygons
2026-07-11 03:25:28 +0200: Memory Usage (544704K) : pwell_block has 6 polygons
2026-07-11 03:25:28 +0200: Memory Usage (544704K) : ic_drw has 0 polygons
2026-07-11 03:25:28 +0200: Memory Usage (545600K) : via3_drw has 165845 polygons
2026-07-11 03:25:28 +0200: Memory Usage (545728K) : metal4_drw has 123478 polygons
2026-07-11 03:25:28 +0200: Memory Usage (545856K) : metal4_pin has 16630 polygons
2026-07-11 03:25:28 +0200: Memory Usage (545984K) : metal4_mask has 0 polygons
2026-07-11 03:25:28 +0200: Memory Usage (545984K) : metal4_filler has 0 polygons
2026-07-11 03:25:28 +0200: Memory Usage (546112K) : metal4_nofill has 0 polygons
2026-07-11 03:25:28 +0200: Memory Usage (546112K) : metal4_slit has 0 polygons
2026-07-11 03:25:28 +0200: Memory Usage (546240K) : metal4_text has 8424 polygons
2026-07-11 03:25:28 +0200: Memory Usage (546240K) : metal4_opc has 0 polygons
2026-07-11 03:25:28 +0200: Memory Usage (546240K) : metal4_noqrc has 0 polygons
2026-07-11 03:25:28 +0200: Memory Usage (546368K) : metal4_res has 0 polygons
2026-07-11 03:25:28 +0200: Memory Usage (546368K) : metal4_iprobe has 0 polygons
2026-07-11 03:25:28 +0200: Memory Usage (546496K) : metal4_diffprb has 0 polygons
2026-07-11 03:25:28 +0200: Memory Usage (546496K) : heattrans_drw has 856 polygons
2026-07-11 03:25:28 +0200: Memory Usage (546624K) : heatres_drw has 36 polygons
2026-07-11 03:25:28 +0200: Memory Usage (546624K) : pempoly_drw has 0 polygons
2026-07-11 03:25:28 +0200: Memory Usage (546752K) : fbe_drw has 0 polygons
2026-07-11 03:25:28 +0200: Memory Usage (546880K) : empoly_drw has 0 polygons
2026-07-11 03:25:28 +0200: Memory Usage (546880K) : ldmos_drw has 0 polygons
2026-07-11 03:25:28 +0200: Memory Usage (546880K) : pbiwind_drw has 0 polygons
2026-07-11 03:25:28 +0200: Memory Usage (547008K) : digisub_drw has 0 polygons
2026-07-11 03:25:28 +0200: Memory Usage (547008K) : nodrc_drw has 0 polygons
2026-07-11 03:25:28 +0200: Memory Usage (547136K) : text_drw has 607 polygons
2026-07-11 03:25:28 +0200: Memory Usage (547136K) : via4_drw has 0 polygons
2026-07-11 03:25:28 +0200: Memory Usage (547264K) : metal5_drw has 0 polygons
2026-07-11 03:25:28 +0200: Memory Usage (547264K) : metal5_pin has 0 polygons
2026-07-11 03:25:28 +0200: Memory Usage (547264K) : metal5_mask has 0 polygons
2026-07-11 03:25:28 +0200: Memory Usage (547392K) : metal5_filler has 0 polygons
2026-07-11 03:25:28 +0200: Memory Usage (547520K) : metal5_nofill has 0 polygons
2026-07-11 03:25:28 +0200: Memory Usage (547520K) : metal5_slit has 0 polygons
2026-07-11 03:25:28 +0200: Memory Usage (547648K) : metal5_text has 0 polygons
2026-07-11 03:25:28 +0200: Memory Usage (547648K) : metal5_opc has 0 polygons
2026-07-11 03:25:28 +0200: Memory Usage (547776K) : metal5_noqrc has 0 polygons
2026-07-11 03:25:28 +0200: Memory Usage (547776K) : metal5_res has 0 polygons
2026-07-11 03:25:28 +0200: Memory Usage (547904K) : metal5_iprobe has 0 polygons
2026-07-11 03:25:28 +0200: Memory Usage (547904K) : metal5_diffprb has 0 polygons
2026-07-11 03:25:28 +0200: Memory Usage (548032K) : radhard_drw has 0 polygons
2026-07-11 03:25:28 +0200: Memory Usage (548032K) : memcap_drw has 0 polygons
2026-07-11 03:25:28 +0200: Memory Usage (548160K) : varicap_drw has 0 polygons
2026-07-11 03:25:28 +0200: Memory Usage (548160K) : flash_drw has 0 polygons
2026-07-11 03:25:28 +0200: Memory Usage (548160K) : intbondvia_drw has 0 polygons
2026-07-11 03:25:28 +0200: Memory Usage (548288K) : intbondmet_drw has 0 polygons
2026-07-11 03:25:28 +0200: Memory Usage (548288K) : devbondvia_drw has 0 polygons
2026-07-11 03:25:28 +0200: Memory Usage (548416K) : devbondmet_drw has 0 polygons
2026-07-11 03:25:28 +0200: Memory Usage (548416K) : devtrench_drw has 0 polygons
2026-07-11 03:25:28 +0200: Memory Usage (548544K) : redist_drw has 0 polygons
2026-07-11 03:25:28 +0200: Memory Usage (548544K) : graphbot_drw has 0 polygons
2026-07-11 03:25:28 +0200: Memory Usage (548544K) : graphtop_drw has 0 polygons
2026-07-11 03:25:28 +0200: Memory Usage (548672K) : antvia1_drw has 0 polygons
2026-07-11 03:25:28 +0200: Memory Usage (548672K) : antmetal2_drw has 0 polygons
2026-07-11 03:25:28 +0200: Memory Usage (548800K) : graphcont_drw has 0 polygons
2026-07-11 03:25:28 +0200: Memory Usage (548800K) : siwg_drw has 0 polygons
2026-07-11 03:25:28 +0200: Memory Usage (548800K) : siwg_filler has 0 polygons
2026-07-11 03:25:28 +0200: Memory Usage (548800K) : siwg_nofill has 0 polygons
2026-07-11 03:25:28 +0200: Memory Usage (548928K) : sigrating_drw has 0 polygons
2026-07-11 03:25:28 +0200: Memory Usage (548928K) : singrating_drw has 0 polygons
2026-07-11 03:25:28 +0200: Memory Usage (548928K) : graphpas_drw has 0 polygons
2026-07-11 03:25:28 +0200: Memory Usage (549056K) : emwind3_drw has 0 polygons
2026-07-11 03:25:28 +0200: Memory Usage (549056K) : emwihv3_drw has 0 polygons
2026-07-11 03:25:28 +0200: Memory Usage (549056K) : redbulay_drw has 0 polygons
2026-07-11 03:25:28 +0200: Memory Usage (549056K) : smos_drw has 0 polygons
2026-07-11 03:25:28 +0200: Memory Usage (549184K) : graphpad_drw has 0 polygons
2026-07-11 03:25:28 +0200: Memory Usage (549184K) : polimide_drw has 0 polygons
2026-07-11 03:25:28 +0200: Memory Usage (549184K) : polimide_pin has 0 polygons
2026-07-11 03:25:28 +0200: Memory Usage (549312K) : recog_drw has 0 polygons
2026-07-11 03:25:28 +0200: Memory Usage (549312K) : recog_pin has 0 polygons
2026-07-11 03:25:28 +0200: Memory Usage (549312K) : recog_esd has 0 polygons
2026-07-11 03:25:28 +0200: Memory Usage (549440K) : recog_diode has 113 polygons
2026-07-11 03:25:28 +0200: Memory Usage (549440K) : recog_tsv has 0 polygons
2026-07-11 03:25:28 +0200: Memory Usage (549440K) : recog_iprobe has 0 polygons
2026-07-11 03:25:28 +0200: Memory Usage (549568K) : recog_diffprb has 0 polygons
2026-07-11 03:25:28 +0200: Memory Usage (549568K) : recog_pillar has 0 polygons
2026-07-11 03:25:28 +0200: Memory Usage (549696K) : recog_sbump has 0 polygons
2026-07-11 03:25:28 +0200: Memory Usage (549696K) : recog_otp has 0 polygons
2026-07-11 03:25:28 +0200: Memory Usage (549696K) : recog_pdiode has 0 polygons
2026-07-11 03:25:28 +0200: Memory Usage (549824K) : recog_mom has 8198 polygons
2026-07-11 03:25:28 +0200: Memory Usage (549824K) : recog_pcm has 0 polygons
2026-07-11 03:25:28 +0200: Memory Usage (549824K) : colopen_drw has 0 polygons
2026-07-11 03:25:28 +0200: Memory Usage (549824K) : graphmetal1_drw has 0 polygons
2026-07-11 03:25:28 +0200: Memory Usage (549824K) : graphmetal1_filler has 0 polygons
2026-07-11 03:25:28 +0200: Memory Usage (549824K) : graphmetal1_nofill has 0 polygons
2026-07-11 03:25:28 +0200: Memory Usage (549824K) : graphmetal1_slit has 0 polygons
2026-07-11 03:25:28 +0200: Memory Usage (549824K) : graphmetal1_opc has 0 polygons
2026-07-11 03:25:28 +0200: Memory Usage (549824K) : graphmet1l_drw has 0 polygons
2026-07-11 03:25:28 +0200: Memory Usage (549824K) : graphmet1l_filler has 0 polygons
2026-07-11 03:25:28 +0200: Memory Usage (549824K) : graphmet1l_nofill has 0 polygons
2026-07-11 03:25:28 +0200: Memory Usage (549824K) : graphmet1l_slit has 0 polygons
2026-07-11 03:25:28 +0200: Memory Usage (549824K) : graphmet1l_opc has 0 polygons
2026-07-11 03:25:28 +0200: Memory Usage (549824K) : extblock_drw has 145 polygons
2026-07-11 03:25:28 +0200: Memory Usage (549824K) : nldd_drw has 0 polygons
2026-07-11 03:25:28 +0200: Memory Usage (549824K) : pldd_drw has 0 polygons
2026-07-11 03:25:28 +0200: Memory Usage (549824K) : next_drw has 0 polygons
2026-07-11 03:25:28 +0200: Memory Usage (549824K) : pext_drw has 0 polygons
2026-07-11 03:25:28 +0200: Memory Usage (549824K) : nexthv_drw has 0 polygons
2026-07-11 03:25:28 +0200: Memory Usage (549824K) : pexthv_drw has 0 polygons
2026-07-11 03:25:28 +0200: Memory Usage (549824K) : graphgate_drw has 0 polygons
2026-07-11 03:25:28 +0200: Memory Usage (549824K) : sinwg_drw has 0 polygons
2026-07-11 03:25:28 +0200: Memory Usage (549824K) : sinwg_filler has 0 polygons
2026-07-11 03:25:28 +0200: Memory Usage (549824K) : sinwg_nofill has 0 polygons
2026-07-11 03:25:28 +0200: Memory Usage (549824K) : mempad_drw has 0 polygons
2026-07-11 03:25:28 +0200: Memory Usage (549824K) : topvia1_drw has 56700 polygons
2026-07-11 03:25:28 +0200: Memory Usage (549824K) : topmetal1_drw has 201 polygons
2026-07-11 03:25:28 +0200: Memory Usage (549824K) : topmetal1_pin has 168 polygons
2026-07-11 03:25:28 +0200: Memory Usage (549824K) : topmetal1_mask has 0 polygons
2026-07-11 03:25:28 +0200: Memory Usage (549824K) : topmetal1_filler has 0 polygons
2026-07-11 03:25:28 +0200: Memory Usage (549824K) : topmetal1_nofill has 0 polygons
2026-07-11 03:25:28 +0200: Memory Usage (549824K) : topmetal1_slit has 0 polygons
2026-07-11 03:25:28 +0200: Memory Usage (549824K) : topmetal1_text has 168 polygons
2026-07-11 03:25:28 +0200: Memory Usage (549824K) : topmetal1_noqrc has 0 polygons
2026-07-11 03:25:28 +0200: Memory Usage (549824K) : topmetal1_res has 0 polygons
2026-07-11 03:25:28 +0200: Memory Usage (549824K) : topmetal1_iprobe has 0 polygons
2026-07-11 03:25:28 +0200: Memory Usage (549824K) : topmetal1_diffprb has 0 polygons
2026-07-11 03:25:28 +0200: Memory Usage (549824K) : inldpwl_drw has 0 polygons
2026-07-11 03:25:28 +0200: Memory Usage (549824K) : polyres_drw has 36 polygons
2026-07-11 03:25:28 +0200: Memory Usage (549824K) : polyres_pin has 0 polygons
2026-07-11 03:25:28 +0200: Memory Usage (549824K) : vmim_drw has 0 polygons
2026-07-11 03:25:28 +0200: Memory Usage (549824K) : nbulaycut_drw has 0 polygons
2026-07-11 03:25:28 +0200: Memory Usage (549824K) : antmetal1_drw has 0 polygons
2026-07-11 03:25:28 +0200: Memory Usage (549824K) : topvia2_drw has 0 polygons
2026-07-11 03:25:28 +0200: Memory Usage (549824K) : topmetal2_drw has 0 polygons
2026-07-11 03:25:28 +0200: Memory Usage (549824K) : topmetal2_pin has 0 polygons
2026-07-11 03:25:28 +0200: Memory Usage (549824K) : topmetal2_mask has 0 polygons
2026-07-11 03:25:28 +0200: Memory Usage (549824K) : topmetal2_filler has 0 polygons
2026-07-11 03:25:28 +0200: Memory Usage (549824K) : topmetal2_nofill has 0 polygons
2026-07-11 03:25:28 +0200: Memory Usage (549824K) : topmetal2_slit has 0 polygons
2026-07-11 03:25:28 +0200: Memory Usage (549824K) : topmetal2_text has 0 polygons
2026-07-11 03:25:28 +0200: Memory Usage (549824K) : topmetal2_noqrc has 0 polygons
2026-07-11 03:25:28 +0200: Memory Usage (549824K) : topmetal2_res has 0 polygons
2026-07-11 03:25:28 +0200: Memory Usage (549824K) : topmetal2_iprobe has 0 polygons
2026-07-11 03:25:28 +0200: Memory Usage (549824K) : topmetal2_diffprb has 0 polygons
2026-07-11 03:25:28 +0200: Memory Usage (549824K) : snsring_drw has 0 polygons
2026-07-11 03:25:28 +0200: Memory Usage (549824K) : sensor_drw has 0 polygons
2026-07-11 03:25:28 +0200: Memory Usage (549824K) : snsarms_drw has 0 polygons
2026-07-11 03:25:28 +0200: Memory Usage (549824K) : snscmosvia_drw has 0 polygons
2026-07-11 03:25:28 +0200: Memory Usage (549824K) : colwind_drw has 0 polygons
2026-07-11 03:25:28 +0200: Memory Usage (549824K) : flm_drw has 0 polygons
2026-07-11 03:25:28 +0200: Memory Usage (549824K) : hafniumox_drw has 0 polygons
2026-07-11 03:25:28 +0200: Memory Usage (549824K) : memvia_drw has 0 polygons
2026-07-11 03:25:28 +0200: Memory Usage (549824K) : thinfilmres_drw has 0 polygons
2026-07-11 03:25:28 +0200: Memory Usage (549824K) : rfmem_drw has 0 polygons
2026-07-11 03:25:28 +0200: Memory Usage (549824K) : norcx_drw has 0 polygons
2026-07-11 03:25:28 +0200: Memory Usage (549824K) : norcx_m2m3 has 0 polygons
2026-07-11 03:25:28 +0200: Memory Usage (549824K) : norcx_m2m4 has 0 polygons
2026-07-11 03:25:28 +0200: Memory Usage (549824K) : norcx_m2m5 has 0 polygons
2026-07-11 03:25:28 +0200: Memory Usage (549824K) : norcx_m2tm1 has 0 polygons
2026-07-11 03:25:28 +0200: Memory Usage (549824K) : norcx_m2tm2 has 0 polygons
2026-07-11 03:25:28 +0200: Memory Usage (549824K) : norcx_m3m4 has 0 polygons
2026-07-11 03:25:28 +0200: Memory Usage (549824K) : norcx_m3m5 has 0 polygons
2026-07-11 03:25:28 +0200: Memory Usage (549824K) : norcx_m3tm1 has 0 polygons
2026-07-11 03:25:28 +0200: Memory Usage (549824K) : norcx_m3tm2 has 0 polygons
2026-07-11 03:25:28 +0200: Memory Usage (549824K) : norcx_m4m5 has 0 polygons
2026-07-11 03:25:28 +0200: Memory Usage (549824K) : norcx_m4tm1 has 0 polygons
2026-07-11 03:25:28 +0200: Memory Usage (549824K) : norcx_m4tm2 has 0 polygons
2026-07-11 03:25:28 +0200: Memory Usage (549824K) : norcx_m5tm1 has 0 polygons
2026-07-11 03:25:28 +0200: Memory Usage (549824K) : norcx_m5tm2 has 0 polygons
2026-07-11 03:25:28 +0200: Memory Usage (549824K) : norcx_tm1tm2 has 0 polygons
2026-07-11 03:25:28 +0200: Memory Usage (549824K) : norcx_m1sub has 0 polygons
2026-07-11 03:25:28 +0200: Memory Usage (549824K) : norcx_m2sub has 0 polygons
2026-07-11 03:25:28 +0200: Memory Usage (549824K) : norcx_m3sub has 0 polygons
2026-07-11 03:25:28 +0200: Memory Usage (549824K) : norcx_m4sub has 0 polygons
2026-07-11 03:25:28 +0200: Memory Usage (549824K) : norcx_m5sub has 0 polygons
2026-07-11 03:25:28 +0200: Memory Usage (549824K) : norcx_tm1sub has 0 polygons
2026-07-11 03:25:28 +0200: Memory Usage (549824K) : norcx_tm2sub has 0 polygons
2026-07-11 03:25:28 +0200: Memory Usage (549824K) : snsbotvia_drw has 0 polygons
2026-07-11 03:25:28 +0200: Memory Usage (549824K) : snstopvia_drw has 0 polygons
2026-07-11 03:25:28 +0200: Memory Usage (549824K) : deepvia_drw has 0 polygons
2026-07-11 03:25:28 +0200: Memory Usage (549824K) : fgetch_drw has 0 polygons
2026-07-11 03:25:28 +0200: Memory Usage (549824K) : ctrgat_drw has 0 polygons
2026-07-11 03:25:28 +0200: Memory Usage (549824K) : fgimp_drw has 0 polygons
2026-07-11 03:25:28 +0200: Memory Usage (549824K) : emwihv_drw has 0 polygons
2026-07-11 03:25:28 +0200: Memory Usage (549824K) : lbe_drw has 0 polygons
2026-07-11 03:25:28 +0200: Memory Usage (549824K) : alcustop_drw has 0 polygons
2026-07-11 03:25:28 +0200: Memory Usage (549824K) : nometfiller_drw has 0 polygons
2026-07-11 03:25:28 +0200: Memory Usage (549824K) : prboundary_drw has 0 polygons
2026-07-11 03:25:28 +0200: Memory Usage (549824K) : exchange0_drw has 0 polygons
2026-07-11 03:25:28 +0200: Memory Usage (549824K) : exchange0_pin has 0 polygons
2026-07-11 03:25:28 +0200: Memory Usage (549824K) : exchange0_text has 0 polygons
2026-07-11 03:25:28 +0200: Memory Usage (549824K) : exchange1_drw has 0 polygons
2026-07-11 03:25:28 +0200: Memory Usage (549824K) : exchange1_pin has 0 polygons
2026-07-11 03:25:28 +0200: Memory Usage (549824K) : exchange1_text has 0 polygons
2026-07-11 03:25:28 +0200: Memory Usage (549824K) : exchange2_drw has 0 polygons
2026-07-11 03:25:28 +0200: Memory Usage (549824K) : exchange2_pin has 0 polygons
2026-07-11 03:25:28 +0200: Memory Usage (549824K) : exchange2_text has 0 polygons
2026-07-11 03:25:28 +0200: Memory Usage (549824K) : exchange3_drw has 0 polygons
2026-07-11 03:25:28 +0200: Memory Usage (549824K) : exchange3_pin has 0 polygons
2026-07-11 03:25:28 +0200: Memory Usage (549824K) : exchange3_text has 0 polygons
2026-07-11 03:25:28 +0200: Memory Usage (549824K) : exchange4_drw has 0 polygons
2026-07-11 03:25:28 +0200: Memory Usage (549824K) : exchange4_pin has 0 polygons
2026-07-11 03:25:28 +0200: Memory Usage (549824K) : exchange4_text has 0 polygons
2026-07-11 03:25:28 +0200: Memory Usage (549824K) : isonwell_drw has 0 polygons
2026-07-11 03:25:28 +0200: Memory Usage (549824K) : Total no. of polygons in the design is 2591900
2026-07-11 03:25:28 +0200: Memory Usage (549824K) : Loaded TECH DRC rules values from /foss/pdks/ihp-sg13cmos5l/libs.tech/klayout/python/sg13cmos5l_pycell_lib/sg13cmos5l_tech_mod.json
2026-07-11 03:25:28 +0200: Memory Usage (549824K) : Loaded default DRC rules values from /foss/pdks/ihp-sg13cmos5l/libs.tech/klayout/tech/drc/rule_decks/sg13cmos5l_tech_default.json
2026-07-11 03:25:28 +0200: Memory Usage (550720K) : Total area of the design is 1102500.0 um^2.
2026-07-11 03:25:28 +0200: Memory Usage (550720K) : The design dimensions are 1050.0 um * 1050.0 um.
2026-07-11 03:25:28 +0200: Memory Usage (550720K) : Starting general IHP-SG13CMOS5L derivations.
2026-07-11 03:25:28 +0200: Memory Usage (550720K) : Starting Pwell derivations
2026-07-11 03:25:28 +0200: Memory Usage (553596K) : Starting IHP-SG13CMOS5L DRC rules.
2026-07-11 03:25:28 +0200: Memory Usage (553596K) : Starting 5.6 Activ:filler table
2026-07-11 03:25:28 +0200: Memory Usage (561916K) : Tiling mode is enabled for Activ:filler table.
2026-07-11 03:25:28 +0200: Memory Usage (561916K) : Executing rule AFil.c1
2026-07-11 03:25:28 +0200: Memory Usage (563964K) : Executing rule AFil.c
2026-07-11 03:25:30 +0200: Memory Usage (833196K) : Executing rule AFil.d
2026-07-11 03:25:30 +0200: Memory Usage (833580K) : Skipping rule AFil.e (TRANS is forbidden in CMOS5L)
2026-07-11 03:25:30 +0200: Memory Usage (833580K) : Executing rule AFil.j
2026-07-11 03:25:30 +0200: Memory Usage (833708K) : deep mode is enabled after Activ:filler table.
2026-07-11 03:25:30 +0200: Memory Usage (833708K) : KLayout DRC run for tables 'activfiller' completed in 3.14 seconds
