# Logfile created on 2026-07-11 19:07:31 +0200 by logger.rb/v1.5.3
2026-07-11 19:07:31 +0200: Memory Usage (526436K) : Starting running SG13CMOS5L Klayout LVS runset on /foss/designs/adc8b/IHP__MSPHY9932/release/v.1.0.0/gds/MSPHY9932.gds
2026-07-11 19:07:31 +0200: Memory Usage (526436K) : Ruby Version for klayout: 3.2.3
2026-07-11 19:07:31 +0200: Memory Usage (530532K) : Loading database to memory is complete.
2026-07-11 19:07:31 +0200: Memory Usage (530532K) : SG13CMOS5L Klayout LVS runset output at: /foss/designs/adc8b/IHP__MSPHY9932/release/v.1.0.0/lvs/klayout_hier/side_cap8b/MSPHY9932.lvsdb
2026-07-11 19:07:31 +0200: Memory Usage (530532K) : Evaluate switches.
2026-07-11 19:07:31 +0200: Memory Usage (530532K) : Extracted netlist with net names: true
2026-07-11 19:07:31 +0200: Memory Usage (530532K) : Extracted netlist with comments in details: false
2026-07-11 19:07:31 +0200: Memory Usage (530532K) : Selected NET_ONLY option: false
2026-07-11 19:07:31 +0200: Memory Usage (530532K) : Selected LAYOUT_NETLIST option: (none)
2026-07-11 19:07:31 +0200: Memory Usage (530532K) : Selected IGNORE_TOP_PORTS_MISMATCH option: true
2026-07-11 19:07:31 +0200: Memory Usage (530532K) : Selected IMPLICIT_NETS option: (none)
2026-07-11 19:07:31 +0200: Memory Usage (530532K) : Selected TOP_LVL_PINS option: false
2026-07-11 19:07:31 +0200: Memory Usage (530532K) : Selected COMBINE DEVICES option: false
2026-07-11 19:07:31 +0200: Memory Usage (530532K) : Selected PURGE option: false
2026-07-11 19:07:31 +0200: Memory Usage (530532K) : Selected PURGE_NETS option: false
2026-07-11 19:07:31 +0200: Memory Usage (530532K) : Selected SIMPLIFY option: true
2026-07-11 19:07:31 +0200: Memory Usage (530532K) : Selected SERIES_RES option: true
2026-07-11 19:07:31 +0200: Memory Usage (530532K) : Selected PARALLEL_RES option: true
2026-07-11 19:07:31 +0200: Memory Usage (530532K) : flat  mode is enabled.
2026-07-11 19:07:31 +0200: Memory Usage (532452K) : Netlist file: /foss/designs/adc8b/IHP__MSPHY9932/MSPHY9932-main/netlist/pex/side_cap8b_pex_cc.spice
2026-07-11 19:07:31 +0200: Memory Usage (532452K) : LVS extracted netlist at: /foss/designs/adc8b/IHP__MSPHY9932/release/v.1.0.0/lvs/klayout_hier/side_cap8b/MSPHY9932_extracted.cir
2026-07-11 19:07:31 +0200: Memory Usage (532452K) : Applying SRAM integration support.
2026-07-11 19:07:31 +0200: Memory Usage (532452K) : Starting SG13CMOS5L LVS runset
2026-07-11 19:07:31 +0200: Memory Usage (532452K) : Read in polygons from layers.
2026-07-11 19:07:31 +0200: Memory Usage (533732K) : activ_drw has 88 polygons
2026-07-11 19:07:31 +0200: Memory Usage (533732K) : activ_filler has 0 polygons
2026-07-11 19:07:31 +0200: Memory Usage (533860K) : activ has 88 polygons
2026-07-11 19:07:31 +0200: Memory Usage (533860K) : activ_pin has 0 polygons
2026-07-11 19:07:31 +0200: Memory Usage (533860K) : activ_mask has 0 polygons
2026-07-11 19:07:31 +0200: Memory Usage (533988K) : activ_nofill has 0 polygons
2026-07-11 19:07:31 +0200: Memory Usage (534244K) : activ_OPC has 0 polygons
2026-07-11 19:07:31 +0200: Memory Usage (534372K) : activ_iOPC has 0 polygons
2026-07-11 19:07:31 +0200: Memory Usage (534500K) : activ_noqrc has 0 polygons
2026-07-11 19:07:31 +0200: Memory Usage (534628K) : biwind_drw has 0 polygons
2026-07-11 19:07:31 +0200: Memory Usage (534628K) : biwind_OPC has 0 polygons
2026-07-11 19:07:31 +0200: Memory Usage (534884K) : gatpoly_drw has 44 polygons
2026-07-11 19:07:31 +0200: Memory Usage (535012K) : gatpoly_filler has 0 polygons
2026-07-11 19:07:31 +0200: Memory Usage (535012K) : gatpoly has 44 polygons
2026-07-11 19:07:31 +0200: Memory Usage (535140K) : gatpoly_pin has 22 polygons
2026-07-11 19:07:31 +0200: Memory Usage (535268K) : gatpoly_nofill has 0 polygons
2026-07-11 19:07:31 +0200: Memory Usage (535396K) : gatpoly_OPC has 0 polygons
2026-07-11 19:07:31 +0200: Memory Usage (535524K) : gatpoly_iOPC has 0 polygons
2026-07-11 19:07:31 +0200: Memory Usage (535780K) : gatpoly_noqrc has 0 polygons
2026-07-11 19:07:31 +0200: Memory Usage (536292K) : cont_drw has 3516 polygons
2026-07-11 19:07:31 +0200: Memory Usage (536292K) : cont_OPC has 0 polygons
2026-07-11 19:07:31 +0200: Memory Usage (536676K) : nsd_drw has 0 polygons
2026-07-11 19:07:31 +0200: Memory Usage (536676K) : nsd_block has 0 polygons
2026-07-11 19:07:31 +0200: Memory Usage (541796K) : metal1_drw has 481 polygons
2026-07-11 19:07:31 +0200: Memory Usage (541796K) : metal1_filler has 0 polygons
2026-07-11 19:07:31 +0200: Memory Usage (541796K) : metal1_slit has 0 polygons
2026-07-11 19:07:31 +0200: Memory Usage (541796K) : metal1 has 481 polygons
2026-07-11 19:07:31 +0200: Memory Usage (542180K) : metal1_pin has 4195 polygons
2026-07-11 19:07:31 +0200: Memory Usage (542180K) : metal1_mask has 0 polygons
2026-07-11 19:07:31 +0200: Memory Usage (542180K) : metal1_nofill has 0 polygons
2026-07-11 19:07:31 +0200: Memory Usage (542308K) : metal1_text has 4151 polygons
2026-07-11 19:07:31 +0200: Memory Usage (542308K) : metal1_OPC has 0 polygons
2026-07-11 19:07:31 +0200: Memory Usage (542308K) : metal1_noqrc has 0 polygons
2026-07-11 19:07:31 +0200: Memory Usage (542308K) : metal1_res has 0 polygons
2026-07-11 19:07:31 +0200: Memory Usage (542308K) : metal1_iprobe has 0 polygons
2026-07-11 19:07:31 +0200: Memory Usage (542308K) : metal1_diffprb has 0 polygons
2026-07-11 19:07:31 +0200: Memory Usage (542308K) : passiv_drw has 0 polygons
2026-07-11 19:07:31 +0200: Memory Usage (542308K) : passiv_pin has 0 polygons
2026-07-11 19:07:31 +0200: Memory Usage (542308K) : passiv_sbump has 0 polygons
2026-07-11 19:07:31 +0200: Memory Usage (542308K) : passiv_pillar has 0 polygons
2026-07-11 19:07:31 +0200: Memory Usage (542308K) : passiv_pdl has 0 polygons
2026-07-11 19:07:32 +0200: Memory Usage (556388K) : metal2_drw has 4431 polygons
2026-07-11 19:07:32 +0200: Memory Usage (556388K) : metal2_filler has 0 polygons
2026-07-11 19:07:32 +0200: Memory Usage (556388K) : metal2_slit has 0 polygons
2026-07-11 19:07:32 +0200: Memory Usage (556388K) : metal2 has 4431 polygons
2026-07-11 19:07:32 +0200: Memory Usage (556388K) : metal2_pin has 46 polygons
2026-07-11 19:07:32 +0200: Memory Usage (556388K) : metal2_mask has 0 polygons
2026-07-11 19:07:32 +0200: Memory Usage (556388K) : metal2_nofill has 0 polygons
2026-07-11 19:07:32 +0200: Memory Usage (556388K) : metal2_text has 48 polygons
2026-07-11 19:07:32 +0200: Memory Usage (556388K) : metal2_OPC has 0 polygons
2026-07-11 19:07:32 +0200: Memory Usage (556388K) : metal2_noqrc has 0 polygons
2026-07-11 19:07:32 +0200: Memory Usage (556388K) : metal2_res has 0 polygons
2026-07-11 19:07:32 +0200: Memory Usage (556388K) : metal2_iprobe has 0 polygons
2026-07-11 19:07:32 +0200: Memory Usage (556388K) : metal2_diffprb has 0 polygons
2026-07-11 19:07:32 +0200: Memory Usage (556388K) : baspoly_drw has 0 polygons
2026-07-11 19:07:32 +0200: Memory Usage (556388K) : baspoly_pin has 0 polygons
2026-07-11 19:07:32 +0200: Memory Usage (556388K) : psd_drw has 44 polygons
2026-07-11 19:07:32 +0200: Memory Usage (556388K) : nldb_drw has 0 polygons
2026-07-11 19:07:32 +0200: Memory Usage (556388K) : digibnd_drw has 0 polygons
2026-07-11 19:07:32 +0200: Memory Usage (556644K) : via1_drw has 9187 polygons
2026-07-11 19:07:32 +0200: Memory Usage (556644K) : backmetal1_drw has 0 polygons
2026-07-11 19:07:32 +0200: Memory Usage (556644K) : backmetal1_pin has 0 polygons
2026-07-11 19:07:32 +0200: Memory Usage (556644K) : backmetal1_mask has 0 polygons
2026-07-11 19:07:32 +0200: Memory Usage (556644K) : backmetal1_filler has 0 polygons
2026-07-11 19:07:32 +0200: Memory Usage (556644K) : backmetal1_nofill has 0 polygons
2026-07-11 19:07:32 +0200: Memory Usage (556644K) : backmetal1_slit has 0 polygons
2026-07-11 19:07:32 +0200: Memory Usage (556644K) : backmetal1_text has 0 polygons
2026-07-11 19:07:32 +0200: Memory Usage (556644K) : backmetal1_OPC has 0 polygons
2026-07-11 19:07:32 +0200: Memory Usage (556644K) : backmetal1_noqrc has 0 polygons
2026-07-11 19:07:32 +0200: Memory Usage (556644K) : backmetal1_res has 0 polygons
2026-07-11 19:07:32 +0200: Memory Usage (556644K) : backmetal1_iprobe has 0 polygons
2026-07-11 19:07:32 +0200: Memory Usage (556644K) : backmetal1_diffprb has 0 polygons
2026-07-11 19:07:32 +0200: Memory Usage (556644K) : backpassiv_drw has 0 polygons
2026-07-11 19:07:32 +0200: Memory Usage (556644K) : res_drw has 0 polygons
2026-07-11 19:07:32 +0200: Memory Usage (556644K) : sram_drw has 0 polygons
2026-07-11 19:07:32 +0200: Memory Usage (556644K) : trans_drw has 0 polygons
2026-07-11 19:07:32 +0200: Memory Usage (556644K) : ind_drw has 0 polygons
2026-07-11 19:07:32 +0200: Memory Usage (556644K) : ind_pin has 0 polygons
2026-07-11 19:07:32 +0200: Memory Usage (556644K) : ind_text has 0 polygons
2026-07-11 19:07:32 +0200: Memory Usage (556644K) : salblock_drw has 0 polygons
2026-07-11 19:07:32 +0200: Memory Usage (557540K) : via2_drw has 13271 polygons
2026-07-11 19:07:32 +0200: Memory Usage (557472K) : metal3_drw has 4180 polygons
2026-07-11 19:07:32 +0200: Memory Usage (557472K) : metal3_filler has 0 polygons
2026-07-11 19:07:32 +0200: Memory Usage (557472K) : metal3_slit has 0 polygons
2026-07-11 19:07:32 +0200: Memory Usage (557472K) : metal3 has 4180 polygons
2026-07-11 19:07:32 +0200: Memory Usage (557472K) : metal3_pin has 33 polygons
2026-07-11 19:07:32 +0200: Memory Usage (557472K) : metal3_mask has 0 polygons
2026-07-11 19:07:32 +0200: Memory Usage (557472K) : metal3_nofill has 0 polygons
2026-07-11 19:07:32 +0200: Memory Usage (557472K) : metal3_text has 33 polygons
2026-07-11 19:07:32 +0200: Memory Usage (557472K) : metal3_OPC has 0 polygons
2026-07-11 19:07:32 +0200: Memory Usage (557472K) : metal3_noqrc has 0 polygons
2026-07-11 19:07:32 +0200: Memory Usage (557472K) : metal3_res has 0 polygons
2026-07-11 19:07:32 +0200: Memory Usage (557472K) : metal3_iprobe has 0 polygons
2026-07-11 19:07:32 +0200: Memory Usage (557472K) : metal3_diffprb has 0 polygons
2026-07-11 19:07:32 +0200: Memory Usage (557472K) : nwell_drw has 7 polygons
2026-07-11 19:07:32 +0200: Memory Usage (557472K) : nwell_pin has 0 polygons
2026-07-11 19:07:32 +0200: Memory Usage (557472K) : nwell_text has 0 polygons
2026-07-11 19:07:32 +0200: Memory Usage (557472K) : nbulay_drw has 0 polygons
2026-07-11 19:07:32 +0200: Memory Usage (557472K) : nbulay_pin has 0 polygons
2026-07-11 19:07:32 +0200: Memory Usage (557472K) : nbulay_block has 0 polygons
2026-07-11 19:07:32 +0200: Memory Usage (557472K) : emwind_drw has 0 polygons
2026-07-11 19:07:32 +0200: Memory Usage (557472K) : emwind_OPC has 0 polygons
2026-07-11 19:07:32 +0200: Memory Usage (557472K) : deepco_drw has 0 polygons
2026-07-11 19:07:32 +0200: Memory Usage (557472K) : mim_drw has 0 polygons
2026-07-11 19:07:32 +0200: Memory Usage (557472K) : edgeseal_drw has 0 polygons
2026-07-11 19:07:32 +0200: Memory Usage (557472K) : substrate_drw has 44 polygons
2026-07-11 19:07:32 +0200: Memory Usage (557472K) : substrate_text has 0 polygons
2026-07-11 19:07:32 +0200: Memory Usage (557472K) : dfpad_drw has 0 polygons
2026-07-11 19:07:32 +0200: Memory Usage (557472K) : dfpad_pillar has 0 polygons
2026-07-11 19:07:32 +0200: Memory Usage (557472K) : dfpad_sbump has 0 polygons
2026-07-11 19:07:32 +0200: Memory Usage (557472K) : thickgateox_drw has 0 polygons
2026-07-11 19:07:32 +0200: Memory Usage (557472K) : pldb_drw has 0 polygons
2026-07-11 19:07:32 +0200: Memory Usage (557472K) : pwell_drw has 0 polygons
2026-07-11 19:07:32 +0200: Memory Usage (557472K) : pwell_pin has 0 polygons
2026-07-11 19:07:32 +0200: Memory Usage (557472K) : pwell_block has 0 polygons
2026-07-11 19:07:32 +0200: Memory Usage (557472K) : ic_drw has 0 polygons
2026-07-11 19:07:32 +0200: Memory Usage (557472K) : via3_drw has 12556 polygons
2026-07-11 19:07:32 +0200: Memory Usage (567840K) : metal4_drw has 4119 polygons
2026-07-11 19:07:32 +0200: Memory Usage (567840K) : metal4_filler has 0 polygons
2026-07-11 19:07:32 +0200: Memory Usage (567840K) : metal4_slit has 0 polygons
2026-07-11 19:07:32 +0200: Memory Usage (567840K) : metal4 has 4119 polygons
2026-07-11 19:07:32 +0200: Memory Usage (567840K) : metal4_pin has 4097 polygons
2026-07-11 19:07:32 +0200: Memory Usage (567840K) : metal4_mask has 0 polygons
2026-07-11 19:07:32 +0200: Memory Usage (567840K) : metal4_nofill has 0 polygons
2026-07-11 19:07:32 +0200: Memory Usage (567840K) : metal4_text has 4098 polygons
2026-07-11 19:07:32 +0200: Memory Usage (567840K) : metal4_OPC has 0 polygons
2026-07-11 19:07:32 +0200: Memory Usage (567840K) : metal4_noqrc has 0 polygons
2026-07-11 19:07:32 +0200: Memory Usage (567840K) : metal4_res has 0 polygons
2026-07-11 19:07:32 +0200: Memory Usage (567840K) : metal4_iprobe has 0 polygons
2026-07-11 19:07:32 +0200: Memory Usage (567840K) : metal4_diffprb has 0 polygons
2026-07-11 19:07:32 +0200: Memory Usage (567840K) : heattrans_drw has 404 polygons
2026-07-11 19:07:32 +0200: Memory Usage (567840K) : heatres_drw has 0 polygons
2026-07-11 19:07:32 +0200: Memory Usage (567840K) : fbe_drw has 0 polygons
2026-07-11 19:07:32 +0200: Memory Usage (567840K) : empoly_drw has 0 polygons
2026-07-11 19:07:32 +0200: Memory Usage (567840K) : digisub_drw has 0 polygons
2026-07-11 19:07:32 +0200: Memory Usage (567840K) : text_drw has 88 polygons
2026-07-11 19:07:32 +0200: Memory Usage (567840K) : via4_drw has 0 polygons
2026-07-11 19:07:32 +0200: Memory Usage (567840K) : metal5_drw has 0 polygons
2026-07-11 19:07:32 +0200: Memory Usage (567840K) : metal5_filler has 0 polygons
2026-07-11 19:07:32 +0200: Memory Usage (567840K) : metal5_slit has 0 polygons
2026-07-11 19:07:32 +0200: Memory Usage (567840K) : metal5 has 0 polygons
2026-07-11 19:07:32 +0200: Memory Usage (567840K) : metal5_pin has 0 polygons
2026-07-11 19:07:32 +0200: Memory Usage (567840K) : metal5_mask has 0 polygons
2026-07-11 19:07:32 +0200: Memory Usage (567840K) : metal5_nofill has 0 polygons
2026-07-11 19:07:32 +0200: Memory Usage (567840K) : metal5_text has 0 polygons
2026-07-11 19:07:32 +0200: Memory Usage (567840K) : metal5_OPC has 0 polygons
2026-07-11 19:07:32 +0200: Memory Usage (567840K) : metal5_noqrc has 0 polygons
2026-07-11 19:07:32 +0200: Memory Usage (567840K) : metal5_res has 0 polygons
2026-07-11 19:07:32 +0200: Memory Usage (567840K) : metal5_iprobe has 0 polygons
2026-07-11 19:07:32 +0200: Memory Usage (567840K) : metal5_diffprb has 0 polygons
2026-07-11 19:07:32 +0200: Memory Usage (567840K) : radhard_drw has 0 polygons
2026-07-11 19:07:32 +0200: Memory Usage (567840K) : memcap_drw has 0 polygons
2026-07-11 19:07:32 +0200: Memory Usage (567840K) : varicap_drw has 0 polygons
2026-07-11 19:07:32 +0200: Memory Usage (567840K) : intbondvia_drw has 0 polygons
2026-07-11 19:07:32 +0200: Memory Usage (567840K) : intbondmet_drw has 0 polygons
2026-07-11 19:07:32 +0200: Memory Usage (567840K) : devbondvia_drw has 0 polygons
2026-07-11 19:07:32 +0200: Memory Usage (567840K) : devbondmet_drw has 0 polygons
2026-07-11 19:07:32 +0200: Memory Usage (567840K) : devtrench_drw has 0 polygons
2026-07-11 19:07:32 +0200: Memory Usage (567840K) : redist_drw has 0 polygons
2026-07-11 19:07:32 +0200: Memory Usage (567840K) : graphbot_drw has 0 polygons
2026-07-11 19:07:32 +0200: Memory Usage (567840K) : graphtop_drw has 0 polygons
2026-07-11 19:07:32 +0200: Memory Usage (567840K) : antvia1_drw has 0 polygons
2026-07-11 19:07:32 +0200: Memory Usage (567840K) : antmetal2_drw has 0 polygons
2026-07-11 19:07:32 +0200: Memory Usage (567840K) : graphcont_drw has 0 polygons
2026-07-11 19:07:32 +0200: Memory Usage (567840K) : siwg_drw has 0 polygons
2026-07-11 19:07:32 +0200: Memory Usage (567840K) : siwg_filler has 0 polygons
2026-07-11 19:07:32 +0200: Memory Usage (567840K) : siwg_nofill has 0 polygons
2026-07-11 19:07:32 +0200: Memory Usage (567840K) : sigrating_drw has 0 polygons
2026-07-11 19:07:32 +0200: Memory Usage (567840K) : singrating_drw has 0 polygons
2026-07-11 19:07:32 +0200: Memory Usage (567840K) : graphpas_drw has 0 polygons
2026-07-11 19:07:32 +0200: Memory Usage (567840K) : emwind3_drw has 0 polygons
2026-07-11 19:07:32 +0200: Memory Usage (567840K) : emwihv3_drw has 0 polygons
2026-07-11 19:07:32 +0200: Memory Usage (567840K) : redbulay_drw has 0 polygons
2026-07-11 19:07:32 +0200: Memory Usage (567840K) : smos_drw has 0 polygons
2026-07-11 19:07:32 +0200: Memory Usage (567840K) : graphpad_drw has 0 polygons
2026-07-11 19:07:32 +0200: Memory Usage (567840K) : polimide_drw has 0 polygons
2026-07-11 19:07:32 +0200: Memory Usage (567840K) : polimide_pin has 0 polygons
2026-07-11 19:07:32 +0200: Memory Usage (567840K) : recog_drw has 0 polygons
2026-07-11 19:07:32 +0200: Memory Usage (567840K) : recog_pin has 0 polygons
2026-07-11 19:07:32 +0200: Memory Usage (567840K) : recog_esd has 0 polygons
2026-07-11 19:07:32 +0200: Memory Usage (567840K) : recog_diode has 0 polygons
2026-07-11 19:07:32 +0200: Memory Usage (567840K) : recog_tsv has 0 polygons
2026-07-11 19:07:32 +0200: Memory Usage (567840K) : recog_iprobe has 0 polygons
2026-07-11 19:07:32 +0200: Memory Usage (567840K) : recog_diffprb has 0 polygons
2026-07-11 19:07:32 +0200: Memory Usage (567840K) : recog_pillar has 0 polygons
2026-07-11 19:07:32 +0200: Memory Usage (567840K) : recog_sbump has 0 polygons
2026-07-11 19:07:32 +0200: Memory Usage (567840K) : recog_otp has 0 polygons
2026-07-11 19:07:32 +0200: Memory Usage (567840K) : recog_pdiode has 0 polygons
2026-07-11 19:07:32 +0200: Memory Usage (567840K) : recog_mom has 1 polygons
2026-07-11 19:07:32 +0200: Memory Usage (567840K) : recog_pcm has 0 polygons
2026-07-11 19:07:32 +0200: Memory Usage (567840K) : colopen_drw has 0 polygons
2026-07-11 19:07:32 +0200: Memory Usage (567840K) : graphmetal1_drw has 0 polygons
2026-07-11 19:07:32 +0200: Memory Usage (567840K) : graphmetal1_filler has 0 polygons
2026-07-11 19:07:32 +0200: Memory Usage (567840K) : graphmetal1_nofill has 0 polygons
2026-07-11 19:07:32 +0200: Memory Usage (567840K) : graphmetal1_slit has 0 polygons
2026-07-11 19:07:32 +0200: Memory Usage (567840K) : graphmetal1_OPC has 0 polygons
2026-07-11 19:07:32 +0200: Memory Usage (567840K) : graphmet1l_drw has 0 polygons
2026-07-11 19:07:32 +0200: Memory Usage (567840K) : graphmet1l_filler has 0 polygons
2026-07-11 19:07:32 +0200: Memory Usage (567840K) : graphmet1l_nofill has 0 polygons
2026-07-11 19:07:32 +0200: Memory Usage (567840K) : graphmet1l_slit has 0 polygons
2026-07-11 19:07:32 +0200: Memory Usage (567840K) : graphmet1l_OPC has 0 polygons
2026-07-11 19:07:32 +0200: Memory Usage (567840K) : extblock_drw has 0 polygons
2026-07-11 19:07:32 +0200: Memory Usage (567840K) : nldd_drw has 0 polygons
2026-07-11 19:07:32 +0200: Memory Usage (567840K) : pldd_drw has 0 polygons
2026-07-11 19:07:32 +0200: Memory Usage (567840K) : next_drw has 0 polygons
2026-07-11 19:07:32 +0200: Memory Usage (567840K) : pext_drw has 0 polygons
2026-07-11 19:07:32 +0200: Memory Usage (567840K) : nexthv_drw has 0 polygons
2026-07-11 19:07:32 +0200: Memory Usage (567840K) : pexthv_drw has 0 polygons
2026-07-11 19:07:32 +0200: Memory Usage (567840K) : graphgate_drw has 0 polygons
2026-07-11 19:07:32 +0200: Memory Usage (567840K) : sinwg_drw has 0 polygons
2026-07-11 19:07:32 +0200: Memory Usage (567840K) : sinwg_filler has 0 polygons
2026-07-11 19:07:32 +0200: Memory Usage (567840K) : sinwg_nofill has 0 polygons
2026-07-11 19:07:32 +0200: Memory Usage (567840K) : mempad_drw has 0 polygons
2026-07-11 19:07:32 +0200: Memory Usage (567840K) : topvia1_drw has 0 polygons
2026-07-11 19:07:32 +0200: Memory Usage (567840K) : topmetal1_drw has 0 polygons
2026-07-11 19:07:32 +0200: Memory Usage (567840K) : topmetal1_filler has 0 polygons
2026-07-11 19:07:32 +0200: Memory Usage (567840K) : topmetal1_slit has 0 polygons
2026-07-11 19:07:32 +0200: Memory Usage (567840K) : topmetal1 has 0 polygons
2026-07-11 19:07:32 +0200: Memory Usage (567840K) : topmetal1_pin has 0 polygons
2026-07-11 19:07:32 +0200: Memory Usage (567840K) : topmetal1_mask has 0 polygons
2026-07-11 19:07:32 +0200: Memory Usage (567840K) : topmetal1_nofill has 0 polygons
2026-07-11 19:07:32 +0200: Memory Usage (567840K) : topmetal1_text has 0 polygons
2026-07-11 19:07:32 +0200: Memory Usage (567840K) : topmetal1_noqrc has 0 polygons
2026-07-11 19:07:32 +0200: Memory Usage (567840K) : topmetal1_res has 0 polygons
2026-07-11 19:07:32 +0200: Memory Usage (567840K) : topmetal1_iprobe has 0 polygons
2026-07-11 19:07:32 +0200: Memory Usage (567840K) : topmetal1_diffprb has 0 polygons
2026-07-11 19:07:32 +0200: Memory Usage (567840K) : inldpwl_drw has 0 polygons
2026-07-11 19:07:32 +0200: Memory Usage (567840K) : polyres_drw has 0 polygons
2026-07-11 19:07:32 +0200: Memory Usage (567840K) : polyres_pin has 0 polygons
2026-07-11 19:07:32 +0200: Memory Usage (567840K) : vmim_drw has 0 polygons
2026-07-11 19:07:32 +0200: Memory Usage (567840K) : nbulaycut_drw has 0 polygons
2026-07-11 19:07:32 +0200: Memory Usage (567840K) : antmetal1_drw has 0 polygons
2026-07-11 19:07:32 +0200: Memory Usage (567840K) : topvia2_drw has 0 polygons
2026-07-11 19:07:32 +0200: Memory Usage (567840K) : topmetal2_drw has 0 polygons
2026-07-11 19:07:32 +0200: Memory Usage (567840K) : topmetal2_filler has 0 polygons
2026-07-11 19:07:32 +0200: Memory Usage (567840K) : topmetal2_slit has 0 polygons
2026-07-11 19:07:32 +0200: Memory Usage (567840K) : topmetal2 has 0 polygons
2026-07-11 19:07:32 +0200: Memory Usage (567840K) : topmetal2_pin has 0 polygons
2026-07-11 19:07:33 +0200: Memory Usage (567840K) : topmetal2_mask has 0 polygons
2026-07-11 19:07:33 +0200: Memory Usage (567840K) : topmetal2_nofill has 0 polygons
2026-07-11 19:07:33 +0200: Memory Usage (567840K) : topmetal2_text has 0 polygons
2026-07-11 19:07:33 +0200: Memory Usage (567840K) : topmetal2_noqrc has 0 polygons
2026-07-11 19:07:33 +0200: Memory Usage (567840K) : topmetal2_res has 0 polygons
2026-07-11 19:07:33 +0200: Memory Usage (567840K) : topmetal2_iprobe has 0 polygons
2026-07-11 19:07:33 +0200: Memory Usage (567840K) : topmetal2_diffprb has 0 polygons
2026-07-11 19:07:33 +0200: Memory Usage (567840K) : snsring_drw has 0 polygons
2026-07-11 19:07:33 +0200: Memory Usage (567840K) : sensor_drw has 0 polygons
2026-07-11 19:07:33 +0200: Memory Usage (567840K) : snsarms_drw has 0 polygons
2026-07-11 19:07:33 +0200: Memory Usage (567840K) : snscmosvia_drw has 0 polygons
2026-07-11 19:07:33 +0200: Memory Usage (567840K) : colwind_drw has 0 polygons
2026-07-11 19:07:33 +0200: Memory Usage (567840K) : flm_drw has 0 polygons
2026-07-11 19:07:33 +0200: Memory Usage (567840K) : hafniumox_drw has 0 polygons
2026-07-11 19:07:33 +0200: Memory Usage (567840K) : memvia_drw has 0 polygons
2026-07-11 19:07:33 +0200: Memory Usage (567840K) : thinfilmres_drw has 0 polygons
2026-07-11 19:07:33 +0200: Memory Usage (567840K) : rfmem_drw has 0 polygons
2026-07-11 19:07:33 +0200: Memory Usage (567840K) : norcx_drw has 0 polygons
2026-07-11 19:07:33 +0200: Memory Usage (567840K) : norcx_m2m3 has 0 polygons
2026-07-11 19:07:33 +0200: Memory Usage (567840K) : norcx_m2m4 has 0 polygons
2026-07-11 19:07:33 +0200: Memory Usage (567840K) : norcx_m2m5 has 0 polygons
2026-07-11 19:07:33 +0200: Memory Usage (567840K) : norcx_m2tm1 has 0 polygons
2026-07-11 19:07:33 +0200: Memory Usage (567840K) : norcx_m2tm2 has 0 polygons
2026-07-11 19:07:33 +0200: Memory Usage (567840K) : norcx_m3m4 has 0 polygons
2026-07-11 19:07:33 +0200: Memory Usage (567840K) : norcx_m3m5 has 0 polygons
2026-07-11 19:07:33 +0200: Memory Usage (567840K) : norcx_m3tm1 has 0 polygons
2026-07-11 19:07:33 +0200: Memory Usage (567840K) : norcx_m3tm2 has 0 polygons
2026-07-11 19:07:33 +0200: Memory Usage (567840K) : norcx_m4m5 has 0 polygons
2026-07-11 19:07:33 +0200: Memory Usage (567840K) : norcx_m4tm1 has 0 polygons
2026-07-11 19:07:33 +0200: Memory Usage (567840K) : norcx_m4tm2 has 0 polygons
2026-07-11 19:07:33 +0200: Memory Usage (567840K) : norcx_m5tm1 has 0 polygons
2026-07-11 19:07:33 +0200: Memory Usage (567840K) : norcx_m5tm2 has 0 polygons
2026-07-11 19:07:33 +0200: Memory Usage (567840K) : norcx_tm1tm2 has 0 polygons
2026-07-11 19:07:33 +0200: Memory Usage (567840K) : norcx_m1sub has 0 polygons
2026-07-11 19:07:33 +0200: Memory Usage (567840K) : norcx_m2sub has 0 polygons
2026-07-11 19:07:33 +0200: Memory Usage (567840K) : norcx_m3sub has 0 polygons
2026-07-11 19:07:33 +0200: Memory Usage (567840K) : norcx_m4sub has 0 polygons
2026-07-11 19:07:33 +0200: Memory Usage (567840K) : norcx_m5sub has 0 polygons
2026-07-11 19:07:33 +0200: Memory Usage (567840K) : norcx_tm1sub has 0 polygons
2026-07-11 19:07:33 +0200: Memory Usage (567840K) : norcx_tm2sub has 0 polygons
2026-07-11 19:07:33 +0200: Memory Usage (567840K) : snsbotvia_drw has 0 polygons
2026-07-11 19:07:33 +0200: Memory Usage (567840K) : snstopvia_drw has 0 polygons
2026-07-11 19:07:33 +0200: Memory Usage (567840K) : deepvia_drw has 0 polygons
2026-07-11 19:07:33 +0200: Memory Usage (567840K) : fgetch_drw has 0 polygons
2026-07-11 19:07:33 +0200: Memory Usage (567840K) : ctrgat_drw has 0 polygons
2026-07-11 19:07:33 +0200: Memory Usage (567840K) : fgimp_drw has 0 polygons
2026-07-11 19:07:33 +0200: Memory Usage (567840K) : emwihv_drw has 0 polygons
2026-07-11 19:07:33 +0200: Memory Usage (567840K) : lbe_drw has 0 polygons
2026-07-11 19:07:33 +0200: Memory Usage (567840K) : alcustop_drw has 0 polygons
2026-07-11 19:07:33 +0200: Memory Usage (567840K) : nometfiller_drw has 0 polygons
2026-07-11 19:07:33 +0200: Memory Usage (567840K) : prboundary_drw has 0 polygons
2026-07-11 19:07:33 +0200: Memory Usage (567840K) : exchange0_drw has 0 polygons
2026-07-11 19:07:33 +0200: Memory Usage (567840K) : exchange0_pin has 0 polygons
2026-07-11 19:07:33 +0200: Memory Usage (567840K) : exchange0_text has 0 polygons
2026-07-11 19:07:33 +0200: Memory Usage (567840K) : exchange1_drw has 0 polygons
2026-07-11 19:07:33 +0200: Memory Usage (567840K) : exchange1_pin has 0 polygons
2026-07-11 19:07:33 +0200: Memory Usage (567840K) : exchange1_text has 0 polygons
2026-07-11 19:07:33 +0200: Memory Usage (567840K) : exchange2_drw has 0 polygons
2026-07-11 19:07:33 +0200: Memory Usage (567840K) : exchange2_pin has 0 polygons
2026-07-11 19:07:33 +0200: Memory Usage (567840K) : exchange2_text has 0 polygons
2026-07-11 19:07:33 +0200: Memory Usage (567840K) : exchange3_drw has 0 polygons
2026-07-11 19:07:33 +0200: Memory Usage (567840K) : exchange3_pin has 0 polygons
2026-07-11 19:07:33 +0200: Memory Usage (567840K) : exchange3_text has 0 polygons
2026-07-11 19:07:33 +0200: Memory Usage (567840K) : exchange4_drw has 0 polygons
2026-07-11 19:07:33 +0200: Memory Usage (567840K) : exchange4_pin has 0 polygons
2026-07-11 19:07:33 +0200: Memory Usage (567840K) : exchange4_text has 0 polygons
2026-07-11 19:07:33 +0200: Memory Usage (567840K) : isonwell_drw has 0 polygons
2026-07-11 19:07:33 +0200: Memory Usage (567840K) : Total no. of polygons in the design is 69184
2026-07-11 19:07:33 +0200: Memory Usage (567840K) : Starting CMOS5L Forbidden Layer Check
2026-07-11 19:07:33 +0200: Memory Usage (567840K) : CMOS5L Forbidden Layer Check: PASSED - No forbidden layers found
2026-07-11 19:07:33 +0200: Memory Usage (567840K) : CMOS5L Forbidden Layer Check: PASSED
2026-07-11 19:07:33 +0200: Memory Usage (567840K) : Starting base layers derivations
2026-07-11 19:07:33 +0200: Memory Usage (567840K) : Starting general LVS derivations
2026-07-11 19:07:33 +0200: Memory Usage (575152K) : Starting MOSFET DERIVATIONS
2026-07-11 19:07:33 +0200: Memory Usage (577456K) : Starting NMOS DERIVATIONS
2026-07-11 19:07:33 +0200: Memory Usage (577712K) : Starting PMOS DERIVATIONS
2026-07-11 19:07:33 +0200: Memory Usage (577968K) : Starting RF-MOSFET DERIVATIONS
2026-07-11 19:07:33 +0200: Memory Usage (577968K) : Starting RF-NMOS DERIVATIONS
2026-07-11 19:07:33 +0200: Memory Usage (578224K) : Starting RF-PMOS DERIVATIONS
2026-07-11 19:07:33 +0200: Memory Usage (578480K) : Starting BJT DERIVATIONS
2026-07-11 19:07:33 +0200: Memory Usage (578480K) : Starting NPN-BJT DERIVATIONS
2026-07-11 19:07:33 +0200: Memory Usage (578992K) : Starting PNP-BJT DERIVATIONS
2026-07-11 19:07:33 +0200: Memory Usage (578992K) : Starting DIODE DERIVATIONS
2026-07-11 19:07:33 +0200: Memory Usage (579632K) : Starting RESISTOR DERIVATIONS
2026-07-11 19:07:33 +0200: Memory Usage (579632K) : Starting CAP DERIVATIONS
2026-07-11 19:07:33 +0200: Memory Usage (579632K) : Starting CAP_MFRINGE DERIVATIONS
2026-07-11 19:07:33 +0200: Memory Usage (580016K) : Starting ESD DERIVATIONS
2026-07-11 19:07:33 +0200: Memory Usage (580016K) : Starting Inductor DERIVATIONS
2026-07-11 19:07:33 +0200: Memory Usage (580016K) : Starting Taps DERIVATIONS
2026-07-11 19:07:33 +0200: Memory Usage (580016K) : Starting SG13G2 LVS connectivity setup
2026-07-11 19:07:33 +0200: Memory Usage (580016K) : Starting SG13G2 LVS connectivity setup (Inter-layer)
2026-07-11 19:07:33 +0200: Memory Usage (580656K) : Starting SG13G2 LVS connectivity setup (Global)
2026-07-11 19:07:33 +0200: Memory Usage (580656K) : Starting LVS MOSFET CONNECTIONS
2026-07-11 19:07:33 +0200: Memory Usage (580656K) : Starting LVS RF-MOSFET CONNECTIONS
2026-07-11 19:07:33 +0200: Memory Usage (580656K) : Starting LVS BJT CONNECTIONS
2026-07-11 19:07:33 +0200: Memory Usage (580656K) : Starting LVS DIODE CONNECTIONS
2026-07-11 19:07:33 +0200: Memory Usage (580656K) : Starting RESISTOR CONNECTIONS
2026-07-11 19:07:33 +0200: Memory Usage (580656K) : Starting LVS CAP CONNECTIONS
2026-07-11 19:07:33 +0200: Memory Usage (580656K) : Starting ESD CONNECTIONS
2026-07-11 19:07:33 +0200: Memory Usage (580656K) : Starting Inductor CONNECTIONS
2026-07-11 19:07:33 +0200: Memory Usage (580656K) : Starting LVS Taps CONNECTIONS
2026-07-11 19:07:33 +0200: Memory Usage (580656K) : Starting CAP_MFRINGE CONNECTIONS
2026-07-11 19:07:33 +0200: Memory Usage (580656K) : Starting SG13CMOS5L LVS DEVICES EXTRACTION
2026-07-11 19:07:33 +0200: Memory Usage (580656K) : Starting MOSFET EXTRACTION
2026-07-11 19:07:33 +0200: Memory Usage (580656K) : Starting NMOS EXTRACTION
2026-07-11 19:07:33 +0200: Memory Usage (580656K) : Extraction of NMOS-LV transistor
2026-07-11 19:07:33 +0200: Memory Usage (581336K) : Extraction of NMOS-HV transistor
2026-07-11 19:07:33 +0200: Memory Usage (581336K) : Starting PMOS EXTRACTION
2026-07-11 19:07:33 +0200: Memory Usage (581336K) : Extraction of PMOS-LV transistor
2026-07-11 19:07:33 +0200: Memory Usage (581336K) : Extraction of PMOS-HV transistor
2026-07-11 19:07:33 +0200: Memory Usage (581336K) : Starting RF-MOSFET EXTRACTION
2026-07-11 19:07:33 +0200: Memory Usage (581336K) : Extraction of RF-NMOS-LV transistor
2026-07-11 19:07:33 +0200: Memory Usage (581336K) : Extraction of RF-NMOS-HV transistor
2026-07-11 19:07:33 +0200: Memory Usage (581336K) : Extraction of RF-PMOS-LV transistor
2026-07-11 19:07:33 +0200: Memory Usage (581336K) : Extraction of RF-PMOS-HV transistor
2026-07-11 19:07:33 +0200: Memory Usage (581336K) : Starting BJT EXTRACTION
2026-07-11 19:07:33 +0200: Memory Usage (581336K) : Starting NPN-BJT EXTRACTION
2026-07-11 19:07:33 +0200: Memory Usage (581336K) : Extraction of npn13G2 BJT transistor
2026-07-11 19:07:33 +0200: Memory Usage (581336K) : Extraction of npn13G2L BJT transistor
2026-07-11 19:07:33 +0200: Memory Usage (581336K) : Extraction of npn13G2V BJT transistor
2026-07-11 19:07:33 +0200: Memory Usage (581336K) : Starting PNP-BJT EXTRACTION
2026-07-11 19:07:33 +0200: Memory Usage (581336K) : Extracting pnpMPA BJT
2026-07-11 19:07:33 +0200: Memory Usage (581464K) : Starting DIODE EXTRACTION
2026-07-11 19:07:33 +0200: Memory Usage (581464K) : Extracting dantenna diode
2026-07-11 19:07:33 +0200: Memory Usage (581464K) : Extracting dpantenna diode
2026-07-11 19:07:33 +0200: Memory Usage (581464K) : Extracting schottky_nbl1 diode
2026-07-11 19:07:33 +0200: Memory Usage (581464K) : Extracting isolbox diode
2026-07-11 19:07:33 +0200: Memory Usage (581464K) : Starting RESISTOR EXTRACTION
2026-07-11 19:07:33 +0200: Memory Usage (581464K) : Extracting rsil resistor
2026-07-11 19:07:33 +0200: Memory Usage (581464K) : Extracting rppd resistor
2026-07-11 19:07:33 +0200: Memory Usage (581592K) : Extracting rhigh resistor
2026-07-11 19:07:33 +0200: Memory Usage (581592K) : Extracting res_metal1 resistor
2026-07-11 19:07:33 +0200: Memory Usage (581592K) : Extracting res_metal2 resistor
2026-07-11 19:07:34 +0200: Memory Usage (585432K) : Extracting res_metal3 resistor
2026-07-11 19:07:34 +0200: Memory Usage (585432K) : Extracting res_metal4 resistor
2026-07-11 19:07:34 +0200: Memory Usage (586456K) : Extracting res_metal5 resistor
2026-07-11 19:07:34 +0200: Memory Usage (586456K) : Extracting res_topmetal1 resistor
2026-07-11 19:07:34 +0200: Memory Usage (586456K) : Extracting res_topmetal2 resistor
2026-07-11 19:07:34 +0200: Memory Usage (586456K) : Starting CAP EXTRACTION
2026-07-11 19:07:34 +0200: Memory Usage (586456K) : Extracting cap_cmim device
2026-07-11 19:07:34 +0200: Memory Usage (586456K) : Extracting rfcmim device
2026-07-11 19:07:34 +0200: Memory Usage (586456K) : Extracting sg13_hv_svaricap varactor
2026-07-11 19:07:34 +0200: Memory Usage (586456K) : Extracting cap_mfringe device
2026-07-11 19:07:34 +0200: Memory Usage (586456K) : Starting ESD EXTRACTION
2026-07-11 19:07:34 +0200: Memory Usage (586456K) : Extracting diodevdd_2kv ESD device
2026-07-11 19:07:34 +0200: Memory Usage (586456K) : Extracting diodevdd_4kv ESD device
2026-07-11 19:07:34 +0200: Memory Usage (586456K) : Extracting diodevss_2kv ESD device
2026-07-11 19:07:34 +0200: Memory Usage (586456K) : Extracting diodevss_4kv ESD device
2026-07-11 19:07:34 +0200: Memory Usage (586456K) : Extracting idiodevdd_2kv ESD device
2026-07-11 19:07:34 +0200: Memory Usage (586456K) : Extracting idiodevdd_4kv ESD device
2026-07-11 19:07:34 +0200: Memory Usage (586456K) : Extracting idiodevss_2kv ESD device
2026-07-11 19:07:34 +0200: Memory Usage (586456K) : Extracting idiodevss_4kv ESD device
2026-07-11 19:07:34 +0200: Memory Usage (586456K) : Extracting nmoscl_2 ESD device
2026-07-11 19:07:34 +0200: Memory Usage (586456K) : Extracting nmoscl_4 ESD device
2026-07-11 19:07:34 +0200: Memory Usage (586456K) : Starting Inductor EXTRACTION
2026-07-11 19:07:34 +0200: Memory Usage (586456K) : Extracting Inductor2 device
2026-07-11 19:07:34 +0200: Memory Usage (586456K) : Extracting Inductor3 device
2026-07-11 19:07:34 +0200: Memory Usage (586456K) : Starting Taps EXTRACTION
2026-07-11 19:07:34 +0200: Memory Usage (586456K) : Extracting ntap1 device
2026-07-11 19:07:34 +0200: Memory Usage (586584K) : Extracting ptap1 device
2026-07-11 19:07:34 +0200: Memory Usage (586584K) : Starting SG13CMOS5L LVS RF MOS Model Mapping
2026-07-11 19:07:35 +0200: Memory Usage (586716K) : [layout_netlist] Apply RF MOS model mapping and rfmode parameter.
2026-07-11 19:07:35 +0200: Memory Usage (586716K) : Starting SG13CMOS5L LVS Options Preparations
2026-07-11 19:07:35 +0200: Memory Usage (586716K) : SG13CMOS5L LVS flow: extraction -> alignment -> option preparation -> comparison.
2026-07-11 19:07:35 +0200: Memory Usage (586716K) : Starting SG13CMOS5L LVS Alignment
