# Logfile created on 2026-07-11 19:07:25 +0200 by logger.rb/v1.5.3
2026-07-11 19:07:25 +0200: Memory Usage (527604K) : Starting running SG13CMOS5L Klayout LVS runset on /foss/designs/adc8b/IHP__MSPHY9932/release/v.1.0.0/gds/MSPHY9932.gds
2026-07-11 19:07:25 +0200: Memory Usage (527604K) : Ruby Version for klayout: 3.2.3
2026-07-11 19:07:25 +0200: Memory Usage (532912K) : Loading database to memory is complete.
2026-07-11 19:07:25 +0200: Memory Usage (532912K) : SG13CMOS5L Klayout LVS runset output at: /foss/designs/adc8b/IHP__MSPHY9932/release/v.1.0.0/lvs/klayout_hier/cmp/MSPHY9932.lvsdb
2026-07-11 19:07:25 +0200: Memory Usage (532912K) : Evaluate switches.
2026-07-11 19:07:25 +0200: Memory Usage (532912K) : Extracted netlist with net names: true
2026-07-11 19:07:25 +0200: Memory Usage (532912K) : Extracted netlist with comments in details: false
2026-07-11 19:07:25 +0200: Memory Usage (532912K) : Selected NET_ONLY option: false
2026-07-11 19:07:25 +0200: Memory Usage (532912K) : Selected LAYOUT_NETLIST option: (none)
2026-07-11 19:07:25 +0200: Memory Usage (532912K) : Selected IGNORE_TOP_PORTS_MISMATCH option: true
2026-07-11 19:07:25 +0200: Memory Usage (532912K) : Selected IMPLICIT_NETS option: (none)
2026-07-11 19:07:25 +0200: Memory Usage (532912K) : Selected TOP_LVL_PINS option: false
2026-07-11 19:07:25 +0200: Memory Usage (532912K) : Selected COMBINE DEVICES option: false
2026-07-11 19:07:25 +0200: Memory Usage (532912K) : Selected PURGE option: false
2026-07-11 19:07:25 +0200: Memory Usage (532912K) : Selected PURGE_NETS option: false
2026-07-11 19:07:25 +0200: Memory Usage (532912K) : Selected SIMPLIFY option: true
2026-07-11 19:07:25 +0200: Memory Usage (532912K) : Selected SERIES_RES option: true
2026-07-11 19:07:25 +0200: Memory Usage (532912K) : Selected PARALLEL_RES option: true
2026-07-11 19:07:25 +0200: Memory Usage (532912K) : flat  mode is enabled.
2026-07-11 19:07:25 +0200: Memory Usage (533680K) : Netlist file: /foss/designs/adc8b/IHP__MSPHY9932/MSPHY9932-main/netlist/pex/cmp_pex_cc.spice
2026-07-11 19:07:25 +0200: Memory Usage (533680K) : LVS extracted netlist at: /foss/designs/adc8b/IHP__MSPHY9932/release/v.1.0.0/lvs/klayout_hier/cmp/MSPHY9932_extracted.cir
2026-07-11 19:07:25 +0200: Memory Usage (533680K) : Applying SRAM integration support.
2026-07-11 19:07:25 +0200: Memory Usage (533680K) : Starting SG13CMOS5L LVS runset
2026-07-11 19:07:25 +0200: Memory Usage (533680K) : Read in polygons from layers.
2026-07-11 19:07:25 +0200: Memory Usage (535016K) : activ_drw has 35 polygons
2026-07-11 19:07:25 +0200: Memory Usage (535144K) : activ_filler has 0 polygons
2026-07-11 19:07:25 +0200: Memory Usage (535272K) : activ has 35 polygons
2026-07-11 19:07:25 +0200: Memory Usage (535400K) : activ_pin has 0 polygons
2026-07-11 19:07:25 +0200: Memory Usage (535528K) : activ_mask has 0 polygons
2026-07-11 19:07:25 +0200: Memory Usage (535656K) : activ_nofill has 0 polygons
2026-07-11 19:07:25 +0200: Memory Usage (535784K) : activ_OPC has 0 polygons
2026-07-11 19:07:25 +0200: Memory Usage (535912K) : activ_iOPC has 0 polygons
2026-07-11 19:07:25 +0200: Memory Usage (536040K) : activ_noqrc has 0 polygons
2026-07-11 19:07:25 +0200: Memory Usage (536168K) : biwind_drw has 0 polygons
2026-07-11 19:07:25 +0200: Memory Usage (536296K) : biwind_OPC has 0 polygons
2026-07-11 19:07:25 +0200: Memory Usage (536424K) : gatpoly_drw has 24 polygons
2026-07-11 19:07:25 +0200: Memory Usage (536680K) : gatpoly_filler has 0 polygons
2026-07-11 19:07:25 +0200: Memory Usage (536680K) : gatpoly has 24 polygons
2026-07-11 19:07:25 +0200: Memory Usage (536808K) : gatpoly_pin has 5 polygons
2026-07-11 19:07:25 +0200: Memory Usage (536936K) : gatpoly_nofill has 0 polygons
2026-07-11 19:07:25 +0200: Memory Usage (537064K) : gatpoly_OPC has 0 polygons
2026-07-11 19:07:25 +0200: Memory Usage (537192K) : gatpoly_iOPC has 0 polygons
2026-07-11 19:07:25 +0200: Memory Usage (537320K) : gatpoly_noqrc has 0 polygons
2026-07-11 19:07:25 +0200: Memory Usage (537448K) : cont_drw has 907 polygons
2026-07-11 19:07:25 +0200: Memory Usage (537704K) : cont_OPC has 0 polygons
2026-07-11 19:07:25 +0200: Memory Usage (537832K) : nsd_drw has 0 polygons
2026-07-11 19:07:25 +0200: Memory Usage (537960K) : nsd_block has 0 polygons
2026-07-11 19:07:25 +0200: Memory Usage (538088K) : metal1_drw has 53 polygons
2026-07-11 19:07:25 +0200: Memory Usage (538216K) : metal1_filler has 0 polygons
2026-07-11 19:07:25 +0200: Memory Usage (538344K) : metal1_slit has 0 polygons
2026-07-11 19:07:25 +0200: Memory Usage (538472K) : metal1 has 53 polygons
2026-07-11 19:07:25 +0200: Memory Usage (538600K) : metal1_pin has 23 polygons
2026-07-11 19:07:25 +0200: Memory Usage (538728K) : metal1_mask has 0 polygons
2026-07-11 19:07:25 +0200: Memory Usage (538856K) : metal1_nofill has 0 polygons
2026-07-11 19:07:25 +0200: Memory Usage (539112K) : metal1_text has 23 polygons
2026-07-11 19:07:25 +0200: Memory Usage (539240K) : metal1_OPC has 0 polygons
2026-07-11 19:07:25 +0200: Memory Usage (539368K) : metal1_noqrc has 0 polygons
2026-07-11 19:07:25 +0200: Memory Usage (539496K) : metal1_res has 0 polygons
2026-07-11 19:07:25 +0200: Memory Usage (539624K) : metal1_iprobe has 0 polygons
2026-07-11 19:07:25 +0200: Memory Usage (539752K) : metal1_diffprb has 0 polygons
2026-07-11 19:07:25 +0200: Memory Usage (539880K) : passiv_drw has 0 polygons
2026-07-11 19:07:25 +0200: Memory Usage (540136K) : passiv_pin has 0 polygons
2026-07-11 19:07:25 +0200: Memory Usage (540264K) : passiv_sbump has 0 polygons
2026-07-11 19:07:25 +0200: Memory Usage (540264K) : passiv_pillar has 0 polygons
2026-07-11 19:07:25 +0200: Memory Usage (540392K) : passiv_pdl has 0 polygons
2026-07-11 19:07:25 +0200: Memory Usage (540648K) : metal2_drw has 38 polygons
2026-07-11 19:07:25 +0200: Memory Usage (540776K) : metal2_filler has 0 polygons
2026-07-11 19:07:25 +0200: Memory Usage (540904K) : metal2_slit has 0 polygons
2026-07-11 19:07:25 +0200: Memory Usage (541032K) : metal2 has 38 polygons
2026-07-11 19:07:25 +0200: Memory Usage (541160K) : metal2_pin has 1 polygons
2026-07-11 19:07:25 +0200: Memory Usage (541288K) : metal2_mask has 0 polygons
2026-07-11 19:07:25 +0200: Memory Usage (541416K) : metal2_nofill has 0 polygons
2026-07-11 19:07:25 +0200: Memory Usage (541544K) : metal2_text has 1 polygons
2026-07-11 19:07:25 +0200: Memory Usage (541672K) : metal2_OPC has 0 polygons
2026-07-11 19:07:25 +0200: Memory Usage (541800K) : metal2_noqrc has 0 polygons
2026-07-11 19:07:25 +0200: Memory Usage (541928K) : metal2_res has 0 polygons
2026-07-11 19:07:25 +0200: Memory Usage (542056K) : metal2_iprobe has 0 polygons
2026-07-11 19:07:25 +0200: Memory Usage (542184K) : metal2_diffprb has 0 polygons
2026-07-11 19:07:25 +0200: Memory Usage (542312K) : baspoly_drw has 0 polygons
2026-07-11 19:07:25 +0200: Memory Usage (542440K) : baspoly_pin has 0 polygons
2026-07-11 19:07:25 +0200: Memory Usage (542568K) : psd_drw has 12 polygons
2026-07-11 19:07:25 +0200: Memory Usage (542696K) : nldb_drw has 0 polygons
2026-07-11 19:07:25 +0200: Memory Usage (542824K) : digibnd_drw has 0 polygons
2026-07-11 19:07:25 +0200: Memory Usage (543080K) : via1_drw has 77 polygons
2026-07-11 19:07:25 +0200: Memory Usage (543208K) : backmetal1_drw has 0 polygons
2026-07-11 19:07:25 +0200: Memory Usage (543336K) : backmetal1_pin has 0 polygons
2026-07-11 19:07:25 +0200: Memory Usage (543464K) : backmetal1_mask has 0 polygons
2026-07-11 19:07:25 +0200: Memory Usage (543592K) : backmetal1_filler has 0 polygons
2026-07-11 19:07:25 +0200: Memory Usage (543592K) : backmetal1_nofill has 0 polygons
2026-07-11 19:07:25 +0200: Memory Usage (543592K) : backmetal1_slit has 0 polygons
2026-07-11 19:07:25 +0200: Memory Usage (543592K) : backmetal1_text has 0 polygons
2026-07-11 19:07:25 +0200: Memory Usage (543720K) : backmetal1_OPC has 0 polygons
2026-07-11 19:07:25 +0200: Memory Usage (543848K) : backmetal1_noqrc has 0 polygons
2026-07-11 19:07:25 +0200: Memory Usage (543976K) : backmetal1_res has 0 polygons
2026-07-11 19:07:25 +0200: Memory Usage (544104K) : backmetal1_iprobe has 0 polygons
2026-07-11 19:07:25 +0200: Memory Usage (544232K) : backmetal1_diffprb has 0 polygons
2026-07-11 19:07:25 +0200: Memory Usage (544488K) : backpassiv_drw has 0 polygons
2026-07-11 19:07:25 +0200: Memory Usage (544616K) : res_drw has 0 polygons
2026-07-11 19:07:25 +0200: Memory Usage (544744K) : sram_drw has 0 polygons
2026-07-11 19:07:25 +0200: Memory Usage (544872K) : trans_drw has 0 polygons
2026-07-11 19:07:25 +0200: Memory Usage (545000K) : ind_drw has 0 polygons
2026-07-11 19:07:25 +0200: Memory Usage (545128K) : ind_pin has 0 polygons
2026-07-11 19:07:25 +0200: Memory Usage (545256K) : ind_text has 0 polygons
2026-07-11 19:07:25 +0200: Memory Usage (545384K) : salblock_drw has 0 polygons
2026-07-11 19:07:25 +0200: Memory Usage (545512K) : via2_drw has 78 polygons
2026-07-11 19:07:25 +0200: Memory Usage (545640K) : metal3_drw has 22 polygons
2026-07-11 19:07:25 +0200: Memory Usage (545768K) : metal3_filler has 0 polygons
2026-07-11 19:07:25 +0200: Memory Usage (545896K) : metal3_slit has 0 polygons
2026-07-11 19:07:25 +0200: Memory Usage (546024K) : metal3 has 22 polygons
2026-07-11 19:07:25 +0200: Memory Usage (546152K) : metal3_pin has 5 polygons
2026-07-11 19:07:25 +0200: Memory Usage (546280K) : metal3_mask has 0 polygons
2026-07-11 19:07:25 +0200: Memory Usage (546408K) : metal3_nofill has 0 polygons
2026-07-11 19:07:25 +0200: Memory Usage (546536K) : metal3_text has 5 polygons
2026-07-11 19:07:25 +0200: Memory Usage (546664K) : metal3_OPC has 0 polygons
2026-07-11 19:07:25 +0200: Memory Usage (546792K) : metal3_noqrc has 0 polygons
2026-07-11 19:07:25 +0200: Memory Usage (546920K) : metal3_res has 0 polygons
2026-07-11 19:07:25 +0200: Memory Usage (547048K) : metal3_iprobe has 0 polygons
2026-07-11 19:07:25 +0200: Memory Usage (547176K) : metal3_diffprb has 0 polygons
2026-07-11 19:07:25 +0200: Memory Usage (547432K) : nwell_drw has 2 polygons
2026-07-11 19:07:25 +0200: Memory Usage (547688K) : nwell_pin has 1 polygons
2026-07-11 19:07:25 +0200: Memory Usage (547688K) : nwell_text has 0 polygons
2026-07-11 19:07:25 +0200: Memory Usage (547816K) : nbulay_drw has 0 polygons
2026-07-11 19:07:25 +0200: Memory Usage (547944K) : nbulay_pin has 0 polygons
2026-07-11 19:07:25 +0200: Memory Usage (548072K) : nbulay_block has 0 polygons
2026-07-11 19:07:25 +0200: Memory Usage (548200K) : emwind_drw has 0 polygons
2026-07-11 19:07:25 +0200: Memory Usage (548328K) : emwind_OPC has 0 polygons
2026-07-11 19:07:25 +0200: Memory Usage (548584K) : deepco_drw has 0 polygons
2026-07-11 19:07:25 +0200: Memory Usage (548712K) : mim_drw has 0 polygons
2026-07-11 19:07:25 +0200: Memory Usage (548840K) : edgeseal_drw has 0 polygons
2026-07-11 19:07:25 +0200: Memory Usage (548968K) : substrate_drw has 10 polygons
2026-07-11 19:07:25 +0200: Memory Usage (548968K) : substrate_text has 0 polygons
2026-07-11 19:07:25 +0200: Memory Usage (549096K) : dfpad_drw has 0 polygons
2026-07-11 19:07:25 +0200: Memory Usage (549352K) : dfpad_pillar has 0 polygons
2026-07-11 19:07:25 +0200: Memory Usage (549480K) : dfpad_sbump has 0 polygons
2026-07-11 19:07:25 +0200: Memory Usage (549608K) : thickgateox_drw has 0 polygons
2026-07-11 19:07:25 +0200: Memory Usage (549736K) : pldb_drw has 0 polygons
2026-07-11 19:07:25 +0200: Memory Usage (549864K) : pwell_drw has 0 polygons
2026-07-11 19:07:25 +0200: Memory Usage (549992K) : pwell_pin has 0 polygons
2026-07-11 19:07:25 +0200: Memory Usage (550120K) : pwell_block has 0 polygons
2026-07-11 19:07:25 +0200: Memory Usage (550376K) : ic_drw has 0 polygons
2026-07-11 19:07:25 +0200: Memory Usage (550504K) : via3_drw has 0 polygons
2026-07-11 19:07:25 +0200: Memory Usage (550632K) : metal4_drw has 0 polygons
2026-07-11 19:07:25 +0200: Memory Usage (550760K) : metal4_filler has 0 polygons
2026-07-11 19:07:25 +0200: Memory Usage (550888K) : metal4_slit has 0 polygons
2026-07-11 19:07:25 +0200: Memory Usage (551016K) : metal4 has 0 polygons
2026-07-11 19:07:25 +0200: Memory Usage (551144K) : metal4_pin has 0 polygons
2026-07-11 19:07:25 +0200: Memory Usage (551272K) : metal4_mask has 0 polygons
2026-07-11 19:07:25 +0200: Memory Usage (551400K) : metal4_nofill has 0 polygons
2026-07-11 19:07:25 +0200: Memory Usage (551400K) : metal4_text has 0 polygons
2026-07-11 19:07:25 +0200: Memory Usage (551528K) : metal4_OPC has 0 polygons
2026-07-11 19:07:25 +0200: Memory Usage (551784K) : metal4_noqrc has 0 polygons
2026-07-11 19:07:25 +0200: Memory Usage (551912K) : metal4_res has 0 polygons
2026-07-11 19:07:25 +0200: Memory Usage (552040K) : metal4_iprobe has 0 polygons
2026-07-11 19:07:25 +0200: Memory Usage (552168K) : metal4_diffprb has 0 polygons
2026-07-11 19:07:25 +0200: Memory Usage (552296K) : heattrans_drw has 24 polygons
2026-07-11 19:07:25 +0200: Memory Usage (552424K) : heatres_drw has 0 polygons
2026-07-11 19:07:25 +0200: Memory Usage (552552K) : fbe_drw has 0 polygons
2026-07-11 19:07:25 +0200: Memory Usage (552808K) : empoly_drw has 0 polygons
2026-07-11 19:07:25 +0200: Memory Usage (552936K) : digisub_drw has 0 polygons
2026-07-11 19:07:25 +0200: Memory Usage (552936K) : text_drw has 24 polygons
2026-07-11 19:07:25 +0200: Memory Usage (553064K) : via4_drw has 0 polygons
2026-07-11 19:07:25 +0200: Memory Usage (553320K) : metal5_drw has 0 polygons
2026-07-11 19:07:25 +0200: Memory Usage (553448K) : metal5_filler has 0 polygons
2026-07-11 19:07:25 +0200: Memory Usage (553576K) : metal5_slit has 0 polygons
2026-07-11 19:07:25 +0200: Memory Usage (553576K) : metal5 has 0 polygons
2026-07-11 19:07:25 +0200: Memory Usage (553576K) : metal5_pin has 0 polygons
2026-07-11 19:07:25 +0200: Memory Usage (553576K) : metal5_mask has 0 polygons
2026-07-11 19:07:25 +0200: Memory Usage (553576K) : metal5_nofill has 0 polygons
2026-07-11 19:07:25 +0200: Memory Usage (553576K) : metal5_text has 0 polygons
2026-07-11 19:07:25 +0200: Memory Usage (553576K) : metal5_OPC has 0 polygons
2026-07-11 19:07:25 +0200: Memory Usage (553576K) : metal5_noqrc has 0 polygons
2026-07-11 19:07:25 +0200: Memory Usage (553576K) : metal5_res has 0 polygons
2026-07-11 19:07:25 +0200: Memory Usage (553576K) : metal5_iprobe has 0 polygons
2026-07-11 19:07:25 +0200: Memory Usage (553576K) : metal5_diffprb has 0 polygons
2026-07-11 19:07:25 +0200: Memory Usage (553576K) : radhard_drw has 0 polygons
2026-07-11 19:07:25 +0200: Memory Usage (553576K) : memcap_drw has 0 polygons
2026-07-11 19:07:25 +0200: Memory Usage (553576K) : varicap_drw has 0 polygons
2026-07-11 19:07:25 +0200: Memory Usage (553576K) : intbondvia_drw has 0 polygons
2026-07-11 19:07:25 +0200: Memory Usage (553576K) : intbondmet_drw has 0 polygons
2026-07-11 19:07:25 +0200: Memory Usage (553576K) : devbondvia_drw has 0 polygons
2026-07-11 19:07:25 +0200: Memory Usage (553576K) : devbondmet_drw has 0 polygons
2026-07-11 19:07:25 +0200: Memory Usage (553576K) : devtrench_drw has 0 polygons
2026-07-11 19:07:25 +0200: Memory Usage (553576K) : redist_drw has 0 polygons
2026-07-11 19:07:25 +0200: Memory Usage (553576K) : graphbot_drw has 0 polygons
2026-07-11 19:07:25 +0200: Memory Usage (553576K) : graphtop_drw has 0 polygons
2026-07-11 19:07:25 +0200: Memory Usage (553576K) : antvia1_drw has 0 polygons
2026-07-11 19:07:25 +0200: Memory Usage (553704K) : antmetal2_drw has 0 polygons
2026-07-11 19:07:25 +0200: Memory Usage (553832K) : graphcont_drw has 0 polygons
2026-07-11 19:07:25 +0200: Memory Usage (553832K) : siwg_drw has 0 polygons
2026-07-11 19:07:25 +0200: Memory Usage (553832K) : siwg_filler has 0 polygons
2026-07-11 19:07:25 +0200: Memory Usage (553832K) : siwg_nofill has 0 polygons
2026-07-11 19:07:25 +0200: Memory Usage (553832K) : sigrating_drw has 0 polygons
2026-07-11 19:07:25 +0200: Memory Usage (553832K) : singrating_drw has 0 polygons
2026-07-11 19:07:25 +0200: Memory Usage (553832K) : graphpas_drw has 0 polygons
2026-07-11 19:07:25 +0200: Memory Usage (553832K) : emwind3_drw has 0 polygons
2026-07-11 19:07:25 +0200: Memory Usage (553832K) : emwihv3_drw has 0 polygons
2026-07-11 19:07:25 +0200: Memory Usage (553832K) : redbulay_drw has 0 polygons
2026-07-11 19:07:25 +0200: Memory Usage (553832K) : smos_drw has 0 polygons
2026-07-11 19:07:25 +0200: Memory Usage (553832K) : graphpad_drw has 0 polygons
2026-07-11 19:07:25 +0200: Memory Usage (553832K) : polimide_drw has 0 polygons
2026-07-11 19:07:25 +0200: Memory Usage (553832K) : polimide_pin has 0 polygons
2026-07-11 19:07:25 +0200: Memory Usage (553832K) : recog_drw has 0 polygons
2026-07-11 19:07:25 +0200: Memory Usage (553832K) : recog_pin has 0 polygons
2026-07-11 19:07:25 +0200: Memory Usage (553832K) : recog_esd has 0 polygons
2026-07-11 19:07:25 +0200: Memory Usage (553832K) : recog_diode has 0 polygons
2026-07-11 19:07:25 +0200: Memory Usage (553832K) : recog_tsv has 0 polygons
2026-07-11 19:07:25 +0200: Memory Usage (553832K) : recog_iprobe has 0 polygons
2026-07-11 19:07:25 +0200: Memory Usage (553832K) : recog_diffprb has 0 polygons
2026-07-11 19:07:25 +0200: Memory Usage (553832K) : recog_pillar has 0 polygons
2026-07-11 19:07:25 +0200: Memory Usage (553832K) : recog_sbump has 0 polygons
2026-07-11 19:07:25 +0200: Memory Usage (553832K) : recog_otp has 0 polygons
2026-07-11 19:07:25 +0200: Memory Usage (553832K) : recog_pdiode has 0 polygons
2026-07-11 19:07:25 +0200: Memory Usage (553832K) : recog_mom has 0 polygons
2026-07-11 19:07:25 +0200: Memory Usage (553832K) : recog_pcm has 0 polygons
2026-07-11 19:07:25 +0200: Memory Usage (553832K) : colopen_drw has 0 polygons
2026-07-11 19:07:25 +0200: Memory Usage (553832K) : graphmetal1_drw has 0 polygons
2026-07-11 19:07:25 +0200: Memory Usage (553832K) : graphmetal1_filler has 0 polygons
2026-07-11 19:07:25 +0200: Memory Usage (553832K) : graphmetal1_nofill has 0 polygons
2026-07-11 19:07:25 +0200: Memory Usage (553832K) : graphmetal1_slit has 0 polygons
2026-07-11 19:07:25 +0200: Memory Usage (553832K) : graphmetal1_OPC has 0 polygons
2026-07-11 19:07:25 +0200: Memory Usage (553832K) : graphmet1l_drw has 0 polygons
2026-07-11 19:07:25 +0200: Memory Usage (553832K) : graphmet1l_filler has 0 polygons
2026-07-11 19:07:25 +0200: Memory Usage (553832K) : graphmet1l_nofill has 0 polygons
2026-07-11 19:07:25 +0200: Memory Usage (553832K) : graphmet1l_slit has 0 polygons
2026-07-11 19:07:25 +0200: Memory Usage (553832K) : graphmet1l_OPC has 0 polygons
2026-07-11 19:07:25 +0200: Memory Usage (553832K) : extblock_drw has 0 polygons
2026-07-11 19:07:25 +0200: Memory Usage (553832K) : nldd_drw has 0 polygons
2026-07-11 19:07:25 +0200: Memory Usage (553832K) : pldd_drw has 0 polygons
2026-07-11 19:07:25 +0200: Memory Usage (553832K) : next_drw has 0 polygons
2026-07-11 19:07:25 +0200: Memory Usage (553832K) : pext_drw has 0 polygons
2026-07-11 19:07:25 +0200: Memory Usage (553832K) : nexthv_drw has 0 polygons
2026-07-11 19:07:25 +0200: Memory Usage (553832K) : pexthv_drw has 0 polygons
2026-07-11 19:07:25 +0200: Memory Usage (553832K) : graphgate_drw has 0 polygons
2026-07-11 19:07:25 +0200: Memory Usage (553832K) : sinwg_drw has 0 polygons
2026-07-11 19:07:25 +0200: Memory Usage (553832K) : sinwg_filler has 0 polygons
2026-07-11 19:07:25 +0200: Memory Usage (553960K) : sinwg_nofill has 0 polygons
2026-07-11 19:07:25 +0200: Memory Usage (554088K) : mempad_drw has 0 polygons
2026-07-11 19:07:25 +0200: Memory Usage (554216K) : topvia1_drw has 0 polygons
2026-07-11 19:07:25 +0200: Memory Usage (554344K) : topmetal1_drw has 0 polygons
2026-07-11 19:07:25 +0200: Memory Usage (554472K) : topmetal1_filler has 0 polygons
2026-07-11 19:07:25 +0200: Memory Usage (554472K) : topmetal1_slit has 0 polygons
2026-07-11 19:07:25 +0200: Memory Usage (554472K) : topmetal1 has 0 polygons
2026-07-11 19:07:25 +0200: Memory Usage (554472K) : topmetal1_pin has 0 polygons
2026-07-11 19:07:25 +0200: Memory Usage (554472K) : topmetal1_mask has 0 polygons
2026-07-11 19:07:25 +0200: Memory Usage (554472K) : topmetal1_nofill has 0 polygons
2026-07-11 19:07:25 +0200: Memory Usage (554472K) : topmetal1_text has 0 polygons
2026-07-11 19:07:25 +0200: Memory Usage (554472K) : topmetal1_noqrc has 0 polygons
2026-07-11 19:07:25 +0200: Memory Usage (554472K) : topmetal1_res has 0 polygons
2026-07-11 19:07:25 +0200: Memory Usage (554472K) : topmetal1_iprobe has 0 polygons
2026-07-11 19:07:25 +0200: Memory Usage (554472K) : topmetal1_diffprb has 0 polygons
2026-07-11 19:07:25 +0200: Memory Usage (554472K) : inldpwl_drw has 0 polygons
2026-07-11 19:07:25 +0200: Memory Usage (554472K) : polyres_drw has 0 polygons
2026-07-11 19:07:25 +0200: Memory Usage (554472K) : polyres_pin has 0 polygons
2026-07-11 19:07:25 +0200: Memory Usage (554472K) : vmim_drw has 0 polygons
2026-07-11 19:07:25 +0200: Memory Usage (554472K) : nbulaycut_drw has 0 polygons
2026-07-11 19:07:25 +0200: Memory Usage (554472K) : antmetal1_drw has 0 polygons
2026-07-11 19:07:25 +0200: Memory Usage (554472K) : topvia2_drw has 0 polygons
2026-07-11 19:07:25 +0200: Memory Usage (554472K) : topmetal2_drw has 0 polygons
2026-07-11 19:07:25 +0200: Memory Usage (554472K) : topmetal2_filler has 0 polygons
2026-07-11 19:07:25 +0200: Memory Usage (554472K) : topmetal2_slit has 0 polygons
2026-07-11 19:07:25 +0200: Memory Usage (554472K) : topmetal2 has 0 polygons
2026-07-11 19:07:25 +0200: Memory Usage (554472K) : topmetal2_pin has 0 polygons
2026-07-11 19:07:25 +0200: Memory Usage (554472K) : topmetal2_mask has 0 polygons
2026-07-11 19:07:25 +0200: Memory Usage (554472K) : topmetal2_nofill has 0 polygons
2026-07-11 19:07:25 +0200: Memory Usage (554472K) : topmetal2_text has 0 polygons
2026-07-11 19:07:25 +0200: Memory Usage (554472K) : topmetal2_noqrc has 0 polygons
2026-07-11 19:07:25 +0200: Memory Usage (554472K) : topmetal2_res has 0 polygons
2026-07-11 19:07:25 +0200: Memory Usage (554472K) : topmetal2_iprobe has 0 polygons
2026-07-11 19:07:25 +0200: Memory Usage (554472K) : topmetal2_diffprb has 0 polygons
2026-07-11 19:07:25 +0200: Memory Usage (554472K) : snsring_drw has 0 polygons
2026-07-11 19:07:25 +0200: Memory Usage (554472K) : sensor_drw has 0 polygons
2026-07-11 19:07:25 +0200: Memory Usage (554472K) : snsarms_drw has 0 polygons
2026-07-11 19:07:25 +0200: Memory Usage (554472K) : snscmosvia_drw has 0 polygons
2026-07-11 19:07:25 +0200: Memory Usage (554472K) : colwind_drw has 0 polygons
2026-07-11 19:07:25 +0200: Memory Usage (554472K) : flm_drw has 0 polygons
2026-07-11 19:07:25 +0200: Memory Usage (554472K) : hafniumox_drw has 0 polygons
2026-07-11 19:07:25 +0200: Memory Usage (554472K) : memvia_drw has 0 polygons
2026-07-11 19:07:25 +0200: Memory Usage (554472K) : thinfilmres_drw has 0 polygons
2026-07-11 19:07:25 +0200: Memory Usage (554472K) : rfmem_drw has 0 polygons
2026-07-11 19:07:25 +0200: Memory Usage (554472K) : norcx_drw has 0 polygons
2026-07-11 19:07:25 +0200: Memory Usage (554472K) : norcx_m2m3 has 0 polygons
2026-07-11 19:07:25 +0200: Memory Usage (554472K) : norcx_m2m4 has 0 polygons
2026-07-11 19:07:25 +0200: Memory Usage (554472K) : norcx_m2m5 has 0 polygons
2026-07-11 19:07:25 +0200: Memory Usage (554472K) : norcx_m2tm1 has 0 polygons
2026-07-11 19:07:25 +0200: Memory Usage (554472K) : norcx_m2tm2 has 0 polygons
2026-07-11 19:07:25 +0200: Memory Usage (554472K) : norcx_m3m4 has 0 polygons
2026-07-11 19:07:25 +0200: Memory Usage (554472K) : norcx_m3m5 has 0 polygons
2026-07-11 19:07:25 +0200: Memory Usage (554472K) : norcx_m3tm1 has 0 polygons
2026-07-11 19:07:25 +0200: Memory Usage (554472K) : norcx_m3tm2 has 0 polygons
2026-07-11 19:07:25 +0200: Memory Usage (554472K) : norcx_m4m5 has 0 polygons
2026-07-11 19:07:25 +0200: Memory Usage (554472K) : norcx_m4tm1 has 0 polygons
2026-07-11 19:07:25 +0200: Memory Usage (554472K) : norcx_m4tm2 has 0 polygons
2026-07-11 19:07:25 +0200: Memory Usage (554472K) : norcx_m5tm1 has 0 polygons
2026-07-11 19:07:25 +0200: Memory Usage (554600K) : norcx_m5tm2 has 0 polygons
2026-07-11 19:07:25 +0200: Memory Usage (554728K) : norcx_tm1tm2 has 0 polygons
2026-07-11 19:07:25 +0200: Memory Usage (554856K) : norcx_m1sub has 0 polygons
2026-07-11 19:07:25 +0200: Memory Usage (554984K) : norcx_m2sub has 0 polygons
2026-07-11 19:07:25 +0200: Memory Usage (555240K) : norcx_m3sub has 0 polygons
2026-07-11 19:07:25 +0200: Memory Usage (555240K) : norcx_m4sub has 0 polygons
2026-07-11 19:07:25 +0200: Memory Usage (555240K) : norcx_m5sub has 0 polygons
2026-07-11 19:07:25 +0200: Memory Usage (555240K) : norcx_tm1sub has 0 polygons
2026-07-11 19:07:25 +0200: Memory Usage (555240K) : norcx_tm2sub has 0 polygons
2026-07-11 19:07:25 +0200: Memory Usage (555240K) : snsbotvia_drw has 0 polygons
2026-07-11 19:07:25 +0200: Memory Usage (555240K) : snstopvia_drw has 0 polygons
2026-07-11 19:07:25 +0200: Memory Usage (555240K) : deepvia_drw has 0 polygons
2026-07-11 19:07:25 +0200: Memory Usage (555240K) : fgetch_drw has 0 polygons
2026-07-11 19:07:25 +0200: Memory Usage (555368K) : ctrgat_drw has 0 polygons
2026-07-11 19:07:25 +0200: Memory Usage (555496K) : fgimp_drw has 0 polygons
2026-07-11 19:07:25 +0200: Memory Usage (555496K) : emwihv_drw has 0 polygons
2026-07-11 19:07:25 +0200: Memory Usage (555624K) : lbe_drw has 0 polygons
2026-07-11 19:07:25 +0200: Memory Usage (555752K) : alcustop_drw has 0 polygons
2026-07-11 19:07:25 +0200: Memory Usage (555880K) : nometfiller_drw has 0 polygons
2026-07-11 19:07:25 +0200: Memory Usage (556136K) : prboundary_drw has 0 polygons
2026-07-11 19:07:25 +0200: Memory Usage (556264K) : exchange0_drw has 0 polygons
2026-07-11 19:07:25 +0200: Memory Usage (556392K) : exchange0_pin has 0 polygons
2026-07-11 19:07:25 +0200: Memory Usage (556392K) : exchange0_text has 0 polygons
2026-07-11 19:07:25 +0200: Memory Usage (556520K) : exchange1_drw has 0 polygons
2026-07-11 19:07:25 +0200: Memory Usage (556648K) : exchange1_pin has 0 polygons
2026-07-11 19:07:25 +0200: Memory Usage (556776K) : exchange1_text has 0 polygons
2026-07-11 19:07:25 +0200: Memory Usage (556904K) : exchange2_drw has 0 polygons
2026-07-11 19:07:25 +0200: Memory Usage (557032K) : exchange2_pin has 0 polygons
2026-07-11 19:07:25 +0200: Memory Usage (557160K) : exchange2_text has 0 polygons
2026-07-11 19:07:25 +0200: Memory Usage (557160K) : exchange3_drw has 0 polygons
2026-07-11 19:07:25 +0200: Memory Usage (557288K) : exchange3_pin has 0 polygons
2026-07-11 19:07:25 +0200: Memory Usage (557416K) : exchange3_text has 0 polygons
2026-07-11 19:07:25 +0200: Memory Usage (557544K) : exchange4_drw has 0 polygons
2026-07-11 19:07:25 +0200: Memory Usage (557672K) : exchange4_pin has 0 polygons
2026-07-11 19:07:25 +0200: Memory Usage (557672K) : exchange4_text has 0 polygons
2026-07-11 19:07:25 +0200: Memory Usage (557800K) : isonwell_drw has 0 polygons
2026-07-11 19:07:25 +0200: Memory Usage (557800K) : Total no. of polygons in the design is 1370
2026-07-11 19:07:25 +0200: Memory Usage (557800K) : Starting CMOS5L Forbidden Layer Check
2026-07-11 19:07:25 +0200: Memory Usage (559080K) : CMOS5L Forbidden Layer Check: PASSED - No forbidden layers found
2026-07-11 19:07:25 +0200: Memory Usage (559080K) : CMOS5L Forbidden Layer Check: PASSED
2026-07-11 19:07:25 +0200: Memory Usage (559080K) : Starting base layers derivations
2026-07-11 19:07:25 +0200: Memory Usage (559080K) : Starting general LVS derivations
2026-07-11 19:07:25 +0200: Memory Usage (560488K) : Starting MOSFET DERIVATIONS
2026-07-11 19:07:25 +0200: Memory Usage (560488K) : Starting NMOS DERIVATIONS
2026-07-11 19:07:25 +0200: Memory Usage (560488K) : Starting PMOS DERIVATIONS
2026-07-11 19:07:25 +0200: Memory Usage (560488K) : Starting RF-MOSFET DERIVATIONS
2026-07-11 19:07:25 +0200: Memory Usage (560488K) : Starting RF-NMOS DERIVATIONS
2026-07-11 19:07:25 +0200: Memory Usage (560488K) : Starting RF-PMOS DERIVATIONS
2026-07-11 19:07:25 +0200: Memory Usage (560488K) : Starting BJT DERIVATIONS
2026-07-11 19:07:25 +0200: Memory Usage (560488K) : Starting NPN-BJT DERIVATIONS
2026-07-11 19:07:25 +0200: Memory Usage (560488K) : Starting PNP-BJT DERIVATIONS
2026-07-11 19:07:25 +0200: Memory Usage (560488K) : Starting DIODE DERIVATIONS
2026-07-11 19:07:25 +0200: Memory Usage (560488K) : Starting RESISTOR DERIVATIONS
2026-07-11 19:07:25 +0200: Memory Usage (560488K) : Starting CAP DERIVATIONS
2026-07-11 19:07:25 +0200: Memory Usage (561000K) : Starting CAP_MFRINGE DERIVATIONS
2026-07-11 19:07:25 +0200: Memory Usage (561000K) : Starting ESD DERIVATIONS
2026-07-11 19:07:25 +0200: Memory Usage (562024K) : Starting Inductor DERIVATIONS
2026-07-11 19:07:25 +0200: Memory Usage (562024K) : Starting Taps DERIVATIONS
2026-07-11 19:07:25 +0200: Memory Usage (562024K) : Starting SG13G2 LVS connectivity setup
2026-07-11 19:07:25 +0200: Memory Usage (562024K) : Starting SG13G2 LVS connectivity setup (Inter-layer)
2026-07-11 19:07:25 +0200: Memory Usage (562536K) : Starting SG13G2 LVS connectivity setup (Global)
2026-07-11 19:07:25 +0200: Memory Usage (562536K) : Starting LVS MOSFET CONNECTIONS
2026-07-11 19:07:25 +0200: Memory Usage (562536K) : Starting LVS RF-MOSFET CONNECTIONS
2026-07-11 19:07:25 +0200: Memory Usage (562536K) : Starting LVS BJT CONNECTIONS
2026-07-11 19:07:25 +0200: Memory Usage (562536K) : Starting LVS DIODE CONNECTIONS
2026-07-11 19:07:25 +0200: Memory Usage (562536K) : Starting RESISTOR CONNECTIONS
2026-07-11 19:07:25 +0200: Memory Usage (562536K) : Starting LVS CAP CONNECTIONS
2026-07-11 19:07:25 +0200: Memory Usage (562536K) : Starting ESD CONNECTIONS
2026-07-11 19:07:25 +0200: Memory Usage (562536K) : Starting Inductor CONNECTIONS
2026-07-11 19:07:25 +0200: Memory Usage (562536K) : Starting LVS Taps CONNECTIONS
2026-07-11 19:07:25 +0200: Memory Usage (562536K) : Starting CAP_MFRINGE CONNECTIONS
2026-07-11 19:07:25 +0200: Memory Usage (562536K) : Starting SG13CMOS5L LVS DEVICES EXTRACTION
2026-07-11 19:07:25 +0200: Memory Usage (562536K) : Starting MOSFET EXTRACTION
2026-07-11 19:07:25 +0200: Memory Usage (562536K) : Starting NMOS EXTRACTION
2026-07-11 19:07:25 +0200: Memory Usage (562536K) : Extraction of NMOS-LV transistor
2026-07-11 19:07:25 +0200: Memory Usage (563048K) : Extraction of NMOS-HV transistor
2026-07-11 19:07:25 +0200: Memory Usage (563048K) : Starting PMOS EXTRACTION
2026-07-11 19:07:25 +0200: Memory Usage (563048K) : Extraction of PMOS-LV transistor
2026-07-11 19:07:25 +0200: Memory Usage (563048K) : Extraction of PMOS-HV transistor
2026-07-11 19:07:25 +0200: Memory Usage (563048K) : Starting RF-MOSFET EXTRACTION
2026-07-11 19:07:25 +0200: Memory Usage (563048K) : Extraction of RF-NMOS-LV transistor
2026-07-11 19:07:25 +0200: Memory Usage (563048K) : Extraction of RF-NMOS-HV transistor
2026-07-11 19:07:25 +0200: Memory Usage (563048K) : Extraction of RF-PMOS-LV transistor
2026-07-11 19:07:25 +0200: Memory Usage (563048K) : Extraction of RF-PMOS-HV transistor
2026-07-11 19:07:25 +0200: Memory Usage (563048K) : Starting BJT EXTRACTION
2026-07-11 19:07:25 +0200: Memory Usage (563048K) : Starting NPN-BJT EXTRACTION
2026-07-11 19:07:25 +0200: Memory Usage (563048K) : Extraction of npn13G2 BJT transistor
2026-07-11 19:07:25 +0200: Memory Usage (563048K) : Extraction of npn13G2L BJT transistor
2026-07-11 19:07:25 +0200: Memory Usage (563048K) : Extraction of npn13G2V BJT transistor
2026-07-11 19:07:25 +0200: Memory Usage (563048K) : Starting PNP-BJT EXTRACTION
2026-07-11 19:07:25 +0200: Memory Usage (563048K) : Extracting pnpMPA BJT
2026-07-11 19:07:25 +0200: Memory Usage (563048K) : Starting DIODE EXTRACTION
2026-07-11 19:07:25 +0200: Memory Usage (563048K) : Extracting dantenna diode
2026-07-11 19:07:25 +0200: Memory Usage (563048K) : Extracting dpantenna diode
2026-07-11 19:07:25 +0200: Memory Usage (563048K) : Extracting schottky_nbl1 diode
2026-07-11 19:07:25 +0200: Memory Usage (563048K) : Extracting isolbox diode
2026-07-11 19:07:25 +0200: Memory Usage (563048K) : Starting RESISTOR EXTRACTION
2026-07-11 19:07:25 +0200: Memory Usage (563048K) : Extracting rsil resistor
2026-07-11 19:07:25 +0200: Memory Usage (563048K) : Extracting rppd resistor
2026-07-11 19:07:25 +0200: Memory Usage (563048K) : Extracting rhigh resistor
2026-07-11 19:07:25 +0200: Memory Usage (563048K) : Extracting res_metal1 resistor
2026-07-11 19:07:25 +0200: Memory Usage (563048K) : Extracting res_metal2 resistor
2026-07-11 19:07:25 +0200: Memory Usage (563048K) : Extracting res_metal3 resistor
2026-07-11 19:07:25 +0200: Memory Usage (563048K) : Extracting res_metal4 resistor
2026-07-11 19:07:25 +0200: Memory Usage (563048K) : Extracting res_metal5 resistor
2026-07-11 19:07:25 +0200: Memory Usage (563048K) : Extracting res_topmetal1 resistor
2026-07-11 19:07:25 +0200: Memory Usage (563048K) : Extracting res_topmetal2 resistor
2026-07-11 19:07:25 +0200: Memory Usage (563048K) : Starting CAP EXTRACTION
2026-07-11 19:07:25 +0200: Memory Usage (563048K) : Extracting cap_cmim device
2026-07-11 19:07:25 +0200: Memory Usage (563048K) : Extracting rfcmim device
2026-07-11 19:07:25 +0200: Memory Usage (563048K) : Extracting sg13_hv_svaricap varactor
2026-07-11 19:07:25 +0200: Memory Usage (563048K) : Extracting cap_mfringe device
2026-07-11 19:07:25 +0200: Memory Usage (563048K) : Starting ESD EXTRACTION
2026-07-11 19:07:25 +0200: Memory Usage (563048K) : Extracting diodevdd_2kv ESD device
2026-07-11 19:07:25 +0200: Memory Usage (563048K) : Extracting diodevdd_4kv ESD device
2026-07-11 19:07:25 +0200: Memory Usage (563048K) : Extracting diodevss_2kv ESD device
2026-07-11 19:07:25 +0200: Memory Usage (563048K) : Extracting diodevss_4kv ESD device
2026-07-11 19:07:25 +0200: Memory Usage (563048K) : Extracting idiodevdd_2kv ESD device
2026-07-11 19:07:25 +0200: Memory Usage (563048K) : Extracting idiodevdd_4kv ESD device
2026-07-11 19:07:25 +0200: Memory Usage (563048K) : Extracting idiodevss_2kv ESD device
2026-07-11 19:07:25 +0200: Memory Usage (563048K) : Extracting idiodevss_4kv ESD device
2026-07-11 19:07:25 +0200: Memory Usage (563048K) : Extracting nmoscl_2 ESD device
2026-07-11 19:07:25 +0200: Memory Usage (563048K) : Extracting nmoscl_4 ESD device
2026-07-11 19:07:25 +0200: Memory Usage (563048K) : Starting Inductor EXTRACTION
2026-07-11 19:07:25 +0200: Memory Usage (563048K) : Extracting Inductor2 device
2026-07-11 19:07:25 +0200: Memory Usage (563048K) : Extracting Inductor3 device
2026-07-11 19:07:25 +0200: Memory Usage (563048K) : Starting Taps EXTRACTION
2026-07-11 19:07:25 +0200: Memory Usage (563048K) : Extracting ntap1 device
2026-07-11 19:07:25 +0200: Memory Usage (563048K) : Extracting ptap1 device
2026-07-11 19:07:25 +0200: Memory Usage (563048K) : Starting SG13CMOS5L LVS RF MOS Model Mapping
2026-07-11 19:07:25 +0200: Memory Usage (563048K) : [layout_netlist] Apply RF MOS model mapping and rfmode parameter.
2026-07-11 19:07:25 +0200: Memory Usage (563048K) : Starting SG13CMOS5L LVS Options Preparations
2026-07-11 19:07:25 +0200: Memory Usage (563048K) : SG13CMOS5L LVS flow: extraction -> alignment -> option preparation -> comparison.
2026-07-11 19:07:25 +0200: Memory Usage (563048K) : Starting SG13CMOS5L LVS Alignment
