# Logfile created on 2026-07-11 19:03:44 +0200 by logger.rb/v1.5.3
2026-07-11 19:03:44 +0200: Memory Usage (527532K) : Starting running SG13CMOS5L Klayout LVS runset on /foss/designs/adc8b/IHP__MSPHY9932/release/v.1.0.0/gds/MSPHY9932.gds
2026-07-11 19:03:44 +0200: Memory Usage (527532K) : Ruby Version for klayout: 3.2.3
2026-07-11 19:03:44 +0200: Memory Usage (531500K) : Loading database to memory is complete.
2026-07-11 19:03:44 +0200: Memory Usage (531500K) : SG13CMOS5L Klayout LVS runset output at: /foss/designs/adc8b/IHP__MSPHY9932/release/v.1.0.0/lvs/klayout_net/MSPHY9932.lvsdb
2026-07-11 19:03:44 +0200: Memory Usage (531500K) : Evaluate switches.
2026-07-11 19:03:44 +0200: Memory Usage (531500K) : Extracted netlist with net names: true
2026-07-11 19:03:44 +0200: Memory Usage (531500K) : Extracted netlist with comments in details: false
2026-07-11 19:03:44 +0200: Memory Usage (531500K) : Selected NET_ONLY option: true
2026-07-11 19:03:44 +0200: Memory Usage (531500K) : Selected LAYOUT_NETLIST option: (none)
2026-07-11 19:03:44 +0200: Memory Usage (531500K) : Selected IGNORE_TOP_PORTS_MISMATCH option: 
2026-07-11 19:03:44 +0200: Memory Usage (531500K) : Selected IMPLICIT_NETS option: (none)
2026-07-11 19:03:44 +0200: Memory Usage (531500K) : Selected TOP_LVL_PINS option: false
2026-07-11 19:03:44 +0200: Memory Usage (531500K) : Selected COMBINE DEVICES option: false
2026-07-11 19:03:44 +0200: Memory Usage (531500K) : Selected PURGE option: false
2026-07-11 19:03:44 +0200: Memory Usage (531500K) : Selected PURGE_NETS option: false
2026-07-11 19:03:44 +0200: Memory Usage (531500K) : Selected SIMPLIFY option: true
2026-07-11 19:03:44 +0200: Memory Usage (531500K) : Selected SERIES_RES option: true
2026-07-11 19:03:44 +0200: Memory Usage (531500K) : Selected PARALLEL_RES option: true
2026-07-11 19:03:44 +0200: Memory Usage (531500K) : flat  mode is enabled.
2026-07-11 19:03:44 +0200: Memory Usage (531628K) : LVS extracted netlist at: /foss/designs/adc8b/IHP__MSPHY9932/release/v.1.0.0/lvs/klayout_net/MSPHY9932_extracted.cir
2026-07-11 19:03:44 +0200: Memory Usage (531628K) : Applying SRAM integration support.
2026-07-11 19:03:44 +0200: Memory Usage (531756K) : Starting SG13CMOS5L LVS runset
2026-07-11 19:03:44 +0200: Memory Usage (531756K) : Read in polygons from layers.
2026-07-11 19:03:44 +0200: Memory Usage (533932K) : activ_drw has 1433 polygons
2026-07-11 19:03:44 +0200: Memory Usage (540076K) : activ_filler has 23127 polygons
2026-07-11 19:03:44 +0200: Memory Usage (540076K) : activ has 24560 polygons
2026-07-11 19:03:44 +0200: Memory Usage (540076K) : activ_pin has 0 polygons
2026-07-11 19:03:44 +0200: Memory Usage (540076K) : activ_mask has 0 polygons
2026-07-11 19:03:44 +0200: Memory Usage (540076K) : activ_nofill has 0 polygons
2026-07-11 19:03:44 +0200: Memory Usage (540076K) : activ_OPC has 0 polygons
2026-07-11 19:03:44 +0200: Memory Usage (540076K) : activ_iOPC has 0 polygons
2026-07-11 19:03:44 +0200: Memory Usage (540076K) : activ_noqrc has 0 polygons
2026-07-11 19:03:44 +0200: Memory Usage (540076K) : biwind_drw has 0 polygons
2026-07-11 19:03:44 +0200: Memory Usage (540076K) : biwind_OPC has 0 polygons
2026-07-11 19:03:44 +0200: Memory Usage (540460K) : gatpoly_drw has 2217 polygons
2026-07-11 19:03:45 +0200: Memory Usage (546348K) : gatpoly_filler has 23127 polygons
2026-07-11 19:03:45 +0200: Memory Usage (546348K) : gatpoly has 25344 polygons
2026-07-11 19:03:45 +0200: Memory Usage (546348K) : gatpoly_pin has 65 polygons
2026-07-11 19:03:45 +0200: Memory Usage (546348K) : gatpoly_nofill has 0 polygons
2026-07-11 19:03:45 +0200: Memory Usage (546476K) : gatpoly_OPC has 0 polygons
2026-07-11 19:03:45 +0200: Memory Usage (546476K) : gatpoly_iOPC has 0 polygons
2026-07-11 19:03:45 +0200: Memory Usage (546476K) : gatpoly_noqrc has 0 polygons
2026-07-11 19:03:48 +0200: Memory Usage (754080K) : cont_drw has 1637230 polygons
2026-07-11 19:03:48 +0200: Memory Usage (754080K) : cont_OPC has 0 polygons
2026-07-11 19:03:48 +0200: Memory Usage (754080K) : nsd_drw has 0 polygons
2026-07-11 19:03:48 +0200: Memory Usage (754080K) : nsd_block has 0 polygons
2026-07-11 19:03:48 +0200: Memory Usage (754080K) : metal1_drw has 4123 polygons
2026-07-11 19:03:48 +0200: Memory Usage (754080K) : metal1_filler has 27923 polygons
2026-07-11 19:03:48 +0200: Memory Usage (754080K) : metal1_slit has 0 polygons
2026-07-11 19:03:48 +0200: Memory Usage (754080K) : metal1 has 32046 polygons
2026-07-11 19:03:48 +0200: Memory Usage (754080K) : metal1_pin has 9603 polygons
2026-07-11 19:03:48 +0200: Memory Usage (754080K) : metal1_mask has 0 polygons
2026-07-11 19:03:48 +0200: Memory Usage (754080K) : metal1_nofill has 0 polygons
2026-07-11 19:03:48 +0200: Memory Usage (754268K) : metal1_text has 10091 polygons
2026-07-11 19:03:48 +0200: Memory Usage (754268K) : metal1_OPC has 0 polygons
2026-07-11 19:03:48 +0200: Memory Usage (754268K) : metal1_noqrc has 0 polygons
2026-07-11 19:03:48 +0200: Memory Usage (754268K) : metal1_res has 0 polygons
2026-07-11 19:03:48 +0200: Memory Usage (754268K) : metal1_iprobe has 0 polygons
2026-07-11 19:03:48 +0200: Memory Usage (754268K) : metal1_diffprb has 0 polygons
2026-07-11 19:03:48 +0200: Memory Usage (754268K) : passiv_drw has 21 polygons
2026-07-11 19:03:48 +0200: Memory Usage (754268K) : passiv_pin has 0 polygons
2026-07-11 19:03:48 +0200: Memory Usage (754268K) : passiv_sbump has 0 polygons
2026-07-11 19:03:48 +0200: Memory Usage (754268K) : passiv_pillar has 0 polygons
2026-07-11 19:03:48 +0200: Memory Usage (754268K) : passiv_pdl has 0 polygons
2026-07-11 19:03:49 +0200: Memory Usage (760028K) : metal2_drw has 10252 polygons
2026-07-11 19:03:49 +0200: Memory Usage (760028K) : metal2_filler has 30369 polygons
2026-07-11 19:03:49 +0200: Memory Usage (760028K) : metal2_slit has 0 polygons
2026-07-11 19:03:49 +0200: Memory Usage (760028K) : metal2 has 40621 polygons
2026-07-11 19:03:49 +0200: Memory Usage (760028K) : metal2_pin has 619 polygons
2026-07-11 19:03:49 +0200: Memory Usage (760028K) : metal2_mask has 0 polygons
2026-07-11 19:03:49 +0200: Memory Usage (760028K) : metal2_nofill has 0 polygons
2026-07-11 19:03:49 +0200: Memory Usage (760028K) : metal2_text has 642 polygons
2026-07-11 19:03:49 +0200: Memory Usage (760028K) : metal2_OPC has 0 polygons
2026-07-11 19:03:49 +0200: Memory Usage (760028K) : metal2_noqrc has 0 polygons
2026-07-11 19:03:49 +0200: Memory Usage (760028K) : metal2_res has 0 polygons
2026-07-11 19:03:49 +0200: Memory Usage (760028K) : metal2_iprobe has 0 polygons
2026-07-11 19:03:49 +0200: Memory Usage (760028K) : metal2_diffprb has 0 polygons
2026-07-11 19:03:49 +0200: Memory Usage (760028K) : baspoly_drw has 0 polygons
2026-07-11 19:03:49 +0200: Memory Usage (760028K) : baspoly_pin has 0 polygons
2026-07-11 19:03:49 +0200: Memory Usage (760028K) : psd_drw has 274 polygons
2026-07-11 19:03:49 +0200: Memory Usage (760028K) : nldb_drw has 0 polygons
2026-07-11 19:03:49 +0200: Memory Usage (760028K) : digibnd_drw has 0 polygons
2026-07-11 19:03:49 +0200: Memory Usage (760028K) : via1_drw has 61248 polygons
2026-07-11 19:03:49 +0200: Memory Usage (760028K) : backmetal1_drw has 0 polygons
2026-07-11 19:03:49 +0200: Memory Usage (760028K) : backmetal1_pin has 0 polygons
2026-07-11 19:03:49 +0200: Memory Usage (760028K) : backmetal1_mask has 0 polygons
2026-07-11 19:03:49 +0200: Memory Usage (760028K) : backmetal1_filler has 0 polygons
2026-07-11 19:03:49 +0200: Memory Usage (760028K) : backmetal1_nofill has 0 polygons
2026-07-11 19:03:49 +0200: Memory Usage (760028K) : backmetal1_slit has 0 polygons
2026-07-11 19:03:49 +0200: Memory Usage (760028K) : backmetal1_text has 0 polygons
2026-07-11 19:03:49 +0200: Memory Usage (760028K) : backmetal1_OPC has 0 polygons
2026-07-11 19:03:49 +0200: Memory Usage (760028K) : backmetal1_noqrc has 0 polygons
2026-07-11 19:03:49 +0200: Memory Usage (760028K) : backmetal1_res has 0 polygons
2026-07-11 19:03:49 +0200: Memory Usage (760028K) : backmetal1_iprobe has 0 polygons
2026-07-11 19:03:49 +0200: Memory Usage (760028K) : backmetal1_diffprb has 0 polygons
2026-07-11 19:03:49 +0200: Memory Usage (760028K) : backpassiv_drw has 0 polygons
2026-07-11 19:03:49 +0200: Memory Usage (760028K) : res_drw has 0 polygons
2026-07-11 19:03:49 +0200: Memory Usage (760028K) : sram_drw has 0 polygons
2026-07-11 19:03:49 +0200: Memory Usage (760028K) : trans_drw has 0 polygons
2026-07-11 19:03:49 +0200: Memory Usage (760028K) : ind_drw has 0 polygons
2026-07-11 19:03:49 +0200: Memory Usage (760028K) : ind_pin has 0 polygons
2026-07-11 19:03:49 +0200: Memory Usage (760028K) : ind_text has 0 polygons
2026-07-11 19:03:49 +0200: Memory Usage (760028K) : salblock_drw has 55 polygons
2026-07-11 19:03:49 +0200: Memory Usage (771460K) : via2_drw has 146054 polygons
2026-07-11 19:03:50 +0200: Memory Usage (792708K) : metal3_drw has 8773 polygons
2026-07-11 19:03:50 +0200: Memory Usage (792708K) : metal3_filler has 13932 polygons
2026-07-11 19:03:50 +0200: Memory Usage (792708K) : metal3_slit has 0 polygons
2026-07-11 19:03:50 +0200: Memory Usage (792708K) : metal3 has 22705 polygons
2026-07-11 19:03:50 +0200: Memory Usage (792708K) : metal3_pin has 169 polygons
2026-07-11 19:03:50 +0200: Memory Usage (792708K) : metal3_mask has 0 polygons
2026-07-11 19:03:50 +0200: Memory Usage (792708K) : metal3_nofill has 0 polygons
2026-07-11 19:03:50 +0200: Memory Usage (792708K) : metal3_text has 342 polygons
2026-07-11 19:03:50 +0200: Memory Usage (792708K) : metal3_OPC has 0 polygons
2026-07-11 19:03:50 +0200: Memory Usage (792708K) : metal3_noqrc has 0 polygons
2026-07-11 19:03:50 +0200: Memory Usage (792708K) : metal3_res has 0 polygons
2026-07-11 19:03:50 +0200: Memory Usage (792708K) : metal3_iprobe has 0 polygons
2026-07-11 19:03:50 +0200: Memory Usage (792708K) : metal3_diffprb has 0 polygons
2026-07-11 19:03:50 +0200: Memory Usage (792708K) : nwell_drw has 69 polygons
2026-07-11 19:03:50 +0200: Memory Usage (792708K) : nwell_pin has 1 polygons
2026-07-11 19:03:50 +0200: Memory Usage (792708K) : nwell_text has 0 polygons
2026-07-11 19:03:50 +0200: Memory Usage (792708K) : nbulay_drw has 0 polygons
2026-07-11 19:03:50 +0200: Memory Usage (792708K) : nbulay_pin has 0 polygons
2026-07-11 19:03:50 +0200: Memory Usage (792708K) : nbulay_block has 0 polygons
2026-07-11 19:03:50 +0200: Memory Usage (792708K) : emwind_drw has 0 polygons
2026-07-11 19:03:50 +0200: Memory Usage (792708K) : emwind_OPC has 0 polygons
2026-07-11 19:03:50 +0200: Memory Usage (792708K) : deepco_drw has 0 polygons
2026-07-11 19:03:50 +0200: Memory Usage (792708K) : mim_drw has 0 polygons
2026-07-11 19:03:50 +0200: Memory Usage (792708K) : edgeseal_drw has 1 polygons
2026-07-11 19:03:50 +0200: Memory Usage (792708K) : substrate_drw has 209 polygons
2026-07-11 19:03:50 +0200: Memory Usage (792708K) : substrate_text has 0 polygons
2026-07-11 19:03:50 +0200: Memory Usage (792708K) : dfpad_drw has 20 polygons
2026-07-11 19:03:50 +0200: Memory Usage (792708K) : dfpad_pillar has 0 polygons
2026-07-11 19:03:50 +0200: Memory Usage (792708K) : dfpad_sbump has 0 polygons
2026-07-11 19:03:50 +0200: Memory Usage (792708K) : thickgateox_drw has 39 polygons
2026-07-11 19:03:50 +0200: Memory Usage (792708K) : pldb_drw has 0 polygons
2026-07-11 19:03:50 +0200: Memory Usage (792708K) : pwell_drw has 0 polygons
2026-07-11 19:03:50 +0200: Memory Usage (792708K) : pwell_pin has 0 polygons
2026-07-11 19:03:50 +0200: Memory Usage (792708K) : pwell_block has 6 polygons
2026-07-11 19:03:50 +0200: Memory Usage (792708K) : ic_drw has 0 polygons
2026-07-11 19:03:50 +0200: Memory Usage (811780K) : via3_drw has 141630 polygons
2026-07-11 19:03:51 +0200: Memory Usage (817284K) : metal4_drw has 8293 polygons
2026-07-11 19:03:51 +0200: Memory Usage (817284K) : metal4_filler has 14002 polygons
2026-07-11 19:03:51 +0200: Memory Usage (817284K) : metal4_slit has 0 polygons
2026-07-11 19:03:51 +0200: Memory Usage (817284K) : metal4 has 22295 polygons
2026-07-11 19:03:51 +0200: Memory Usage (817284K) : metal4_pin has 8262 polygons
2026-07-11 19:03:51 +0200: Memory Usage (817284K) : metal4_mask has 0 polygons
2026-07-11 19:03:51 +0200: Memory Usage (817284K) : metal4_nofill has 0 polygons
2026-07-11 19:03:51 +0200: Memory Usage (817284K) : metal4_text has 8424 polygons
2026-07-11 19:03:51 +0200: Memory Usage (817284K) : metal4_OPC has 0 polygons
2026-07-11 19:03:51 +0200: Memory Usage (817284K) : metal4_noqrc has 0 polygons
2026-07-11 19:03:51 +0200: Memory Usage (817284K) : metal4_res has 0 polygons
2026-07-11 19:03:51 +0200: Memory Usage (817284K) : metal4_iprobe has 0 polygons
2026-07-11 19:03:51 +0200: Memory Usage (817284K) : metal4_diffprb has 0 polygons
2026-07-11 19:03:51 +0200: Memory Usage (817284K) : heattrans_drw has 856 polygons
2026-07-11 19:03:51 +0200: Memory Usage (817284K) : heatres_drw has 36 polygons
2026-07-11 19:03:51 +0200: Memory Usage (817284K) : fbe_drw has 0 polygons
2026-07-11 19:03:51 +0200: Memory Usage (817284K) : empoly_drw has 0 polygons
2026-07-11 19:03:51 +0200: Memory Usage (817284K) : digisub_drw has 0 polygons
2026-07-11 19:03:51 +0200: Memory Usage (817284K) : text_drw has 607 polygons
2026-07-11 19:03:51 +0200: Memory Usage (817284K) : via4_drw has 0 polygons
2026-07-11 19:03:51 +0200: Memory Usage (817284K) : metal5_drw has 0 polygons
2026-07-11 19:03:51 +0200: Memory Usage (817284K) : metal5_filler has 0 polygons
2026-07-11 19:03:51 +0200: Memory Usage (817284K) : metal5_slit has 0 polygons
2026-07-11 19:03:51 +0200: Memory Usage (817284K) : metal5 has 0 polygons
2026-07-11 19:03:51 +0200: Memory Usage (817284K) : metal5_pin has 0 polygons
2026-07-11 19:03:51 +0200: Memory Usage (817284K) : metal5_mask has 0 polygons
2026-07-11 19:03:51 +0200: Memory Usage (817284K) : metal5_nofill has 0 polygons
2026-07-11 19:03:51 +0200: Memory Usage (817284K) : metal5_text has 0 polygons
2026-07-11 19:03:51 +0200: Memory Usage (817284K) : metal5_OPC has 0 polygons
2026-07-11 19:03:51 +0200: Memory Usage (817284K) : metal5_noqrc has 0 polygons
2026-07-11 19:03:51 +0200: Memory Usage (817284K) : metal5_res has 0 polygons
2026-07-11 19:03:51 +0200: Memory Usage (817284K) : metal5_iprobe has 0 polygons
2026-07-11 19:03:51 +0200: Memory Usage (817284K) : metal5_diffprb has 0 polygons
2026-07-11 19:03:51 +0200: Memory Usage (817284K) : radhard_drw has 0 polygons
2026-07-11 19:03:51 +0200: Memory Usage (817284K) : memcap_drw has 0 polygons
2026-07-11 19:03:51 +0200: Memory Usage (817284K) : varicap_drw has 0 polygons
2026-07-11 19:03:51 +0200: Memory Usage (817284K) : intbondvia_drw has 0 polygons
2026-07-11 19:03:51 +0200: Memory Usage (817284K) : intbondmet_drw has 0 polygons
2026-07-11 19:03:51 +0200: Memory Usage (817284K) : devbondvia_drw has 0 polygons
2026-07-11 19:03:51 +0200: Memory Usage (817284K) : devbondmet_drw has 0 polygons
2026-07-11 19:03:51 +0200: Memory Usage (817284K) : devtrench_drw has 0 polygons
2026-07-11 19:03:51 +0200: Memory Usage (817284K) : redist_drw has 0 polygons
2026-07-11 19:03:51 +0200: Memory Usage (817284K) : graphbot_drw has 0 polygons
2026-07-11 19:03:51 +0200: Memory Usage (817284K) : graphtop_drw has 0 polygons
2026-07-11 19:03:51 +0200: Memory Usage (817284K) : antvia1_drw has 0 polygons
2026-07-11 19:03:51 +0200: Memory Usage (817284K) : antmetal2_drw has 0 polygons
2026-07-11 19:03:51 +0200: Memory Usage (817284K) : graphcont_drw has 0 polygons
2026-07-11 19:03:51 +0200: Memory Usage (817284K) : siwg_drw has 0 polygons
2026-07-11 19:03:51 +0200: Memory Usage (817284K) : siwg_filler has 0 polygons
2026-07-11 19:03:51 +0200: Memory Usage (817284K) : siwg_nofill has 0 polygons
2026-07-11 19:03:51 +0200: Memory Usage (817284K) : sigrating_drw has 0 polygons
2026-07-11 19:03:51 +0200: Memory Usage (817284K) : singrating_drw has 0 polygons
2026-07-11 19:03:51 +0200: Memory Usage (817284K) : graphpas_drw has 0 polygons
2026-07-11 19:03:51 +0200: Memory Usage (817284K) : emwind3_drw has 0 polygons
2026-07-11 19:03:51 +0200: Memory Usage (817284K) : emwihv3_drw has 0 polygons
2026-07-11 19:03:51 +0200: Memory Usage (817284K) : redbulay_drw has 0 polygons
2026-07-11 19:03:51 +0200: Memory Usage (817284K) : smos_drw has 0 polygons
2026-07-11 19:03:51 +0200: Memory Usage (817284K) : graphpad_drw has 0 polygons
2026-07-11 19:03:51 +0200: Memory Usage (817284K) : polimide_drw has 0 polygons
2026-07-11 19:03:51 +0200: Memory Usage (817284K) : polimide_pin has 0 polygons
2026-07-11 19:03:51 +0200: Memory Usage (817284K) : recog_drw has 0 polygons
2026-07-11 19:03:51 +0200: Memory Usage (817284K) : recog_pin has 0 polygons
2026-07-11 19:03:51 +0200: Memory Usage (817284K) : recog_esd has 0 polygons
2026-07-11 19:03:51 +0200: Memory Usage (817284K) : recog_diode has 113 polygons
2026-07-11 19:03:51 +0200: Memory Usage (817284K) : recog_tsv has 0 polygons
2026-07-11 19:03:51 +0200: Memory Usage (817284K) : recog_iprobe has 0 polygons
2026-07-11 19:03:51 +0200: Memory Usage (817284K) : recog_diffprb has 0 polygons
2026-07-11 19:03:51 +0200: Memory Usage (817284K) : recog_pillar has 0 polygons
2026-07-11 19:03:51 +0200: Memory Usage (817284K) : recog_sbump has 0 polygons
2026-07-11 19:03:51 +0200: Memory Usage (817284K) : recog_otp has 0 polygons
2026-07-11 19:03:51 +0200: Memory Usage (817284K) : recog_pdiode has 0 polygons
2026-07-11 19:03:51 +0200: Memory Usage (817284K) : recog_mom has 8 polygons
2026-07-11 19:03:51 +0200: Memory Usage (817284K) : recog_pcm has 0 polygons
2026-07-11 19:03:51 +0200: Memory Usage (817284K) : colopen_drw has 0 polygons
2026-07-11 19:03:51 +0200: Memory Usage (817284K) : graphmetal1_drw has 0 polygons
2026-07-11 19:03:51 +0200: Memory Usage (817284K) : graphmetal1_filler has 0 polygons
2026-07-11 19:03:51 +0200: Memory Usage (817284K) : graphmetal1_nofill has 0 polygons
2026-07-11 19:03:51 +0200: Memory Usage (817284K) : graphmetal1_slit has 0 polygons
2026-07-11 19:03:51 +0200: Memory Usage (817284K) : graphmetal1_OPC has 0 polygons
2026-07-11 19:03:51 +0200: Memory Usage (817284K) : graphmet1l_drw has 0 polygons
2026-07-11 19:03:51 +0200: Memory Usage (817284K) : graphmet1l_filler has 0 polygons
2026-07-11 19:03:51 +0200: Memory Usage (817284K) : graphmet1l_nofill has 0 polygons
2026-07-11 19:03:51 +0200: Memory Usage (817284K) : graphmet1l_slit has 0 polygons
2026-07-11 19:03:51 +0200: Memory Usage (817284K) : graphmet1l_OPC has 0 polygons
2026-07-11 19:03:51 +0200: Memory Usage (817284K) : extblock_drw has 55 polygons
2026-07-11 19:03:51 +0200: Memory Usage (817284K) : nldd_drw has 0 polygons
2026-07-11 19:03:51 +0200: Memory Usage (817284K) : pldd_drw has 0 polygons
2026-07-11 19:03:51 +0200: Memory Usage (817284K) : next_drw has 0 polygons
2026-07-11 19:03:51 +0200: Memory Usage (817284K) : pext_drw has 0 polygons
2026-07-11 19:03:51 +0200: Memory Usage (817284K) : nexthv_drw has 0 polygons
2026-07-11 19:03:51 +0200: Memory Usage (817284K) : pexthv_drw has 0 polygons
2026-07-11 19:03:51 +0200: Memory Usage (817284K) : graphgate_drw has 0 polygons
2026-07-11 19:03:51 +0200: Memory Usage (817284K) : sinwg_drw has 0 polygons
2026-07-11 19:03:51 +0200: Memory Usage (817284K) : sinwg_filler has 0 polygons
2026-07-11 19:03:51 +0200: Memory Usage (817284K) : sinwg_nofill has 0 polygons
2026-07-11 19:03:51 +0200: Memory Usage (817284K) : mempad_drw has 0 polygons
2026-07-11 19:03:51 +0200: Memory Usage (817284K) : topvia1_drw has 56657 polygons
2026-07-11 19:03:51 +0200: Memory Usage (817284K) : topmetal1_drw has 32 polygons
2026-07-11 19:03:51 +0200: Memory Usage (817284K) : topmetal1_filler has 3600 polygons
2026-07-11 19:03:51 +0200: Memory Usage (817284K) : topmetal1_slit has 0 polygons
2026-07-11 19:03:51 +0200: Memory Usage (817284K) : topmetal1 has 3632 polygons
2026-07-11 19:03:51 +0200: Memory Usage (817284K) : topmetal1_pin has 58 polygons
2026-07-11 19:03:51 +0200: Memory Usage (817284K) : topmetal1_mask has 0 polygons
2026-07-11 19:03:51 +0200: Memory Usage (817284K) : topmetal1_nofill has 0 polygons
2026-07-11 19:03:51 +0200: Memory Usage (817284K) : topmetal1_text has 168 polygons
2026-07-11 19:03:51 +0200: Memory Usage (817284K) : topmetal1_noqrc has 0 polygons
2026-07-11 19:03:51 +0200: Memory Usage (817284K) : topmetal1_res has 0 polygons
2026-07-11 19:03:51 +0200: Memory Usage (817284K) : topmetal1_iprobe has 0 polygons
2026-07-11 19:03:51 +0200: Memory Usage (817284K) : topmetal1_diffprb has 0 polygons
2026-07-11 19:03:51 +0200: Memory Usage (817284K) : inldpwl_drw has 0 polygons
2026-07-11 19:03:51 +0200: Memory Usage (817284K) : polyres_drw has 36 polygons
2026-07-11 19:03:51 +0200: Memory Usage (817284K) : polyres_pin has 0 polygons
2026-07-11 19:03:51 +0200: Memory Usage (817284K) : vmim_drw has 0 polygons
2026-07-11 19:03:51 +0200: Memory Usage (817284K) : nbulaycut_drw has 0 polygons
2026-07-11 19:03:51 +0200: Memory Usage (817284K) : antmetal1_drw has 0 polygons
2026-07-11 19:03:51 +0200: Memory Usage (817284K) : topvia2_drw has 0 polygons
2026-07-11 19:03:51 +0200: Memory Usage (817284K) : topmetal2_drw has 0 polygons
2026-07-11 19:03:51 +0200: Memory Usage (817284K) : topmetal2_filler has 0 polygons
2026-07-11 19:03:51 +0200: Memory Usage (817284K) : topmetal2_slit has 0 polygons
2026-07-11 19:03:51 +0200: Memory Usage (817284K) : topmetal2 has 0 polygons
2026-07-11 19:03:51 +0200: Memory Usage (817284K) : topmetal2_pin has 0 polygons
2026-07-11 19:03:51 +0200: Memory Usage (817284K) : topmetal2_mask has 0 polygons
2026-07-11 19:03:51 +0200: Memory Usage (817284K) : topmetal2_nofill has 0 polygons
2026-07-11 19:03:51 +0200: Memory Usage (817284K) : topmetal2_text has 0 polygons
2026-07-11 19:03:51 +0200: Memory Usage (817284K) : topmetal2_noqrc has 0 polygons
2026-07-11 19:03:51 +0200: Memory Usage (817284K) : topmetal2_res has 0 polygons
2026-07-11 19:03:51 +0200: Memory Usage (817284K) : topmetal2_iprobe has 0 polygons
2026-07-11 19:03:51 +0200: Memory Usage (817284K) : topmetal2_diffprb has 0 polygons
2026-07-11 19:03:51 +0200: Memory Usage (817284K) : snsring_drw has 0 polygons
2026-07-11 19:03:51 +0200: Memory Usage (817284K) : sensor_drw has 0 polygons
2026-07-11 19:03:51 +0200: Memory Usage (817284K) : snsarms_drw has 0 polygons
2026-07-11 19:03:51 +0200: Memory Usage (817284K) : snscmosvia_drw has 0 polygons
2026-07-11 19:03:51 +0200: Memory Usage (817284K) : colwind_drw has 0 polygons
2026-07-11 19:03:51 +0200: Memory Usage (817284K) : flm_drw has 0 polygons
2026-07-11 19:03:51 +0200: Memory Usage (817284K) : hafniumox_drw has 0 polygons
2026-07-11 19:03:51 +0200: Memory Usage (817284K) : memvia_drw has 0 polygons
2026-07-11 19:03:51 +0200: Memory Usage (817284K) : thinfilmres_drw has 0 polygons
2026-07-11 19:03:51 +0200: Memory Usage (817284K) : rfmem_drw has 0 polygons
2026-07-11 19:03:51 +0200: Memory Usage (817284K) : norcx_drw has 0 polygons
2026-07-11 19:03:51 +0200: Memory Usage (817284K) : norcx_m2m3 has 0 polygons
2026-07-11 19:03:51 +0200: Memory Usage (817284K) : norcx_m2m4 has 0 polygons
2026-07-11 19:03:51 +0200: Memory Usage (817284K) : norcx_m2m5 has 0 polygons
2026-07-11 19:03:51 +0200: Memory Usage (817284K) : norcx_m2tm1 has 0 polygons
2026-07-11 19:03:51 +0200: Memory Usage (817284K) : norcx_m2tm2 has 0 polygons
2026-07-11 19:03:51 +0200: Memory Usage (817284K) : norcx_m3m4 has 0 polygons
2026-07-11 19:03:51 +0200: Memory Usage (817284K) : norcx_m3m5 has 0 polygons
2026-07-11 19:03:51 +0200: Memory Usage (817284K) : norcx_m3tm1 has 0 polygons
2026-07-11 19:03:51 +0200: Memory Usage (817284K) : norcx_m3tm2 has 0 polygons
2026-07-11 19:03:51 +0200: Memory Usage (817284K) : norcx_m4m5 has 0 polygons
2026-07-11 19:03:51 +0200: Memory Usage (817284K) : norcx_m4tm1 has 0 polygons
2026-07-11 19:03:51 +0200: Memory Usage (817284K) : norcx_m4tm2 has 0 polygons
2026-07-11 19:03:51 +0200: Memory Usage (817284K) : norcx_m5tm1 has 0 polygons
2026-07-11 19:03:51 +0200: Memory Usage (817284K) : norcx_m5tm2 has 0 polygons
2026-07-11 19:03:51 +0200: Memory Usage (817284K) : norcx_tm1tm2 has 0 polygons
2026-07-11 19:03:51 +0200: Memory Usage (817284K) : norcx_m1sub has 0 polygons
2026-07-11 19:03:51 +0200: Memory Usage (817284K) : norcx_m2sub has 0 polygons
2026-07-11 19:03:51 +0200: Memory Usage (817284K) : norcx_m3sub has 0 polygons
2026-07-11 19:03:51 +0200: Memory Usage (817284K) : norcx_m4sub has 0 polygons
2026-07-11 19:03:51 +0200: Memory Usage (817284K) : norcx_m5sub has 0 polygons
2026-07-11 19:03:51 +0200: Memory Usage (817284K) : norcx_tm1sub has 0 polygons
2026-07-11 19:03:51 +0200: Memory Usage (817284K) : norcx_tm2sub has 0 polygons
2026-07-11 19:03:51 +0200: Memory Usage (817284K) : snsbotvia_drw has 0 polygons
2026-07-11 19:03:51 +0200: Memory Usage (817284K) : snstopvia_drw has 0 polygons
2026-07-11 19:03:51 +0200: Memory Usage (817284K) : deepvia_drw has 0 polygons
2026-07-11 19:03:51 +0200: Memory Usage (817284K) : fgetch_drw has 0 polygons
2026-07-11 19:03:51 +0200: Memory Usage (817284K) : ctrgat_drw has 0 polygons
2026-07-11 19:03:51 +0200: Memory Usage (817284K) : fgimp_drw has 0 polygons
2026-07-11 19:03:51 +0200: Memory Usage (817284K) : emwihv_drw has 0 polygons
2026-07-11 19:03:51 +0200: Memory Usage (817284K) : lbe_drw has 0 polygons
2026-07-11 19:03:51 +0200: Memory Usage (817284K) : alcustop_drw has 0 polygons
2026-07-11 19:03:51 +0200: Memory Usage (817284K) : nometfiller_drw has 1 polygons
2026-07-11 19:03:51 +0200: Memory Usage (817284K) : prboundary_drw has 0 polygons
2026-07-11 19:03:51 +0200: Memory Usage (817284K) : exchange0_drw has 0 polygons
2026-07-11 19:03:51 +0200: Memory Usage (817284K) : exchange0_pin has 0 polygons
2026-07-11 19:03:51 +0200: Memory Usage (817284K) : exchange0_text has 0 polygons
2026-07-11 19:03:51 +0200: Memory Usage (817284K) : exchange1_drw has 0 polygons
2026-07-11 19:03:51 +0200: Memory Usage (817284K) : exchange1_pin has 0 polygons
2026-07-11 19:03:51 +0200: Memory Usage (817284K) : exchange1_text has 0 polygons
2026-07-11 19:03:51 +0200: Memory Usage (817284K) : exchange2_drw has 0 polygons
2026-07-11 19:03:51 +0200: Memory Usage (817284K) : exchange2_pin has 0 polygons
2026-07-11 19:03:51 +0200: Memory Usage (817284K) : exchange2_text has 0 polygons
2026-07-11 19:03:51 +0200: Memory Usage (817284K) : exchange3_drw has 0 polygons
2026-07-11 19:03:51 +0200: Memory Usage (817284K) : exchange3_pin has 0 polygons
2026-07-11 19:03:51 +0200: Memory Usage (817284K) : exchange3_text has 0 polygons
2026-07-11 19:03:51 +0200: Memory Usage (817284K) : exchange4_drw has 0 polygons
2026-07-11 19:03:51 +0200: Memory Usage (817284K) : exchange4_pin has 0 polygons
2026-07-11 19:03:51 +0200: Memory Usage (817284K) : exchange4_text has 0 polygons
2026-07-11 19:03:51 +0200: Memory Usage (817284K) : isonwell_drw has 0 polygons
2026-07-11 19:03:51 +0200: Memory Usage (817284K) : Total no. of polygons in the design is 2254872
2026-07-11 19:03:51 +0200: Memory Usage (817284K) : Starting CMOS5L Forbidden Layer Check
2026-07-11 19:03:51 +0200: Memory Usage (817284K) : CMOS5L Forbidden Layer Check: PASSED - No forbidden layers found
2026-07-11 19:03:51 +0200: Memory Usage (817284K) : CMOS5L Forbidden Layer Check: PASSED
2026-07-11 19:03:51 +0200: Memory Usage (817284K) : Starting base layers derivations
2026-07-11 19:03:51 +0200: Memory Usage (817284K) : Starting general LVS derivations
2026-07-11 19:03:53 +0200: Memory Usage (862344K) : Starting MOSFET DERIVATIONS
2026-07-11 19:03:58 +0200: Memory Usage (933176K) : Starting NMOS DERIVATIONS
2026-07-11 19:03:58 +0200: Memory Usage (933176K) : Starting PMOS DERIVATIONS
2026-07-11 19:03:58 +0200: Memory Usage (933176K) : Starting RF-MOSFET DERIVATIONS
2026-07-11 19:03:58 +0200: Memory Usage (933176K) : Starting RF-NMOS DERIVATIONS
2026-07-11 19:03:58 +0200: Memory Usage (933176K) : Starting RF-PMOS DERIVATIONS
2026-07-11 19:03:58 +0200: Memory Usage (933176K) : Starting BJT DERIVATIONS
2026-07-11 19:03:58 +0200: Memory Usage (933176K) : Starting NPN-BJT DERIVATIONS
2026-07-11 19:03:58 +0200: Memory Usage (933176K) : Starting PNP-BJT DERIVATIONS
2026-07-11 19:03:58 +0200: Memory Usage (933176K) : Starting DIODE DERIVATIONS
2026-07-11 19:04:05 +0200: Memory Usage (1208148K) : Starting RESISTOR DERIVATIONS
2026-07-11 19:04:05 +0200: Memory Usage (1208148K) : Starting CAP DERIVATIONS
2026-07-11 19:04:05 +0200: Memory Usage (1208148K) : Starting CAP_MFRINGE DERIVATIONS
2026-07-11 19:04:05 +0200: Memory Usage (1208148K) : Starting ESD DERIVATIONS
2026-07-11 19:04:05 +0200: Memory Usage (1098944K) : Starting Inductor DERIVATIONS
2026-07-11 19:04:05 +0200: Memory Usage (1098944K) : Starting Taps DERIVATIONS
2026-07-11 19:04:05 +0200: Memory Usage (1098944K) : Starting SG13G2 LVS connectivity setup
2026-07-11 19:04:05 +0200: Memory Usage (1098944K) : Starting SG13G2 LVS connectivity setup (Inter-layer)
2026-07-11 19:04:07 +0200: Memory Usage (1099456K) : Starting SG13G2 LVS connectivity setup (Global)
2026-07-11 19:04:07 +0200: Memory Usage (1099456K) : Starting LVS MOSFET CONNECTIONS
2026-07-11 19:04:07 +0200: Memory Usage (1099456K) : Starting LVS RF-MOSFET CONNECTIONS
2026-07-11 19:04:07 +0200: Memory Usage (1099456K) : Starting LVS BJT CONNECTIONS
2026-07-11 19:04:07 +0200: Memory Usage (1099456K) : Starting LVS DIODE CONNECTIONS
2026-07-11 19:04:07 +0200: Memory Usage (1099456K) : Starting RESISTOR CONNECTIONS
2026-07-11 19:04:07 +0200: Memory Usage (1099456K) : Starting LVS CAP CONNECTIONS
2026-07-11 19:04:07 +0200: Memory Usage (1099456K) : Starting ESD CONNECTIONS
2026-07-11 19:04:07 +0200: Memory Usage (1099456K) : Starting Inductor CONNECTIONS
2026-07-11 19:04:07 +0200: Memory Usage (1099456K) : Starting LVS Taps CONNECTIONS
2026-07-11 19:04:07 +0200: Memory Usage (1099456K) : Starting CAP_MFRINGE CONNECTIONS
2026-07-11 19:04:07 +0200: Memory Usage (1099456K) : Starting SG13CMOS5L LVS DEVICES EXTRACTION
2026-07-11 19:04:07 +0200: Memory Usage (1099456K) : Starting MOSFET EXTRACTION
2026-07-11 19:04:07 +0200: Memory Usage (1099456K) : Starting NMOS EXTRACTION
2026-07-11 19:04:07 +0200: Memory Usage (1099456K) : Extraction of NMOS-LV transistor
2026-07-11 19:04:08 +0200: Memory Usage (1100096K) : Extraction of NMOS-HV transistor
2026-07-11 19:04:09 +0200: Memory Usage (1100096K) : Starting PMOS EXTRACTION
2026-07-11 19:04:09 +0200: Memory Usage (1100096K) : Extraction of PMOS-LV transistor
2026-07-11 19:04:09 +0200: Memory Usage (1100096K) : Extraction of PMOS-HV transistor
2026-07-11 19:04:09 +0200: Memory Usage (1100096K) : Starting RF-MOSFET EXTRACTION
2026-07-11 19:04:09 +0200: Memory Usage (1100096K) : Extraction of RF-NMOS-LV transistor
2026-07-11 19:04:10 +0200: Memory Usage (1100096K) : Extraction of RF-NMOS-HV transistor
2026-07-11 19:04:11 +0200: Memory Usage (1100096K) : Extraction of RF-PMOS-LV transistor
2026-07-11 19:04:11 +0200: Memory Usage (1100096K) : Extraction of RF-PMOS-HV transistor
2026-07-11 19:04:11 +0200: Memory Usage (1100096K) : Starting BJT EXTRACTION
2026-07-11 19:04:11 +0200: Memory Usage (1100096K) : Starting NPN-BJT EXTRACTION
2026-07-11 19:04:11 +0200: Memory Usage (1100096K) : Extraction of npn13G2 BJT transistor
2026-07-11 19:04:11 +0200: Memory Usage (1100096K) : Extraction of npn13G2L BJT transistor
2026-07-11 19:04:11 +0200: Memory Usage (1100096K) : Extraction of npn13G2V BJT transistor
2026-07-11 19:04:11 +0200: Memory Usage (1100096K) : Starting PNP-BJT EXTRACTION
2026-07-11 19:04:11 +0200: Memory Usage (1100096K) : Extracting pnpMPA BJT
2026-07-11 19:04:11 +0200: Memory Usage (1100096K) : Starting DIODE EXTRACTION
2026-07-11 19:04:11 +0200: Memory Usage (1100096K) : Extracting dantenna diode
2026-07-11 19:04:11 +0200: Memory Usage (1100096K) : Extracting dpantenna diode
2026-07-11 19:04:11 +0200: Memory Usage (1100096K) : Extracting schottky_nbl1 diode
2026-07-11 19:04:11 +0200: Memory Usage (1100096K) : Extracting isolbox diode
2026-07-11 19:04:11 +0200: Memory Usage (1100096K) : Starting RESISTOR EXTRACTION
2026-07-11 19:04:11 +0200: Memory Usage (1100096K) : Extracting rsil resistor
2026-07-11 19:04:11 +0200: Memory Usage (1100096K) : Extracting rppd resistor
2026-07-11 19:04:11 +0200: Memory Usage (1101604K) : Extracting rhigh resistor
2026-07-11 19:04:11 +0200: Memory Usage (1101604K) : Extracting res_metal1 resistor
2026-07-11 19:04:12 +0200: Memory Usage (1101604K) : Extracting res_metal2 resistor
2026-07-11 19:04:13 +0200: Memory Usage (1101604K) : Extracting res_metal3 resistor
2026-07-11 19:04:14 +0200: Memory Usage (1101604K) : Extracting res_metal4 resistor
2026-07-11 19:04:15 +0200: Memory Usage (1101604K) : Extracting res_metal5 resistor
2026-07-11 19:04:15 +0200: Memory Usage (1101604K) : Extracting res_topmetal1 resistor
2026-07-11 19:04:15 +0200: Memory Usage (1101604K) : Extracting res_topmetal2 resistor
2026-07-11 19:04:15 +0200: Memory Usage (1101604K) : Starting CAP EXTRACTION
2026-07-11 19:04:15 +0200: Memory Usage (1101604K) : Extracting cap_cmim device
2026-07-11 19:04:15 +0200: Memory Usage (1101604K) : Extracting rfcmim device
2026-07-11 19:04:15 +0200: Memory Usage (1101604K) : Extracting sg13_hv_svaricap varactor
2026-07-11 19:04:15 +0200: Memory Usage (1101604K) : Extracting cap_mfringe device
2026-07-11 19:04:15 +0200: Memory Usage (1101732K) : Starting ESD EXTRACTION
2026-07-11 19:04:15 +0200: Memory Usage (1101732K) : Extracting diodevdd_2kv ESD device
2026-07-11 19:04:15 +0200: Memory Usage (1101732K) : Extracting diodevdd_4kv ESD device
2026-07-11 19:04:15 +0200: Memory Usage (1101732K) : Extracting diodevss_2kv ESD device
2026-07-11 19:04:15 +0200: Memory Usage (1101732K) : Extracting diodevss_4kv ESD device
2026-07-11 19:04:15 +0200: Memory Usage (1101732K) : Extracting idiodevdd_2kv ESD device
2026-07-11 19:04:15 +0200: Memory Usage (1101732K) : Extracting idiodevdd_4kv ESD device
2026-07-11 19:04:15 +0200: Memory Usage (1101732K) : Extracting idiodevss_2kv ESD device
2026-07-11 19:04:15 +0200: Memory Usage (1101732K) : Extracting idiodevss_4kv ESD device
2026-07-11 19:04:15 +0200: Memory Usage (1101732K) : Extracting nmoscl_2 ESD device
2026-07-11 19:04:15 +0200: Memory Usage (1101732K) : Extracting nmoscl_4 ESD device
2026-07-11 19:04:15 +0200: Memory Usage (1101732K) : Starting Inductor EXTRACTION
2026-07-11 19:04:15 +0200: Memory Usage (1101732K) : Extracting Inductor2 device
2026-07-11 19:04:15 +0200: Memory Usage (1101732K) : Extracting Inductor3 device
2026-07-11 19:04:15 +0200: Memory Usage (1101732K) : Starting Taps EXTRACTION
2026-07-11 19:04:15 +0200: Memory Usage (1101732K) : Extracting ntap1 device
2026-07-11 19:04:15 +0200: Memory Usage (1101860K) : Extracting ptap1 device
2026-07-11 19:04:15 +0200: Memory Usage (1101860K) : Starting SG13CMOS5L LVS RF MOS Model Mapping
2026-07-11 19:07:09 +0200: Memory Usage (2259036K) : [layout_netlist] Apply RF MOS model mapping and rfmode parameter.
2026-07-11 19:07:09 +0200: Memory Usage (2261724K) : Starting SG13CMOS5L LVS Options Preparations
2026-07-11 19:07:09 +0200: Memory Usage (2261724K) : NET_ONLY enabled: apply extraction netlist options and skip comparison.
2026-07-11 19:07:09 +0200: Memory Usage (2261724K) : SG13CMOS5L LVS flow: extraction -> option preparation -> write netlist -> exit.
2026-07-11 19:07:09 +0200: Memory Usage (2261724K) : Starting SG13CMOS5L LVS Simplification
2026-07-11 19:07:09 +0200: Memory Usage (2261724K) : [layout_netlist] simplify: ENABLED
2026-07-11 19:07:09 +0200: Memory Usage (2261852K) : [layout_netlist] make_top_level_pins: SKIPPED
2026-07-11 19:07:09 +0200: Memory Usage (2261852K) : [layout_netlist] combine_devices: SKIPPED
2026-07-11 19:07:09 +0200: Memory Usage (2261852K) : [layout_netlist] purge: SKIPPED
2026-07-11 19:07:09 +0200: Memory Usage (2261852K) : [layout_netlist] purge_nets: SKIPPED
2026-07-11 19:07:09 +0200: Memory Usage (2261852K) : LVS Total Run time 205.198461 seconds
