# Logfile created on 2026-07-15 03:29:14 +0200 by logger.rb/v1.5.3
2026-07-15 03:29:14 +0200: Memory Usage (526792K) : Starting running IHP-SG13CMOS5L KLayout DRC runset on /foss/designs/IHP__MSPHY9932/MSPHY9932-main/layout/klayout/MSPHY9932.gds
2026-07-15 03:29:14 +0200: Memory Usage (526792K) : Ruby Version for klayout: 3.2.3
2026-07-15 03:29:14 +0200: Memory Usage (527432K) : Loading database to memory is complete.
2026-07-15 03:29:14 +0200: Memory Usage (527432K) : IHP-SG13CMOS5L KLayout DRC runset output at: /foss/designs/IHP__MSPHY9932/MSPHY9932-main/layout/klayout/drc_run_MSPHY9932/MSPHY9932_MSPHY9932_main.lyrdb
2026-07-15 03:29:14 +0200: Memory Usage (527432K) : Evaluate switches.
2026-07-15 03:29:14 +0200: Memory Usage (527432K) : tables selected: main
2026-07-15 03:29:14 +0200: Memory Usage (527432K) : KLayout will use 1 thread(s) in tiled mode.
2026-07-15 03:29:14 +0200: Memory Usage (527432K) : deep mode is enabled.
2026-07-15 03:29:14 +0200: Memory Usage (527432K) : FEOL enabled: true
2026-07-15 03:29:14 +0200: Memory Usage (527432K) : BEOL enabled: true
2026-07-15 03:29:14 +0200: Memory Usage (527432K) : OFFGRID enabled: true
2026-07-15 03:29:14 +0200: Memory Usage (527432K) : ANGLE enabled: true
2026-07-15 03:29:14 +0200: Memory Usage (527432K) : PIN enabled: true
2026-07-15 03:29:14 +0200: Memory Usage (527432K) : FORBIDDEN enabled: true
2026-07-15 03:29:14 +0200: Memory Usage (527432K) : RECOMMENDED enabled: true
2026-07-15 03:29:14 +0200: Memory Usage (527432K) : PreCheck DRC enabled: false
2026-07-15 03:29:14 +0200: Memory Usage (527432K) : CONNECTIVITY_RULES enabled: true.
2026-07-15 03:29:14 +0200: Memory Usage (527432K) : Read in polygons from layers.
2026-07-15 03:29:14 +0200: Memory Usage (528900K) : activ_drw has 30194 polygons
2026-07-15 03:29:14 +0200: Memory Usage (528900K) : activ_pin has 0 polygons
2026-07-15 03:29:14 +0200: Memory Usage (528900K) : activ_mask has 0 polygons
2026-07-15 03:29:14 +0200: Memory Usage (528900K) : activ_filler has 20571 polygons
2026-07-15 03:29:14 +0200: Memory Usage (528900K) : activ_nofill has 0 polygons
2026-07-15 03:29:14 +0200: Memory Usage (528900K) : activ_opc has 0 polygons
2026-07-15 03:29:14 +0200: Memory Usage (528900K) : activ_iopc has 0 polygons
2026-07-15 03:29:14 +0200: Memory Usage (528900K) : activ_noqrc has 0 polygons
2026-07-15 03:29:14 +0200: Memory Usage (528900K) : biwind_drw has 0 polygons
2026-07-15 03:29:14 +0200: Memory Usage (528900K) : biwind_opc has 0 polygons
2026-07-15 03:29:14 +0200: Memory Usage (528900K) : pemwind_drw has 0 polygons
2026-07-15 03:29:14 +0200: Memory Usage (528900K) : gatpoly_drw has 32278 polygons
2026-07-15 03:29:14 +0200: Memory Usage (528900K) : gatpoly_pin has 65 polygons
2026-07-15 03:29:14 +0200: Memory Usage (528900K) : gatpoly_filler has 20571 polygons
2026-07-15 03:29:14 +0200: Memory Usage (528900K) : gatpoly_nofill has 0 polygons
2026-07-15 03:29:14 +0200: Memory Usage (528900K) : gatpoly_opc has 0 polygons
2026-07-15 03:29:14 +0200: Memory Usage (528900K) : gatpoly_iopc has 0 polygons
2026-07-15 03:29:14 +0200: Memory Usage (528900K) : gatpoly_noqrc has 0 polygons
2026-07-15 03:29:14 +0200: Memory Usage (530948K) : cont_drw has 1826354 polygons
2026-07-15 03:29:14 +0200: Memory Usage (530948K) : cont_opc has 0 polygons
2026-07-15 03:29:14 +0200: Memory Usage (530948K) : nsd_drw has 0 polygons
2026-07-15 03:29:14 +0200: Memory Usage (530948K) : nsd_block has 0 polygons
2026-07-15 03:29:14 +0200: Memory Usage (530948K) : metal1_drw has 102321 polygons
2026-07-15 03:29:14 +0200: Memory Usage (530948K) : metal1_pin has 43532 polygons
2026-07-15 03:29:14 +0200: Memory Usage (530948K) : metal1_mask has 0 polygons
2026-07-15 03:29:14 +0200: Memory Usage (530948K) : metal1_filler has 25666 polygons
2026-07-15 03:29:14 +0200: Memory Usage (530948K) : metal1_nofill has 0 polygons
2026-07-15 03:29:14 +0200: Memory Usage (530948K) : metal1_slit has 0 polygons
2026-07-15 03:29:14 +0200: Memory Usage (531076K) : metal1_text has 34832 polygons
2026-07-15 03:29:14 +0200: Memory Usage (531076K) : metal1_opc has 0 polygons
2026-07-15 03:29:14 +0200: Memory Usage (531076K) : metal1_noqrc has 0 polygons
2026-07-15 03:29:14 +0200: Memory Usage (531076K) : metal1_res has 0 polygons
2026-07-15 03:29:14 +0200: Memory Usage (531076K) : metal1_iprobe has 0 polygons
2026-07-15 03:29:14 +0200: Memory Usage (531076K) : metal1_diffprb has 0 polygons
2026-07-15 03:29:14 +0200: Memory Usage (531076K) : passiv_drw has 32 polygons
2026-07-15 03:29:14 +0200: Memory Usage (531076K) : passiv_pin has 0 polygons
2026-07-15 03:29:14 +0200: Memory Usage (531076K) : passiv_sbump has 0 polygons
2026-07-15 03:29:14 +0200: Memory Usage (531076K) : passiv_pillar has 0 polygons
2026-07-15 03:29:14 +0200: Memory Usage (531076K) : passiv_pdl has 0 polygons
2026-07-15 03:29:14 +0200: Memory Usage (531204K) : metal2_drw has 148213 polygons
2026-07-15 03:29:14 +0200: Memory Usage (531204K) : metal2_pin has 646 polygons
2026-07-15 03:29:14 +0200: Memory Usage (531204K) : metal2_mask has 0 polygons
2026-07-15 03:29:14 +0200: Memory Usage (531204K) : metal2_filler has 28040 polygons
2026-07-15 03:29:14 +0200: Memory Usage (531204K) : metal2_nofill has 0 polygons
2026-07-15 03:29:14 +0200: Memory Usage (531204K) : metal2_slit has 0 polygons
2026-07-15 03:29:14 +0200: Memory Usage (531204K) : metal2_text has 646 polygons
2026-07-15 03:29:14 +0200: Memory Usage (531204K) : metal2_opc has 0 polygons
2026-07-15 03:29:14 +0200: Memory Usage (531204K) : metal2_noqrc has 0 polygons
2026-07-15 03:29:14 +0200: Memory Usage (531204K) : metal2_res has 0 polygons
2026-07-15 03:29:14 +0200: Memory Usage (531204K) : metal2_iprobe has 0 polygons
2026-07-15 03:29:14 +0200: Memory Usage (531204K) : metal2_diffprb has 0 polygons
2026-07-15 03:29:14 +0200: Memory Usage (531204K) : baspoly_drw has 0 polygons
2026-07-15 03:29:14 +0200: Memory Usage (531204K) : baspoly_pin has 0 polygons
2026-07-15 03:29:14 +0200: Memory Usage (531204K) : psd_drw has 13074 polygons
2026-07-15 03:29:14 +0200: Memory Usage (531204K) : nldb_drw has 0 polygons
2026-07-15 03:29:14 +0200: Memory Usage (531204K) : digibnd_drw has 0 polygons
2026-07-15 03:29:14 +0200: Memory Usage (531204K) : via1_drw has 75682 polygons
2026-07-15 03:29:14 +0200: Memory Usage (531204K) : backmetal1_drw has 0 polygons
2026-07-15 03:29:14 +0200: Memory Usage (531204K) : backmetal1_pin has 0 polygons
2026-07-15 03:29:14 +0200: Memory Usage (531204K) : backmetal1_mask has 0 polygons
2026-07-15 03:29:14 +0200: Memory Usage (531204K) : backmetal1_filler has 0 polygons
2026-07-15 03:29:14 +0200: Memory Usage (531204K) : backmetal1_nofill has 0 polygons
2026-07-15 03:29:14 +0200: Memory Usage (531204K) : backmetal1_slit has 0 polygons
2026-07-15 03:29:14 +0200: Memory Usage (531204K) : backmetal1_text has 0 polygons
2026-07-15 03:29:14 +0200: Memory Usage (531204K) : backmetal1_opc has 0 polygons
2026-07-15 03:29:14 +0200: Memory Usage (531204K) : backmetal1_noqrc has 0 polygons
2026-07-15 03:29:14 +0200: Memory Usage (531204K) : backmetal1_res has 0 polygons
2026-07-15 03:29:14 +0200: Memory Usage (531204K) : backmetal1_iprobe has 0 polygons
2026-07-15 03:29:14 +0200: Memory Usage (531204K) : backmetal1_diffprb has 0 polygons
2026-07-15 03:29:14 +0200: Memory Usage (531332K) : backpassiv_drw has 0 polygons
2026-07-15 03:29:14 +0200: Memory Usage (531332K) : res_drw has 0 polygons
2026-07-15 03:29:14 +0200: Memory Usage (531332K) : sram_drw has 0 polygons
2026-07-15 03:29:14 +0200: Memory Usage (531332K) : trans_drw has 0 polygons
2026-07-15 03:29:15 +0200: Memory Usage (531332K) : ind_drw has 0 polygons
2026-07-15 03:29:15 +0200: Memory Usage (531332K) : ind_pin has 0 polygons
2026-07-15 03:29:15 +0200: Memory Usage (531332K) : ind_text has 0 polygons
2026-07-15 03:29:15 +0200: Memory Usage (531332K) : salblock_drw has 55 polygons
2026-07-15 03:29:15 +0200: Memory Usage (531844K) : via2_drw has 184245 polygons
2026-07-15 03:29:15 +0200: Memory Usage (532356K) : metal3_drw has 135269 polygons
2026-07-15 03:29:15 +0200: Memory Usage (532612K) : metal3_pin has 344 polygons
2026-07-15 03:29:15 +0200: Memory Usage (532612K) : metal3_mask has 0 polygons
2026-07-15 03:29:15 +0200: Memory Usage (532612K) : metal3_filler has 11965 polygons
2026-07-15 03:29:15 +0200: Memory Usage (532612K) : metal3_nofill has 0 polygons
2026-07-15 03:29:15 +0200: Memory Usage (532612K) : metal3_slit has 0 polygons
2026-07-15 03:29:15 +0200: Memory Usage (532612K) : metal3_text has 344 polygons
2026-07-15 03:29:15 +0200: Memory Usage (532740K) : metal3_opc has 0 polygons
2026-07-15 03:29:15 +0200: Memory Usage (532740K) : metal3_noqrc has 0 polygons
2026-07-15 03:29:15 +0200: Memory Usage (532868K) : metal3_res has 0 polygons
2026-07-15 03:29:15 +0200: Memory Usage (532868K) : metal3_iprobe has 0 polygons
2026-07-15 03:29:15 +0200: Memory Usage (532996K) : metal3_diffprb has 0 polygons
2026-07-15 03:29:15 +0200: Memory Usage (533124K) : nwell_drw has 6477 polygons
2026-07-15 03:29:15 +0200: Memory Usage (533124K) : nwell_pin has 1 polygons
2026-07-15 03:29:15 +0200: Memory Usage (533252K) : nbulay_drw has 0 polygons
2026-07-15 03:29:15 +0200: Memory Usage (533380K) : nbulay_pin has 0 polygons
2026-07-15 03:29:15 +0200: Memory Usage (533380K) : nbulay_block has 0 polygons
2026-07-15 03:29:15 +0200: Memory Usage (533508K) : emwind_drw has 0 polygons
2026-07-15 03:29:15 +0200: Memory Usage (533508K) : emwind_opc has 0 polygons
2026-07-15 03:29:15 +0200: Memory Usage (533508K) : deepco_drw has 0 polygons
2026-07-15 03:29:15 +0200: Memory Usage (533636K) : deepco_drw has 0 polygons
2026-07-15 03:29:15 +0200: Memory Usage (533636K) : mim_drw has 0 polygons
2026-07-15 03:29:15 +0200: Memory Usage (533764K) : edgeseal_drw has 24 polygons
2026-07-15 03:29:15 +0200: Memory Usage (533764K) : edgeseal_bound has 1 polygons
2026-07-15 03:29:15 +0200: Memory Usage (533764K) : substrate_drw has 818 polygons
2026-07-15 03:29:15 +0200: Memory Usage (533764K) : substrate_text has 0 polygons
2026-07-15 03:29:15 +0200: Memory Usage (533764K) : dfpad_drw has 20 polygons
2026-07-15 03:29:15 +0200: Memory Usage (533764K) : dfpad_pillar has 0 polygons
2026-07-15 03:29:15 +0200: Memory Usage (533764K) : dfpad_sbump has 0 polygons
2026-07-15 03:29:15 +0200: Memory Usage (533764K) : thickgateox_drw has 39 polygons
2026-07-15 03:29:15 +0200: Memory Usage (533764K) : pldb_drw has 0 polygons
2026-07-15 03:29:15 +0200: Memory Usage (533764K) : pwell_drw has 0 polygons
2026-07-15 03:29:15 +0200: Memory Usage (533764K) : pwell_pin has 0 polygons
2026-07-15 03:29:15 +0200: Memory Usage (533764K) : pwell_block has 6 polygons
2026-07-15 03:29:15 +0200: Memory Usage (533764K) : ic_drw has 0 polygons
2026-07-15 03:29:15 +0200: Memory Usage (533764K) : via3_drw has 168833 polygons
2026-07-15 03:29:15 +0200: Memory Usage (533892K) : metal4_drw has 124729 polygons
2026-07-15 03:29:15 +0200: Memory Usage (533892K) : metal4_pin has 16646 polygons
2026-07-15 03:29:15 +0200: Memory Usage (533892K) : metal4_mask has 0 polygons
2026-07-15 03:29:15 +0200: Memory Usage (533892K) : metal4_filler has 12214 polygons
2026-07-15 03:29:15 +0200: Memory Usage (533892K) : metal4_nofill has 0 polygons
2026-07-15 03:29:15 +0200: Memory Usage (533892K) : metal4_slit has 0 polygons
2026-07-15 03:29:15 +0200: Memory Usage (533892K) : metal4_text has 8440 polygons
2026-07-15 03:29:15 +0200: Memory Usage (533892K) : metal4_opc has 0 polygons
2026-07-15 03:29:15 +0200: Memory Usage (533892K) : metal4_noqrc has 0 polygons
2026-07-15 03:29:15 +0200: Memory Usage (533892K) : metal4_res has 0 polygons
2026-07-15 03:29:15 +0200: Memory Usage (533892K) : metal4_iprobe has 0 polygons
2026-07-15 03:29:15 +0200: Memory Usage (533892K) : metal4_diffprb has 0 polygons
2026-07-15 03:29:15 +0200: Memory Usage (533892K) : heattrans_drw has 856 polygons
2026-07-15 03:29:15 +0200: Memory Usage (533892K) : heatres_drw has 36 polygons
2026-07-15 03:29:15 +0200: Memory Usage (533892K) : pempoly_drw has 0 polygons
2026-07-15 03:29:15 +0200: Memory Usage (533892K) : fbe_drw has 0 polygons
2026-07-15 03:29:15 +0200: Memory Usage (533892K) : empoly_drw has 0 polygons
2026-07-15 03:29:15 +0200: Memory Usage (533892K) : ldmos_drw has 0 polygons
2026-07-15 03:29:15 +0200: Memory Usage (533892K) : pbiwind_drw has 0 polygons
2026-07-15 03:29:15 +0200: Memory Usage (533892K) : digisub_drw has 0 polygons
2026-07-15 03:29:15 +0200: Memory Usage (533892K) : nodrc_drw has 0 polygons
2026-07-15 03:29:15 +0200: Memory Usage (533892K) : text_drw has 617 polygons
2026-07-15 03:29:15 +0200: Memory Usage (533892K) : via4_drw has 0 polygons
2026-07-15 03:29:15 +0200: Memory Usage (533892K) : metal5_drw has 0 polygons
2026-07-15 03:29:15 +0200: Memory Usage (533892K) : metal5_pin has 0 polygons
2026-07-15 03:29:15 +0200: Memory Usage (533892K) : metal5_mask has 0 polygons
2026-07-15 03:29:15 +0200: Memory Usage (533892K) : metal5_filler has 0 polygons
2026-07-15 03:29:15 +0200: Memory Usage (533892K) : metal5_nofill has 0 polygons
2026-07-15 03:29:15 +0200: Memory Usage (533892K) : metal5_slit has 0 polygons
2026-07-15 03:29:15 +0200: Memory Usage (533892K) : metal5_text has 0 polygons
2026-07-15 03:29:15 +0200: Memory Usage (533892K) : metal5_opc has 0 polygons
2026-07-15 03:29:15 +0200: Memory Usage (533892K) : metal5_noqrc has 0 polygons
2026-07-15 03:29:15 +0200: Memory Usage (533892K) : metal5_res has 0 polygons
2026-07-15 03:29:15 +0200: Memory Usage (533892K) : metal5_iprobe has 0 polygons
2026-07-15 03:29:15 +0200: Memory Usage (533892K) : metal5_diffprb has 0 polygons
2026-07-15 03:29:15 +0200: Memory Usage (533892K) : radhard_drw has 0 polygons
2026-07-15 03:29:15 +0200: Memory Usage (533892K) : memcap_drw has 0 polygons
2026-07-15 03:29:15 +0200: Memory Usage (533892K) : varicap_drw has 0 polygons
2026-07-15 03:29:15 +0200: Memory Usage (533892K) : flash_drw has 0 polygons
2026-07-15 03:29:15 +0200: Memory Usage (533892K) : intbondvia_drw has 0 polygons
2026-07-15 03:29:15 +0200: Memory Usage (533892K) : intbondmet_drw has 0 polygons
2026-07-15 03:29:15 +0200: Memory Usage (533892K) : devbondvia_drw has 0 polygons
2026-07-15 03:29:15 +0200: Memory Usage (533892K) : devbondmet_drw has 0 polygons
2026-07-15 03:29:15 +0200: Memory Usage (533892K) : devtrench_drw has 0 polygons
2026-07-15 03:29:15 +0200: Memory Usage (533892K) : redist_drw has 0 polygons
2026-07-15 03:29:15 +0200: Memory Usage (533892K) : graphbot_drw has 0 polygons
2026-07-15 03:29:15 +0200: Memory Usage (533892K) : graphtop_drw has 0 polygons
2026-07-15 03:29:15 +0200: Memory Usage (533892K) : antvia1_drw has 0 polygons
2026-07-15 03:29:15 +0200: Memory Usage (533892K) : antmetal2_drw has 0 polygons
2026-07-15 03:29:15 +0200: Memory Usage (533892K) : graphcont_drw has 0 polygons
2026-07-15 03:29:15 +0200: Memory Usage (533892K) : siwg_drw has 0 polygons
2026-07-15 03:29:15 +0200: Memory Usage (533892K) : siwg_filler has 0 polygons
2026-07-15 03:29:15 +0200: Memory Usage (533892K) : siwg_nofill has 0 polygons
2026-07-15 03:29:15 +0200: Memory Usage (533892K) : sigrating_drw has 0 polygons
2026-07-15 03:29:15 +0200: Memory Usage (533892K) : singrating_drw has 0 polygons
2026-07-15 03:29:15 +0200: Memory Usage (533892K) : graphpas_drw has 0 polygons
2026-07-15 03:29:15 +0200: Memory Usage (533892K) : emwind3_drw has 0 polygons
2026-07-15 03:29:15 +0200: Memory Usage (533892K) : emwihv3_drw has 0 polygons
2026-07-15 03:29:15 +0200: Memory Usage (533892K) : redbulay_drw has 0 polygons
2026-07-15 03:29:15 +0200: Memory Usage (533892K) : smos_drw has 0 polygons
2026-07-15 03:29:15 +0200: Memory Usage (533892K) : graphpad_drw has 0 polygons
2026-07-15 03:29:15 +0200: Memory Usage (533892K) : polimide_drw has 0 polygons
2026-07-15 03:29:15 +0200: Memory Usage (533892K) : polimide_pin has 0 polygons
2026-07-15 03:29:15 +0200: Memory Usage (533892K) : recog_drw has 0 polygons
2026-07-15 03:29:15 +0200: Memory Usage (533892K) : recog_pin has 0 polygons
2026-07-15 03:29:15 +0200: Memory Usage (533892K) : recog_esd has 0 polygons
2026-07-15 03:29:15 +0200: Memory Usage (533892K) : recog_diode has 123 polygons
2026-07-15 03:29:15 +0200: Memory Usage (533892K) : recog_tsv has 0 polygons
2026-07-15 03:29:15 +0200: Memory Usage (533892K) : recog_iprobe has 0 polygons
2026-07-15 03:29:15 +0200: Memory Usage (533892K) : recog_diffprb has 0 polygons
2026-07-15 03:29:15 +0200: Memory Usage (533892K) : recog_pillar has 0 polygons
2026-07-15 03:29:15 +0200: Memory Usage (533892K) : recog_sbump has 0 polygons
2026-07-15 03:29:15 +0200: Memory Usage (533892K) : recog_otp has 0 polygons
2026-07-15 03:29:15 +0200: Memory Usage (533892K) : recog_pdiode has 0 polygons
2026-07-15 03:29:15 +0200: Memory Usage (533892K) : recog_mom has 8198 polygons
2026-07-15 03:29:15 +0200: Memory Usage (533892K) : recog_pcm has 0 polygons
2026-07-15 03:29:15 +0200: Memory Usage (533892K) : colopen_drw has 0 polygons
2026-07-15 03:29:15 +0200: Memory Usage (533892K) : graphmetal1_drw has 0 polygons
2026-07-15 03:29:15 +0200: Memory Usage (533892K) : graphmetal1_filler has 0 polygons
2026-07-15 03:29:15 +0200: Memory Usage (533892K) : graphmetal1_nofill has 0 polygons
2026-07-15 03:29:15 +0200: Memory Usage (533892K) : graphmetal1_slit has 0 polygons
2026-07-15 03:29:15 +0200: Memory Usage (533892K) : graphmetal1_opc has 0 polygons
2026-07-15 03:29:15 +0200: Memory Usage (533892K) : graphmet1l_drw has 0 polygons
2026-07-15 03:29:15 +0200: Memory Usage (534020K) : graphmet1l_filler has 0 polygons
2026-07-15 03:29:15 +0200: Memory Usage (534020K) : graphmet1l_nofill has 0 polygons
2026-07-15 03:29:15 +0200: Memory Usage (534020K) : graphmet1l_slit has 0 polygons
2026-07-15 03:29:15 +0200: Memory Usage (534148K) : graphmet1l_opc has 0 polygons
2026-07-15 03:29:15 +0200: Memory Usage (534148K) : extblock_drw has 145 polygons
2026-07-15 03:29:15 +0200: Memory Usage (534148K) : nldd_drw has 0 polygons
2026-07-15 03:29:15 +0200: Memory Usage (534148K) : pldd_drw has 0 polygons
2026-07-15 03:29:15 +0200: Memory Usage (534276K) : next_drw has 0 polygons
2026-07-15 03:29:15 +0200: Memory Usage (534276K) : pext_drw has 0 polygons
2026-07-15 03:29:15 +0200: Memory Usage (534276K) : nexthv_drw has 0 polygons
2026-07-15 03:29:15 +0200: Memory Usage (534404K) : pexthv_drw has 0 polygons
2026-07-15 03:29:15 +0200: Memory Usage (534404K) : graphgate_drw has 0 polygons
2026-07-15 03:29:15 +0200: Memory Usage (534404K) : sinwg_drw has 0 polygons
2026-07-15 03:29:15 +0200: Memory Usage (534404K) : sinwg_filler has 0 polygons
2026-07-15 03:29:15 +0200: Memory Usage (534532K) : sinwg_nofill has 0 polygons
2026-07-15 03:29:15 +0200: Memory Usage (534532K) : mempad_drw has 0 polygons
2026-07-15 03:29:15 +0200: Memory Usage (534788K) : topvia1_drw has 56996 polygons
2026-07-15 03:29:15 +0200: Memory Usage (534916K) : topmetal1_drw has 235 polygons
2026-07-15 03:29:15 +0200: Memory Usage (534916K) : topmetal1_pin has 181 polygons
2026-07-15 03:29:15 +0200: Memory Usage (535044K) : topmetal1_mask has 0 polygons
2026-07-15 03:29:15 +0200: Memory Usage (535044K) : topmetal1_filler has 2970 polygons
2026-07-15 03:29:15 +0200: Memory Usage (535044K) : topmetal1_nofill has 0 polygons
2026-07-15 03:29:15 +0200: Memory Usage (535044K) : topmetal1_slit has 0 polygons
2026-07-15 03:29:15 +0200: Memory Usage (535172K) : topmetal1_text has 181 polygons
2026-07-15 03:29:15 +0200: Memory Usage (535172K) : topmetal1_noqrc has 0 polygons
2026-07-15 03:29:15 +0200: Memory Usage (535172K) : topmetal1_res has 0 polygons
2026-07-15 03:29:15 +0200: Memory Usage (535300K) : topmetal1_iprobe has 0 polygons
2026-07-15 03:29:15 +0200: Memory Usage (535300K) : topmetal1_diffprb has 0 polygons
2026-07-15 03:29:15 +0200: Memory Usage (535300K) : inldpwl_drw has 0 polygons
2026-07-15 03:29:15 +0200: Memory Usage (535428K) : polyres_drw has 36 polygons
2026-07-15 03:29:15 +0200: Memory Usage (535428K) : polyres_pin has 0 polygons
2026-07-15 03:29:15 +0200: Memory Usage (535428K) : vmim_drw has 0 polygons
2026-07-15 03:29:15 +0200: Memory Usage (535428K) : nbulaycut_drw has 0 polygons
2026-07-15 03:29:15 +0200: Memory Usage (535556K) : antmetal1_drw has 0 polygons
2026-07-15 03:29:15 +0200: Memory Usage (535556K) : topvia2_drw has 0 polygons
2026-07-15 03:29:15 +0200: Memory Usage (535556K) : topmetal2_drw has 0 polygons
2026-07-15 03:29:15 +0200: Memory Usage (535684K) : topmetal2_pin has 0 polygons
2026-07-15 03:29:15 +0200: Memory Usage (535684K) : topmetal2_mask has 0 polygons
2026-07-15 03:29:15 +0200: Memory Usage (535684K) : topmetal2_filler has 0 polygons
2026-07-15 03:29:15 +0200: Memory Usage (535812K) : topmetal2_nofill has 0 polygons
2026-07-15 03:29:15 +0200: Memory Usage (535812K) : topmetal2_slit has 0 polygons
2026-07-15 03:29:15 +0200: Memory Usage (535812K) : topmetal2_text has 0 polygons
2026-07-15 03:29:15 +0200: Memory Usage (535812K) : topmetal2_noqrc has 0 polygons
2026-07-15 03:29:15 +0200: Memory Usage (535940K) : topmetal2_res has 0 polygons
2026-07-15 03:29:15 +0200: Memory Usage (535940K) : topmetal2_iprobe has 0 polygons
2026-07-15 03:29:15 +0200: Memory Usage (535940K) : topmetal2_diffprb has 0 polygons
2026-07-15 03:29:15 +0200: Memory Usage (536068K) : snsring_drw has 0 polygons
2026-07-15 03:29:15 +0200: Memory Usage (536068K) : sensor_drw has 0 polygons
2026-07-15 03:29:15 +0200: Memory Usage (536068K) : snsarms_drw has 0 polygons
2026-07-15 03:29:15 +0200: Memory Usage (536068K) : snscmosvia_drw has 0 polygons
2026-07-15 03:29:15 +0200: Memory Usage (536196K) : colwind_drw has 0 polygons
2026-07-15 03:29:15 +0200: Memory Usage (536196K) : flm_drw has 0 polygons
2026-07-15 03:29:15 +0200: Memory Usage (536196K) : hafniumox_drw has 0 polygons
2026-07-15 03:29:15 +0200: Memory Usage (536324K) : memvia_drw has 0 polygons
2026-07-15 03:29:15 +0200: Memory Usage (536324K) : thinfilmres_drw has 0 polygons
2026-07-15 03:29:15 +0200: Memory Usage (536452K) : rfmem_drw has 0 polygons
2026-07-15 03:29:15 +0200: Memory Usage (536452K) : norcx_drw has 0 polygons
2026-07-15 03:29:15 +0200: Memory Usage (536452K) : norcx_m2m3 has 0 polygons
2026-07-15 03:29:15 +0200: Memory Usage (536580K) : norcx_m2m4 has 0 polygons
2026-07-15 03:29:15 +0200: Memory Usage (536580K) : norcx_m2m5 has 0 polygons
2026-07-15 03:29:15 +0200: Memory Usage (536708K) : norcx_m2tm1 has 0 polygons
2026-07-15 03:29:15 +0200: Memory Usage (536708K) : norcx_m2tm2 has 0 polygons
2026-07-15 03:29:15 +0200: Memory Usage (536708K) : norcx_m3m4 has 0 polygons
2026-07-15 03:29:15 +0200: Memory Usage (536836K) : norcx_m3m5 has 0 polygons
2026-07-15 03:29:15 +0200: Memory Usage (536836K) : norcx_m3tm1 has 0 polygons
2026-07-15 03:29:15 +0200: Memory Usage (536964K) : norcx_m3tm2 has 0 polygons
2026-07-15 03:29:15 +0200: Memory Usage (536964K) : norcx_m4m5 has 0 polygons
2026-07-15 03:29:15 +0200: Memory Usage (536964K) : norcx_m4tm1 has 0 polygons
2026-07-15 03:29:15 +0200: Memory Usage (537092K) : norcx_m4tm2 has 0 polygons
2026-07-15 03:29:15 +0200: Memory Usage (537092K) : norcx_m5tm1 has 0 polygons
2026-07-15 03:29:15 +0200: Memory Usage (537092K) : norcx_m5tm2 has 0 polygons
2026-07-15 03:29:15 +0200: Memory Usage (537220K) : norcx_tm1tm2 has 0 polygons
2026-07-15 03:29:15 +0200: Memory Usage (537220K) : norcx_m1sub has 0 polygons
2026-07-15 03:29:15 +0200: Memory Usage (537348K) : norcx_m2sub has 0 polygons
2026-07-15 03:29:15 +0200: Memory Usage (537348K) : norcx_m3sub has 0 polygons
2026-07-15 03:29:15 +0200: Memory Usage (537348K) : norcx_m4sub has 0 polygons
2026-07-15 03:29:15 +0200: Memory Usage (537476K) : norcx_m5sub has 0 polygons
2026-07-15 03:29:15 +0200: Memory Usage (537476K) : norcx_tm1sub has 0 polygons
2026-07-15 03:29:15 +0200: Memory Usage (537604K) : norcx_tm2sub has 0 polygons
2026-07-15 03:29:15 +0200: Memory Usage (537604K) : snsbotvia_drw has 0 polygons
2026-07-15 03:29:15 +0200: Memory Usage (537604K) : snstopvia_drw has 0 polygons
2026-07-15 03:29:15 +0200: Memory Usage (537732K) : deepvia_drw has 0 polygons
2026-07-15 03:29:15 +0200: Memory Usage (537732K) : fgetch_drw has 0 polygons
2026-07-15 03:29:15 +0200: Memory Usage (537860K) : ctrgat_drw has 0 polygons
2026-07-15 03:29:15 +0200: Memory Usage (537860K) : fgimp_drw has 0 polygons
2026-07-15 03:29:15 +0200: Memory Usage (537860K) : emwihv_drw has 0 polygons
2026-07-15 03:29:15 +0200: Memory Usage (537988K) : lbe_drw has 0 polygons
2026-07-15 03:29:15 +0200: Memory Usage (537988K) : alcustop_drw has 0 polygons
2026-07-15 03:29:15 +0200: Memory Usage (538116K) : nometfiller_drw has 2 polygons
2026-07-15 03:29:15 +0200: Memory Usage (538116K) : prboundary_drw has 0 polygons
2026-07-15 03:29:15 +0200: Memory Usage (538116K) : exchange0_drw has 0 polygons
2026-07-15 03:29:15 +0200: Memory Usage (538244K) : exchange0_pin has 0 polygons
2026-07-15 03:29:15 +0200: Memory Usage (538244K) : exchange0_text has 0 polygons
2026-07-15 03:29:15 +0200: Memory Usage (538244K) : exchange1_drw has 0 polygons
2026-07-15 03:29:15 +0200: Memory Usage (538372K) : exchange1_pin has 0 polygons
2026-07-15 03:29:15 +0200: Memory Usage (538372K) : exchange1_text has 0 polygons
2026-07-15 03:29:15 +0200: Memory Usage (538500K) : exchange2_drw has 0 polygons
2026-07-15 03:29:15 +0200: Memory Usage (538500K) : exchange2_pin has 0 polygons
2026-07-15 03:29:15 +0200: Memory Usage (538500K) : exchange2_text has 0 polygons
2026-07-15 03:29:15 +0200: Memory Usage (538628K) : exchange3_drw has 0 polygons
2026-07-15 03:29:15 +0200: Memory Usage (538628K) : exchange3_pin has 0 polygons
2026-07-15 03:29:15 +0200: Memory Usage (538756K) : exchange3_text has 0 polygons
2026-07-15 03:29:15 +0200: Memory Usage (538756K) : exchange4_drw has 0 polygons
2026-07-15 03:29:15 +0200: Memory Usage (538756K) : exchange4_pin has 0 polygons
2026-07-15 03:29:15 +0200: Memory Usage (538884K) : exchange4_text has 0 polygons
2026-07-15 03:29:15 +0200: Memory Usage (538884K) : isonwell_drw has 0 polygons
2026-07-15 03:29:15 +0200: Memory Usage (538884K) : Total no. of polygons in the design is 3143763
2026-07-15 03:29:15 +0200: Memory Usage (538884K) : Loaded TECH DRC rules values from /foss/pdks/ihp-sg13cmos5l/libs.tech/klayout/python/sg13cmos5l_pycell_lib/sg13cmos5l_tech_mod.json
2026-07-15 03:29:15 +0200: Memory Usage (538884K) : Loaded default DRC rules values from /foss/pdks/ihp-sg13cmos5l/libs.tech/klayout/tech/drc/rule_decks/sg13cmos5l_tech_default.json
2026-07-15 03:29:15 +0200: Memory Usage (540292K) : Total area of the design is 1102500.0 um^2.
2026-07-15 03:29:15 +0200: Memory Usage (540292K) : The design dimensions are 1050.0 um * 1050.0 um.
2026-07-15 03:29:15 +0200: Memory Usage (540292K) : Starting general IHP-SG13CMOS5L derivations.
2026-07-15 03:29:15 +0200: Memory Usage (540292K) : Starting Pwell derivations
2026-07-15 03:29:15 +0200: Memory Usage (547552K) : Starting n-Activ derivations
2026-07-15 03:29:15 +0200: Memory Usage (553440K) : Starting p-Activ derivations
2026-07-15 03:29:15 +0200: Memory Usage (553568K) : Starting ptap derivations
2026-07-15 03:29:15 +0200: Memory Usage (553696K) : Starting ntap derivations
2026-07-15 03:29:16 +0200: Memory Usage (553824K) : Starting pact FET derivations
2026-07-15 03:29:16 +0200: Memory Usage (553824K) : Starting nact FET derivations
2026-07-15 03:29:16 +0200: Memory Usage (553824K) : Starting Gate derivations
2026-07-15 03:29:16 +0200: Memory Usage (553824K) : Starting cont/contbar general derivations
2026-07-15 03:29:18 +0200: Memory Usage (668228K) : Starting pad general derivations (TM1 top)
2026-07-15 03:29:18 +0200: Memory Usage (668228K) : Starting IHP-SG13CMOS5L DRC connectivity related derivations.
2026-07-15 03:29:18 +0200: Memory Usage (668356K) : Starting IHP-SG13CMOS5L DRC connectivity setup
2026-07-15 03:29:23 +0200: Memory Usage (749508K) : Starting IHP-SG13CMOS5L DRC rules.
2026-07-15 03:29:23 +0200: Memory Usage (749508K) : Running all FEOL rules
2026-07-15 03:29:23 +0200: Memory Usage (749508K) : Running all BEOL rules
2026-07-15 03:29:23 +0200: Memory Usage (749508K) : Running all PIN rules
2026-07-15 03:29:23 +0200: Memory Usage (749508K) : Running all FORBIDDEN rules
2026-07-15 03:29:23 +0200: Memory Usage (749508K) : Starting 5.1 NWell table
2026-07-15 03:29:23 +0200: Memory Usage (749508K) : Executing rule NW.b
2026-07-15 03:29:23 +0200: Memory Usage (750020K) : Executing rule NW.b1
2026-07-15 03:29:23 +0200: Memory Usage (750152K) : Executing rule NW.f1
2026-07-15 03:29:23 +0200: Memory Usage (750152K) : Executing rule NW.f1.digibnd
2026-07-15 03:29:23 +0200: Memory Usage (750152K) : Starting 5.2 PWell:block
2026-07-15 03:29:23 +0200: Memory Usage (750152K) : Executing rule PWB.e
2026-07-15 03:29:23 +0200: Memory Usage (750152K) : Executing rule PWB.e1
2026-07-15 03:29:23 +0200: Memory Usage (750152K) : Executing rule PWB.f
2026-07-15 03:29:23 +0200: Memory Usage (750152K) : Executing rule PWB.f1
2026-07-15 03:29:23 +0200: Memory Usage (750152K) : Starting 5.3 nBuLay table
2026-07-15 03:29:23 +0200: Memory Usage (750152K) : nBuLay (32/0) is a FORBIDDEN layer in CMOS5L - skipping NBL rules
2026-07-15 03:29:23 +0200: Memory Usage (750152K) : Starting 5.5. Activ table
2026-07-15 03:29:23 +0200: Memory Usage (750152K) : Executing rule Act.a
2026-07-15 03:29:23 +0200: Memory Usage (750152K) : Executing rule Act.b
2026-07-15 03:29:24 +0200: Memory Usage (752840K) : Starting 5.6 Activ:filler table
2026-07-15 03:29:24 +0200: Memory Usage (752840K) : Tiling mode is enabled for Activ:filler table.
2026-07-15 03:29:24 +0200: Memory Usage (752840K) : Executing rule AFil.c1
2026-07-15 03:29:24 +0200: Memory Usage (756168K) : Executing rule AFil.c
2026-07-15 03:29:32 +0200: Memory Usage (750024K) : Executing rule AFil.d
2026-07-15 03:29:32 +0200: Memory Usage (752840K) : Skipping rule AFil.e (TRANS is forbidden in CMOS5L)
2026-07-15 03:29:32 +0200: Memory Usage (752840K) : Executing rule AFil.j
2026-07-15 03:29:32 +0200: Memory Usage (752840K) : deep mode is enabled after Activ:filler table.
2026-07-15 03:29:32 +0200: Memory Usage (752840K) : Starting 5.7. ThickGateOx table
2026-07-15 03:29:32 +0200: Memory Usage (752840K) : Executing rule TGO.f
2026-07-15 03:29:32 +0200: Memory Usage (752840K) : Starting 5.8. GatPoly table
2026-07-15 03:29:32 +0200: Memory Usage (752840K) : Executing rule Gat.a
2026-07-15 03:29:32 +0200: Memory Usage (752840K) : Executing rule Gat.b
2026-07-15 03:29:32 +0200: Memory Usage (752968K) : Executing rule Gat.d
2026-07-15 03:29:32 +0200: Memory Usage (752968K) : Executing rule Gat.a1
2026-07-15 03:29:32 +0200: Memory Usage (753352K) : Executing rule Gat.a2
2026-07-15 03:29:32 +0200: Memory Usage (753352K) : Executing rule Gat.g
2026-07-15 03:29:32 +0200: Memory Usage (753352K) : Starting 5.9 GatPoly:filler
2026-07-15 03:29:33 +0200: Memory Usage (754888K) : Tiling mode is enabled for GatPoly:filler table.
2026-07-15 03:29:33 +0200: Memory Usage (754888K) : Executing rule GFil.d
2026-07-15 03:29:39 +0200: Memory Usage (797288K) : Executing rule GFil.e
2026-07-15 03:29:39 +0200: Memory Usage (797288K) : Executing rule GFil.i
2026-07-15 03:29:39 +0200: Memory Usage (797288K) : deep mode is enabled after GatPoly:filler table.
2026-07-15 03:29:39 +0200: Memory Usage (797288K) : Starting 5.10 pSD table
2026-07-15 03:29:39 +0200: Memory Usage (797288K) : Executing rule pSD.c1
2026-07-15 03:29:39 +0200: Memory Usage (797288K) : Starting 5.14. Cont table
2026-07-15 03:29:39 +0200: Memory Usage (797288K) : Executing rule Cnt.a
2026-07-15 03:29:43 +0200: Memory Usage (954560K) : Executing rule Cnt.b
2026-07-15 03:29:46 +0200: Memory Usage (959296K) : Executing rule Cnt.c
2026-07-15 03:29:54 +0200: Memory Usage (982592K) : Executing rule Cnt.c.digibnd
2026-07-15 03:29:54 +0200: Memory Usage (982592K) : Executing rule Cnt.c.SRAM
2026-07-15 03:29:54 +0200: Memory Usage (982592K) : Executing rule Cnt.d
2026-07-15 03:29:54 +0200: Memory Usage (982592K) : Executing rule Cnt.e
2026-07-15 03:29:54 +0200: Memory Usage (982592K) : Executing rule Cnt.g1
2026-07-15 03:29:59 +0200: Memory Usage (999868K) : Executing rule Cnt.g2
2026-07-15 03:30:05 +0200: Memory Usage (1004476K) : Starting 5.15. ContBar table
2026-07-15 03:30:05 +0200: Memory Usage (1004476K) : Executing rule CntB.b1
2026-07-15 03:30:05 +0200: Memory Usage (1004476K) : Executing rule CntB.h1
2026-07-15 03:30:05 +0200: Memory Usage (1004476K) : Starting 7.2 Latch-up table
2026-07-15 03:30:05 +0200: Memory Usage (1004476K) : Executing rule LU.b
2026-07-15 03:30:06 +0200: Memory Usage (1004476K) : Starting 5.16. Metal1 table
2026-07-15 03:30:06 +0200: Memory Usage (1004476K) : Executing rule M1.a
2026-07-15 03:30:07 +0200: Memory Usage (1004476K) : Executing rule M1.b
2026-07-15 03:30:10 +0200: Memory Usage (1004476K) : Executing rule M1.e
2026-07-15 03:30:11 +0200: Memory Usage (1004476K) : Executing rule M1.f
2026-07-15 03:30:11 +0200: Memory Usage (1004476K) : Executing rule M1.g
2026-07-15 03:30:11 +0200: Memory Usage (1004476K) : Executing rule M1.i
2026-07-15 03:30:11 +0200: Memory Usage (1004476K) : Starting 5.17 Metaln table
2026-07-15 03:30:11 +0200: Memory Usage (1004476K) : Executing rule M2.a
2026-07-15 03:30:12 +0200: Memory Usage (1004476K) : Executing rule M2.b
2026-07-15 03:30:12 +0200: Memory Usage (1004476K) : Executing rule M2.e
2026-07-15 03:30:12 +0200: Memory Usage (1004476K) : Executing rule M2.f
2026-07-15 03:30:13 +0200: Memory Usage (1004476K) : Executing rule M2.g
2026-07-15 03:30:13 +0200: Memory Usage (1004476K) : Executing rule M2.i
2026-07-15 03:30:13 +0200: Memory Usage (1004476K) : Executing rule M3.a
2026-07-15 03:30:14 +0200: Memory Usage (1004476K) : Executing rule M3.b
2026-07-15 03:30:14 +0200: Memory Usage (1004476K) : Executing rule M3.e
2026-07-15 03:30:14 +0200: Memory Usage (1004476K) : Executing rule M3.f
2026-07-15 03:30:14 +0200: Memory Usage (1004476K) : Executing rule M3.g
2026-07-15 03:30:15 +0200: Memory Usage (1004476K) : Executing rule M3.i
2026-07-15 03:30:15 +0200: Memory Usage (1004476K) : Executing rule M4.a
2026-07-15 03:30:15 +0200: Memory Usage (1004476K) : Executing rule M4.b
2026-07-15 03:30:15 +0200: Memory Usage (1004476K) : Executing rule M4.e
2026-07-15 03:30:15 +0200: Memory Usage (1004476K) : Executing rule M4.f
2026-07-15 03:30:16 +0200: Memory Usage (1004476K) : Executing rule M4.g
2026-07-15 03:30:16 +0200: Memory Usage (1004476K) : Executing rule M4.i
2026-07-15 03:30:16 +0200: Memory Usage (1004476K) : Starting 5.18 Metaln:filler table
2026-07-15 03:30:16 +0200: Memory Usage (1004476K) : Tiling mode is enabled for Metaln:filler table.
2026-07-15 03:30:16 +0200: Memory Usage (1004476K) : Executing rule M1Fil.c
2026-07-15 03:30:17 +0200: Memory Usage (1004604K) : Executing rule M1Fil.a2
2026-07-15 03:30:17 +0200: Memory Usage (1004604K) : Executing rule M2Fil.c
2026-07-15 03:30:17 +0200: Memory Usage (1004604K) : Executing rule M2Fil.a2
2026-07-15 03:30:18 +0200: Memory Usage (1004604K) : Executing rule M3Fil.c
2026-07-15 03:30:18 +0200: Memory Usage (1004604K) : Executing rule M3Fil.a2
2026-07-15 03:30:18 +0200: Memory Usage (1004604K) : Executing rule M4Fil.c
2026-07-15 03:30:19 +0200: Memory Usage (1004604K) : Executing rule M4Fil.a2
2026-07-15 03:30:19 +0200: Memory Usage (1004604K) : deep mode is enabled after Metaln:filler table.
2026-07-15 03:30:19 +0200: Memory Usage (1004604K) : Starting 5.19. Via1 table
2026-07-15 03:30:19 +0200: Memory Usage (1004604K) : Starting 5.19. Via1 table derivations
2026-07-15 03:30:19 +0200: Memory Usage (1004604K) : Executing rule V1.a
2026-07-15 03:30:19 +0200: Memory Usage (1004604K) : Executing rule V1.b
2026-07-15 03:30:19 +0200: Memory Usage (1004604K) : Executing rule V1.c
2026-07-15 03:30:19 +0200: Memory Usage (1004604K) : Starting 5.20. Vian table
2026-07-15 03:30:19 +0200: Memory Usage (1004604K) : Executing rule V2.a
2026-07-15 03:30:20 +0200: Memory Usage (1004604K) : Executing rule V2.b
2026-07-15 03:30:20 +0200: Memory Usage (1004604K) : Executing rule V2.c
2026-07-15 03:30:21 +0200: Memory Usage (1004604K) : Executing rule V3.a
2026-07-15 03:30:22 +0200: Memory Usage (1004604K) : Executing rule V3.b
2026-07-15 03:30:22 +0200: Memory Usage (1004604K) : Executing rule V3.c
2026-07-15 03:30:23 +0200: Memory Usage (1004604K) : Starting 5.21. TopVia1 table
2026-07-15 03:30:23 +0200: Memory Usage (1004604K) : Executing rule TV1.a
2026-07-15 03:30:23 +0200: Memory Usage (1004604K) : Executing rule TV1.b
2026-07-15 03:30:23 +0200: Memory Usage (1004604K) : Executing rule TV1.c
2026-07-15 03:30:23 +0200: Memory Usage (1004604K) : Executing rule TV1.d
2026-07-15 03:30:23 +0200: Memory Usage (1004604K) : Starting 5.22. TopMetal1 table
2026-07-15 03:30:23 +0200: Memory Usage (1004604K) : Executing rule TM1.a
2026-07-15 03:30:23 +0200: Memory Usage (1004604K) : Executing rule TM1.b
2026-07-15 03:30:23 +0200: Memory Usage (1004604K) : Starting 5.23 TopMetal1:filler table
2026-07-15 03:30:23 +0200: Memory Usage (1004604K) : Tiling mode is enabled for TopMetal1:filler table.
2026-07-15 03:30:23 +0200: Memory Usage (1004604K) : Executing rule TM1Fil.c
2026-07-15 03:30:23 +0200: Memory Usage (1004604K) : Executing rule TM1Fil.a1
2026-07-15 03:30:23 +0200: Memory Usage (1004604K) : deep mode is enabled after TopMetal1:filler table.
2026-07-15 03:30:23 +0200: Memory Usage (1004604K) : Starting 5.27. Passiv table
2026-07-15 03:30:23 +0200: Memory Usage (1004604K) : Executing rule Pas.a
2026-07-15 03:30:23 +0200: Memory Usage (1004604K) : Executing rule Pas.b
2026-07-15 03:30:23 +0200: Memory Usage (1004604K) : Executing rule Pas.c
2026-07-15 03:30:23 +0200: Memory Usage (1004604K) : Starting 6.9 Pad table
2026-07-15 03:30:23 +0200: Memory Usage (1004604K) : Executing rule Pad.m
2026-07-15 03:30:23 +0200: Memory Usage (1004604K) : Executing rule Pad.fR_M1
2026-07-15 03:30:23 +0200: Memory Usage (1004604K) : Executing rule Pad.fR_M2
2026-07-15 03:30:24 +0200: Memory Usage (1004732K) : Executing rule Pad.fR_M3
2026-07-15 03:30:24 +0200: Memory Usage (1004732K) : Executing rule Pad.fR_M4
2026-07-15 03:30:24 +0200: Memory Usage (1004732K) : Executing rule Pad.fR_TM1
2026-07-15 03:30:24 +0200: Memory Usage (1004732K) : Executing rule Pad.i
2026-07-15 03:30:24 +0200: Memory Usage (1004732K) : Starting 6.10 Sealring table
2026-07-15 03:30:24 +0200: Memory Usage (1004732K) : Tiling mode is enabled for Seal.l rule.
2026-07-15 03:30:24 +0200: Memory Usage (1004732K) : Executing rule Seal.l
2026-07-15 03:30:34 +0200: Memory Usage (1005056K) : deep mode is enabled after Seal.l rule.
2026-07-15 03:30:34 +0200: Memory Usage (1005056K) : Executing rule Seal.n
2026-07-15 03:30:34 +0200: Memory Usage (1005056K) : Executing rule seal.b_metal1
2026-07-15 03:30:34 +0200: Memory Usage (1005056K) : Executing rule seal.b_metal2
2026-07-15 03:30:34 +0200: Memory Usage (1005056K) : Executing rule seal.b_metal3
2026-07-15 03:30:35 +0200: Memory Usage (1005056K) : Executing rule seal.b_metal4
2026-07-15 03:30:35 +0200: Memory Usage (1005056K) : Executing rule seal.b_topmetal1
2026-07-15 03:30:35 +0200: Memory Usage (1005056K) : Executing rule seal.b_activ
2026-07-15 03:30:35 +0200: Memory Usage (1005056K) : Executing rule seal.b_psd
2026-07-15 03:30:35 +0200: Memory Usage (1005056K) : Executing rule Seal.k
2026-07-15 03:30:35 +0200: Memory Usage (1005056K) : Executing rule Seal.m
2026-07-15 03:30:35 +0200: Memory Usage (1005056K) : Starting 7.3 Metal Slits table
2026-07-15 03:30:35 +0200: Memory Usage (1005056K) : Executing rule Slt.e1_M1
2026-07-15 03:30:35 +0200: Memory Usage (1005056K) : Executing rule Slt.e1_M2
2026-07-15 03:30:35 +0200: Memory Usage (1005056K) : Executing rule Slt.e1_M3
2026-07-15 03:30:35 +0200: Memory Usage (1005056K) : Executing rule Slt.e1_M4
2026-07-15 03:30:35 +0200: Memory Usage (1005056K) : Executing rule Slt.e1_TM1
2026-07-15 03:30:35 +0200: Memory Usage (1005056K) : Starting 9.1. LBE table
2026-07-15 03:30:35 +0200: Memory Usage (1005056K) : Executing rule LBE.a
2026-07-15 03:30:35 +0200: Memory Usage (1005056K) : Executing rule LBE.b
2026-07-15 03:30:35 +0200: Memory Usage (1005056K) : Executing rule LBE.b1
2026-07-15 03:30:35 +0200: Memory Usage (1005056K) : Executing rule LBE.c
2026-07-15 03:30:35 +0200: Memory Usage (1005056K) : Executing rule LBE.d
2026-07-15 03:30:35 +0200: Memory Usage (1005056K) : Executing rule LBE.h
2026-07-15 03:30:35 +0200: Memory Usage (1005056K) : Starting 7.4. PIN table
2026-07-15 03:30:35 +0200: Memory Usage (1005056K) : Executing rule Pin.a
2026-07-15 03:30:35 +0200: Memory Usage (1005056K) : Executing rule Pin.b
2026-07-15 03:30:35 +0200: Memory Usage (1005056K) : Executing rule Pin.e
2026-07-15 03:30:35 +0200: Memory Usage (1005056K) : Executing rule Pin.f_M2
2026-07-15 03:30:35 +0200: Memory Usage (1005056K) : Executing rule Pin.f_M3
2026-07-15 03:30:35 +0200: Memory Usage (1005056K) : Executing rule Pin.f_M4
2026-07-15 03:30:35 +0200: Memory Usage (1005056K) : Executing rule Pin.g
2026-07-15 03:30:35 +0200: Memory Usage (1005056K) : Starting 3.1. offgrid table
2026-07-15 03:30:35 +0200: Memory Usage (1005056K) : Executing rule activ_drw_Offgrid
2026-07-15 03:30:35 +0200: Memory Usage (1005056K) : Executing rule activ_pin_Offgrid
2026-07-15 03:30:35 +0200: Memory Usage (1005056K) : Executing rule activ_mask_Offgrid
2026-07-15 03:30:35 +0200: Memory Usage (1005056K) : Executing rule activ_filler_Offgrid
2026-07-15 03:30:35 +0200: Memory Usage (1005312K) : Executing rule activ_nofill_Offgrid
2026-07-15 03:30:35 +0200: Memory Usage (1005312K) : Executing rule activ_opc_Offgrid
2026-07-15 03:30:35 +0200: Memory Usage (1005312K) : Executing rule activ_iopc_Offgrid
2026-07-15 03:30:35 +0200: Memory Usage (1005312K) : Executing rule activ_noqrc_Offgrid
2026-07-15 03:30:35 +0200: Memory Usage (1005440K) : Executing rule gatpoly_drw_Offgrid
2026-07-15 03:30:35 +0200: Memory Usage (1005440K) : Executing rule gatpoly_pin_Offgrid
2026-07-15 03:30:36 +0200: Memory Usage (1005440K) : Executing rule gatpoly_filler_Offgrid
2026-07-15 03:30:36 +0200: Memory Usage (1005440K) : Executing rule gatpoly_nofill_Offgrid
2026-07-15 03:30:36 +0200: Memory Usage (1005440K) : Executing rule gatpoly_opc_Offgrid
2026-07-15 03:30:36 +0200: Memory Usage (1005440K) : Executing rule gatpoly_iopc_Offgrid
2026-07-15 03:30:36 +0200: Memory Usage (1005440K) : Executing rule gatpoly_noqrc_Offgrid
2026-07-15 03:30:36 +0200: Memory Usage (1005440K) : Executing rule cont_drw_Offgrid
2026-07-15 03:30:47 +0200: Memory Usage (1137016K) : Executing rule cont_opc_Offgrid
2026-07-15 03:30:47 +0200: Memory Usage (1137016K) : Executing rule nsd_drw_Offgrid
2026-07-15 03:30:47 +0200: Memory Usage (1137016K) : Executing rule nsd_block_Offgrid
2026-07-15 03:30:47 +0200: Memory Usage (1137016K) : Executing rule metal1_drw_Offgrid
2026-07-15 03:30:48 +0200: Memory Usage (1137016K) : Executing rule metal1_pin_Offgrid
2026-07-15 03:30:48 +0200: Memory Usage (1137016K) : Executing rule metal1_mask_Offgrid
2026-07-15 03:30:48 +0200: Memory Usage (1137016K) : Executing rule metal1_filler_Offgrid
2026-07-15 03:30:48 +0200: Memory Usage (1137016K) : Executing rule metal1_nofill_Offgrid
2026-07-15 03:30:48 +0200: Memory Usage (1137016K) : Executing rule metal1_slit_Offgrid
2026-07-15 03:30:48 +0200: Memory Usage (1137016K) : Executing rule metal1_opc_Offgrid
2026-07-15 03:30:48 +0200: Memory Usage (1137016K) : Executing rule metal1_noqrc_Offgrid
2026-07-15 03:30:48 +0200: Memory Usage (1137016K) : Executing rule metal1_res_Offgrid
2026-07-15 03:30:48 +0200: Memory Usage (1137016K) : Executing rule metal1_iprobe_Offgrid
2026-07-15 03:30:48 +0200: Memory Usage (1137016K) : Executing rule metal1_diffprb_Offgrid
2026-07-15 03:30:48 +0200: Memory Usage (1137016K) : Executing rule passiv_drw_Offgrid
2026-07-15 03:30:48 +0200: Memory Usage (1137016K) : Executing rule passiv_pin_Offgrid
2026-07-15 03:30:48 +0200: Memory Usage (1137016K) : Executing rule passiv_pillar_Offgrid
2026-07-15 03:30:48 +0200: Memory Usage (1137016K) : Executing rule passiv_sbump_Offgrid
2026-07-15 03:30:48 +0200: Memory Usage (1137016K) : Executing rule passiv_pdl_Offgrid
2026-07-15 03:30:48 +0200: Memory Usage (1137016K) : Executing rule metal2_drw_Offgrid
2026-07-15 03:30:49 +0200: Memory Usage (1137016K) : Executing rule metal2_pin_Offgrid
2026-07-15 03:30:49 +0200: Memory Usage (1137016K) : Executing rule metal2_mask_Offgrid
2026-07-15 03:30:49 +0200: Memory Usage (1137016K) : Executing rule metal2_filler_Offgrid
2026-07-15 03:30:49 +0200: Memory Usage (1137016K) : Executing rule metal2_nofill_Offgrid
2026-07-15 03:30:49 +0200: Memory Usage (1137016K) : Executing rule metal2_slit_Offgrid
2026-07-15 03:30:49 +0200: Memory Usage (1137016K) : Executing rule metal2_opc_Offgrid
2026-07-15 03:30:49 +0200: Memory Usage (1137016K) : Executing rule metal2_noqrc_Offgrid
2026-07-15 03:30:49 +0200: Memory Usage (1137016K) : Executing rule metal2_res_Offgrid
2026-07-15 03:30:49 +0200: Memory Usage (1137016K) : Executing rule metal2_iprobe_Offgrid
2026-07-15 03:30:49 +0200: Memory Usage (1137016K) : Executing rule metal2_diffprb_Offgrid
2026-07-15 03:30:49 +0200: Memory Usage (1137016K) : Executing rule psd_drw_Offgrid
2026-07-15 03:30:49 +0200: Memory Usage (1137016K) : Executing rule via1_drw_Offgrid
2026-07-15 03:30:50 +0200: Memory Usage (1137016K) : Executing rule salblock_drw_Offgrid
2026-07-15 03:30:50 +0200: Memory Usage (1137016K) : Executing rule via2_drw_Offgrid
2026-07-15 03:30:50 +0200: Memory Usage (1142472K) : Executing rule metal3_drw_Offgrid
2026-07-15 03:30:51 +0200: Memory Usage (1139400K) : Executing rule metal3_pin_Offgrid
2026-07-15 03:30:51 +0200: Memory Usage (1139400K) : Executing rule metal3_mask_Offgrid
2026-07-15 03:30:51 +0200: Memory Usage (1139400K) : Executing rule metal3_filler_Offgrid
2026-07-15 03:30:51 +0200: Memory Usage (1139400K) : Executing rule metal3_nofill_Offgrid
2026-07-15 03:30:51 +0200: Memory Usage (1139400K) : Executing rule metal3_slit_Offgrid
2026-07-15 03:30:51 +0200: Memory Usage (1139400K) : Executing rule metal3_opc_Offgrid
2026-07-15 03:30:51 +0200: Memory Usage (1139400K) : Executing rule metal3_noqrc_Offgrid
2026-07-15 03:30:51 +0200: Memory Usage (1138248K) : Executing rule metal3_res_Offgrid
2026-07-15 03:30:51 +0200: Memory Usage (1138248K) : Executing rule metal3_iprobe_Offgrid
2026-07-15 03:30:51 +0200: Memory Usage (1138248K) : Executing rule metal3_diffprb_Offgrid
2026-07-15 03:30:51 +0200: Memory Usage (1138248K) : Executing rule nwell_drw_Offgrid
2026-07-15 03:30:51 +0200: Memory Usage (1138248K) : Executing rule nwell_pin_Offgrid
2026-07-15 03:30:51 +0200: Memory Usage (1138248K) : Executing rule pwell_drw_Offgrid
2026-07-15 03:30:51 +0200: Memory Usage (1138248K) : Executing rule pwell_pin_Offgrid
2026-07-15 03:30:51 +0200: Memory Usage (1138248K) : Executing rule pwell_block_Offgrid
2026-07-15 03:30:51 +0200: Memory Usage (1138248K) : Executing rule substrate_drw_Offgrid
2026-07-15 03:30:51 +0200: Memory Usage (1138248K) : Executing rule via3_drw_Offgrid
2026-07-15 03:30:52 +0200: Memory Usage (1135048K) : Executing rule metal4_drw_Offgrid
2026-07-15 03:30:52 +0200: Memory Usage (1132468K) : Executing rule metal4_pin_Offgrid
2026-07-15 03:30:53 +0200: Memory Usage (1132468K) : Executing rule metal4_mask_Offgrid
2026-07-15 03:30:53 +0200: Memory Usage (1132468K) : Executing rule metal4_filler_Offgrid
2026-07-15 03:30:53 +0200: Memory Usage (1132468K) : Executing rule metal4_nofill_Offgrid
2026-07-15 03:30:53 +0200: Memory Usage (1132468K) : Executing rule metal4_slit_Offgrid
2026-07-15 03:30:53 +0200: Memory Usage (1132468K) : Executing rule metal4_opc_Offgrid
2026-07-15 03:30:53 +0200: Memory Usage (1132468K) : Executing rule metal4_noqrc_Offgrid
2026-07-15 03:30:53 +0200: Memory Usage (1132468K) : Executing rule metal4_res_Offgrid
2026-07-15 03:30:53 +0200: Memory Usage (1132468K) : Executing rule metal4_iprobe_Offgrid
2026-07-15 03:30:53 +0200: Memory Usage (1132468K) : Executing rule metal4_diffprb_Offgrid
2026-07-15 03:30:53 +0200: Memory Usage (1132468K) : Executing rule topvia1_drw_Offgrid
2026-07-15 03:30:53 +0200: Memory Usage (1132852K) : Executing rule topmetal1_drw_Offgrid
2026-07-15 03:30:53 +0200: Memory Usage (1132852K) : Executing rule topmetal1_pin_Offgrid
2026-07-15 03:30:53 +0200: Memory Usage (1132852K) : Executing rule topmetal1_mask_Offgrid
2026-07-15 03:30:53 +0200: Memory Usage (1132852K) : Executing rule topmetal1_filler_Offgrid
2026-07-15 03:30:53 +0200: Memory Usage (1132852K) : Executing rule topmetal1_nofill_Offgrid
2026-07-15 03:30:53 +0200: Memory Usage (1132852K) : Executing rule topmetal1_slit_Offgrid
2026-07-15 03:30:53 +0200: Memory Usage (1132852K) : Executing rule topmetal1_noqrc_Offgrid
2026-07-15 03:30:53 +0200: Memory Usage (1132852K) : Executing rule topmetal1_res_Offgrid
2026-07-15 03:30:53 +0200: Memory Usage (1132852K) : Executing rule topmetal1_iprobe_Offgrid
2026-07-15 03:30:53 +0200: Memory Usage (1132852K) : Executing rule topmetal1_diffprb_Offgrid
2026-07-15 03:30:53 +0200: Memory Usage (1132852K) : Executing rule thickgateox_drw_Offgrid
2026-07-15 03:30:53 +0200: Memory Usage (1132852K) : Executing rule polyres_drw_Offgrid
2026-07-15 03:30:53 +0200: Memory Usage (1132852K) : Executing rule polyres_pin_Offgrid
2026-07-15 03:30:53 +0200: Memory Usage (1132852K) : Executing rule antmetal1_drw_Offgrid
2026-07-15 03:30:53 +0200: Memory Usage (1132852K) : Executing rule thinfilmres_drw_Offgrid
2026-07-15 03:30:53 +0200: Memory Usage (1132852K) : Executing rule lbe_drw_Offgrid
2026-07-15 03:30:53 +0200: Memory Usage (1132852K) : Executing rule prboundary_drw_Offgrid
2026-07-15 03:30:53 +0200: Memory Usage (1132852K) : Starting 3.2. angle table
2026-07-15 03:30:53 +0200: Memory Usage (1132852K) : Executing rule activ_drw_Acute
2026-07-15 03:30:54 +0200: Memory Usage (1130932K) : Executing rule activ_pin_Acute
2026-07-15 03:30:54 +0200: Memory Usage (1130932K) : Executing rule activ_mask_Acute
2026-07-15 03:30:54 +0200: Memory Usage (1130932K) : Executing rule activ_filler_Acute
2026-07-15 03:30:54 +0200: Memory Usage (1130932K) : Executing rule activ_nofill_Acute
2026-07-15 03:30:54 +0200: Memory Usage (1130932K) : Executing rule activ_opc_Acute
2026-07-15 03:30:54 +0200: Memory Usage (1130932K) : Executing rule activ_iopc_Acute
2026-07-15 03:30:54 +0200: Memory Usage (1130932K) : Executing rule activ_noqrc_Acute
2026-07-15 03:30:54 +0200: Memory Usage (1130932K) : Executing rule gatpoly_drw_Acute
2026-07-15 03:30:54 +0200: Memory Usage (1130932K) : Executing rule gatpoly_pin_Acute
2026-07-15 03:30:54 +0200: Memory Usage (1130932K) : Executing rule gatpoly_filler_Acute
2026-07-15 03:30:54 +0200: Memory Usage (1130932K) : Executing rule gatpoly_nofill_Acute
2026-07-15 03:30:54 +0200: Memory Usage (1130932K) : Executing rule gatpoly_opc_Acute
2026-07-15 03:30:54 +0200: Memory Usage (1130932K) : Executing rule gatpoly_iopc_Acute
2026-07-15 03:30:54 +0200: Memory Usage (1130932K) : Executing rule gatpoly_noqrc_Acute
2026-07-15 03:30:54 +0200: Memory Usage (1130932K) : Executing rule cont_drw_Acute
2026-07-15 03:31:02 +0200: Memory Usage (1153332K) : Executing rule cont_opc_Acute
2026-07-15 03:31:02 +0200: Memory Usage (1153332K) : Executing rule nsd_drw_Acute
2026-07-15 03:31:02 +0200: Memory Usage (1153332K) : Executing rule nsd_block_Acute
2026-07-15 03:31:02 +0200: Memory Usage (1153332K) : Executing rule metal1_drw_Acute
2026-07-15 03:31:02 +0200: Memory Usage (1153332K) : Executing rule metal1_pin_Acute
2026-07-15 03:31:02 +0200: Memory Usage (1153332K) : Executing rule metal1_mask_Acute
2026-07-15 03:31:02 +0200: Memory Usage (1153332K) : Executing rule metal1_filler_Acute
2026-07-15 03:31:03 +0200: Memory Usage (1153332K) : Executing rule metal1_nofill_Acute
2026-07-15 03:31:03 +0200: Memory Usage (1153332K) : Executing rule metal1_slit_Acute
2026-07-15 03:31:03 +0200: Memory Usage (1153332K) : Executing rule metal1_opc_Acute
2026-07-15 03:31:03 +0200: Memory Usage (1153332K) : Executing rule metal1_noqrc_Acute
2026-07-15 03:31:03 +0200: Memory Usage (1153332K) : Executing rule metal1_res_Acute
2026-07-15 03:31:03 +0200: Memory Usage (1153332K) : Executing rule metal1_iprobe_Acute
2026-07-15 03:31:03 +0200: Memory Usage (1153332K) : Executing rule metal1_diffprb_Acute
2026-07-15 03:31:03 +0200: Memory Usage (1153332K) : Executing rule passiv_drw_Acute
2026-07-15 03:31:03 +0200: Memory Usage (1153332K) : Executing rule passiv_pin_Acute
2026-07-15 03:31:03 +0200: Memory Usage (1153332K) : Executing rule passiv_pillar_Acute
2026-07-15 03:31:03 +0200: Memory Usage (1153332K) : Executing rule passiv_sbump_Acute
2026-07-15 03:31:03 +0200: Memory Usage (1153332K) : Executing rule passiv_pdl_Acute
2026-07-15 03:31:03 +0200: Memory Usage (1153332K) : Executing rule metal2_drw_Acute
2026-07-15 03:31:03 +0200: Memory Usage (1153332K) : Executing rule metal2_pin_Acute
2026-07-15 03:31:03 +0200: Memory Usage (1153332K) : Executing rule metal2_mask_Acute
2026-07-15 03:31:03 +0200: Memory Usage (1153332K) : Executing rule metal2_filler_Acute
2026-07-15 03:31:03 +0200: Memory Usage (1153332K) : Executing rule metal2_nofill_Acute
2026-07-15 03:31:03 +0200: Memory Usage (1153332K) : Executing rule metal2_slit_Acute
2026-07-15 03:31:03 +0200: Memory Usage (1153332K) : Executing rule metal2_opc_Acute
2026-07-15 03:31:03 +0200: Memory Usage (1153332K) : Executing rule metal2_noqrc_Acute
2026-07-15 03:31:03 +0200: Memory Usage (1153332K) : Executing rule metal2_res_Acute
2026-07-15 03:31:03 +0200: Memory Usage (1153332K) : Executing rule metal2_iprobe_Acute
2026-07-15 03:31:03 +0200: Memory Usage (1153332K) : Executing rule metal2_diffprb_Acute
2026-07-15 03:31:03 +0200: Memory Usage (1153332K) : Executing rule psd_drw_Acute
2026-07-15 03:31:03 +0200: Memory Usage (1153332K) : Executing rule via1_drw_Acute
2026-07-15 03:31:04 +0200: Memory Usage (1151224K) : Executing rule salblock_drw_Acute
2026-07-15 03:31:04 +0200: Memory Usage (1151224K) : Executing rule via2_drw_Acute
2026-07-15 03:31:05 +0200: Memory Usage (1153400K) : Executing rule metal3_drw_Acute
2026-07-15 03:31:05 +0200: Memory Usage (1149816K) : Executing rule metal3_pin_Acute
2026-07-15 03:31:05 +0200: Memory Usage (1149816K) : Executing rule metal3_mask_Acute
2026-07-15 03:31:05 +0200: Memory Usage (1149816K) : Executing rule metal3_filler_Acute
2026-07-15 03:31:05 +0200: Memory Usage (1149816K) : Executing rule metal3_nofill_Acute
2026-07-15 03:31:05 +0200: Memory Usage (1149816K) : Executing rule metal3_slit_Acute
2026-07-15 03:31:05 +0200: Memory Usage (1149816K) : Executing rule metal3_opc_Acute
2026-07-15 03:31:05 +0200: Memory Usage (1149816K) : Executing rule metal3_noqrc_Acute
2026-07-15 03:31:05 +0200: Memory Usage (1149816K) : Executing rule metal3_res_Acute
2026-07-15 03:31:05 +0200: Memory Usage (1149816K) : Executing rule metal3_iprobe_Acute
2026-07-15 03:31:05 +0200: Memory Usage (1149816K) : Executing rule metal3_diffprb_Acute
2026-07-15 03:31:05 +0200: Memory Usage (1149816K) : Executing rule nwell_drw_Acute
2026-07-15 03:31:06 +0200: Memory Usage (1148400K) : Executing rule nwell_pin_Acute
2026-07-15 03:31:06 +0200: Memory Usage (1148400K) : Executing rule pwell_drw_Acute
2026-07-15 03:31:06 +0200: Memory Usage (1148400K) : Executing rule pwell_pin_Acute
2026-07-15 03:31:06 +0200: Memory Usage (1148400K) : Executing rule pwell_block_Acute
2026-07-15 03:31:06 +0200: Memory Usage (1148400K) : Executing rule substrate_drw_Acute
2026-07-15 03:31:06 +0200: Memory Usage (1148400K) : Executing rule via3_drw_Acute
2026-07-15 03:31:07 +0200: Memory Usage (1156848K) : Executing rule metal4_drw_Acute
2026-07-15 03:31:07 +0200: Memory Usage (1151428K) : Executing rule metal4_pin_Acute
2026-07-15 03:31:07 +0200: Memory Usage (1151428K) : Executing rule metal4_mask_Acute
2026-07-15 03:31:07 +0200: Memory Usage (1151428K) : Executing rule metal4_filler_Acute
2026-07-15 03:31:07 +0200: Memory Usage (1151428K) : Executing rule metal4_nofill_Acute
2026-07-15 03:31:07 +0200: Memory Usage (1151428K) : Executing rule metal4_slit_Acute
2026-07-15 03:31:07 +0200: Memory Usage (1151428K) : Executing rule metal4_opc_Acute
2026-07-15 03:31:07 +0200: Memory Usage (1151428K) : Executing rule metal4_noqrc_Acute
2026-07-15 03:31:07 +0200: Memory Usage (1151428K) : Executing rule metal4_res_Acute
2026-07-15 03:31:07 +0200: Memory Usage (1151428K) : Executing rule metal4_iprobe_Acute
2026-07-15 03:31:07 +0200: Memory Usage (1151428K) : Executing rule metal4_diffprb_Acute
2026-07-15 03:31:07 +0200: Memory Usage (1151428K) : Executing rule topvia1_drw_Acute
2026-07-15 03:31:07 +0200: Memory Usage (1151428K) : Executing rule topmetal1_drw_Acute
2026-07-15 03:31:07 +0200: Memory Usage (1151428K) : Executing rule topmetal1_pin_Acute
2026-07-15 03:31:07 +0200: Memory Usage (1151428K) : Executing rule topmetal1_mask_Acute
2026-07-15 03:31:07 +0200: Memory Usage (1151428K) : Executing rule topmetal1_filler_Acute
2026-07-15 03:31:07 +0200: Memory Usage (1151428K) : Executing rule topmetal1_nofill_Acute
2026-07-15 03:31:07 +0200: Memory Usage (1151428K) : Executing rule topmetal1_slit_Acute
2026-07-15 03:31:07 +0200: Memory Usage (1151428K) : Executing rule topmetal1_noqrc_Acute
2026-07-15 03:31:07 +0200: Memory Usage (1151428K) : Executing rule topmetal1_res_Acute
2026-07-15 03:31:08 +0200: Memory Usage (1151428K) : Executing rule topmetal1_iprobe_Acute
2026-07-15 03:31:08 +0200: Memory Usage (1151428K) : Executing rule topmetal1_diffprb_Acute
2026-07-15 03:31:08 +0200: Memory Usage (1151428K) : Executing rule thickgateox_drw_Acute
2026-07-15 03:31:08 +0200: Memory Usage (1151428K) : Executing rule polyres_drw_Acute
2026-07-15 03:31:08 +0200: Memory Usage (1151428K) : Executing rule polyres_pin_Acute
2026-07-15 03:31:08 +0200: Memory Usage (1151428K) : Executing rule antmetal1_drw_Acute
2026-07-15 03:31:08 +0200: Memory Usage (1151428K) : Executing rule thinfilmres_drw_Acute
2026-07-15 03:31:08 +0200: Memory Usage (1151428K) : Executing rule lbe_drw_Acute
2026-07-15 03:31:08 +0200: Memory Usage (1151428K) : Executing rule prboundary_drw_Acute
2026-07-15 03:31:08 +0200: Memory Usage (1151428K) : Executing rule cont_drw_Angle90
2026-07-15 03:31:23 +0200: Memory Usage (1830024K) : Executing rule via1_drw_Angle90
2026-07-15 03:31:24 +0200: Memory Usage (1829740K) : Executing rule via2_drw_Angle90
2026-07-15 03:31:25 +0200: Memory Usage (1829612K) : Executing rule via3_drw_Angle90
2026-07-15 03:31:26 +0200: Memory Usage (1829612K) : Executing rule topvia1_drw_Angle90
2026-07-15 03:31:26 +0200: Memory Usage (1829612K) : Executing rule gatpoly_drw_Angle45
2026-07-15 03:31:26 +0200: Memory Usage (1829612K) : Executing rule activ_drw_Angle45
2026-07-15 03:31:27 +0200: Memory Usage (1829612K) : Executing rule metal1_drw_Angle45
2026-07-15 03:31:30 +0200: Memory Usage (1525892K) : Executing rule metal2_drw_Angle45
2026-07-15 03:31:31 +0200: Memory Usage (1525892K) : Executing rule metal3_drw_Angle45
2026-07-15 03:31:32 +0200: Memory Usage (1525892K) : Executing rule metal4_drw_Angle45
2026-07-15 03:31:32 +0200: Memory Usage (1525892K) : Executing rule topmetal1_drw_Angle45
2026-07-15 03:31:33 +0200: Memory Usage (1525892K) : Starting 3.2. FORBIDDEN table
2026-07-15 03:31:33 +0200: Memory Usage (1525892K) : Executing rule forbidden.biwind
2026-07-15 03:31:33 +0200: Memory Usage (1525892K) : Executing rule forbidden.pemwind
2026-07-15 03:31:33 +0200: Memory Usage (1525892K) : Executing rule forbidden.baspoly
2026-07-15 03:31:33 +0200: Memory Usage (1525892K) : Executing rule forbidden.deepco
2026-07-15 03:31:33 +0200: Memory Usage (1525892K) : Executing rule forbidden.pempoly
2026-07-15 03:31:33 +0200: Memory Usage (1525892K) : Executing rule forbidden.empoly
2026-07-15 03:31:33 +0200: Memory Usage (1525892K) : Executing rule forbidden.ldmos
2026-07-15 03:31:33 +0200: Memory Usage (1525892K) : Executing rule forbidden.pbiwind
2026-07-15 03:31:33 +0200: Memory Usage (1525892K) : Executing rule forbidden.nodrc
2026-07-15 03:31:33 +0200: Memory Usage (1525892K) : Executing rule forbidden.flash
2026-07-15 03:31:33 +0200: Memory Usage (1525892K) : Executing rule forbidden.colwind
2026-07-15 03:31:33 +0200: Memory Usage (1525892K) : Starting 3.2. CMOS5L FORBIDDEN layers check
2026-07-15 03:31:33 +0200: Memory Usage (1525892K) : Executing rule CMOS5L.FORB.Metal5
2026-07-15 03:31:33 +0200: Memory Usage (1525892K) : Executing rule CMOS5L.FORB.Metal5.filler
2026-07-15 03:31:33 +0200: Memory Usage (1525892K) : Executing rule CMOS5L.FORB.Via4
2026-07-15 03:31:33 +0200: Memory Usage (1525892K) : Executing rule CMOS5L.FORB.TopMetal2
2026-07-15 03:31:33 +0200: Memory Usage (1525892K) : Executing rule CMOS5L.FORB.TopMetal2.filler
2026-07-15 03:31:33 +0200: Memory Usage (1525892K) : Executing rule CMOS5L.FORB.TopVia2
2026-07-15 03:31:33 +0200: Memory Usage (1525892K) : Executing rule CMOS5L.FORB.TRANS
2026-07-15 03:31:33 +0200: Memory Usage (1525892K) : Executing rule CMOS5L.FORB.nBuLay
2026-07-15 03:31:33 +0200: Memory Usage (1525892K) : Executing rule CMOS5L.FORB.MIM
2026-07-15 03:31:33 +0200: Memory Usage (1525892K) : Executing rule CMOS5L.FORB.Vmim
2026-07-15 03:31:33 +0200: Memory Usage (1525892K) : KLayout DRC run for tables 'main' completed in 138.46 seconds
