# Logfile created on 2026-07-15 03:29:09 +0200 by logger.rb/v1.5.3
2026-07-15 03:29:09 +0200: Memory Usage (527680K) : Starting running SG13CMOS5L Klayout LVS runset on /foss/designs/IHP__MSPHY9932/MSPHY9932-main/layout/klayout/MSPHY9932.gds
2026-07-15 03:29:09 +0200: Memory Usage (527680K) : Ruby Version for klayout: 3.2.3
2026-07-15 03:29:10 +0200: Memory Usage (528320K) : Loading database to memory is complete.
2026-07-15 03:29:10 +0200: Memory Usage (528320K) : SG13CMOS5L Klayout LVS runset output at: /foss/designs/IHP__MSPHY9932/MSPHY9932-main/layout/klayout/lvs_run_sg13cmos5l_inv_1_2026_07_15_03_29_07/MSPHY9932.lvsdb
2026-07-15 03:29:10 +0200: Memory Usage (528320K) : Evaluate switches.
2026-07-15 03:29:10 +0200: Memory Usage (528320K) : Extracted netlist with net names: true
2026-07-15 03:29:10 +0200: Memory Usage (528320K) : Extracted netlist with comments in details: false
2026-07-15 03:29:10 +0200: Memory Usage (528320K) : Selected NET_ONLY option: false
2026-07-15 03:29:10 +0200: Memory Usage (528320K) : Selected LAYOUT_NETLIST option: (none)
2026-07-15 03:29:10 +0200: Memory Usage (528320K) : Selected IGNORE_TOP_PORTS_MISMATCH option: 
2026-07-15 03:29:10 +0200: Memory Usage (528320K) : Selected IMPLICIT_NETS option: (none)
2026-07-15 03:29:10 +0200: Memory Usage (528320K) : Selected TOP_LVL_PINS option: false
2026-07-15 03:29:10 +0200: Memory Usage (528320K) : Selected COMBINE DEVICES option: false
2026-07-15 03:29:10 +0200: Memory Usage (528320K) : Selected PURGE option: false
2026-07-15 03:29:10 +0200: Memory Usage (528320K) : Selected PURGE_NETS option: false
2026-07-15 03:29:10 +0200: Memory Usage (528320K) : Selected SIMPLIFY option: true
2026-07-15 03:29:10 +0200: Memory Usage (528320K) : Selected SERIES_RES option: true
2026-07-15 03:29:10 +0200: Memory Usage (528320K) : Selected PARALLEL_RES option: true
2026-07-15 03:29:10 +0200: Memory Usage (528320K) : deep  mode is enabled.
2026-07-15 03:29:10 +0200: Memory Usage (528764K) : Netlist file: /foss/designs/sg13cmos5l_inv_1.spice
2026-07-15 03:29:10 +0200: Memory Usage (528764K) : LVS extracted netlist at: /foss/designs/IHP__MSPHY9932/MSPHY9932-main/layout/klayout/lvs_run_sg13cmos5l_inv_1_2026_07_15_03_29_07/MSPHY9932_extracted.cir
2026-07-15 03:29:10 +0200: Memory Usage (528764K) : Applying SRAM integration support.
2026-07-15 03:29:10 +0200: Memory Usage (528764K) : Starting SG13CMOS5L LVS runset
2026-07-15 03:29:10 +0200: Memory Usage (528764K) : Read in polygons from layers.
2026-07-15 03:29:10 +0200: Memory Usage (529828K) : activ_drw has 4 polygons
2026-07-15 03:29:10 +0200: Memory Usage (529828K) : activ_filler has 0 polygons
2026-07-15 03:29:10 +0200: Memory Usage (529828K) : activ has 4 polygons
2026-07-15 03:29:10 +0200: Memory Usage (529828K) : activ_pin has 0 polygons
2026-07-15 03:29:10 +0200: Memory Usage (529828K) : activ_mask has 0 polygons
2026-07-15 03:29:10 +0200: Memory Usage (529828K) : activ_nofill has 0 polygons
2026-07-15 03:29:10 +0200: Memory Usage (529828K) : activ_OPC has 0 polygons
2026-07-15 03:29:10 +0200: Memory Usage (529828K) : activ_iOPC has 0 polygons
2026-07-15 03:29:10 +0200: Memory Usage (529828K) : activ_noqrc has 0 polygons
2026-07-15 03:29:10 +0200: Memory Usage (529828K) : biwind_drw has 0 polygons
2026-07-15 03:29:10 +0200: Memory Usage (529828K) : biwind_OPC has 0 polygons
2026-07-15 03:29:10 +0200: Memory Usage (529956K) : gatpoly_drw has 1 polygons
2026-07-15 03:29:10 +0200: Memory Usage (529956K) : gatpoly_filler has 0 polygons
2026-07-15 03:29:10 +0200: Memory Usage (529956K) : gatpoly has 1 polygons
2026-07-15 03:29:10 +0200: Memory Usage (529956K) : gatpoly_pin has 0 polygons
2026-07-15 03:29:10 +0200: Memory Usage (529956K) : gatpoly_nofill has 0 polygons
2026-07-15 03:29:10 +0200: Memory Usage (529956K) : gatpoly_OPC has 0 polygons
2026-07-15 03:29:10 +0200: Memory Usage (529956K) : gatpoly_iOPC has 0 polygons
2026-07-15 03:29:10 +0200: Memory Usage (529956K) : gatpoly_noqrc has 0 polygons
2026-07-15 03:29:10 +0200: Memory Usage (529956K) : cont_drw has 23 polygons
2026-07-15 03:29:10 +0200: Memory Usage (529956K) : cont_OPC has 0 polygons
2026-07-15 03:29:10 +0200: Memory Usage (529956K) : nsd_drw has 0 polygons
2026-07-15 03:29:10 +0200: Memory Usage (529956K) : nsd_block has 0 polygons
2026-07-15 03:29:10 +0200: Memory Usage (529956K) : metal1_drw has 4 polygons
2026-07-15 03:29:10 +0200: Memory Usage (529956K) : metal1_filler has 0 polygons
2026-07-15 03:29:10 +0200: Memory Usage (529956K) : metal1_slit has 0 polygons
2026-07-15 03:29:10 +0200: Memory Usage (530212K) : metal1 has 4 polygons
2026-07-15 03:29:10 +0200: Memory Usage (530212K) : metal1_pin has 4 polygons
2026-07-15 03:29:10 +0200: Memory Usage (530212K) : metal1_mask has 0 polygons
2026-07-15 03:29:10 +0200: Memory Usage (530212K) : metal1_nofill has 0 polygons
2026-07-15 03:29:10 +0200: Memory Usage (530340K) : metal1_text has 4 polygons
2026-07-15 03:29:10 +0200: Memory Usage (530340K) : metal1_OPC has 0 polygons
2026-07-15 03:29:10 +0200: Memory Usage (530340K) : metal1_noqrc has 0 polygons
2026-07-15 03:29:10 +0200: Memory Usage (530340K) : metal1_res has 0 polygons
2026-07-15 03:29:10 +0200: Memory Usage (530340K) : metal1_iprobe has 0 polygons
2026-07-15 03:29:10 +0200: Memory Usage (530340K) : metal1_diffprb has 0 polygons
2026-07-15 03:29:10 +0200: Memory Usage (530340K) : passiv_drw has 0 polygons
2026-07-15 03:29:10 +0200: Memory Usage (530340K) : passiv_pin has 0 polygons
2026-07-15 03:29:10 +0200: Memory Usage (530340K) : passiv_sbump has 0 polygons
2026-07-15 03:29:10 +0200: Memory Usage (530340K) : passiv_pillar has 0 polygons
2026-07-15 03:29:10 +0200: Memory Usage (530340K) : passiv_pdl has 0 polygons
2026-07-15 03:29:10 +0200: Memory Usage (530340K) : metal2_drw has 0 polygons
2026-07-15 03:29:10 +0200: Memory Usage (530340K) : metal2_filler has 0 polygons
2026-07-15 03:29:10 +0200: Memory Usage (530340K) : metal2_slit has 0 polygons
2026-07-15 03:29:10 +0200: Memory Usage (530340K) : metal2 has 0 polygons
2026-07-15 03:29:10 +0200: Memory Usage (530340K) : metal2_pin has 0 polygons
2026-07-15 03:29:10 +0200: Memory Usage (530340K) : metal2_mask has 0 polygons
2026-07-15 03:29:10 +0200: Memory Usage (530340K) : metal2_nofill has 0 polygons
2026-07-15 03:29:10 +0200: Memory Usage (530340K) : metal2_text has 0 polygons
2026-07-15 03:29:10 +0200: Memory Usage (530340K) : metal2_OPC has 0 polygons
2026-07-15 03:29:10 +0200: Memory Usage (530340K) : metal2_noqrc has 0 polygons
2026-07-15 03:29:10 +0200: Memory Usage (530340K) : metal2_res has 0 polygons
2026-07-15 03:29:10 +0200: Memory Usage (530340K) : metal2_iprobe has 0 polygons
2026-07-15 03:29:10 +0200: Memory Usage (530340K) : metal2_diffprb has 0 polygons
2026-07-15 03:29:10 +0200: Memory Usage (530340K) : baspoly_drw has 0 polygons
2026-07-15 03:29:10 +0200: Memory Usage (530340K) : baspoly_pin has 0 polygons
2026-07-15 03:29:10 +0200: Memory Usage (530340K) : psd_drw has 2 polygons
2026-07-15 03:29:10 +0200: Memory Usage (530340K) : nldb_drw has 0 polygons
2026-07-15 03:29:10 +0200: Memory Usage (530340K) : digibnd_drw has 0 polygons
2026-07-15 03:29:10 +0200: Memory Usage (530340K) : via1_drw has 0 polygons
2026-07-15 03:29:10 +0200: Memory Usage (530340K) : backmetal1_drw has 0 polygons
2026-07-15 03:29:10 +0200: Memory Usage (530340K) : backmetal1_pin has 0 polygons
2026-07-15 03:29:10 +0200: Memory Usage (530340K) : backmetal1_mask has 0 polygons
2026-07-15 03:29:10 +0200: Memory Usage (530340K) : backmetal1_filler has 0 polygons
2026-07-15 03:29:10 +0200: Memory Usage (530468K) : backmetal1_nofill has 0 polygons
2026-07-15 03:29:10 +0200: Memory Usage (530468K) : backmetal1_slit has 0 polygons
2026-07-15 03:29:10 +0200: Memory Usage (530468K) : backmetal1_text has 0 polygons
2026-07-15 03:29:10 +0200: Memory Usage (530468K) : backmetal1_OPC has 0 polygons
2026-07-15 03:29:10 +0200: Memory Usage (530468K) : backmetal1_noqrc has 0 polygons
2026-07-15 03:29:10 +0200: Memory Usage (530468K) : backmetal1_res has 0 polygons
2026-07-15 03:29:10 +0200: Memory Usage (530468K) : backmetal1_iprobe has 0 polygons
2026-07-15 03:29:10 +0200: Memory Usage (530468K) : backmetal1_diffprb has 0 polygons
2026-07-15 03:29:10 +0200: Memory Usage (530468K) : backpassiv_drw has 0 polygons
2026-07-15 03:29:10 +0200: Memory Usage (530468K) : res_drw has 0 polygons
2026-07-15 03:29:10 +0200: Memory Usage (530468K) : sram_drw has 0 polygons
2026-07-15 03:29:10 +0200: Memory Usage (530468K) : trans_drw has 0 polygons
2026-07-15 03:29:10 +0200: Memory Usage (530468K) : ind_drw has 0 polygons
2026-07-15 03:29:10 +0200: Memory Usage (530468K) : ind_pin has 0 polygons
2026-07-15 03:29:10 +0200: Memory Usage (530468K) : ind_text has 0 polygons
2026-07-15 03:29:10 +0200: Memory Usage (530468K) : salblock_drw has 0 polygons
2026-07-15 03:29:10 +0200: Memory Usage (530468K) : via2_drw has 0 polygons
2026-07-15 03:29:10 +0200: Memory Usage (530468K) : metal3_drw has 0 polygons
2026-07-15 03:29:10 +0200: Memory Usage (530596K) : metal3_filler has 0 polygons
2026-07-15 03:29:10 +0200: Memory Usage (530596K) : metal3_slit has 0 polygons
2026-07-15 03:29:10 +0200: Memory Usage (530596K) : metal3 has 0 polygons
2026-07-15 03:29:10 +0200: Memory Usage (530596K) : metal3_pin has 0 polygons
2026-07-15 03:29:10 +0200: Memory Usage (530596K) : metal3_mask has 0 polygons
2026-07-15 03:29:10 +0200: Memory Usage (530596K) : metal3_nofill has 0 polygons
2026-07-15 03:29:10 +0200: Memory Usage (530596K) : metal3_text has 0 polygons
2026-07-15 03:29:10 +0200: Memory Usage (530596K) : metal3_OPC has 0 polygons
2026-07-15 03:29:10 +0200: Memory Usage (530596K) : metal3_noqrc has 0 polygons
2026-07-15 03:29:10 +0200: Memory Usage (530596K) : metal3_res has 0 polygons
2026-07-15 03:29:10 +0200: Memory Usage (530596K) : metal3_iprobe has 0 polygons
2026-07-15 03:29:10 +0200: Memory Usage (530596K) : metal3_diffprb has 0 polygons
2026-07-15 03:29:10 +0200: Memory Usage (530596K) : nwell_drw has 1 polygons
2026-07-15 03:29:10 +0200: Memory Usage (530596K) : nwell_pin has 0 polygons
2026-07-15 03:29:10 +0200: Memory Usage (530596K) : nwell_text has 0 polygons
2026-07-15 03:29:10 +0200: Memory Usage (530596K) : nbulay_drw has 0 polygons
2026-07-15 03:29:10 +0200: Memory Usage (530596K) : nbulay_pin has 0 polygons
2026-07-15 03:29:10 +0200: Memory Usage (530596K) : nbulay_block has 0 polygons
2026-07-15 03:29:10 +0200: Memory Usage (530596K) : emwind_drw has 0 polygons
2026-07-15 03:29:10 +0200: Memory Usage (530596K) : emwind_OPC has 0 polygons
2026-07-15 03:29:10 +0200: Memory Usage (530596K) : deepco_drw has 0 polygons
2026-07-15 03:29:10 +0200: Memory Usage (530596K) : mim_drw has 0 polygons
2026-07-15 03:29:10 +0200: Memory Usage (530596K) : edgeseal_drw has 0 polygons
2026-07-15 03:29:10 +0200: Memory Usage (530596K) : substrate_drw has 0 polygons
2026-07-15 03:29:10 +0200: Memory Usage (530596K) : substrate_text has 0 polygons
2026-07-15 03:29:10 +0200: Memory Usage (530596K) : dfpad_drw has 0 polygons
2026-07-15 03:29:10 +0200: Memory Usage (530596K) : dfpad_pillar has 0 polygons
2026-07-15 03:29:10 +0200: Memory Usage (530596K) : dfpad_sbump has 0 polygons
2026-07-15 03:29:10 +0200: Memory Usage (530596K) : thickgateox_drw has 0 polygons
2026-07-15 03:29:10 +0200: Memory Usage (530596K) : pldb_drw has 0 polygons
2026-07-15 03:29:10 +0200: Memory Usage (530596K) : pwell_drw has 0 polygons
2026-07-15 03:29:10 +0200: Memory Usage (530596K) : pwell_pin has 0 polygons
2026-07-15 03:29:10 +0200: Memory Usage (530596K) : pwell_block has 0 polygons
2026-07-15 03:29:10 +0200: Memory Usage (530596K) : ic_drw has 0 polygons
2026-07-15 03:29:10 +0200: Memory Usage (530596K) : via3_drw has 0 polygons
2026-07-15 03:29:10 +0200: Memory Usage (530596K) : metal4_drw has 0 polygons
2026-07-15 03:29:10 +0200: Memory Usage (530596K) : metal4_filler has 0 polygons
2026-07-15 03:29:10 +0200: Memory Usage (530596K) : metal4_slit has 0 polygons
2026-07-15 03:29:10 +0200: Memory Usage (530596K) : metal4 has 0 polygons
2026-07-15 03:29:10 +0200: Memory Usage (530596K) : metal4_pin has 0 polygons
2026-07-15 03:29:10 +0200: Memory Usage (530596K) : metal4_mask has 0 polygons
2026-07-15 03:29:10 +0200: Memory Usage (530596K) : metal4_nofill has 0 polygons
2026-07-15 03:29:10 +0200: Memory Usage (530596K) : metal4_text has 0 polygons
2026-07-15 03:29:10 +0200: Memory Usage (530596K) : metal4_OPC has 0 polygons
2026-07-15 03:29:10 +0200: Memory Usage (530596K) : metal4_noqrc has 0 polygons
2026-07-15 03:29:10 +0200: Memory Usage (530596K) : metal4_res has 0 polygons
2026-07-15 03:29:10 +0200: Memory Usage (530596K) : metal4_iprobe has 0 polygons
2026-07-15 03:29:10 +0200: Memory Usage (530596K) : metal4_diffprb has 0 polygons
2026-07-15 03:29:10 +0200: Memory Usage (530596K) : heattrans_drw has 0 polygons
2026-07-15 03:29:10 +0200: Memory Usage (530596K) : heatres_drw has 0 polygons
2026-07-15 03:29:10 +0200: Memory Usage (530596K) : fbe_drw has 0 polygons
2026-07-15 03:29:10 +0200: Memory Usage (530596K) : empoly_drw has 0 polygons
2026-07-15 03:29:10 +0200: Memory Usage (530596K) : digisub_drw has 0 polygons
2026-07-15 03:29:10 +0200: Memory Usage (530596K) : text_drw has 0 polygons
2026-07-15 03:29:10 +0200: Memory Usage (530596K) : via4_drw has 0 polygons
2026-07-15 03:29:10 +0200: Memory Usage (530596K) : metal5_drw has 0 polygons
2026-07-15 03:29:10 +0200: Memory Usage (530596K) : metal5_filler has 0 polygons
2026-07-15 03:29:10 +0200: Memory Usage (530596K) : metal5_slit has 0 polygons
2026-07-15 03:29:10 +0200: Memory Usage (530596K) : metal5 has 0 polygons
2026-07-15 03:29:10 +0200: Memory Usage (530596K) : metal5_pin has 0 polygons
2026-07-15 03:29:10 +0200: Memory Usage (530596K) : metal5_mask has 0 polygons
2026-07-15 03:29:10 +0200: Memory Usage (530596K) : metal5_nofill has 0 polygons
2026-07-15 03:29:10 +0200: Memory Usage (530596K) : metal5_text has 0 polygons
2026-07-15 03:29:10 +0200: Memory Usage (530724K) : metal5_OPC has 0 polygons
2026-07-15 03:29:10 +0200: Memory Usage (530724K) : metal5_noqrc has 0 polygons
2026-07-15 03:29:10 +0200: Memory Usage (530852K) : metal5_res has 0 polygons
2026-07-15 03:29:10 +0200: Memory Usage (530852K) : metal5_iprobe has 0 polygons
2026-07-15 03:29:10 +0200: Memory Usage (530980K) : metal5_diffprb has 0 polygons
2026-07-15 03:29:10 +0200: Memory Usage (531108K) : radhard_drw has 0 polygons
2026-07-15 03:29:10 +0200: Memory Usage (531108K) : memcap_drw has 0 polygons
2026-07-15 03:29:10 +0200: Memory Usage (531236K) : varicap_drw has 0 polygons
2026-07-15 03:29:10 +0200: Memory Usage (531236K) : intbondvia_drw has 0 polygons
2026-07-15 03:29:10 +0200: Memory Usage (531364K) : intbondmet_drw has 0 polygons
2026-07-15 03:29:10 +0200: Memory Usage (531364K) : devbondvia_drw has 0 polygons
2026-07-15 03:29:10 +0200: Memory Usage (531492K) : devbondmet_drw has 0 polygons
2026-07-15 03:29:10 +0200: Memory Usage (531492K) : devtrench_drw has 0 polygons
2026-07-15 03:29:10 +0200: Memory Usage (531620K) : redist_drw has 0 polygons
2026-07-15 03:29:10 +0200: Memory Usage (531748K) : graphbot_drw has 0 polygons
2026-07-15 03:29:10 +0200: Memory Usage (531748K) : graphtop_drw has 0 polygons
2026-07-15 03:29:10 +0200: Memory Usage (531876K) : antvia1_drw has 0 polygons
2026-07-15 03:29:10 +0200: Memory Usage (531876K) : antmetal2_drw has 0 polygons
2026-07-15 03:29:10 +0200: Memory Usage (531876K) : graphcont_drw has 0 polygons
2026-07-15 03:29:10 +0200: Memory Usage (531876K) : siwg_drw has 0 polygons
2026-07-15 03:29:10 +0200: Memory Usage (531876K) : siwg_filler has 0 polygons
2026-07-15 03:29:10 +0200: Memory Usage (531876K) : siwg_nofill has 0 polygons
2026-07-15 03:29:10 +0200: Memory Usage (531876K) : sigrating_drw has 0 polygons
2026-07-15 03:29:10 +0200: Memory Usage (531876K) : singrating_drw has 0 polygons
2026-07-15 03:29:10 +0200: Memory Usage (531876K) : graphpas_drw has 0 polygons
2026-07-15 03:29:10 +0200: Memory Usage (531876K) : emwind3_drw has 0 polygons
2026-07-15 03:29:10 +0200: Memory Usage (531876K) : emwihv3_drw has 0 polygons
2026-07-15 03:29:10 +0200: Memory Usage (531876K) : redbulay_drw has 0 polygons
2026-07-15 03:29:10 +0200: Memory Usage (531876K) : smos_drw has 0 polygons
2026-07-15 03:29:10 +0200: Memory Usage (531876K) : graphpad_drw has 0 polygons
2026-07-15 03:29:10 +0200: Memory Usage (531876K) : polimide_drw has 0 polygons
2026-07-15 03:29:10 +0200: Memory Usage (531876K) : polimide_pin has 0 polygons
2026-07-15 03:29:10 +0200: Memory Usage (531876K) : recog_drw has 0 polygons
2026-07-15 03:29:10 +0200: Memory Usage (532004K) : recog_pin has 0 polygons
2026-07-15 03:29:10 +0200: Memory Usage (532004K) : recog_esd has 0 polygons
2026-07-15 03:29:10 +0200: Memory Usage (532132K) : recog_diode has 0 polygons
2026-07-15 03:29:10 +0200: Memory Usage (532132K) : recog_tsv has 0 polygons
2026-07-15 03:29:10 +0200: Memory Usage (532260K) : recog_iprobe has 0 polygons
2026-07-15 03:29:10 +0200: Memory Usage (532260K) : recog_diffprb has 0 polygons
2026-07-15 03:29:10 +0200: Memory Usage (532260K) : recog_pillar has 0 polygons
2026-07-15 03:29:10 +0200: Memory Usage (532260K) : recog_sbump has 0 polygons
2026-07-15 03:29:10 +0200: Memory Usage (532260K) : recog_otp has 0 polygons
2026-07-15 03:29:10 +0200: Memory Usage (532260K) : recog_pdiode has 0 polygons
2026-07-15 03:29:10 +0200: Memory Usage (532260K) : recog_mom has 0 polygons
2026-07-15 03:29:10 +0200: Memory Usage (532260K) : recog_pcm has 0 polygons
2026-07-15 03:29:10 +0200: Memory Usage (532260K) : colopen_drw has 0 polygons
2026-07-15 03:29:10 +0200: Memory Usage (532260K) : graphmetal1_drw has 0 polygons
2026-07-15 03:29:10 +0200: Memory Usage (532260K) : graphmetal1_filler has 0 polygons
2026-07-15 03:29:10 +0200: Memory Usage (532260K) : graphmetal1_nofill has 0 polygons
2026-07-15 03:29:10 +0200: Memory Usage (532388K) : graphmetal1_slit has 0 polygons
2026-07-15 03:29:10 +0200: Memory Usage (532516K) : graphmetal1_OPC has 0 polygons
2026-07-15 03:29:10 +0200: Memory Usage (532516K) : graphmet1l_drw has 0 polygons
2026-07-15 03:29:10 +0200: Memory Usage (532516K) : graphmet1l_filler has 0 polygons
2026-07-15 03:29:10 +0200: Memory Usage (532516K) : graphmet1l_nofill has 0 polygons
2026-07-15 03:29:10 +0200: Memory Usage (532516K) : graphmet1l_slit has 0 polygons
2026-07-15 03:29:10 +0200: Memory Usage (532516K) : graphmet1l_OPC has 0 polygons
2026-07-15 03:29:10 +0200: Memory Usage (532516K) : extblock_drw has 0 polygons
2026-07-15 03:29:10 +0200: Memory Usage (532516K) : nldd_drw has 0 polygons
2026-07-15 03:29:10 +0200: Memory Usage (532516K) : pldd_drw has 0 polygons
2026-07-15 03:29:10 +0200: Memory Usage (532516K) : next_drw has 0 polygons
2026-07-15 03:29:10 +0200: Memory Usage (532516K) : pext_drw has 0 polygons
2026-07-15 03:29:10 +0200: Memory Usage (532516K) : nexthv_drw has 0 polygons
2026-07-15 03:29:10 +0200: Memory Usage (532516K) : pexthv_drw has 0 polygons
2026-07-15 03:29:10 +0200: Memory Usage (532516K) : graphgate_drw has 0 polygons
2026-07-15 03:29:10 +0200: Memory Usage (532516K) : sinwg_drw has 0 polygons
2026-07-15 03:29:10 +0200: Memory Usage (532516K) : sinwg_filler has 0 polygons
2026-07-15 03:29:10 +0200: Memory Usage (532516K) : sinwg_nofill has 0 polygons
2026-07-15 03:29:10 +0200: Memory Usage (532644K) : mempad_drw has 0 polygons
2026-07-15 03:29:10 +0200: Memory Usage (532644K) : topvia1_drw has 0 polygons
2026-07-15 03:29:10 +0200: Memory Usage (532772K) : topmetal1_drw has 0 polygons
2026-07-15 03:29:10 +0200: Memory Usage (532772K) : topmetal1_filler has 0 polygons
2026-07-15 03:29:10 +0200: Memory Usage (532900K) : topmetal1_slit has 0 polygons
2026-07-15 03:29:10 +0200: Memory Usage (532900K) : topmetal1 has 0 polygons
2026-07-15 03:29:10 +0200: Memory Usage (532900K) : topmetal1_pin has 0 polygons
2026-07-15 03:29:10 +0200: Memory Usage (532900K) : topmetal1_mask has 0 polygons
2026-07-15 03:29:10 +0200: Memory Usage (532900K) : topmetal1_nofill has 0 polygons
2026-07-15 03:29:10 +0200: Memory Usage (532900K) : topmetal1_text has 0 polygons
2026-07-15 03:29:10 +0200: Memory Usage (532900K) : topmetal1_noqrc has 0 polygons
2026-07-15 03:29:10 +0200: Memory Usage (532900K) : topmetal1_res has 0 polygons
2026-07-15 03:29:10 +0200: Memory Usage (532900K) : topmetal1_iprobe has 0 polygons
2026-07-15 03:29:10 +0200: Memory Usage (532900K) : topmetal1_diffprb has 0 polygons
2026-07-15 03:29:10 +0200: Memory Usage (532900K) : inldpwl_drw has 0 polygons
2026-07-15 03:29:10 +0200: Memory Usage (533028K) : polyres_drw has 0 polygons
2026-07-15 03:29:10 +0200: Memory Usage (533028K) : polyres_pin has 0 polygons
2026-07-15 03:29:10 +0200: Memory Usage (533156K) : vmim_drw has 0 polygons
2026-07-15 03:29:10 +0200: Memory Usage (533156K) : nbulaycut_drw has 0 polygons
2026-07-15 03:29:10 +0200: Memory Usage (533156K) : antmetal1_drw has 0 polygons
2026-07-15 03:29:10 +0200: Memory Usage (533156K) : topvia2_drw has 0 polygons
2026-07-15 03:29:10 +0200: Memory Usage (533156K) : topmetal2_drw has 0 polygons
2026-07-15 03:29:10 +0200: Memory Usage (533156K) : topmetal2_filler has 0 polygons
2026-07-15 03:29:10 +0200: Memory Usage (533156K) : topmetal2_slit has 0 polygons
2026-07-15 03:29:10 +0200: Memory Usage (533540K) : topmetal2 has 0 polygons
2026-07-15 03:29:10 +0200: Memory Usage (533540K) : topmetal2_pin has 0 polygons
2026-07-15 03:29:10 +0200: Memory Usage (533540K) : topmetal2_mask has 0 polygons
2026-07-15 03:29:10 +0200: Memory Usage (533540K) : topmetal2_nofill has 0 polygons
2026-07-15 03:29:10 +0200: Memory Usage (533540K) : topmetal2_text has 0 polygons
2026-07-15 03:29:10 +0200: Memory Usage (533668K) : topmetal2_noqrc has 0 polygons
2026-07-15 03:29:10 +0200: Memory Usage (533668K) : topmetal2_res has 0 polygons
2026-07-15 03:29:10 +0200: Memory Usage (533668K) : topmetal2_iprobe has 0 polygons
2026-07-15 03:29:10 +0200: Memory Usage (533796K) : topmetal2_diffprb has 0 polygons
2026-07-15 03:29:10 +0200: Memory Usage (533796K) : snsring_drw has 0 polygons
2026-07-15 03:29:10 +0200: Memory Usage (533924K) : sensor_drw has 0 polygons
2026-07-15 03:29:10 +0200: Memory Usage (533924K) : snsarms_drw has 0 polygons
2026-07-15 03:29:10 +0200: Memory Usage (534052K) : snscmosvia_drw has 0 polygons
2026-07-15 03:29:10 +0200: Memory Usage (534180K) : colwind_drw has 0 polygons
2026-07-15 03:29:10 +0200: Memory Usage (534180K) : flm_drw has 0 polygons
2026-07-15 03:29:10 +0200: Memory Usage (534308K) : hafniumox_drw has 0 polygons
2026-07-15 03:29:10 +0200: Memory Usage (534308K) : memvia_drw has 0 polygons
2026-07-15 03:29:10 +0200: Memory Usage (534436K) : thinfilmres_drw has 0 polygons
2026-07-15 03:29:10 +0200: Memory Usage (534436K) : rfmem_drw has 0 polygons
2026-07-15 03:29:10 +0200: Memory Usage (534564K) : norcx_drw has 0 polygons
2026-07-15 03:29:10 +0200: Memory Usage (534564K) : norcx_m2m3 has 0 polygons
2026-07-15 03:29:10 +0200: Memory Usage (534692K) : norcx_m2m4 has 0 polygons
2026-07-15 03:29:10 +0200: Memory Usage (534820K) : norcx_m2m5 has 0 polygons
2026-07-15 03:29:10 +0200: Memory Usage (534820K) : norcx_m2tm1 has 0 polygons
2026-07-15 03:29:10 +0200: Memory Usage (534948K) : norcx_m2tm2 has 0 polygons
2026-07-15 03:29:10 +0200: Memory Usage (534948K) : norcx_m3m4 has 0 polygons
2026-07-15 03:29:10 +0200: Memory Usage (535076K) : norcx_m3m5 has 0 polygons
2026-07-15 03:29:10 +0200: Memory Usage (535076K) : norcx_m3tm1 has 0 polygons
2026-07-15 03:29:10 +0200: Memory Usage (535204K) : norcx_m3tm2 has 0 polygons
2026-07-15 03:29:10 +0200: Memory Usage (535204K) : norcx_m4m5 has 0 polygons
2026-07-15 03:29:10 +0200: Memory Usage (535332K) : norcx_m4tm1 has 0 polygons
2026-07-15 03:29:10 +0200: Memory Usage (535460K) : norcx_m4tm2 has 0 polygons
2026-07-15 03:29:10 +0200: Memory Usage (535460K) : norcx_m5tm1 has 0 polygons
2026-07-15 03:29:10 +0200: Memory Usage (535588K) : norcx_m5tm2 has 0 polygons
2026-07-15 03:29:10 +0200: Memory Usage (535588K) : norcx_tm1tm2 has 0 polygons
2026-07-15 03:29:10 +0200: Memory Usage (535716K) : norcx_m1sub has 0 polygons
2026-07-15 03:29:10 +0200: Memory Usage (535716K) : norcx_m2sub has 0 polygons
2026-07-15 03:29:10 +0200: Memory Usage (535844K) : norcx_m3sub has 0 polygons
2026-07-15 03:29:10 +0200: Memory Usage (535844K) : norcx_m4sub has 0 polygons
2026-07-15 03:29:10 +0200: Memory Usage (535972K) : norcx_m5sub has 0 polygons
2026-07-15 03:29:10 +0200: Memory Usage (535972K) : norcx_tm1sub has 0 polygons
2026-07-15 03:29:10 +0200: Memory Usage (536100K) : norcx_tm2sub has 0 polygons
2026-07-15 03:29:10 +0200: Memory Usage (536228K) : snsbotvia_drw has 0 polygons
2026-07-15 03:29:10 +0200: Memory Usage (536228K) : snstopvia_drw has 0 polygons
2026-07-15 03:29:10 +0200: Memory Usage (536356K) : deepvia_drw has 0 polygons
2026-07-15 03:29:10 +0200: Memory Usage (536356K) : fgetch_drw has 0 polygons
2026-07-15 03:29:10 +0200: Memory Usage (536484K) : ctrgat_drw has 0 polygons
2026-07-15 03:29:10 +0200: Memory Usage (536484K) : fgimp_drw has 0 polygons
2026-07-15 03:29:10 +0200: Memory Usage (536612K) : emwihv_drw has 0 polygons
2026-07-15 03:29:10 +0200: Memory Usage (536612K) : lbe_drw has 0 polygons
2026-07-15 03:29:10 +0200: Memory Usage (536740K) : alcustop_drw has 0 polygons
2026-07-15 03:29:10 +0200: Memory Usage (536740K) : nometfiller_drw has 0 polygons
2026-07-15 03:29:10 +0200: Memory Usage (536868K) : prboundary_drw has 0 polygons
2026-07-15 03:29:10 +0200: Memory Usage (536868K) : exchange0_drw has 0 polygons
2026-07-15 03:29:10 +0200: Memory Usage (536996K) : exchange0_pin has 0 polygons
2026-07-15 03:29:10 +0200: Memory Usage (536996K) : exchange0_text has 0 polygons
2026-07-15 03:29:10 +0200: Memory Usage (537124K) : exchange1_drw has 0 polygons
2026-07-15 03:29:10 +0200: Memory Usage (537124K) : exchange1_pin has 0 polygons
2026-07-15 03:29:10 +0200: Memory Usage (537252K) : exchange1_text has 0 polygons
2026-07-15 03:29:10 +0200: Memory Usage (537380K) : exchange2_drw has 0 polygons
2026-07-15 03:29:10 +0200: Memory Usage (537380K) : exchange2_pin has 0 polygons
2026-07-15 03:29:10 +0200: Memory Usage (537508K) : exchange2_text has 0 polygons
2026-07-15 03:29:10 +0200: Memory Usage (537508K) : exchange3_drw has 0 polygons
2026-07-15 03:29:10 +0200: Memory Usage (537636K) : exchange3_pin has 0 polygons
2026-07-15 03:29:10 +0200: Memory Usage (537636K) : exchange3_text has 0 polygons
2026-07-15 03:29:10 +0200: Memory Usage (537764K) : exchange4_drw has 0 polygons
2026-07-15 03:29:10 +0200: Memory Usage (537764K) : exchange4_pin has 0 polygons
2026-07-15 03:29:10 +0200: Memory Usage (537892K) : exchange4_text has 0 polygons
2026-07-15 03:29:10 +0200: Memory Usage (537892K) : isonwell_drw has 0 polygons
2026-07-15 03:29:10 +0200: Memory Usage (537892K) : Total no. of polygons in the design is 43
2026-07-15 03:29:10 +0200: Memory Usage (537892K) : Starting CMOS5L Forbidden Layer Check
2026-07-15 03:29:10 +0200: Memory Usage (538404K) : CMOS5L Forbidden Layer Check: PASSED - No forbidden layers found
2026-07-15 03:29:10 +0200: Memory Usage (538404K) : CMOS5L Forbidden Layer Check: PASSED
2026-07-15 03:29:10 +0200: Memory Usage (538404K) : Starting base layers derivations
2026-07-15 03:29:10 +0200: Memory Usage (538404K) : Starting general LVS derivations
2026-07-15 03:29:10 +0200: Memory Usage (541676K) : Starting MOSFET DERIVATIONS
2026-07-15 03:29:10 +0200: Memory Usage (543468K) : Starting NMOS DERIVATIONS
2026-07-15 03:29:10 +0200: Memory Usage (543724K) : Starting PMOS DERIVATIONS
2026-07-15 03:29:10 +0200: Memory Usage (543980K) : Starting RF-MOSFET DERIVATIONS
2026-07-15 03:29:10 +0200: Memory Usage (543980K) : Starting RF-NMOS DERIVATIONS
2026-07-15 03:29:10 +0200: Memory Usage (544236K) : Starting RF-PMOS DERIVATIONS
2026-07-15 03:29:10 +0200: Memory Usage (544492K) : Starting BJT DERIVATIONS
2026-07-15 03:29:10 +0200: Memory Usage (544492K) : Starting NPN-BJT DERIVATIONS
2026-07-15 03:29:10 +0200: Memory Usage (546028K) : Starting PNP-BJT DERIVATIONS
2026-07-15 03:29:10 +0200: Memory Usage (546028K) : Starting DIODE DERIVATIONS
2026-07-15 03:29:10 +0200: Memory Usage (547052K) : Starting RESISTOR DERIVATIONS
2026-07-15 03:29:10 +0200: Memory Usage (547052K) : Starting CAP DERIVATIONS
2026-07-15 03:29:10 +0200: Memory Usage (547436K) : Starting CAP_MFRINGE DERIVATIONS
2026-07-15 03:29:10 +0200: Memory Usage (547436K) : Starting ESD DERIVATIONS
2026-07-15 03:29:10 +0200: Memory Usage (547436K) : Starting Inductor DERIVATIONS
2026-07-15 03:29:10 +0200: Memory Usage (547436K) : Starting Taps DERIVATIONS
2026-07-15 03:29:10 +0200: Memory Usage (547436K) : Starting SG13G2 LVS connectivity setup
2026-07-15 03:29:10 +0200: Memory Usage (547436K) : Starting SG13G2 LVS connectivity setup (Inter-layer)
2026-07-15 03:29:10 +0200: Memory Usage (547592K) : Starting SG13G2 LVS connectivity setup (Global)
2026-07-15 03:29:10 +0200: Memory Usage (547592K) : Starting LVS MOSFET CONNECTIONS
2026-07-15 03:29:10 +0200: Memory Usage (547592K) : Starting LVS RF-MOSFET CONNECTIONS
2026-07-15 03:29:10 +0200: Memory Usage (547592K) : Starting LVS BJT CONNECTIONS
2026-07-15 03:29:10 +0200: Memory Usage (547592K) : Starting LVS DIODE CONNECTIONS
2026-07-15 03:29:10 +0200: Memory Usage (547592K) : Starting RESISTOR CONNECTIONS
2026-07-15 03:29:10 +0200: Memory Usage (547592K) : Starting LVS CAP CONNECTIONS
2026-07-15 03:29:10 +0200: Memory Usage (547592K) : Starting ESD CONNECTIONS
2026-07-15 03:29:10 +0200: Memory Usage (547592K) : Starting Inductor CONNECTIONS
2026-07-15 03:29:10 +0200: Memory Usage (547592K) : Starting LVS Taps CONNECTIONS
2026-07-15 03:29:10 +0200: Memory Usage (547592K) : Starting CAP_MFRINGE CONNECTIONS
2026-07-15 03:29:10 +0200: Memory Usage (547592K) : Starting SG13CMOS5L LVS DEVICES EXTRACTION
2026-07-15 03:29:10 +0200: Memory Usage (547592K) : Starting MOSFET EXTRACTION
2026-07-15 03:29:10 +0200: Memory Usage (547592K) : Starting NMOS EXTRACTION
2026-07-15 03:29:10 +0200: Memory Usage (547592K) : Extraction of NMOS-LV transistor
2026-07-15 03:29:10 +0200: Memory Usage (548104K) : Extraction of NMOS-HV transistor
2026-07-15 03:29:10 +0200: Memory Usage (548104K) : Starting PMOS EXTRACTION
2026-07-15 03:29:10 +0200: Memory Usage (548104K) : Extraction of PMOS-LV transistor
2026-07-15 03:29:10 +0200: Memory Usage (548104K) : Extraction of PMOS-HV transistor
2026-07-15 03:29:10 +0200: Memory Usage (548104K) : Starting RF-MOSFET EXTRACTION
2026-07-15 03:29:10 +0200: Memory Usage (548104K) : Extraction of RF-NMOS-LV transistor
2026-07-15 03:29:10 +0200: Memory Usage (548104K) : Extraction of RF-NMOS-HV transistor
2026-07-15 03:29:10 +0200: Memory Usage (548104K) : Extraction of RF-PMOS-LV transistor
2026-07-15 03:29:10 +0200: Memory Usage (548104K) : Extraction of RF-PMOS-HV transistor
2026-07-15 03:29:10 +0200: Memory Usage (548104K) : Starting BJT EXTRACTION
2026-07-15 03:29:10 +0200: Memory Usage (548104K) : Starting NPN-BJT EXTRACTION
2026-07-15 03:29:10 +0200: Memory Usage (548104K) : Extraction of npn13G2 BJT transistor
2026-07-15 03:29:10 +0200: Memory Usage (548104K) : Extraction of npn13G2L BJT transistor
2026-07-15 03:29:10 +0200: Memory Usage (548104K) : Extraction of npn13G2V BJT transistor
2026-07-15 03:29:10 +0200: Memory Usage (548104K) : Starting PNP-BJT EXTRACTION
2026-07-15 03:29:10 +0200: Memory Usage (548104K) : Extracting pnpMPA BJT
2026-07-15 03:29:10 +0200: Memory Usage (548104K) : Starting DIODE EXTRACTION
2026-07-15 03:29:10 +0200: Memory Usage (548104K) : Extracting dantenna diode
2026-07-15 03:29:10 +0200: Memory Usage (548104K) : Extracting dpantenna diode
2026-07-15 03:29:10 +0200: Memory Usage (548104K) : Extracting schottky_nbl1 diode
2026-07-15 03:29:10 +0200: Memory Usage (548104K) : Extracting isolbox diode
2026-07-15 03:29:10 +0200: Memory Usage (548104K) : Starting RESISTOR EXTRACTION
2026-07-15 03:29:10 +0200: Memory Usage (548104K) : Extracting rsil resistor
2026-07-15 03:29:10 +0200: Memory Usage (548104K) : Extracting rppd resistor
2026-07-15 03:29:10 +0200: Memory Usage (548104K) : Extracting rhigh resistor
2026-07-15 03:29:10 +0200: Memory Usage (548104K) : Extracting res_metal1 resistor
2026-07-15 03:29:10 +0200: Memory Usage (548104K) : Extracting res_metal2 resistor
2026-07-15 03:29:10 +0200: Memory Usage (548104K) : Extracting res_metal3 resistor
2026-07-15 03:29:10 +0200: Memory Usage (548104K) : Extracting res_metal4 resistor
2026-07-15 03:29:10 +0200: Memory Usage (548104K) : Extracting res_metal5 resistor
2026-07-15 03:29:10 +0200: Memory Usage (548104K) : Extracting res_topmetal1 resistor
2026-07-15 03:29:10 +0200: Memory Usage (548104K) : Extracting res_topmetal2 resistor
2026-07-15 03:29:10 +0200: Memory Usage (548104K) : Starting CAP EXTRACTION
2026-07-15 03:29:10 +0200: Memory Usage (548104K) : Extracting cap_cmim device
2026-07-15 03:29:10 +0200: Memory Usage (548104K) : Extracting rfcmim device
2026-07-15 03:29:10 +0200: Memory Usage (548104K) : Extracting sg13_hv_svaricap varactor
2026-07-15 03:29:10 +0200: Memory Usage (548104K) : Extracting cap_mfringe device
2026-07-15 03:29:10 +0200: Memory Usage (548104K) : Starting ESD EXTRACTION
2026-07-15 03:29:10 +0200: Memory Usage (548104K) : Extracting diodevdd_2kv ESD device
2026-07-15 03:29:10 +0200: Memory Usage (548104K) : Extracting diodevdd_4kv ESD device
2026-07-15 03:29:10 +0200: Memory Usage (548104K) : Extracting diodevss_2kv ESD device
2026-07-15 03:29:10 +0200: Memory Usage (548104K) : Extracting diodevss_4kv ESD device
2026-07-15 03:29:10 +0200: Memory Usage (548104K) : Extracting idiodevdd_2kv ESD device
2026-07-15 03:29:10 +0200: Memory Usage (548104K) : Extracting idiodevdd_4kv ESD device
2026-07-15 03:29:10 +0200: Memory Usage (548104K) : Extracting idiodevss_2kv ESD device
2026-07-15 03:29:10 +0200: Memory Usage (548104K) : Extracting idiodevss_4kv ESD device
2026-07-15 03:29:10 +0200: Memory Usage (548104K) : Extracting nmoscl_2 ESD device
2026-07-15 03:29:10 +0200: Memory Usage (548104K) : Extracting nmoscl_4 ESD device
2026-07-15 03:29:10 +0200: Memory Usage (548104K) : Starting Inductor EXTRACTION
2026-07-15 03:29:10 +0200: Memory Usage (548104K) : Extracting Inductor2 device
2026-07-15 03:29:10 +0200: Memory Usage (548104K) : Extracting Inductor3 device
2026-07-15 03:29:10 +0200: Memory Usage (548104K) : Starting Taps EXTRACTION
2026-07-15 03:29:10 +0200: Memory Usage (548104K) : Extracting ntap1 device
2026-07-15 03:29:10 +0200: Memory Usage (548104K) : Extracting ptap1 device
2026-07-15 03:29:10 +0200: Memory Usage (548104K) : Starting SG13CMOS5L LVS RF MOS Model Mapping
2026-07-15 03:29:10 +0200: Memory Usage (548104K) : [layout_netlist] Apply RF MOS model mapping and rfmode parameter.
2026-07-15 03:29:10 +0200: Memory Usage (548104K) : Starting SG13CMOS5L LVS Options Preparations
2026-07-15 03:29:10 +0200: Memory Usage (548104K) : SG13CMOS5L LVS flow: extraction -> alignment -> option preparation -> comparison.
2026-07-15 03:29:10 +0200: Memory Usage (548104K) : Starting SG13CMOS5L LVS Alignment
2026-07-15 03:29:10 +0200: Memory Usage (548104K) : Starting SG13CMOS5L LVS Simplification
2026-07-15 03:29:10 +0200: Memory Usage (548104K) : [layout_netlist] simplify: ENABLED
2026-07-15 03:29:10 +0200: Memory Usage (548104K) : [layout_netlist] make_top_level_pins: SKIPPED
2026-07-15 03:29:10 +0200: Memory Usage (548104K) : [layout_netlist] combine_devices: SKIPPED
2026-07-15 03:29:10 +0200: Memory Usage (548104K) : [layout_netlist] purge: SKIPPED
2026-07-15 03:29:10 +0200: Memory Usage (548104K) : [layout_netlist] purge_nets: SKIPPED
2026-07-15 03:29:10 +0200: Memory Usage (548104K) : [schematic_netlist] simplify: ENABLED
2026-07-15 03:29:10 +0200: Memory Usage (548104K) : [schematic_netlist] make_top_level_pins: SKIPPED
2026-07-15 03:29:10 +0200: Memory Usage (548104K) : [schematic_netlist] combine_devices: SKIPPED
2026-07-15 03:29:10 +0200: Memory Usage (548104K) : [schematic_netlist] purge: SKIPPED
2026-07-15 03:29:10 +0200: Memory Usage (548104K) : [schematic_netlist] purge_nets: SKIPPED
2026-07-15 03:29:10 +0200: Memory Usage (548104K) : Starting SG13CMOS5L LVS Comparison in strict port mode.
2026-07-15 03:29:10 +0200: Memory Usage (548104K) : flag_missing_ports enabled: missing/mislabeled top-level ports are treated as errors.
2026-07-15 03:29:10 +0200: Memory Usage (548232K) : xxxxxxxxxxxxxxxxxxxxxxxxxxxxxxxxxxxxxxxxxx
2026-07-15 03:29:10 +0200: Memory Usage (548232K) : ERROR : Netlists don't match
2026-07-15 03:29:10 +0200: Memory Usage (548232K) : xxxxxxxxxxxxxxxxxxxxxxxxxxxxxxxxxxxxxxxxxx
2026-07-15 03:29:10 +0200: Memory Usage (548232K) : LVS Total Run time 0.664043 seconds
