Reading technology LEF file at '/foss/pdks/ihp-sg13cmos5l/libs.ref/sg13cmos5l_stdcell/lef/sg13cmos5l_tech.lef'…
[INFO ODB-0227] LEF file: /foss/pdks/ihp-sg13cmos5l/libs.ref/sg13cmos5l_stdcell/lef/sg13cmos5l_tech.lef, created 15 layers, 52 vias
Reading cell LEF file at '/foss/pdks/ihp-sg13cmos5l/libs.ref/sg13cmos5l_stdcell/lef/sg13cmos5l_stdcell.lef'…
[INFO ODB-0227] LEF file: /foss/pdks/ihp-sg13cmos5l/libs.ref/sg13cmos5l_stdcell/lef/sg13cmos5l_stdcell.lef, created 84 library cells
Reading gpio pad LEF file at '/foss/pdks/ihp-sg13cmos5l/libs.ref/sg13cmos5l_io/lef/sg13cmos5l_io.lef'…
[INFO ODB-0227] LEF file: /foss/pdks/ihp-sg13cmos5l/libs.ref/sg13cmos5l_io/lef/sg13cmos5l_io.lef, created 22 library cells
[INFO ODB-0127] Reading DEF file: /foss/designs/adc8b/synth/sar12b/runs/RUN_2026-07-10_21-58-48/47-odb-cellfrequencytables/sar12b.def
[INFO ODB-0128] Design: sar12b
[INFO ODB-0130]     Created 55 pins.
[INFO ODB-0131]     Created 337 components and 1369 component-terminals.
[INFO ODB-0132]     Created 2 special nets and 674 connections.
[INFO ODB-0133]     Created 281 nets and 676 connections.
[INFO ODB-0134] Finished DEF file: /foss/designs/adc8b/synth/sar12b/runs/RUN_2026-07-10_21-58-48/47-odb-cellfrequencytables/sar12b.def
Using RCX ruleset '/foss/pdks/ihp-sg13cmos5l/libs.tech/librelane/IHP_rcx_patterns.rules'…
[INFO RCX-0431] Defined process_corner CURRENT_CORNER with ext_model_index 0
[INFO RCX-0029] Defined extraction corner CURRENT_CORNER
+ extract_parasitics  -ext_model_file /foss/pdks/ihp-sg13cmos5l/libs.tech/librelane/IHP_rcx_patterns.rules -lef_res
[INFO RCX-0435] Reading extraction model file /foss/pdks/ihp-sg13cmos5l/libs.tech/librelane/IHP_rcx_patterns.rules ...
[INFO RCX-0436] RC segment generation sar12b (max_merge_res 50.0) ...
[INFO RCX-0040] Final 811 rc segments
[INFO RCX-0439] Coupling Cap extraction sar12b ...
[INFO RCX-0440] Coupling threshhold is 0.1000 fF, coupling capacitance less than 0.1000 fF will be grounded.
[INFO RCX-0442] 49% of 1321 wires extracted
[INFO RCX-0442] 100% of 1321 wires extracted
[INFO RCX-0045] Extract 281 nets, 1069 rsegs, 1069 caps, 1407 ccs
Setting global connections for newly added cells…
[INFO] Setting global connections...
[INFO ODB-0403] 0 connections made, 0 conflicts skipped.
Updating metrics…
Cell type report:                       Count       Area
  Fill cell                                93     408.24
  Standard cell                           244    3822.94
  Total                                   337    4231.18
Writing extracted parasitics to '/foss/designs/adc8b/synth/sar12b/runs/RUN_2026-07-10_21-58-48/48-openroad-rcx/nom/sar12b.nom.spef'…
[INFO RCX-0443] 281 nets finished
