
Subcircuit summary:
Circuit 1: sg13cmos5l_inv_1                |Circuit 2: sg13cmos5l_inv_1                
-------------------------------------------|-------------------------------------------
sg13_lv_nmos (1)                           |sg13_lv_nmos (1)                           
sg13_lv_pmos (1)                           |sg13_lv_pmos (1)                           
Number of devices: 2                       |Number of devices: 2                       
Number of nets: 4                          |Number of nets: 4                          
---------------------------------------------------------------------------------------
Netlists match uniquely.

Subcircuit pins:
Circuit 1: sg13cmos5l_inv_1                |Circuit 2: sg13cmos5l_inv_1                
-------------------------------------------|-------------------------------------------
Y                                          |Y                                          
A                                          |A                                          
VSS                                        |VSS                                        
VDD                                        |VDD                                        
---------------------------------------------------------------------------------------
Cell pin lists are equivalent.
Device classes sg13cmos5l_inv_1 and sg13cmos5l_inv_1 are equivalent.

Subcircuit summary:
Circuit 1: sg13cmos5l_decap_4              |Circuit 2: sg13cmos5l_decap_4              
-------------------------------------------|-------------------------------------------
sg13_lv_pmos (1)                           |sg13_lv_pmos (1)                           
sg13_lv_nmos (1)                           |sg13_lv_nmos (1)                           
Number of devices: 2                       |Number of devices: 2                       
Number of nets: 2                          |Number of nets: 2                          
---------------------------------------------------------------------------------------
Netlists match uniquely.

Subcircuit pins:
Circuit 1: sg13cmos5l_decap_4              |Circuit 2: sg13cmos5l_decap_4              
-------------------------------------------|-------------------------------------------
VSS                                        |VSS                                        
VDD                                        |VDD                                        
---------------------------------------------------------------------------------------
Cell pin lists are equivalent.
Device classes sg13cmos5l_decap_4 and sg13cmos5l_decap_4 are equivalent.

Subcircuit summary:
Circuit 1: sg13cmos5l_or2_1                |Circuit 2: sg13cmos5l_or2_1                
-------------------------------------------|-------------------------------------------
sg13_lv_pmos (3)                           |sg13_lv_pmos (3)                           
sg13_lv_nmos (3)                           |sg13_lv_nmos (3)                           
Number of devices: 6                       |Number of devices: 6                       
Number of nets: 7                          |Number of nets: 7                          
---------------------------------------------------------------------------------------
Netlists match uniquely.

Subcircuit pins:
Circuit 1: sg13cmos5l_or2_1                |Circuit 2: sg13cmos5l_or2_1                
-------------------------------------------|-------------------------------------------
VSS                                        |VSS                                        
VDD                                        |VDD                                        
A                                          |A                                          
B                                          |B                                          
X                                          |X                                          
---------------------------------------------------------------------------------------
Cell pin lists are equivalent.
Device classes sg13cmos5l_or2_1 and sg13cmos5l_or2_1 are equivalent.

Subcircuit summary:
Circuit 1: sg13cmos5l_buf_1                |Circuit 2: sg13cmos5l_buf_1                
-------------------------------------------|-------------------------------------------
sg13_lv_nmos (2)                           |sg13_lv_nmos (2)                           
sg13_lv_pmos (2)                           |sg13_lv_pmos (2)                           
Number of devices: 4                       |Number of devices: 4                       
Number of nets: 5                          |Number of nets: 5                          
---------------------------------------------------------------------------------------
Netlists match uniquely.

Subcircuit pins:
Circuit 1: sg13cmos5l_buf_1                |Circuit 2: sg13cmos5l_buf_1                
-------------------------------------------|-------------------------------------------
VSS                                        |VSS                                        
VDD                                        |VDD                                        
A                                          |A                                          
X                                          |X                                          
---------------------------------------------------------------------------------------
Cell pin lists are equivalent.
Device classes sg13cmos5l_buf_1 and sg13cmos5l_buf_1 are equivalent.

Subcircuit summary:
Circuit 1: sg13cmos5l_dlhr_1               |Circuit 2: sg13cmos5l_dlhr_1               
-------------------------------------------|-------------------------------------------
sg13_lv_nmos (12)                          |sg13_lv_nmos (12)                          
sg13_lv_pmos (12)                          |sg13_lv_pmos (12)                          
Number of devices: 24                      |Number of devices: 24                      
Number of nets: 18                         |Number of nets: 18                         
---------------------------------------------------------------------------------------
Netlists match uniquely.

Subcircuit pins:
Circuit 1: sg13cmos5l_dlhr_1               |Circuit 2: sg13cmos5l_dlhr_1               
-------------------------------------------|-------------------------------------------
VDD                                        |VDD                                        
RESET_B                                    |RESET_B                                    
Q                                          |Q                                          
D                                          |D                                          
GATE                                       |GATE                                       
Q_N                                        |Q_N                                        
VSS                                        |VSS                                        
---------------------------------------------------------------------------------------
Cell pin lists are equivalent.
Device classes sg13cmos5l_dlhr_1 and sg13cmos5l_dlhr_1 are equivalent.

Subcircuit summary:
Circuit 1: sg13cmos5l_dlygate4sd2_1        |Circuit 2: sg13cmos5l_dlygate4sd2_1        
-------------------------------------------|-------------------------------------------
sg13_lv_pmos (4)                           |sg13_lv_pmos (4)                           
sg13_lv_nmos (4)                           |sg13_lv_nmos (4)                           
Number of devices: 8                       |Number of devices: 8                       
Number of nets: 7                          |Number of nets: 7                          
---------------------------------------------------------------------------------------
Netlists match uniquely.

Subcircuit pins:
Circuit 1: sg13cmos5l_dlygate4sd2_1        |Circuit 2: sg13cmos5l_dlygate4sd2_1        
-------------------------------------------|-------------------------------------------
X                                          |X                                          
A                                          |A                                          
VDD                                        |VDD                                        
VSS                                        |VSS                                        
---------------------------------------------------------------------------------------
Cell pin lists are equivalent.
Device classes sg13cmos5l_dlygate4sd2_1 and sg13cmos5l_dlygate4sd2_1 are equivalent.

Subcircuit summary:
Circuit 1: sg13cmos5l_xnor2_1              |Circuit 2: sg13cmos5l_xnor2_1              
-------------------------------------------|-------------------------------------------
sg13_lv_pmos (5)                           |sg13_lv_pmos (5)                           
sg13_lv_nmos (5)                           |sg13_lv_nmos (5)                           
Number of devices: 10                      |Number of devices: 10                      
Number of nets: 9                          |Number of nets: 9                          
---------------------------------------------------------------------------------------
Netlists match uniquely.

Subcircuit pins:
Circuit 1: sg13cmos5l_xnor2_1              |Circuit 2: sg13cmos5l_xnor2_1              
-------------------------------------------|-------------------------------------------
Y                                          |Y                                          
VSS                                        |VSS                                        
VDD                                        |VDD                                        
B                                          |B                                          
A                                          |A                                          
---------------------------------------------------------------------------------------
Cell pin lists are equivalent.
Device classes sg13cmos5l_xnor2_1 and sg13cmos5l_xnor2_1 are equivalent.

Subcircuit summary:
Circuit 1: sg13cmos5l_o21ai_1              |Circuit 2: sg13cmos5l_o21ai_1              
-------------------------------------------|-------------------------------------------
sg13_lv_nmos (3)                           |sg13_lv_nmos (3)                           
sg13_lv_pmos (3)                           |sg13_lv_pmos (3)                           
Number of devices: 6                       |Number of devices: 6                       
Number of nets: 8                          |Number of nets: 8                          
---------------------------------------------------------------------------------------
Netlists match uniquely.

Subcircuit pins:
Circuit 1: sg13cmos5l_o21ai_1              |Circuit 2: sg13cmos5l_o21ai_1              
-------------------------------------------|-------------------------------------------
Y                                          |Y                                          
A1                                         |A1                                         
A2                                         |A2                                         
B1                                         |B1                                         
VDD                                        |VDD                                        
VSS                                        |VSS                                        
---------------------------------------------------------------------------------------
Cell pin lists are equivalent.
Device classes sg13cmos5l_o21ai_1 and sg13cmos5l_o21ai_1 are equivalent.

Subcircuit summary:
Circuit 1: sg13cmos5l_dfrbp_1              |Circuit 2: sg13cmos5l_dfrbp_1              
-------------------------------------------|-------------------------------------------
sg13_lv_nmos (17)                          |sg13_lv_nmos (17)                          
sg13_lv_pmos (17)                          |sg13_lv_pmos (17)                          
Number of devices: 34                      |Number of devices: 34                      
Number of nets: 22                         |Number of nets: 22                         
---------------------------------------------------------------------------------------
Netlists match uniquely.

Subcircuit pins:
Circuit 1: sg13cmos5l_dfrbp_1              |Circuit 2: sg13cmos5l_dfrbp_1              
-------------------------------------------|-------------------------------------------
VDD                                        |VDD                                        
VSS                                        |VSS                                        
RESET_B                                    |RESET_B                                    
Q_N                                        |Q_N                                        
D                                          |D                                          
CLK                                        |CLK                                        
Q                                          |Q                                          
---------------------------------------------------------------------------------------
Cell pin lists are equivalent.
Device classes sg13cmos5l_dfrbp_1 and sg13cmos5l_dfrbp_1 are equivalent.

Class sg13cmos5l_decap_8 (0):  Merged 2 parallel devices.
Subcircuit summary:
Circuit 1: sg13cmos5l_decap_8              |Circuit 2: sg13cmos5l_decap_8              
-------------------------------------------|-------------------------------------------
sg13_lv_nmos (2->1)                        |sg13_lv_nmos (1)                           
sg13_lv_pmos (2->1)                        |sg13_lv_pmos (1)                           
Number of devices: 2                       |Number of devices: 2                       
Number of nets: 2                          |Number of nets: 2                          
---------------------------------------------------------------------------------------
Netlists match uniquely.

Subcircuit pins:
Circuit 1: sg13cmos5l_decap_8              |Circuit 2: sg13cmos5l_decap_8              
-------------------------------------------|-------------------------------------------
VSS                                        |VSS                                        
VDD                                        |VDD                                        
---------------------------------------------------------------------------------------
Cell pin lists are equivalent.
Device classes sg13cmos5l_decap_8 and sg13cmos5l_decap_8 are equivalent.

Subcircuit summary:
Circuit 1: sg13cmos5l_and3_1               |Circuit 2: sg13cmos5l_and3_1               
-------------------------------------------|-------------------------------------------
sg13_lv_nmos (4)                           |sg13_lv_nmos (4)                           
sg13_lv_pmos (4)                           |sg13_lv_pmos (4)                           
Number of devices: 8                       |Number of devices: 8                       
Number of nets: 9                          |Number of nets: 9                          
---------------------------------------------------------------------------------------
Netlists match uniquely.

Subcircuit pins:
Circuit 1: sg13cmos5l_and3_1               |Circuit 2: sg13cmos5l_and3_1               
-------------------------------------------|-------------------------------------------
VDD                                        |VDD                                        
VSS                                        |VSS                                        
X                                          |X                                          
C                                          |C                                          
A                                          |A                                          
B                                          |B                                          
---------------------------------------------------------------------------------------
Cell pin lists are equivalent.
Device classes sg13cmos5l_and3_1 and sg13cmos5l_and3_1 are equivalent.

Subcircuit summary:
Circuit 1: sg13cmos5l_tiehi                |Circuit 2: sg13cmos5l_tiehi                
-------------------------------------------|-------------------------------------------
sg13_lv_pmos (2)                           |sg13_lv_pmos (2)                           
sg13_lv_nmos (2)                           |sg13_lv_nmos (2)                           
Number of devices: 4                       |Number of devices: 4                       
Number of nets: 6                          |Number of nets: 6                          
---------------------------------------------------------------------------------------
Netlists match uniquely.

Subcircuit pins:
Circuit 1: sg13cmos5l_tiehi                |Circuit 2: sg13cmos5l_tiehi                
-------------------------------------------|-------------------------------------------
VSS                                        |VSS                                        
VDD                                        |VDD                                        
L_HI                                       |L_HI                                       
---------------------------------------------------------------------------------------
Cell pin lists are equivalent.
Device classes sg13cmos5l_tiehi and sg13cmos5l_tiehi are equivalent.

Subcircuit summary:
Circuit 1: sg13cmos5l_a22oi_1              |Circuit 2: sg13cmos5l_a22oi_1              
-------------------------------------------|-------------------------------------------
sg13_lv_nmos (4)                           |sg13_lv_nmos (4)                           
sg13_lv_pmos (4)                           |sg13_lv_pmos (4)                           
Number of devices: 8                       |Number of devices: 8                       
Number of nets: 10                         |Number of nets: 10                         
---------------------------------------------------------------------------------------
Netlists match uniquely.

Subcircuit pins:
Circuit 1: sg13cmos5l_a22oi_1              |Circuit 2: sg13cmos5l_a22oi_1              
-------------------------------------------|-------------------------------------------
VSS                                        |VSS                                        
VDD                                        |VDD                                        
Y                                          |Y                                          
B1                                         |B1                                         
B2                                         |B2                                         
A2                                         |A2                                         
A1                                         |A1                                         
---------------------------------------------------------------------------------------
Cell pin lists are equivalent.
Device classes sg13cmos5l_a22oi_1 and sg13cmos5l_a22oi_1 are equivalent.

Subcircuit summary:
Circuit 1: sg13cmos5l_nand2b_1             |Circuit 2: sg13cmos5l_nand2b_1             
-------------------------------------------|-------------------------------------------
sg13_lv_pmos (3)                           |sg13_lv_pmos (3)                           
sg13_lv_nmos (3)                           |sg13_lv_nmos (3)                           
Number of devices: 6                       |Number of devices: 6                       
Number of nets: 7                          |Number of nets: 7                          
---------------------------------------------------------------------------------------
Netlists match uniquely.

Subcircuit pins:
Circuit 1: sg13cmos5l_nand2b_1             |Circuit 2: sg13cmos5l_nand2b_1             
-------------------------------------------|-------------------------------------------
VSS                                        |VSS                                        
A_N                                        |A_N                                        
B                                          |B                                          
Y                                          |Y                                          
VDD                                        |VDD                                        
---------------------------------------------------------------------------------------
Cell pin lists are equivalent.
Device classes sg13cmos5l_nand2b_1 and sg13cmos5l_nand2b_1 are equivalent.

Subcircuit summary:
Circuit 1: sg13cmos5l_a21oi_1              |Circuit 2: sg13cmos5l_a21oi_1              
-------------------------------------------|-------------------------------------------
sg13_lv_nmos (3)                           |sg13_lv_nmos (3)                           
sg13_lv_pmos (3)                           |sg13_lv_pmos (3)                           
Number of devices: 6                       |Number of devices: 6                       
Number of nets: 8                          |Number of nets: 8                          
---------------------------------------------------------------------------------------
Netlists match uniquely.

Subcircuit pins:
Circuit 1: sg13cmos5l_a21oi_1              |Circuit 2: sg13cmos5l_a21oi_1              
-------------------------------------------|-------------------------------------------
VSS                                        |VSS                                        
VDD                                        |VDD                                        
B1                                         |B1                                         
A2                                         |A2                                         
A1                                         |A1                                         
Y                                          |Y                                          
---------------------------------------------------------------------------------------
Cell pin lists are equivalent.
Device classes sg13cmos5l_a21oi_1 and sg13cmos5l_a21oi_1 are equivalent.

Subcircuit summary:
Circuit 1: sg13cmos5l_a221oi_1             |Circuit 2: sg13cmos5l_a221oi_1             
-------------------------------------------|-------------------------------------------
sg13_lv_nmos (5)                           |sg13_lv_nmos (5)                           
sg13_lv_pmos (5)                           |sg13_lv_pmos (5)                           
Number of devices: 10                      |Number of devices: 10                      
Number of nets: 12                         |Number of nets: 12                         
---------------------------------------------------------------------------------------
Netlists match uniquely.

Subcircuit pins:
Circuit 1: sg13cmos5l_a221oi_1             |Circuit 2: sg13cmos5l_a221oi_1             
-------------------------------------------|-------------------------------------------
VDD                                        |VDD                                        
VSS                                        |VSS                                        
Y                                          |Y                                          
C1                                         |C1                                         
B2                                         |B2                                         
B1                                         |B1                                         
A2                                         |A2                                         
A1                                         |A1                                         
---------------------------------------------------------------------------------------
Cell pin lists are equivalent.
Device classes sg13cmos5l_a221oi_1 and sg13cmos5l_a221oi_1 are equivalent.

Subcircuit summary:
Circuit 1: sg13cmos5l_nand2_1              |Circuit 2: sg13cmos5l_nand2_1              
-------------------------------------------|-------------------------------------------
sg13_lv_nmos (2)                           |sg13_lv_nmos (2)                           
sg13_lv_pmos (2)                           |sg13_lv_pmos (2)                           
Number of devices: 4                       |Number of devices: 4                       
Number of nets: 6                          |Number of nets: 6                          
---------------------------------------------------------------------------------------
Netlists match uniquely.

Subcircuit pins:
Circuit 1: sg13cmos5l_nand2_1              |Circuit 2: sg13cmos5l_nand2_1              
-------------------------------------------|-------------------------------------------
VDD                                        |VDD                                        
Y                                          |Y                                          
VSS                                        |VSS                                        
A                                          |A                                          
B                                          |B                                          
---------------------------------------------------------------------------------------
Cell pin lists are equivalent.
Device classes sg13cmos5l_nand2_1 and sg13cmos5l_nand2_1 are equivalent.

Subcircuit summary:
Circuit 1: sg13cmos5l_nor2_1               |Circuit 2: sg13cmos5l_nor2_1               
-------------------------------------------|-------------------------------------------
sg13_lv_nmos (2)                           |sg13_lv_nmos (2)                           
sg13_lv_pmos (2)                           |sg13_lv_pmos (2)                           
Number of devices: 4                       |Number of devices: 4                       
Number of nets: 6                          |Number of nets: 6                          
---------------------------------------------------------------------------------------
Netlists match uniquely.

Subcircuit pins:
Circuit 1: sg13cmos5l_nor2_1               |Circuit 2: sg13cmos5l_nor2_1               
-------------------------------------------|-------------------------------------------
VSS                                        |VSS                                        
B                                          |B                                          
A                                          |A                                          
Y                                          |Y                                          
VDD                                        |VDD                                        
---------------------------------------------------------------------------------------
Cell pin lists are equivalent.
Device classes sg13cmos5l_nor2_1 and sg13cmos5l_nor2_1 are equivalent.

Class sg13cmos5l_buf_8 (0):  Merged 17 parallel devices.
Subcircuit summary:
Circuit 1: sg13cmos5l_buf_8                |Circuit 2: sg13cmos5l_buf_8                
-------------------------------------------|-------------------------------------------
sg13_lv_nmos (11->2)                       |sg13_lv_nmos (2)                           
sg13_lv_pmos (11->2)                       |sg13_lv_pmos (2)                           
Number of devices: 4                       |Number of devices: 4                       
Number of nets: 5                          |Number of nets: 5                          
---------------------------------------------------------------------------------------
Netlists match uniquely.

Subcircuit pins:
Circuit 1: sg13cmos5l_buf_8                |Circuit 2: sg13cmos5l_buf_8                
-------------------------------------------|-------------------------------------------
A                                          |A                                          
X                                          |X                                          
VSS                                        |VSS                                        
VDD                                        |VDD                                        
---------------------------------------------------------------------------------------
Cell pin lists are equivalent.
Device classes sg13cmos5l_buf_8 and sg13cmos5l_buf_8 are equivalent.

Subcircuit summary:
Circuit 1: sg13cmos5l_nor2b_1              |Circuit 2: sg13cmos5l_nor2b_1              
-------------------------------------------|-------------------------------------------
sg13_lv_pmos (3)                           |sg13_lv_pmos (3)                           
sg13_lv_nmos (3)                           |sg13_lv_nmos (3)                           
Number of devices: 6                       |Number of devices: 6                       
Number of nets: 7                          |Number of nets: 7                          
---------------------------------------------------------------------------------------
Netlists match uniquely.

Subcircuit pins:
Circuit 1: sg13cmos5l_nor2b_1              |Circuit 2: sg13cmos5l_nor2b_1              
-------------------------------------------|-------------------------------------------
Y                                          |Y                                          
VSS                                        |VSS                                        
B_N                                        |B_N                                        
A                                          |A                                          
VDD                                        |VDD                                        
---------------------------------------------------------------------------------------
Cell pin lists are equivalent.
Device classes sg13cmos5l_nor2b_1 and sg13cmos5l_nor2b_1 are equivalent.

Subcircuit summary:
Circuit 1: sg13cmos5l_dlygate4sd3_1        |Circuit 2: sg13cmos5l_dlygate4sd3_1        
-------------------------------------------|-------------------------------------------
sg13_lv_pmos (4)                           |sg13_lv_pmos (4)                           
sg13_lv_nmos (4)                           |sg13_lv_nmos (4)                           
Number of devices: 8                       |Number of devices: 8                       
Number of nets: 7                          |Number of nets: 7                          
---------------------------------------------------------------------------------------
Netlists match uniquely.

Subcircuit pins:
Circuit 1: sg13cmos5l_dlygate4sd3_1        |Circuit 2: sg13cmos5l_dlygate4sd3_1        
-------------------------------------------|-------------------------------------------
X                                          |X                                          
A                                          |A                                          
VDD                                        |VDD                                        
VSS                                        |VSS                                        
---------------------------------------------------------------------------------------
Cell pin lists are equivalent.
Device classes sg13cmos5l_dlygate4sd3_1 and sg13cmos5l_dlygate4sd3_1 are equivalent.
Flattening unmatched subcell sg13cmos5l_decap_4$1 in circuit single_bsw (0)(3 instances)
Flattening unmatched subcell sg13cmos5l_inv_1$1 in circuit single_bsw (0)(3 instances)

Flattening instances of sg13cmos5l_inv_1 in cell single_bsw (1) makes a better match
Flattening instances of sg13cmos5l_decap_4 in cell single_bsw (1) makes a better match
Making another compare attempt.

Class single_bsw (0):  Merged 4 parallel devices.
Class single_bsw (1):  Merged 4 parallel devices.
Subcircuit summary:
Circuit 1: single_bsw                      |Circuit 2: single_bsw                      
-------------------------------------------|-------------------------------------------
sg13_lv_nmos (16->14)                      |sg13_lv_nmos (16->14)                      
sg13_lv_pmos (8->6)                        |sg13_lv_pmos (8->6)                        
Number of devices: 20                      |Number of devices: 20                      
Number of nets: 17                         |Number of nets: 17                         
---------------------------------------------------------------------------------------
Netlists match uniquely.

Subcircuit pins:
Circuit 1: single_bsw                      |Circuit 2: single_bsw                      
-------------------------------------------|-------------------------------------------
out                                        |out                                        
vdd                                        |vdd                                        
vss                                        |vss                                        
in                                         |in                                         
ck                                         |ck                                         
---------------------------------------------------------------------------------------
Cell pin lists are equivalent.
Device classes single_bsw and single_bsw are equivalent.

Subcircuit summary:
Circuit 1: buf_1                           |Circuit 2: buf_1                           
-------------------------------------------|-------------------------------------------
sg13_lv_pmos (1)                           |sg13_lv_pmos (1)                           
sg13_lv_nmos (1)                           |sg13_lv_nmos (1)                           
Number of devices: 2                       |Number of devices: 2                       
Number of nets: 4                          |Number of nets: 4                          
---------------------------------------------------------------------------------------
Netlists match uniquely.

Subcircuit pins:
Circuit 1: buf_1                           |Circuit 2: buf_1                           
-------------------------------------------|-------------------------------------------
z                                          |z                                          
x                                          |x                                          
vdd                                        |vdd                                        
vss                                        |vss                                        
---------------------------------------------------------------------------------------
Cell pin lists are equivalent.
Device classes buf_1 and buf_1 are equivalent.

Class buf_32 (0):  Merged 37 parallel devices.
Subcircuit summary:
Circuit 1: buf_32                          |Circuit 2: buf_32                          
-------------------------------------------|-------------------------------------------
sg13_lv_nmos (32->1)                       |sg13_lv_nmos (32->1)                       
sg13_lv_pmos (32->1)                       |sg13_lv_pmos (32->1)                       
Number of devices: 2                       |Number of devices: 2                       
Number of nets: 4                          |Number of nets: 4                          
---------------------------------------------------------------------------------------
Netlists match uniquely.

Subcircuit pins:
Circuit 1: buf_32                          |Circuit 2: buf_32                          
-------------------------------------------|-------------------------------------------
z                                          |z                                          
x                                          |x                                          
vdd                                        |vdd                                        
vss                                        |vss                                        
---------------------------------------------------------------------------------------
Cell pin lists are equivalent.
Device classes buf_32 and buf_32 are equivalent.

Cell cap8b (0) disconnected node: vss
Cell cap8b (0) disconnected node: vdd
Cell cap8b (0) disconnected node: l_sw[10]
Cell cap8b (0) disconnected node: l_sw[9]
Cell cap8b (0) disconnected node: l_sw[8]
Cell cap8b (0) disconnected node: l_sw[7]
Cell cap8b (0) disconnected node: l_sw[6]
Cell cap8b (0) disconnected node: l_sw[5]
Cell cap8b (0) disconnected node: l_sw[4]
Cell cap8b (0) disconnected node: l_sw[3]
Cell cap8b (0) disconnected node: l_sw[2]
Cell cap8b (0) disconnected node: l_sw[1]
Cell cap8b (0) disconnected node: l_sw[0]
Cell cap8b (0) disconnected node: h_sw[0]
Cell cap8b (0) disconnected node: h_sw[1]
Cell cap8b (0) disconnected node: h_sw[2]
Cell cap8b (0) disconnected node: h_sw[3]
Cell cap8b (0) disconnected node: h_sw[4]
Cell cap8b (0) disconnected node: h_sw[5]
Cell cap8b (0) disconnected node: h_sw[6]
Cell cap8b (0) disconnected node: h_sw[7]
Cell cap8b (0) disconnected node: h_sw[8]
Cell cap8b (0) disconnected node: h_sw[10]
Cell cap8b (0) disconnected node: vc
Cell cap8b (1) disconnected node: vss
Cell cap8b (1) disconnected node: vdd
Cell cap8b (1) disconnected node: l_sw[10]
Cell cap8b (1) disconnected node: l_sw[9]
Cell cap8b (1) disconnected node: l_sw[8]
Cell cap8b (1) disconnected node: l_sw[7]
Cell cap8b (1) disconnected node: l_sw[6]
Cell cap8b (1) disconnected node: l_sw[5]
Cell cap8b (1) disconnected node: l_sw[4]
Cell cap8b (1) disconnected node: l_sw[3]
Cell cap8b (1) disconnected node: l_sw[2]
Cell cap8b (1) disconnected node: l_sw[1]
Cell cap8b (1) disconnected node: l_sw[0]
Cell cap8b (1) disconnected node: h_sw[0]
Cell cap8b (1) disconnected node: h_sw[1]
Cell cap8b (1) disconnected node: h_sw[2]
Cell cap8b (1) disconnected node: h_sw[3]
Cell cap8b (1) disconnected node: h_sw[4]
Cell cap8b (1) disconnected node: h_sw[5]
Cell cap8b (1) disconnected node: h_sw[6]
Cell cap8b (1) disconnected node: h_sw[7]
Cell cap8b (1) disconnected node: h_sw[8]
Cell cap8b (1) disconnected node: h_sw[10]
Cell cap8b (1) disconnected node: vc

Subcircuit pins:
Circuit 1: cap8b                           |Circuit 2: cap8b                           
-------------------------------------------|-------------------------------------------
vss                                        |vss                                        
vdd                                        |vdd                                        
l_sw[10]                                   |l_sw[10]                                   
l_sw[9]                                    |l_sw[9]                                    
l_sw[8]                                    |l_sw[8]                                    
l_sw[7]                                    |l_sw[7]                                    
l_sw[6]                                    |l_sw[6]                                    
l_sw[5]                                    |l_sw[5]                                    
l_sw[4]                                    |l_sw[4]                                    
l_sw[3]                                    |l_sw[3]                                    
l_sw[2]                                    |l_sw[2]                                    
l_sw[1]                                    |l_sw[1]                                    
l_sw[0]                                    |l_sw[0]                                    
h_sw[0]                                    |h_sw[0]                                    
h_sw[1]                                    |h_sw[1]                                    
h_sw[2]                                    |h_sw[2]                                    
h_sw[3]                                    |h_sw[3]                                    
h_sw[4]                                    |h_sw[4]                                    
h_sw[5]                                    |h_sw[5]                                    
h_sw[6]                                    |h_sw[6]                                    
h_sw[7]                                    |h_sw[7]                                    
h_sw[8]                                    |h_sw[8]                                    
h_sw[10]                                   |h_sw[10]                                   
vc                                         |vc                                         
---------------------------------------------------------------------------------------
Cell pin lists are equivalent.
Device classes cap8b and cap8b are equivalent.

Class buf_8 (0):  Merged 4 parallel devices.
Subcircuit summary:
Circuit 1: buf_8                           |Circuit 2: buf_8                           
-------------------------------------------|-------------------------------------------
sg13_lv_pmos (8->1)                        |sg13_lv_pmos (8->1)                        
sg13_lv_nmos (8->1)                        |sg13_lv_nmos (8->1)                        
Number of devices: 2                       |Number of devices: 2                       
Number of nets: 4                          |Number of nets: 4                          
---------------------------------------------------------------------------------------
Netlists match uniquely.

Subcircuit pins:
Circuit 1: buf_8                           |Circuit 2: buf_8                           
-------------------------------------------|-------------------------------------------
z                                          |z                                          
x                                          |x                                          
vdd                                        |vdd                                        
vss                                        |vss                                        
---------------------------------------------------------------------------------------
Cell pin lists are equivalent.
Device classes buf_8 and buf_8 are equivalent.

Class buf_16 (0):  Merged 10 parallel devices.
Subcircuit summary:
Circuit 1: buf_16                          |Circuit 2: buf_16                          
-------------------------------------------|-------------------------------------------
sg13_lv_nmos (16->1)                       |sg13_lv_nmos (16->1)                       
sg13_lv_pmos (16->1)                       |sg13_lv_pmos (16->1)                       
Number of devices: 2                       |Number of devices: 2                       
Number of nets: 4                          |Number of nets: 4                          
---------------------------------------------------------------------------------------
Netlists match uniquely.

Subcircuit pins:
Circuit 1: buf_16                          |Circuit 2: buf_16                          
-------------------------------------------|-------------------------------------------
z                                          |z                                          
x                                          |x                                          
vdd                                        |vdd                                        
vss                                        |vss                                        
---------------------------------------------------------------------------------------
Cell pin lists are equivalent.
Device classes buf_16 and buf_16 are equivalent.

Class buf_4 (0):  Merged 4 parallel devices.
Subcircuit summary:
Circuit 1: buf_4                           |Circuit 2: buf_4                           
-------------------------------------------|-------------------------------------------
sg13_lv_nmos (4->1)                        |sg13_lv_nmos (4->1)                        
sg13_lv_pmos (4->1)                        |sg13_lv_pmos (4->1)                        
Number of devices: 2                       |Number of devices: 2                       
Number of nets: 4                          |Number of nets: 4                          
---------------------------------------------------------------------------------------
Netlists match uniquely.

Subcircuit pins:
Circuit 1: buf_4                           |Circuit 2: buf_4                           
-------------------------------------------|-------------------------------------------
z                                          |z                                          
x                                          |x                                          
vdd                                        |vdd                                        
vss                                        |vss                                        
---------------------------------------------------------------------------------------
Cell pin lists are equivalent.
Device classes buf_4 and buf_4 are equivalent.

Class buf_2 (0):  Merged 2 parallel devices.
Subcircuit summary:
Circuit 1: buf_2                           |Circuit 2: buf_2                           
-------------------------------------------|-------------------------------------------
sg13_lv_nmos (2->1)                        |sg13_lv_nmos (2->1)                        
sg13_lv_pmos (2->1)                        |sg13_lv_pmos (2->1)                        
Number of devices: 2                       |Number of devices: 2                       
Number of nets: 4                          |Number of nets: 4                          
---------------------------------------------------------------------------------------
Netlists match uniquely.

Subcircuit pins:
Circuit 1: buf_2                           |Circuit 2: buf_2                           
-------------------------------------------|-------------------------------------------
z                                          |z                                          
x                                          |x                                          
vdd                                        |vdd                                        
vss                                        |vss                                        
---------------------------------------------------------------------------------------
Cell pin lists are equivalent.
Device classes buf_2 and buf_2 are equivalent.

Class sg13cmos5l_inv_8 (0):  Merged 14 parallel devices.
Subcircuit summary:
Circuit 1: sg13cmos5l_inv_8                |Circuit 2: sg13cmos5l_inv_8                
-------------------------------------------|-------------------------------------------
sg13_lv_nmos (8->1)                        |sg13_lv_nmos (1)                           
sg13_lv_pmos (8->1)                        |sg13_lv_pmos (1)                           
Number of devices: 2                       |Number of devices: 2                       
Number of nets: 4                          |Number of nets: 4                          
---------------------------------------------------------------------------------------
Netlists match uniquely.

Subcircuit pins:
Circuit 1: sg13cmos5l_inv_8                |Circuit 2: sg13cmos5l_inv_8                
-------------------------------------------|-------------------------------------------
Y                                          |Y                                          
A                                          |A                                          
VSS                                        |VSS                                        
VDD                                        |VDD                                        
---------------------------------------------------------------------------------------
Cell pin lists are equivalent.
Device classes sg13cmos5l_inv_8 and sg13cmos5l_inv_8 are equivalent.
Flattening unmatched subcell sg13cmos5l_inv_8$1 in circuit sar12b (0)(1 instance)
Flattening unmatched subcell sg13cmos5l_fill_1 in circuit sar12b (1)(42 instances)
Flattening unmatched subcell sg13cmos5l_fill_2 in circuit sar12b (1)(30 instances)

Flattening instances of sg13cmos5l_inv_8 in cell sar12b (1) makes a better match
Making another compare attempt.

Class sar12b (0):  Merged 33 parallel devices.
Class sar12b (1):  Merged 19 parallel devices.
Subcircuit summary:
Circuit 1: sar12b                          |Circuit 2: sar12b                          
-------------------------------------------|-------------------------------------------
sg13cmos5l_or2_1 (2)                       |sg13cmos5l_or2_1 (2)                       
sg13cmos5l_buf_1 (122)                     |sg13cmos5l_buf_1 (122)                     
sg13cmos5l_dlhr_1 (22)                     |sg13cmos5l_dlhr_1 (22)                     
sg13cmos5l_dlygate4sd2_1 (1)               |sg13cmos5l_dlygate4sd2_1 (1)               
sg13cmos5l_xnor2_1 (1)                     |sg13cmos5l_xnor2_1 (1)                     
sg13cmos5l_o21ai_1 (1)                     |sg13cmos5l_o21ai_1 (1)                     
sg13cmos5l_dfrbp_1 (31)                    |sg13cmos5l_dfrbp_1 (31)                    
sg13cmos5l_inv_1 (34)                      |sg13cmos5l_inv_1 (34)                      
sg13cmos5l_decap_8 (13->1)                 |sg13cmos5l_decap_8 (13->1)                 
sg13cmos5l_and3_1 (2)                      |sg13cmos5l_and3_1 (2)                      
sg13cmos5l_tiehi (1)                       |sg13cmos5l_tiehi (1)                       
sg13cmos5l_a22oi_1 (3)                     |sg13cmos5l_a22oi_1 (3)                     
sg13cmos5l_nand2b_1 (2)                    |sg13cmos5l_nand2b_1 (2)                    
sg13cmos5l_a21oi_1 (3)                     |sg13cmos5l_a21oi_1 (3)                     
sg13cmos5l_a221oi_1 (3)                    |sg13cmos5l_a221oi_1 (3)                    
sg13cmos5l_decap_4 (8->1)                  |sg13cmos5l_decap_4 (8->1)                  
sg13_lv_nmos (8->1)                        |sg13_lv_nmos (1)                           
sg13_lv_pmos (8->1)                        |sg13_lv_pmos (1)                           
sg13cmos5l_nand2_1 (4)                     |sg13cmos5l_nand2_1 (4)                     
sg13cmos5l_nor2_1 (3)                      |sg13cmos5l_nor2_1 (3)                      
sg13cmos5l_buf_8 (3)                       |sg13cmos5l_buf_8 (3)                       
sg13cmos5l_nor2b_1 (4)                     |sg13cmos5l_nor2b_1 (4)                     
sg13cmos5l_dlygate4sd3_1 (1)               |sg13cmos5l_dlygate4sd3_1 (1)               
Number of devices: 247                     |Number of devices: 247                     
Number of nets: 302                        |Number of nets: 302                        
---------------------------------------------------------------------------------------
Netlists match uniquely.

Subcircuit pins:
Circuit 1: sar12b                          |Circuit 2: sar12b                          
-------------------------------------------|-------------------------------------------
cks                                        |cks                                        
rdy                                        |rdy                                        
comp_p                                     |comp_p                                     
cko                                        |cko                                        
frame                                      |frame                                      
ckc                                        |ckc                                        
nl_sw[9]                                   |nl_sw[9]                                   
nl_sw[8]                                   |nl_sw[8]                                   
nl_sw[10]                                  |nl_sw[10]                                  
nl_sw[6]                                   |nl_sw[6]                                   
nl_sw[4]                                   |nl_sw[4]                                   
nl_sw[0]                                   |nl_sw[0]                                   
nl_sw[7]                                   |nl_sw[7]                                   
nl_sw[5]                                   |nl_sw[5]                                   
nl_sw[2]                                   |nl_sw[2]                                   
nl_sw[3]                                   |nl_sw[3]                                   
nl_sw[1]                                   |nl_sw[1]                                   
pl_sw[6]                                   |pl_sw[6]                                   
pl_sw[0]                                   |pl_sw[0]                                   
pl_sw[1]                                   |pl_sw[1]                                   
pl_sw[3]                                   |pl_sw[3]                                   
pl_sw[2]                                   |pl_sw[2]                                   
pl_sw[4]                                   |pl_sw[4]                                   
pl_sw[5]                                   |pl_sw[5]                                   
pl_sw[7]                                   |pl_sw[7]                                   
pl_sw[8]                                   |pl_sw[8]                                   
pl_sw[9]                                   |pl_sw[9]                                   
pl_sw[10]                                  |pl_sw[10]                                  
ph_sw[0]                                   |ph_sw[0]                                   
ph_sw[10]                                  |ph_sw[10]                                  
ph_sw[1]                                   |ph_sw[1]                                   
ph_sw[2]                                   |ph_sw[2]                                   
ph_sw[3]                                   |ph_sw[3]                                   
ph_sw[4]                                   |ph_sw[4]                                   
ph_sw[5]                                   |ph_sw[5]                                   
ph_sw[6]                                   |ph_sw[6]                                   
ph_sw[7]                                   |ph_sw[7]                                   
ph_sw[8]                                   |ph_sw[8]                                   
ph_sw[9]                                   |ph_sw[9]                                   
nh_sw[10]                                  |nh_sw[10]                                  
nh_sw[0]                                   |nh_sw[0]                                   
nh_sw[5]                                   |nh_sw[5]                                   
nh_sw[4]                                   |nh_sw[4]                                   
nh_sw[2]                                   |nh_sw[2]                                   
nh_sw[3]                                   |nh_sw[3]                                   
nh_sw[1]                                   |nh_sw[1]                                   
nh_sw[6]                                   |nh_sw[6]                                   
nh_sw[9]                                   |nh_sw[9]                                   
nh_sw[8]                                   |nh_sw[8]                                   
nh_sw[7]                                   |nh_sw[7]                                   
d_out[2]                                   |d_out[2]                                   
d_out[0]                                   |d_out[0]                                   
d_out[1]                                   |d_out[1]                                   
VPWR                                       |VDD **Mismatch**                           
sub                                        |VSS **Mismatch**                           
---------------------------------------------------------------------------------------
Cell pin lists for sar12b and sar12b altered to match.
Device classes sar12b and sar12b are equivalent.
Flattening unmatched subcell sg13cmos5l_decap_4$1 in circuit cmp (0)(2 instances)
Flattening unmatched subcell sg13cmos5l_or2_1$1 in circuit cmp (0)(1 instance)
Flattening unmatched subcell sg13cmos5l_dlygate4sd3_1$1 in circuit cmp (0)(1 instance)
Flattening unmatched subcell sg13cmos5l_inv_1$1 in circuit cmp (0)(2 instances)

Flattening instances of sg13cmos5l_or2_1 in cell cmp (1) makes a better match
Flattening instances of sg13cmos5l_inv_1 in cell cmp (1) makes a better match
Flattening instances of sg13cmos5l_dlygate4sd3_1 in cell cmp (1) makes a better match
Flattening instances of sg13cmos5l_decap_4 in cell cmp (1) makes a better match
Making another compare attempt.

Class cmp (0):  Merged 14 parallel devices.
Class cmp (1):  Merged 2 parallel devices.
Subcircuit summary:
Circuit 1: cmp                             |Circuit 2: cmp                             
-------------------------------------------|-------------------------------------------
sg13_lv_nmos (23->15)                      |sg13_lv_nmos (16->15)                      
sg13_lv_pmos (23->16)                      |sg13_lv_pmos (17->16)                      
Number of devices: 31                      |Number of devices: 31                      
Number of nets: 19                         |Number of nets: 19                         
---------------------------------------------------------------------------------------
Netlists match uniquely.

Subcircuit pins:
Circuit 1: cmp                             |Circuit 2: cmp                             
-------------------------------------------|-------------------------------------------
rdy                                        |rdy                                        
clk                                        |clk                                        
vin                                        |vin                                        
vip                                        |vip                                        
vdd                                        |vdd                                        
vss                                        |vss                                        
outn                                       |outn                                       
outp                                       |outp                                       
---------------------------------------------------------------------------------------
Cell pin lists are equivalent.
Device classes cmp and cmp are equivalent.

Subcircuit summary:
Circuit 1: diff_bsw                        |Circuit 2: diff_bsw                        
-------------------------------------------|-------------------------------------------
single_bsw (2)                             |single_bsw (2)                             
Number of devices: 2                       |Number of devices: 2                       
Number of nets: 7                          |Number of nets: 7                          
---------------------------------------------------------------------------------------
Resolving symmetries by property value.
Resolving symmetries by pin name.
Netlists match uniquely.

Subcircuit pins:
Circuit 1: diff_bsw                        |Circuit 2: diff_bsw                        
-------------------------------------------|-------------------------------------------
vin                                        |vin                                        
vip                                        |vip                                        
vcn                                        |vcn                                        
vcp                                        |vcp                                        
ck                                         |ck                                         
vdd                                        |vdd                                        
vss                                        |vss                                        
---------------------------------------------------------------------------------------
Cell pin lists are equivalent.
Device classes diff_bsw and diff_bsw are equivalent.

Subcircuit summary:
Circuit 1: side_cap8b                      |Circuit 2: side_cap8b                      
-------------------------------------------|-------------------------------------------
buf_1 (2)                                  |buf_1 (2)                                  
buf_32 (2)                                 |buf_32 (2)                                 
cap8b (1)                                  |cap8b (1)                                  
buf_8 (6)                                  |buf_8 (6)                                  
buf_16 (4)                                 |buf_16 (4)                                 
buf_4 (4)                                  |buf_4 (4)                                  
buf_2 (4)                                  |buf_2 (4)                                  
Number of devices: 23                      |Number of devices: 23                      
Number of nets: 46 **Mismatch**            |Number of nets: 47 **Mismatch**            
---------------------------------------------------------------------------------------
NET mismatches: Class fragments follow (with fanout counts):
Circuit 1: side_cap8b                      |Circuit 2: side_cap8b                      

---------------------------------------------------------------------------------------
Net: buf_2_3/z                             |Net: h_sw[9]                               
  cap8b/l_sw[9] = 1                        |  buf_2/z = 1                              
  buf_2/z = 2                              |                                           
                                           |                                           
(no matching net)                          |Net: l_sw[9]                               
                                           |  buf_2/z = 1                              
                                           |  cap8b/l_sw[9] = 1                        
---------------------------------------------------------------------------------------
Netlists do not match.
Port matching may fail to disambiguate symmetries.
  Flattening non-matched subcircuits side_cap8b side_cap8b
Flattening unmatched subcell sg13cmos5l_fill_1 in circuit sar12b[[0]] (1)(42 instances)
Flattening unmatched subcell sg13cmos5l_fill_2 in circuit sar12b[[0]] (1)(30 instances)

Flattening instances of sg13cmos5l_inv_8 in cell sar12b[[0]] (1) makes a better match
Making another compare attempt.

Class sar12b[[0]] (1):  Merged 19 parallel devices.
Subcircuit summary:
Circuit 1: sar12b                          |Circuit 2: sar12b[[0]]                     
-------------------------------------------|-------------------------------------------
sg13cmos5l_or2_1 (2)                       |sg13cmos5l_or2_1 (2)                       
sg13cmos5l_buf_1 (122)                     |sg13cmos5l_buf_1 (122)                     
sg13cmos5l_dlhr_1 (22)                     |sg13cmos5l_dlhr_1 (22)                     
sg13cmos5l_dlygate4sd2_1 (1)               |sg13cmos5l_dlygate4sd2_1 (1)               
sg13cmos5l_xnor2_1 (1)                     |sg13cmos5l_xnor2_1 (1)                     
sg13cmos5l_o21ai_1 (1)                     |sg13cmos5l_o21ai_1 (1)                     
sg13cmos5l_dfrbp_1 (31)                    |sg13cmos5l_dfrbp_1 (31)                    
sg13cmos5l_inv_1 (34)                      |sg13cmos5l_inv_1 (34)                      
sg13cmos5l_decap_8 (13->1)                 |sg13cmos5l_decap_8 (13->1)                 
sg13cmos5l_and3_1 (2)                      |sg13cmos5l_and3_1 (2)                      
sg13cmos5l_tiehi (1)                       |sg13cmos5l_tiehi (1)                       
sg13cmos5l_a22oi_1 (3)                     |sg13cmos5l_a22oi_1 (3)                     
sg13cmos5l_nand2b_1 (2)                    |sg13cmos5l_nand2b_1 (2)                    
sg13cmos5l_a21oi_1 (3)                     |sg13cmos5l_a21oi_1 (3)                     
sg13cmos5l_a221oi_1 (3)                    |sg13cmos5l_a221oi_1 (3)                    
sg13cmos5l_decap_4 (8->1)                  |sg13cmos5l_decap_4 (8->1)                  
sg13_lv_nmos (1)                           |sg13_lv_nmos (1)                           
sg13_lv_pmos (1)                           |sg13_lv_pmos (1)                           
sg13cmos5l_nand2_1 (4)                     |sg13cmos5l_nand2_1 (4)                     
sg13cmos5l_nor2_1 (3)                      |sg13cmos5l_nor2_1 (3)                      
sg13cmos5l_buf_8 (3)                       |sg13cmos5l_buf_8 (3)                       
sg13cmos5l_nor2b_1 (4)                     |sg13cmos5l_nor2b_1 (4)                     
sg13cmos5l_dlygate4sd3_1 (1)               |sg13cmos5l_dlygate4sd3_1 (1)               
Number of devices: 247                     |Number of devices: 247                     
Number of nets: 302                        |Number of nets: 302                        
---------------------------------------------------------------------------------------
Netlists match uniquely.

Subcircuit pins:
Circuit 1: sar12b                          |Circuit 2: sar12b[[0]]                     
-------------------------------------------|-------------------------------------------
cks                                        |cks                                        
rdy                                        |rdy                                        
comp_p                                     |comp_p                                     
cko                                        |cko                                        
frame                                      |frame                                      
ckc                                        |ckc                                        
nl_sw[9]                                   |nl_sw[9]                                   
nl_sw[8]                                   |nl_sw[8]                                   
nl_sw[10]                                  |nl_sw[10]                                  
nl_sw[6]                                   |nl_sw[6]                                   
nl_sw[4]                                   |nl_sw[4]                                   
nl_sw[0]                                   |nl_sw[0]                                   
nl_sw[7]                                   |nl_sw[7]                                   
nl_sw[5]                                   |nl_sw[5]                                   
nl_sw[2]                                   |nl_sw[2]                                   
nl_sw[3]                                   |nl_sw[3]                                   
nl_sw[1]                                   |nl_sw[1]                                   
pl_sw[6]                                   |pl_sw[6]                                   
pl_sw[0]                                   |pl_sw[0]                                   
pl_sw[1]                                   |pl_sw[1]                                   
pl_sw[3]                                   |pl_sw[3]                                   
pl_sw[2]                                   |pl_sw[2]                                   
pl_sw[4]                                   |pl_sw[4]                                   
pl_sw[5]                                   |pl_sw[5]                                   
pl_sw[7]                                   |pl_sw[7]                                   
pl_sw[8]                                   |pl_sw[8]                                   
pl_sw[9]                                   |pl_sw[9]                                   
pl_sw[10]                                  |pl_sw[10]                                  
ph_sw[0]                                   |ph_sw[0]                                   
ph_sw[10]                                  |ph_sw[10]                                  
ph_sw[1]                                   |ph_sw[1]                                   
ph_sw[2]                                   |ph_sw[2]                                   
ph_sw[3]                                   |ph_sw[3]                                   
ph_sw[4]                                   |ph_sw[4]                                   
ph_sw[5]                                   |ph_sw[5]                                   
ph_sw[6]                                   |ph_sw[6]                                   
ph_sw[7]                                   |ph_sw[7]                                   
ph_sw[8]                                   |ph_sw[8]                                   
ph_sw[9]                                   |ph_sw[9]                                   
nh_sw[10]                                  |nh_sw[10]                                  
nh_sw[0]                                   |nh_sw[0]                                   
nh_sw[5]                                   |nh_sw[5]                                   
nh_sw[4]                                   |nh_sw[4]                                   
nh_sw[2]                                   |nh_sw[2]                                   
nh_sw[3]                                   |nh_sw[3]                                   
nh_sw[1]                                   |nh_sw[1]                                   
nh_sw[6]                                   |nh_sw[6]                                   
nh_sw[9]                                   |nh_sw[9]                                   
nh_sw[8]                                   |nh_sw[8]                                   
nh_sw[7]                                   |nh_sw[7]                                   
d_out[2]                                   |d_out[2]                                   
d_out[0]                                   |d_out[0]                                   
d_out[1]                                   |d_out[1]                                   
VPWR                                       |VDD **Mismatch**                           
sub                                        |VSS **Mismatch**                           
---------------------------------------------------------------------------------------
Cell pin lists for sar12b and sar12b[[0]] altered to match.
Device classes sar12b and sar12b[[0]] are equivalent.

Subcircuit summary:
Circuit 1: adc8b                           |Circuit 2: adc8b                           
-------------------------------------------|-------------------------------------------
sar12b (1)                                 |sar12b (1)                                 
cmp (1)                                    |cmp (1)                                    
diff_bsw (1)                               |diff_bsw (1)                               
buf_1 (4)                                  |buf_1 (4)                                  
buf_32 (4)                                 |buf_32 (4)                                 
cap8b (2)                                  |cap8b (2)                                  
buf_8 (12)                                 |buf_8 (12)                                 
buf_16 (8)                                 |buf_16 (8)                                 
buf_4 (8)                                  |buf_4 (8)                                  
buf_2 (8)                                  |buf_2 (8)                                  
Number of devices: 49                      |Number of devices: 49                      
Number of nets: 104 **Mismatch**           |Number of nets: 105 **Mismatch**           
---------------------------------------------------------------------------------------
NET mismatches: Class fragments follow (with fanout counts):
Circuit 1: adc8b                           |Circuit 2: adc8b                           

---------------------------------------------------------------------------------------
Net: cmp_0/vin                             |Net: side_cap8b:7/l_sw[9]                  
  cmp/vin = 1                              |  buf_2/z = 1                              
  diff_bsw/vcn = 1                         |  cap8b/l_sw[9] = 1                        
                                           |                                           
Net: side_cap8b_1/vc                       |Net: side_cap8b:8/l_sw[9]                  
  cap8b/vc = 1                             |  buf_2/z = 1                              
                                           |  cap8b/l_sw[9] = 1                        
                                           |                                           
Net: /side_cap8b_0/buf_2_3/z               |Net: side_cap8b:7/h_sw[9]                  
  cap8b/l_sw[9] = 1                        |  buf_2/z = 1                              
  buf_2/z = 2                              |                                           
                                           |                                           
Net: /side_cap8b_1/buf_2_3/z               |Net: side_cap8b:8/h_sw[9]                  
  cap8b/l_sw[9] = 1                        |  buf_2/z = 1                              
  buf_2/z = 2                              |                                           
                                           |                                           
(no matching net)                          |Net: vcn                                   
                                           |  cap8b/vc = 1                             
                                           |  diff_bsw/vcn = 1                         
                                           |  cmp/vin = 1                              
---------------------------------------------------------------------------------------

---------------------------------------------------------------------------------------
Net: /side_cap8b_1/buf_16_1/z              |Net: side_cap8b:8/h_sw[2]                  
  cap8b/h_sw[2] = 1                        |  buf_16/z = 1                             
  buf_16/z = 1                             |  cap8b/h_sw[2] = 1                        
                                           |                                           
Net: /side_cap8b_0/buf_16_1/z              |Net: side_cap8b:7/h_sw[2]                  
  cap8b/h_sw[2] = 1                        |  buf_16/z = 1                             
  buf_16/z = 1                             |  cap8b/h_sw[2] = 1                        
---------------------------------------------------------------------------------------

---------------------------------------------------------------------------------------
Net: /side_cap8b_1/buf_16_2/z              |Net: side_cap8b:8/h_sw[1]                  
  cap8b/h_sw[1] = 1                        |  buf_16/z = 1                             
  buf_16/z = 1                             |  cap8b/h_sw[1] = 1                        
                                           |                                           
Net: /side_cap8b_0/buf_16_2/z              |Net: side_cap8b:7/h_sw[1]                  
  cap8b/h_sw[1] = 1                        |  buf_16/z = 1                             
  buf_16/z = 1                             |  cap8b/h_sw[1] = 1                        
---------------------------------------------------------------------------------------

---------------------------------------------------------------------------------------
Net: /side_cap8b_1/buf_16_3/z              |Net: side_cap8b:8/l_sw[1]                  
  cap8b/l_sw[1] = 1                        |  buf_16/z = 1                             
  buf_16/z = 1                             |  cap8b/l_sw[1] = 1                        
                                           |                                           
Net: /side_cap8b_0/buf_16_3/z              |Net: side_cap8b:7/l_sw[1]                  
  cap8b/l_sw[1] = 1                        |  buf_16/z = 1                             
  buf_16/z = 1                             |  cap8b/l_sw[1] = 1                        
---------------------------------------------------------------------------------------

---------------------------------------------------------------------------------------
Net: /side_cap8b_1/buf_16_0/z              |Net: side_cap8b:8/l_sw[2]                  
  cap8b/l_sw[2] = 1                        |  buf_16/z = 1                             
  buf_16/z = 1                             |  cap8b/l_sw[2] = 1                        
                                           |                                           
Net: /side_cap8b_0/buf_16_0/z              |Net: side_cap8b:7/l_sw[2]                  
  cap8b/l_sw[2] = 1                        |  buf_16/z = 1                             
  buf_16/z = 1                             |  cap8b/l_sw[2] = 1                        
---------------------------------------------------------------------------------------

---------------------------------------------------------------------------------------
Net: /side_cap8b_1/buf_32_1/z              |Net: side_cap8b:8/l_sw[0]                  
  buf_32/z = 1                             |  buf_32/z = 1                             
  cap8b/l_sw[0] = 1                        |  cap8b/l_sw[0] = 1                        
                                           |                                           
Net: /side_cap8b_0/buf_32_1/z              |Net: side_cap8b:7/l_sw[0]                  
  buf_32/z = 1                             |  buf_32/z = 1                             
  cap8b/l_sw[0] = 1                        |  cap8b/l_sw[0] = 1                        
---------------------------------------------------------------------------------------

---------------------------------------------------------------------------------------
Net: /side_cap8b_1/buf_32_0/z              |Net: side_cap8b:8/h_sw[0]                  
  buf_32/z = 1                             |  buf_32/z = 1                             
  cap8b/h_sw[0] = 1                        |  cap8b/h_sw[0] = 1                        
                                           |                                           
Net: /side_cap8b_0/buf_32_0/z              |Net: side_cap8b:7/h_sw[0]                  
  buf_32/z = 1                             |  buf_32/z = 1                             
  cap8b/h_sw[0] = 1                        |  cap8b/h_sw[0] = 1                        
---------------------------------------------------------------------------------------

---------------------------------------------------------------------------------------
Net: sar12b_0/pl_sw[2]                     |Net: pl_sw[2]                              
  sar12b/pl_sw[2] = 1                      |  sar12b[[0]]/pl_sw[2] = 1                 
  buf_16/x = 1                             |  buf_16/x = 1                             
---------------------------------------------------------------------------------------

---------------------------------------------------------------------------------------
Net: sar12b_0/pl_sw[1]                     |Net: pl_sw[1]                              
  sar12b/pl_sw[1] = 1                      |  sar12b[[0]]/pl_sw[1] = 1                 
  buf_16/x = 1                             |  buf_16/x = 1                             
---------------------------------------------------------------------------------------

---------------------------------------------------------------------------------------
Net: sar12b_0/pl_sw[0]                     |Net: pl_sw[0]                              
  sar12b/pl_sw[0] = 1                      |  sar12b[[0]]/pl_sw[0] = 1                 
  buf_32/x = 1                             |  buf_32/x = 1                             
---------------------------------------------------------------------------------------

---------------------------------------------------------------------------------------
Net: sar12b_0/ph_sw[2]                     |Net: ph_sw[2]                              
  sar12b/ph_sw[2] = 1                      |  sar12b[[0]]/ph_sw[2] = 1                 
  buf_16/x = 1                             |  buf_16/x = 1                             
---------------------------------------------------------------------------------------

---------------------------------------------------------------------------------------
Net: sar12b_0/ph_sw[1]                     |Net: ph_sw[1]                              
  sar12b/ph_sw[1] = 1                      |  sar12b[[0]]/ph_sw[1] = 1                 
  buf_16/x = 1                             |  buf_16/x = 1                             
---------------------------------------------------------------------------------------

---------------------------------------------------------------------------------------
Net: sar12b_0/ph_sw[0]                     |Net: ph_sw[0]                              
  sar12b/ph_sw[0] = 1                      |  sar12b[[0]]/ph_sw[0] = 1                 
  buf_32/x = 1                             |  buf_32/x = 1                             
---------------------------------------------------------------------------------------

---------------------------------------------------------------------------------------
Net: sar12b_0/nl_sw[2]                     |Net: nl_sw[2]                              
  sar12b/nl_sw[2] = 1                      |  sar12b[[0]]/nl_sw[2] = 1                 
  buf_16/x = 1                             |  buf_16/x = 1                             
---------------------------------------------------------------------------------------

---------------------------------------------------------------------------------------
Net: sar12b_0/nl_sw[1]                     |Net: nl_sw[1]                              
  sar12b/nl_sw[1] = 1                      |  sar12b[[0]]/nl_sw[1] = 1                 
  buf_16/x = 1                             |  buf_16/x = 1                             
---------------------------------------------------------------------------------------

---------------------------------------------------------------------------------------
Net: sar12b_0/nl_sw[0]                     |Net: nl_sw[0]                              
  sar12b/nl_sw[0] = 1                      |  sar12b[[0]]/nl_sw[0] = 1                 
  buf_32/x = 1                             |  buf_32/x = 1                             
---------------------------------------------------------------------------------------

---------------------------------------------------------------------------------------
Net: sar12b_0/nh_sw[2]                     |Net: nh_sw[2]                              
  sar12b/nh_sw[2] = 1                      |  sar12b[[0]]/nh_sw[2] = 1                 
  buf_16/x = 1                             |  buf_16/x = 1                             
---------------------------------------------------------------------------------------

---------------------------------------------------------------------------------------
Net: sar12b_0/nh_sw[1]                     |Net: nh_sw[1]                              
  sar12b/nh_sw[1] = 1                      |  sar12b[[0]]/nh_sw[1] = 1                 
  buf_16/x = 1                             |  buf_16/x = 1                             
---------------------------------------------------------------------------------------

---------------------------------------------------------------------------------------
Net: sar12b_0/nh_sw[0]                     |Net: nh_sw[0]                              
  sar12b/nh_sw[0] = 1                      |  sar12b[[0]]/nh_sw[0] = 1                 
  buf_32/x = 1                             |  buf_32/x = 1                             
---------------------------------------------------------------------------------------

---------------------------------------------------------------------------------------
Net: vddr                                  |Net: vddr                                  
  buf_1/vdd = 4                            |  buf_1/vdd = 4                            
  buf_32/vdd = 4                           |  buf_32/vdd = 4                           
  cap8b/vdd = 2                            |  cap8b/vdd = 2                            
  buf_8/vdd = 12                           |  buf_8/vdd = 12                           
  buf_16/vdd = 8                           |  buf_16/vdd = 8                           
  buf_4/vdd = 8                            |  buf_4/vdd = 8                            
  buf_2/vdd = 8                            |  buf_2/vdd = 8                            
---------------------------------------------------------------------------------------

---------------------------------------------------------------------------------------
Net: vss                                   |Net: vss                                   
  sar12b/sub = 1                           |  sar12b[[0]]/VSS = 1                      
  cmp/vss = 1                              |  cmp/vss = 1                              
  diff_bsw/vss = 1                         |  diff_bsw/vss = 1                         
  buf_1/vss = 4                            |  buf_1/vss = 4                            
  buf_32/vss = 4                           |  buf_32/vss = 4                           
  cap8b/vss = 2                            |  cap8b/vss = 2                            
  buf_8/vss = 12                           |  buf_8/vss = 12                           
  buf_16/vss = 8                           |  buf_16/vss = 8                           
  buf_4/vss = 8                            |  buf_4/vss = 8                            
  buf_2/vss = 8                            |  buf_2/vss = 8                            
---------------------------------------------------------------------------------------
DEVICE mismatches: Class fragments follow (with node fanout counts):
Circuit 1: adc8b                           |Circuit 2: adc8b                           

---------------------------------------------------------------------------------------
Instance: side_cap8b_0//buf_16_0           |Instance: side_cap8b:7/buf_16:1[1]         
  x = 2                                    |  x = 2                                    
  vss = 49                                 |  vss = 49                                 
  z = 2                                    |  z = 2                                    
  vdd = 46                                 |  vdd = 46                                 
                                           |                                           
Instance: side_cap8b_0//buf_16_1           |Instance: side_cap8b:7/buf_16:1[2]         
  x = 2                                    |  x = 2                                    
  vss = 49                                 |  vss = 49                                 
  z = 2                                    |  z = 2                                    
  vdd = 46                                 |  vdd = 46                                 
                                           |                                           
Instance: side_cap8b_0//buf_16_2           |Instance: side_cap8b:7/buf_16:4[1]         
  x = 2                                    |  x = 2                                    
  vss = 49                                 |  vss = 49                                 
  z = 2                                    |  z = 2                                    
  vdd = 46                                 |  vdd = 46                                 
                                           |                                           
Instance: side_cap8b_0//buf_16_3           |Instance: side_cap8b:7/buf_16:4[2]         
  x = 2                                    |  x = 2                                    
  vss = 49                                 |  vss = 49                                 
  z = 2                                    |  z = 2                                    
  vdd = 46                                 |  vdd = 46                                 
                                           |                                           
Instance: side_cap8b_1//buf_16_0           |Instance: side_cap8b:8/buf_16:1[1]         
  x = 2                                    |  x = 2                                    
  vss = 49                                 |  vss = 49                                 
  z = 2                                    |  z = 2                                    
  vdd = 46                                 |  vdd = 46                                 
                                           |                                           
Instance: side_cap8b_1//buf_16_1           |Instance: side_cap8b:8/buf_16:1[2]         
  x = 2                                    |  x = 2                                    
  vss = 49                                 |  vss = 49                                 
  z = 2                                    |  z = 2                                    
  vdd = 46                                 |  vdd = 46                                 
                                           |                                           
Instance: side_cap8b_1//buf_16_2           |Instance: side_cap8b:8/buf_16:4[1]         
  x = 2                                    |  x = 2                                    
  vss = 49                                 |  vss = 49                                 
  z = 2                                    |  z = 2                                    
  vdd = 46                                 |  vdd = 46                                 
                                           |                                           
Instance: side_cap8b_1//buf_16_3           |Instance: side_cap8b:8/buf_16:4[2]         
  x = 2                                    |  x = 2                                    
  vss = 49                                 |  vss = 49                                 
  z = 2                                    |  z = 2                                    
  vdd = 46                                 |  vdd = 46                                 
---------------------------------------------------------------------------------------

---------------------------------------------------------------------------------------
Instance: side_cap8b_0//buf_32_0           |Instance: side_cap8b:7/buf_32:4            
  x = 2                                    |  x = 2                                    
  z = 2                                    |  z = 2                                    
  vss = 49                                 |  vss = 49                                 
  vdd = 46                                 |  vdd = 46                                 
                                           |                                           
Instance: side_cap8b_0//buf_32_1           |Instance: side_cap8b:7/buf_32:5            
  x = 2                                    |  x = 2                                    
  z = 2                                    |  z = 2                                    
  vss = 49                                 |  vss = 49                                 
  vdd = 46                                 |  vdd = 46                                 
                                           |                                           
Instance: side_cap8b_1//buf_32_0           |Instance: side_cap8b:8/buf_32:4            
  x = 2                                    |  x = 2                                    
  z = 2                                    |  z = 2                                    
  vss = 49                                 |  vss = 49                                 
  vdd = 46                                 |  vdd = 46                                 
                                           |                                           
Instance: side_cap8b_1//buf_32_1           |Instance: side_cap8b:8/buf_32:5            
  x = 2                                    |  x = 2                                    
  z = 2                                    |  z = 2                                    
  vss = 49                                 |  vss = 49                                 
  vdd = 46                                 |  vdd = 46                                 
---------------------------------------------------------------------------------------
Netlists do not match.
Port matching may fail to disambiguate symmetries.

Subcircuit pins:
Circuit 1: adc8b                           |Circuit 2: adc8b                           
-------------------------------------------|-------------------------------------------
vdd                                        |vdd                                        
vip                                        |vip                                        
vin                                        |vin                                        
frame                                      |frame                                      
dout[2]                                    |dout[2]                                    
dout[1]                                    |dout[1]                                    
dout[0]                                    |dout[0]                                    
cko                                        |cko                                        
cks                                        |cks                                        
vddr                                       |vddr                                       
vss                                        |vss                                        
---------------------------------------------------------------------------------------
Cell pin lists are equivalent.
Device classes adc8b and adc8b are equivalent.

Final result: Netlists do not match.
Port matching may fail to disambiguate symmetries.
