
Magic 8.3 revision 664 - Compiled on Mon Jun 15 08:31:32 AM CEST 2026.
Starting magic under Tcl interpreter
Using the terminal as the console.
WARNING: RLIMIT_NOFILE is above 1024 and Tcl_Version<9 this may cause runtime issues [rlim_cur=524288]
Using NULL graphics device.
Processing system .magicrc file
Switching to WIRING tool.
Switching to NETLIST tool.
Switching to PICK tool.
Switching to BOX tool.
Sourcing design .magicrc for technology ihp-sg13cmos5l ...
2 Magic internal units = 1 Lambda
Input style sg13cmos5l(): scaleFactor=2, multiplier=2
The following types are not handled by extraction and will be treated as non-electrical types:
    pblock pbase sealcont difffill sealvia1 sealvia2 sealvia3 sealvia4 seal glass thruvia inductor 
Scaled tech values by 2 / 1 to match internal grid scaling
Loading ihp-sg13cmos5l Device Generator Menu ...
Using technology "ihp-sg13cmos5l", version 1.0.0
Warning: Calma reading is not undoable!  I hope that's OK.
Library written using GDS-II Release 6.0
Library name: LIB
Reading "$$$CONTEXT_INFO$$$".
Reading "via_stack$17".
Reading "via_stack$1$1".
Reading "nmos$11".
Reading "nmos$10".
Reading "Via$6".
Reading "nmos$9".
Reading "nmos$8".
Reading "nmos$7".
Reading "via_stack$8".
Reading "via_stack$7".
Reading "via_stack$6".
Reading "via_stack$5".
Reading "via_stack$4".
Reading "via_stack$3".
Reading "pmos$6".
Reading "nmos$6".
Reading "cap_mfringe$1".
Reading "cap_mfringe".
Reading "pmos$5".
Reading "nmos$5".
Reading "Via$5".
Reading "Via$4".
Reading "pmos$4".
Reading "nmos$4".
Reading "pmos$3".
Reading "nmos$3".
Reading "Via$3".
Reading "Via$2".
Reading "pmos$2".
Reading "nmos$2".
Reading "nmos$1".
Reading "pmos$1".
Reading "pmos".
Reading "nmos".
Reading "Via$1".
Reading "Via".
Reading "via_stack$2".
Reading "via_stack$1".
Reading "via_stack".
Reading "sg13cmos5l_decap_4$1".
Reading "sg13cmos5l_inv_1$1".
Reading "cap_unit".
Reading "via_stack$12".
Reading "nmos$13".
Reading "Via$8".
Reading "pmos$8".
Reading "via_stack$11".
Reading "Via$7".
Reading "nmos$12".
Reading "ntap1".
Reading "ptap1".
Moving label "sub!" from space to ptapdiff in cell ptap1.
Reading "pmos$7".
Reading "via_stack$10".
Reading "via_stack$9".
Reading "single_bsw".
CIF file read warning: CIF style sg13cmos5l(): units rescaled by factor of 5 / 1
CIF file read warning: Input off lambda grid by 4/5; snapped to grid.
Reading "sg13cmos5l_dlygate4sd3_1$1".
Reading "sg13cmos5l_or2_1$1".
Reading "sg13cmos5l_dlygate4sd2_1".
Reading "VIA_via4_5_1000_2000_1_1_840_840".
Reading "sg13cmos5l_nand2_1".
Reading "sg13cmos5l_nor2_1".
Reading "sg13cmos5l_inv_8".
Reading "sg13cmos5l_decap_4".
Reading "sg13cmos5l_decap_8".
Reading "VIA_via2_3_1000_440_1_2_410_410".
Reading "VIA_via3_4_1000_440_1_2_410_410".
Reading "sg13cmos5l_buf_8".
Reading "VIA_via1_2_1000_440_1_2_410_410".
Reading "VIA_Via3_XY".
Reading "VIA_Via1_YY".
Reading "VIA_Via1_XY".
Reading "VIA_Via2_YX".
Reading "sg13cmos5l_tiehi".
Reading "sg13cmos5l_dlhr_1".
Reading "sg13cmos5l_dfrbp_1".
Reading "sg13cmos5l_dlygate4sd3_1".
Reading "sg13cmos5l_inv_1".
Reading "sg13cmos5l_buf_1".
Reading "sg13cmos5l_fill_1".
Reading "sg13cmos5l_fill_2".
Reading "buf_4".
Reading "buf_1".
Reading "buf_2".
Reading "buf_8".
Reading "buf_32".
Reading "buf_16".
Reading "cap8b".
Reading "sg13cmos5l_nor2b_1".
Reading "sg13cmos5l_nand2b_1".
Reading "sg13cmos5l_and3_1".
Reading "sg13cmos5l_a21oi_1".
Reading "sg13cmos5l_a221oi_1".
Reading "sg13cmos5l_xnor2_1".
Reading "sg13cmos5l_or2_1".
Reading "sg13cmos5l_a22oi_1".
Reading "sg13cmos5l_o21ai_1".
Reading "via_stack$16".
Reading "via_stack$15".
Reading "via_stack$14".
Reading "via_stack$13".
Reading "sg13cmos5l_Clamp_N43N43D4R$1".
Reading "sg13cmos5l_RCClampInverter$1".
Reading "sg13cmos5l_RCClampResistor$1".
Reading "diff_bsw".
Reading "cmp".
Error while reading cell "cmp" (byte position 1313078): Warning: cell "via_stack$11" placed on top of itself.  Ignoring the extra one.
Error while reading cell "cmp" (byte position 1313114): Warning: cell "via_stack$11" placed on top of itself.  Ignoring the extra one.
Error while reading cell "cmp" (byte position 1313150): Warning: cell "via_stack$11" placed on top of itself.  Ignoring the extra one.
Error while reading cell "cmp" (byte position 1313490): Warning: cell "via_stack$11" placed on top of itself.  Ignoring the extra one.
Reading "sar12b".
Reading "side_cap8b".
Reading "sg13cmos5l_DCPDiode".
Reading "sg13cmos5l_DCNDiode".
Reading "sg13cmos5l_Clamp_P20N0D".
Reading "sg13cmos5l_Clamp_N20N0D".
Reading "sg13cmos5l_SecondaryProtection".
Reading "sg13cmos5l_io_nand2_x1".
Reading "sg13cmos5l_io_inv_x1".
Reading "sg13cmos5l_io_tie".
Reading "sg13cmos5l_io_nor2_x1".
Reading "sg13cmos5l_LevelUp".
Reading "sg13cmos5l_LevelUpInv".
Reading "TM1_FILL_CELL".
Reading "Met4_S_FILL_CELL".
Reading "Met4_M_FILL_CELL".
Reading "Met3_S_FILL_CELL".
Reading "Met3_M_FILL_CELL".
Reading "Met2_S_FILL_CELL".
Reading "Met2_M_FILL_CELL".
Reading "Met1_S_FILL_CELL".
Reading "Met1_M_FILL_CELL".
Reading "GatP_FILL_CELL".
Reading "Act_FILL_CELL".
Reading "bondpad$11".
Reading "bondpad$10".
Reading "bondpad$9".
Reading "bondpad$8".
Reading "bondpad$7".
Reading "bondpad$6".
Reading "bondpad$5".
Reading "bondpad$4".
Reading "bondpad$3".
Reading "bondpad$2".
Reading "bondpad$1".
Reading "via_stack$26".
Reading "via_stack$24".
Reading "via_stack$25".
Reading "bondpad".
Reading "sealring$2".
Reading "via_stack$22".
Reading "via_stack$20".
Reading "sg13cmos5l_IOPadVdd$1".
Reading "adc8b".
Reading "sg13cmos5l_IOPadAnalog".
Reading "sg13cmos5l_Corner".
Reading "sg13cmos5l_IOPadVss".
Reading "sg13cmos5l_LevelDown".
Reading "sg13cmos5l_GateDecode".
Reading "sg13cmos5l_Clamp_P2N2D".
Reading "sg13cmos5l_Clamp_N2N2D".
Reading "sg13cmos5l_Clamp_P8N8D".
Reading "sg13cmos5l_Clamp_N8N8D".
Reading "sg13cmos5l_GateLevelUpInv".
Reading "sg13cmos5l_Clamp_P15N15D".
Reading "sg13cmos5l_Clamp_N15N15D".
Reading "sg13cmos5l_RCClampResistor".
Reading "sg13cmos5l_RCClampInverter".
Reading "sg13cmos5l_Clamp_N43N43D4R".
Reading "via_stack$1$2".
Reading "MSPHY9932".
Reading "sg13cmos5l_IOPadIOVss".
Reading "sg13cmos5l_IOPadIn".
Reading "sg13cmos5l_Filler10000".
Reading "sg13cmos5l_IOPadInOut4mA".
Reading "sg13cmos5l_IOPadInOut16mA".
Reading "sg13cmos5l_IOPadOut4mA".
Reading "sg13cmos5l_IOPadOut16mA".
Reading "sg13cmos5l_IOPadTriOut4mA".
Reading "sg13cmos5l_IOPadInOut30mA".
Reading "sg13cmos5l_IOPadOut30mA".
Reading "sg13cmos5l_IOPadTriOut16mA".
Reading "sg13cmos5l_IOPadTriOut30mA".
Reading "sg13cmos5l_Filler200".
Reading "sg13cmos5l_Filler400".
Reading "sg13cmos5l_Filler1000".
Reading "sg13cmos5l_Filler2000".
Reading "sg13cmos5l_Filler4000".
Reading "sg13cmos5l_IOPadIOVdd".
Reading "sg13cmos5l_IOPadVdd".
Reading "sealring".
Extracting MSPHY9932_flat into MSPHY9932_flat.ext:
Processing MSPHY9932_flat
MSPHY9932_flat: 98 warnings
Total of 98 warnings.
exttospice finished.
