Netgen 1.5.321 compiled on Mon Jun 22 11:31:27 AM CEST 2026
Warning: netgen command 'format' use fully-qualified name '::netgen::format'
Warning: netgen command 'global' use fully-qualified name '::netgen::global'
Reading netlist file /tmp/iic_lvs_msp/MSPHY9932.ext.spc for /tmp/iic_lvs_msp/MSPHY9932.ext.spc MSPHY9932
Call to undefined subcircuit dpantenna
Creating placeholder cell definition.
Call to undefined subcircuit rppd
Creating placeholder cell definition.
Call to undefined subcircuit dantenna
Creating placeholder cell definition.
Call to undefined subcircuit sg13_hv_pmos
Creating placeholder cell definition.
Call to undefined subcircuit sg13_hv_nmos
Creating placeholder cell definition.
Reading netlist file /tmp/MSPHY9932_sch_fixed.spice for /tmp/MSPHY9932_sch_fixed.spice MSPHY9932
Call to undefined subcircuit top_i2s_asic
Creating placeholder cell definition.
Call to undefined subcircuit adc8b
Creating placeholder cell definition.
Call to undefined subcircuit sg13cmos5l_fill_1
Creating placeholder cell definition.
Call to undefined subcircuit sg13cmos5l_inv_1
Creating placeholder cell definition.
Call to undefined subcircuit sg13cmos5l_decap_4
Creating placeholder cell definition.
Call to undefined subcircuit sg13cmos5l_a21oi_1
Creating placeholder cell definition.
Call to undefined subcircuit sg13cmos5l_nor2_1
Creating placeholder cell definition.
Call to undefined subcircuit sg13cmos5l_nand2_1
Creating placeholder cell definition.
Call to undefined subcircuit sg13cmos5l_dfrbpq_1
Creating placeholder cell definition.
Call to undefined subcircuit sg13cmos5l_o21ai_1
Creating placeholder cell definition.
Call to undefined subcircuit sg13cmos5l_nand3_1
Creating placeholder cell definition.
Call to undefined subcircuit sg13cmos5l_nor2b_1
Creating placeholder cell definition.
Call to undefined subcircuit sg13cmos5l_and2_1
Creating placeholder cell definition.
Call to undefined subcircuit sg13cmos5l_fill_2
Creating placeholder cell definition.
Call to undefined subcircuit sg13cmos5l_and3_1
Creating placeholder cell definition.
Call to undefined subcircuit sg13cmos5l_a21o_1
Creating placeholder cell definition.
Call to undefined subcircuit sg13cmos5l_xnor2_1
Creating placeholder cell definition.
Call to undefined subcircuit sg13cmos5l_or3_1
Creating placeholder cell definition.
Call to undefined subcircuit sg13cmos5l_buf_1
Creating placeholder cell definition.
Call to undefined subcircuit sg13cmos5l_nand2b_1
Creating placeholder cell definition.
Call to undefined subcircuit sg13cmos5l_nor3_1
Creating placeholder cell definition.
Call to undefined subcircuit sg13cmos5l_xor2_1
Creating placeholder cell definition.
Call to undefined subcircuit sg13cmos5l_tiehi
Creating placeholder cell definition.
Call to undefined subcircuit sg13cmos5l_or2_1
Creating placeholder cell definition.
Call to undefined subcircuit sg13cmos5l_decap_8
Creating placeholder cell definition.
Call to undefined subcircuit sg13cmos5l_antennanp
Creating placeholder cell definition.
Call to undefined subcircuit sg13cmos5l_mux2_1
Creating placeholder cell definition.
Call to undefined subcircuit sg13cmos5l_a22oi_1
Creating placeholder cell definition.
Call to undefined subcircuit sg13cmos5l_buf_8
Creating placeholder cell definition.
Call to undefined subcircuit sg13cmos5l_nor4_1
Creating placeholder cell definition.
Call to undefined subcircuit sg13cmos5l_a221oi_1
Creating placeholder cell definition.
Call to undefined subcircuit sg13cmos5l_inv_2
Creating placeholder cell definition.
Call to undefined subcircuit sg13cmos5l_nand3b_1
Creating placeholder cell definition.
Call to undefined subcircuit sg13cmos5l_inv_4
Creating placeholder cell definition.
Call to undefined subcircuit sg13cmos5l_nand4_1
Creating placeholder cell definition.
Call to undefined subcircuit sg13cmos5l_inv_8
Creating placeholder cell definition.
Call to undefined subcircuit sg13cmos5l_and4_1
Creating placeholder cell definition.
Call to undefined subcircuit sg13cmos5l_or4_1
Creating placeholder cell definition.
Call to undefined subcircuit sg13cmos5l_mux4_1
Creating placeholder cell definition.
Call to undefined subcircuit side_cap8b
Creating placeholder cell definition.
Call to undefined subcircuit sar12b
Creating placeholder cell definition.
Call to undefined subcircuit diff_bsw
Creating placeholder cell definition.
Call to undefined subcircuit cmp
Creating placeholder cell definition.
Call to undefined subcircuit buf_1
Creating placeholder cell definition.
Call to undefined subcircuit buf_2
Creating placeholder cell definition.
Call to undefined subcircuit buf_4
Creating placeholder cell definition.
Call to undefined subcircuit buf_8
Creating placeholder cell definition.
Call to undefined subcircuit buf_16
Creating placeholder cell definition.
Call to undefined subcircuit buf_32
Creating placeholder cell definition.
Call to undefined subcircuit cap8b
Creating placeholder cell definition.
Call to undefined subcircuit sg13cmos5l_dfrbp_1
Creating placeholder cell definition.
Call to undefined subcircuit sg13cmos5l_dlhr_1
Creating placeholder cell definition.
Call to undefined subcircuit sg13cmos5l_dlygate4sd2_1
Creating placeholder cell definition.
Call to undefined subcircuit sg13cmos5l_dlygate4sd3_1
Creating placeholder cell definition.
Call to undefined subcircuit single_bsw
Creating placeholder cell definition.
Duplicate cell top_i2s_asic in file
Renaming original cell to top_i2s_asic[[0]]
Duplicate cell sar12b in file
Renaming original cell to sar12b[[0]]
Call to undefined subcircuit dantenna
Creating placeholder cell definition.
Call to undefined subcircuit dpantenna
Creating placeholder cell definition.

Reading setup file /foss/pdks/ihp-sg13cmos5l/libs.tech/netgen/ihp-sg13cmos5l_setup.tcl

Model rppd pin 1 == 2
No property b found for device rppd
Model sg13_hv_nmos pin 1 == 3
No property ng found for device sg13_hv_nmos
No property trise found for device sg13_hv_nmos
No property z1 found for device sg13_hv_nmos
No property z2 found for device sg13_hv_nmos
No property wmin found for device sg13_hv_nmos
No property rfmode found for device sg13_hv_nmos
No property pre_layout found for device sg13_hv_nmos
Model sg13_hv_pmos pin 1 == 3
No property ng found for device sg13_hv_pmos
No property trise found for device sg13_hv_pmos
No property z1 found for device sg13_hv_pmos
No property z2 found for device sg13_hv_pmos
No property wmin found for device sg13_hv_pmos
No property rfmode found for device sg13_hv_pmos
No property pre_layout found for device sg13_hv_pmos
No such pin 1 in model sg13_lv_nmos
Unable to permute model sg13_lv_nmos pins 1, 3.
No property ng found for device sg13_lv_nmos
No property as found for device sg13_lv_nmos
No property ad found for device sg13_lv_nmos
No property pd found for device sg13_lv_nmos
No property ps found for device sg13_lv_nmos
No property trise found for device sg13_lv_nmos
No property z1 found for device sg13_lv_nmos
No property z2 found for device sg13_lv_nmos
No property wmin found for device sg13_lv_nmos
No property rfmode found for device sg13_lv_nmos
No property pre_layout found for device sg13_lv_nmos
No such pin 1 in model sg13_lv_nmos
Unable to permute model sg13_lv_nmos pins 1, 3.
No property as found for device sg13_lv_nmos
No property ad found for device sg13_lv_nmos
No property pd found for device sg13_lv_nmos
No property ps found for device sg13_lv_nmos
No property trise found for device sg13_lv_nmos
No property z1 found for device sg13_lv_nmos
No property z2 found for device sg13_lv_nmos
No property wmin found for device sg13_lv_nmos
No property rfmode found for device sg13_lv_nmos
No property pre_layout found for device sg13_lv_nmos
No such pin 1 in model sg13_lv_pmos
Unable to permute model sg13_lv_pmos pins 1, 3.
No property ng found for device sg13_lv_pmos
No property as found for device sg13_lv_pmos
No property ad found for device sg13_lv_pmos
No property pd found for device sg13_lv_pmos
No property ps found for device sg13_lv_pmos
No property trise found for device sg13_lv_pmos
No property z1 found for device sg13_lv_pmos
No property z2 found for device sg13_lv_pmos
No property wmin found for device sg13_lv_pmos
No property rfmode found for device sg13_lv_pmos
No property pre_layout found for device sg13_lv_pmos
No such pin 1 in model sg13_lv_pmos
Unable to permute model sg13_lv_pmos pins 1, 3.
No property as found for device sg13_lv_pmos
No property ad found for device sg13_lv_pmos
No property pd found for device sg13_lv_pmos
No property ps found for device sg13_lv_pmos
No property trise found for device sg13_lv_pmos
No property z1 found for device sg13_lv_pmos
No property z2 found for device sg13_lv_pmos
No property wmin found for device sg13_lv_pmos
No property rfmode found for device sg13_lv_pmos
No property pre_layout found for device sg13_lv_pmos
No property DEV_A found for device dantenna
No property DEV_P found for device dantenna
No property DEV_C found for device dantenna
No property DEV_A found for device dantenna
No property DEV_P found for device dantenna
No property DEV_C found for device dantenna
No property DEV_A found for device dpantenna
No property DEV_P found for device dpantenna
No property DEV_C found for device dpantenna
No property DEV_A found for device dpantenna
No property DEV_P found for device dpantenna
No property DEV_C found for device dpantenna
Comparison output logged to file /tmp/lvs_msp_full.out
Logging to file "/tmp/lvs_msp_full.out" enabled

Contents of circuit 1:  Circuit: 'sg13cmos5l_inv_1'
Circuit sg13cmos5l_inv_1 contains 2 device instances.
  Class: sg13_lv_pmos          instances:   1
  Class: sg13_lv_nmos          instances:   1
Circuit contains 4 nets.
Contents of circuit 2:  Circuit: 'sg13cmos5l_inv_1'
Circuit sg13cmos5l_inv_1 contains 2 device instances.
  Class: sg13_lv_pmos          instances:   1
  Class: sg13_lv_nmos          instances:   1
Circuit contains 4 nets.

Circuit 1 contains 2 devices, Circuit 2 contains 2 devices.
Circuit 1 contains 4 nets,    Circuit 2 contains 4 nets.


Contents of circuit 1:  Circuit: 'sg13cmos5l_decap_4'
Circuit sg13cmos5l_decap_4 contains 2 device instances.
  Class: sg13_lv_pmos          instances:   1
  Class: sg13_lv_nmos          instances:   1
Circuit contains 2 nets.
Contents of circuit 2:  Circuit: 'sg13cmos5l_decap_4'
Circuit sg13cmos5l_decap_4 contains 2 device instances.
  Class: sg13_lv_pmos          instances:   1
  Class: sg13_lv_nmos          instances:   1
Circuit contains 2 nets.

Circuit 1 contains 2 devices, Circuit 2 contains 2 devices.
Circuit 1 contains 2 nets,    Circuit 2 contains 2 nets.

Circuit dpantenna contains no devices.
Circuit dantenna contains no devices.

Contents of circuit 1:  Circuit: 'sg13cmos5l_or2_1'
Circuit sg13cmos5l_or2_1 contains 6 device instances.
  Class: sg13_lv_pmos          instances:   3
  Class: sg13_lv_nmos          instances:   3
Circuit contains 7 nets.
Contents of circuit 2:  Circuit: 'sg13cmos5l_or2_1'
Circuit sg13cmos5l_or2_1 contains 6 device instances.
  Class: sg13_lv_pmos          instances:   3
  Class: sg13_lv_nmos          instances:   3
Circuit contains 7 nets.

Circuit 1 contains 6 devices, Circuit 2 contains 6 devices.
Circuit 1 contains 7 nets,    Circuit 2 contains 7 nets.


Contents of circuit 1:  Circuit: 'sg13cmos5l_buf_1'
Circuit sg13cmos5l_buf_1 contains 4 device instances.
  Class: sg13_lv_pmos          instances:   2
  Class: sg13_lv_nmos          instances:   2
Circuit contains 5 nets.
Contents of circuit 2:  Circuit: 'sg13cmos5l_buf_1'
Circuit sg13cmos5l_buf_1 contains 4 device instances.
  Class: sg13_lv_pmos          instances:   2
  Class: sg13_lv_nmos          instances:   2
Circuit contains 5 nets.

Circuit 1 contains 4 devices, Circuit 2 contains 4 devices.
Circuit 1 contains 5 nets,    Circuit 2 contains 5 nets.


Contents of circuit 1:  Circuit: 'sg13cmos5l_dlhr_1'
Circuit sg13cmos5l_dlhr_1 contains 24 device instances.
  Class: sg13_lv_pmos          instances:  12
  Class: sg13_lv_nmos          instances:  12
Circuit contains 18 nets.
Contents of circuit 2:  Circuit: 'sg13cmos5l_dlhr_1'
Circuit sg13cmos5l_dlhr_1 contains 24 device instances.
  Class: sg13_lv_pmos          instances:  12
  Class: sg13_lv_nmos          instances:  12
Circuit contains 18 nets.

Circuit 1 contains 24 devices, Circuit 2 contains 24 devices.
Circuit 1 contains 18 nets,    Circuit 2 contains 18 nets.


Contents of circuit 1:  Circuit: 'sg13cmos5l_dlygate4sd2_1'
Circuit sg13cmos5l_dlygate4sd2_1 contains 8 device instances.
  Class: sg13_lv_pmos          instances:   4
  Class: sg13_lv_nmos          instances:   4
Circuit contains 7 nets.
Contents of circuit 2:  Circuit: 'sg13cmos5l_dlygate4sd2_1'
Circuit sg13cmos5l_dlygate4sd2_1 contains 8 device instances.
  Class: sg13_lv_pmos          instances:   4
  Class: sg13_lv_nmos          instances:   4
Circuit contains 7 nets.

Circuit 1 contains 8 devices, Circuit 2 contains 8 devices.
Circuit 1 contains 7 nets,    Circuit 2 contains 7 nets.


Contents of circuit 1:  Circuit: 'sg13cmos5l_xnor2_1'
Circuit sg13cmos5l_xnor2_1 contains 10 device instances.
  Class: sg13_lv_pmos          instances:   5
  Class: sg13_lv_nmos          instances:   5
Circuit contains 9 nets.
Contents of circuit 2:  Circuit: 'sg13cmos5l_xnor2_1'
Circuit sg13cmos5l_xnor2_1 contains 10 device instances.
  Class: sg13_lv_pmos          instances:   5
  Class: sg13_lv_nmos          instances:   5
Circuit contains 9 nets.

Circuit 1 contains 10 devices, Circuit 2 contains 10 devices.
Circuit 1 contains 9 nets,    Circuit 2 contains 9 nets.


Contents of circuit 1:  Circuit: 'sg13cmos5l_o21ai_1'
Circuit sg13cmos5l_o21ai_1 contains 6 device instances.
  Class: sg13_lv_pmos          instances:   3
  Class: sg13_lv_nmos          instances:   3
Circuit contains 8 nets.
Contents of circuit 2:  Circuit: 'sg13cmos5l_o21ai_1'
Circuit sg13cmos5l_o21ai_1 contains 6 device instances.
  Class: sg13_lv_pmos          instances:   3
  Class: sg13_lv_nmos          instances:   3
Circuit contains 8 nets.

Circuit 1 contains 6 devices, Circuit 2 contains 6 devices.
Circuit 1 contains 8 nets,    Circuit 2 contains 8 nets.


Contents of circuit 1:  Circuit: 'sg13cmos5l_dfrbp_1'
Circuit sg13cmos5l_dfrbp_1 contains 34 device instances.
  Class: sg13_lv_pmos          instances:  17
  Class: sg13_lv_nmos          instances:  17
Circuit contains 22 nets.
Contents of circuit 2:  Circuit: 'sg13cmos5l_dfrbp_1'
Circuit sg13cmos5l_dfrbp_1 contains 34 device instances.
  Class: sg13_lv_pmos          instances:  17
  Class: sg13_lv_nmos          instances:  17
Circuit contains 22 nets.

Circuit 1 contains 34 devices, Circuit 2 contains 34 devices.
Circuit 1 contains 22 nets,    Circuit 2 contains 22 nets.


Contents of circuit 1:  Circuit: 'sg13cmos5l_decap_8'
Circuit sg13cmos5l_decap_8 contains 4 device instances.
  Class: sg13_lv_pmos          instances:   2
  Class: sg13_lv_nmos          instances:   2
Circuit contains 2 nets.
Contents of circuit 2:  Circuit: 'sg13cmos5l_decap_8'
Circuit sg13cmos5l_decap_8 contains 2 device instances.
  Class: sg13_lv_pmos          instances:   1
  Class: sg13_lv_nmos          instances:   1
Circuit contains 2 nets.

Circuit was modified by parallel/series device merging.
New circuit summary:

Contents of circuit 1:  Circuit: 'sg13cmos5l_decap_8'
Circuit sg13cmos5l_decap_8 contains 2 device instances.
  Class: sg13_lv_pmos          instances:   1
  Class: sg13_lv_nmos          instances:   1
Circuit contains 2 nets.
Contents of circuit 2:  Circuit: 'sg13cmos5l_decap_8'
Circuit sg13cmos5l_decap_8 contains 2 device instances.
  Class: sg13_lv_pmos          instances:   1
  Class: sg13_lv_nmos          instances:   1
Circuit contains 2 nets.

Circuit 1 contains 2 devices, Circuit 2 contains 2 devices.
Circuit 1 contains 2 nets,    Circuit 2 contains 2 nets.


Contents of circuit 1:  Circuit: 'sg13cmos5l_and3_1'
Circuit sg13cmos5l_and3_1 contains 8 device instances.
  Class: sg13_lv_pmos          instances:   4
  Class: sg13_lv_nmos          instances:   4
Circuit contains 9 nets.
Contents of circuit 2:  Circuit: 'sg13cmos5l_and3_1'
Circuit sg13cmos5l_and3_1 contains 8 device instances.
  Class: sg13_lv_pmos          instances:   4
  Class: sg13_lv_nmos          instances:   4
Circuit contains 9 nets.

Circuit 1 contains 8 devices, Circuit 2 contains 8 devices.
Circuit 1 contains 9 nets,    Circuit 2 contains 9 nets.


Contents of circuit 1:  Circuit: 'sg13cmos5l_tiehi'
Circuit sg13cmos5l_tiehi contains 4 device instances.
  Class: sg13_lv_pmos          instances:   2
  Class: sg13_lv_nmos          instances:   2
Circuit contains 6 nets.
Contents of circuit 2:  Circuit: 'sg13cmos5l_tiehi'
Circuit sg13cmos5l_tiehi contains 4 device instances.
  Class: sg13_lv_pmos          instances:   2
  Class: sg13_lv_nmos          instances:   2
Circuit contains 6 nets.

Circuit 1 contains 4 devices, Circuit 2 contains 4 devices.
Circuit 1 contains 6 nets,    Circuit 2 contains 6 nets.


Contents of circuit 1:  Circuit: 'sg13cmos5l_a22oi_1'
Circuit sg13cmos5l_a22oi_1 contains 8 device instances.
  Class: sg13_lv_pmos          instances:   4
  Class: sg13_lv_nmos          instances:   4
Circuit contains 10 nets.
Contents of circuit 2:  Circuit: 'sg13cmos5l_a22oi_1'
Circuit sg13cmos5l_a22oi_1 contains 8 device instances.
  Class: sg13_lv_pmos          instances:   4
  Class: sg13_lv_nmos          instances:   4
Circuit contains 10 nets.

Circuit 1 contains 8 devices, Circuit 2 contains 8 devices.
Circuit 1 contains 10 nets,    Circuit 2 contains 10 nets.


Contents of circuit 1:  Circuit: 'sg13cmos5l_nand2b_1'
Circuit sg13cmos5l_nand2b_1 contains 6 device instances.
  Class: sg13_lv_pmos          instances:   3
  Class: sg13_lv_nmos          instances:   3
Circuit contains 7 nets.
Contents of circuit 2:  Circuit: 'sg13cmos5l_nand2b_1'
Circuit sg13cmos5l_nand2b_1 contains 6 device instances.
  Class: sg13_lv_pmos          instances:   3
  Class: sg13_lv_nmos          instances:   3
Circuit contains 7 nets.

Circuit 1 contains 6 devices, Circuit 2 contains 6 devices.
Circuit 1 contains 7 nets,    Circuit 2 contains 7 nets.


Contents of circuit 1:  Circuit: 'sg13cmos5l_a21oi_1'
Circuit sg13cmos5l_a21oi_1 contains 6 device instances.
  Class: sg13_lv_pmos          instances:   3
  Class: sg13_lv_nmos          instances:   3
Circuit contains 8 nets.
Contents of circuit 2:  Circuit: 'sg13cmos5l_a21oi_1'
Circuit sg13cmos5l_a21oi_1 contains 6 device instances.
  Class: sg13_lv_pmos          instances:   3
  Class: sg13_lv_nmos          instances:   3
Circuit contains 8 nets.

Circuit 1 contains 6 devices, Circuit 2 contains 6 devices.
Circuit 1 contains 8 nets,    Circuit 2 contains 8 nets.


Contents of circuit 1:  Circuit: 'sg13cmos5l_a221oi_1'
Circuit sg13cmos5l_a221oi_1 contains 10 device instances.
  Class: sg13_lv_pmos          instances:   5
  Class: sg13_lv_nmos          instances:   5
Circuit contains 12 nets.
Contents of circuit 2:  Circuit: 'sg13cmos5l_a221oi_1'
Circuit sg13cmos5l_a221oi_1 contains 10 device instances.
  Class: sg13_lv_pmos          instances:   5
  Class: sg13_lv_nmos          instances:   5
Circuit contains 12 nets.

Circuit 1 contains 10 devices, Circuit 2 contains 10 devices.
Circuit 1 contains 12 nets,    Circuit 2 contains 12 nets.


Contents of circuit 1:  Circuit: 'sg13cmos5l_nand2_1'
Circuit sg13cmos5l_nand2_1 contains 4 device instances.
  Class: sg13_lv_pmos          instances:   2
  Class: sg13_lv_nmos          instances:   2
Circuit contains 6 nets.
Contents of circuit 2:  Circuit: 'sg13cmos5l_nand2_1'
Circuit sg13cmos5l_nand2_1 contains 4 device instances.
  Class: sg13_lv_pmos          instances:   2
  Class: sg13_lv_nmos          instances:   2
Circuit contains 6 nets.

Circuit 1 contains 4 devices, Circuit 2 contains 4 devices.
Circuit 1 contains 6 nets,    Circuit 2 contains 6 nets.


Contents of circuit 1:  Circuit: 'sg13cmos5l_nor2_1'
Circuit sg13cmos5l_nor2_1 contains 4 device instances.
  Class: sg13_lv_pmos          instances:   2
  Class: sg13_lv_nmos          instances:   2
Circuit contains 6 nets.
Contents of circuit 2:  Circuit: 'sg13cmos5l_nor2_1'
Circuit sg13cmos5l_nor2_1 contains 4 device instances.
  Class: sg13_lv_pmos          instances:   2
  Class: sg13_lv_nmos          instances:   2
Circuit contains 6 nets.

Circuit 1 contains 4 devices, Circuit 2 contains 4 devices.
Circuit 1 contains 6 nets,    Circuit 2 contains 6 nets.


Contents of circuit 1:  Circuit: 'sg13cmos5l_buf_8'
Circuit sg13cmos5l_buf_8 contains 21 device instances.
  Class: sg13_lv_pmos          instances:  11
  Class: sg13_lv_nmos          instances:  10
Circuit contains 5 nets.
Contents of circuit 2:  Circuit: 'sg13cmos5l_buf_8'
Circuit sg13cmos5l_buf_8 contains 4 device instances.
  Class: sg13_lv_pmos          instances:   2
  Class: sg13_lv_nmos          instances:   2
Circuit contains 5 nets.

Circuit was modified by parallel/series device merging.
New circuit summary:

Contents of circuit 1:  Circuit: 'sg13cmos5l_buf_8'
Circuit sg13cmos5l_buf_8 contains 4 device instances.
  Class: sg13_lv_pmos          instances:   2
  Class: sg13_lv_nmos          instances:   2
Circuit contains 5 nets.
Contents of circuit 2:  Circuit: 'sg13cmos5l_buf_8'
Circuit sg13cmos5l_buf_8 contains 4 device instances.
  Class: sg13_lv_pmos          instances:   2
  Class: sg13_lv_nmos          instances:   2
Circuit contains 5 nets.

Circuit 1 contains 4 devices, Circuit 2 contains 4 devices.
Circuit 1 contains 5 nets,    Circuit 2 contains 5 nets.


Contents of circuit 1:  Circuit: 'sg13cmos5l_nor2b_1'
Circuit sg13cmos5l_nor2b_1 contains 6 device instances.
  Class: sg13_lv_pmos          instances:   3
  Class: sg13_lv_nmos          instances:   3
Circuit contains 7 nets.
Contents of circuit 2:  Circuit: 'sg13cmos5l_nor2b_1'
Circuit sg13cmos5l_nor2b_1 contains 6 device instances.
  Class: sg13_lv_pmos          instances:   3
  Class: sg13_lv_nmos          instances:   3
Circuit contains 7 nets.

Circuit 1 contains 6 devices, Circuit 2 contains 6 devices.
Circuit 1 contains 7 nets,    Circuit 2 contains 7 nets.


Contents of circuit 1:  Circuit: 'sg13cmos5l_dlygate4sd3_1'
Circuit sg13cmos5l_dlygate4sd3_1 contains 8 device instances.
  Class: sg13_lv_pmos          instances:   4
  Class: sg13_lv_nmos          instances:   4
Circuit contains 7 nets.
Contents of circuit 2:  Circuit: 'sg13cmos5l_dlygate4sd3_1'
Circuit sg13cmos5l_dlygate4sd3_1 contains 8 device instances.
  Class: sg13_lv_pmos          instances:   4
  Class: sg13_lv_nmos          instances:   4
Circuit contains 7 nets.

Circuit 1 contains 8 devices, Circuit 2 contains 8 devices.
Circuit 1 contains 7 nets,    Circuit 2 contains 7 nets.


Contents of circuit 1:  Circuit: 'single_bsw'
Circuit single_bsw contains 24 device instances.
  Class: sg13_lv_pmos          instances:   8
  Class: sg13_lv_nmos          instances:  16
Circuit contains 17 nets.
Contents of circuit 2:  Circuit: 'single_bsw'
Circuit single_bsw contains 18 device instances.
  Class: sg13_lv_pmos          instances:   2
  Class: sg13cmos5l_decap_4    instances:   3
  Class: sg13_lv_nmos          instances:  10
  Class: sg13cmos5l_inv_1      instances:   3
Circuit contains 17 nets.

Flattened mismatched instances and attempting compare again.

Contents of circuit 1:  Circuit: 'single_bsw'
Circuit single_bsw contains 24 device instances.
  Class: sg13_lv_pmos          instances:   8
  Class: sg13_lv_nmos          instances:  16
Circuit contains 17 nets.
Contents of circuit 2:  Circuit: 'single_bsw'
Circuit single_bsw contains 24 device instances.
  Class: sg13_lv_pmos          instances:   8
  Class: sg13_lv_nmos          instances:  16
Circuit contains 17 nets.

Circuit was modified by parallel/series device merging.
New circuit summary:

Contents of circuit 1:  Circuit: 'single_bsw'
Circuit single_bsw contains 20 device instances.
  Class: sg13_lv_pmos          instances:   6
  Class: sg13_lv_nmos          instances:  14
Circuit contains 17 nets.
Contents of circuit 2:  Circuit: 'single_bsw'
Circuit single_bsw contains 20 device instances.
  Class: sg13_lv_pmos          instances:   6
  Class: sg13_lv_nmos          instances:  14
Circuit contains 17 nets.

Circuit 1 contains 20 devices, Circuit 2 contains 20 devices.
Circuit 1 contains 17 nets,    Circuit 2 contains 17 nets.


Contents of circuit 1:  Circuit: 'buf_1'
Circuit buf_1 contains 2 device instances.
  Class: sg13_lv_pmos          instances:   1
  Class: sg13_lv_nmos          instances:   1
Circuit contains 4 nets.
Contents of circuit 2:  Circuit: 'buf_1'
Circuit buf_1 contains 2 device instances.
  Class: sg13_lv_pmos          instances:   1
  Class: sg13_lv_nmos          instances:   1
Circuit contains 4 nets.

Circuit 1 contains 2 devices, Circuit 2 contains 2 devices.
Circuit 1 contains 4 nets,    Circuit 2 contains 4 nets.


Contents of circuit 1:  Circuit: 'buf_32'
Circuit buf_32 contains 39 device instances.
  Class: sg13_lv_pmos          instances:  18
  Class: sg13_lv_nmos          instances:  21
Circuit contains 4 nets.
Contents of circuit 2:  Circuit: 'buf_32'
Circuit buf_32 contains 2 device instances.
  Class: sg13_lv_pmos          instances:   1
  Class: sg13_lv_nmos          instances:   1
Circuit contains 4 nets.

Circuit was modified by parallel/series device merging.
New circuit summary:

Contents of circuit 1:  Circuit: 'buf_32'
Circuit buf_32 contains 2 device instances.
  Class: sg13_lv_pmos          instances:   1
  Class: sg13_lv_nmos          instances:   1
Circuit contains 4 nets.
Contents of circuit 2:  Circuit: 'buf_32'
Circuit buf_32 contains 2 device instances.
  Class: sg13_lv_pmos          instances:   1
  Class: sg13_lv_nmos          instances:   1
Circuit contains 4 nets.

Circuit 1 contains 2 devices, Circuit 2 contains 2 devices.
Circuit 1 contains 4 nets,    Circuit 2 contains 4 nets.


Contents of circuit 1:  Circuit: 'cap8b'
Circuit cap8b contains 0 device instances.
Circuit contains 0 nets, and 24 disconnected pins.
Contents of circuit 2:  Circuit: 'cap8b'
Circuit cap8b contains 0 device instances.
Circuit contains 0 nets, and 24 disconnected pins.

Circuit cap8b contains no devices.

Contents of circuit 1:  Circuit: 'buf_8'
Circuit buf_8 contains 6 device instances.
  Class: sg13_lv_pmos          instances:   3
  Class: sg13_lv_nmos          instances:   3
Circuit contains 4 nets.
Contents of circuit 2:  Circuit: 'buf_8'
Circuit buf_8 contains 2 device instances.
  Class: sg13_lv_pmos          instances:   1
  Class: sg13_lv_nmos          instances:   1
Circuit contains 4 nets.

Circuit was modified by parallel/series device merging.
New circuit summary:

Contents of circuit 1:  Circuit: 'buf_8'
Circuit buf_8 contains 2 device instances.
  Class: sg13_lv_pmos          instances:   1
  Class: sg13_lv_nmos          instances:   1
Circuit contains 4 nets.
Contents of circuit 2:  Circuit: 'buf_8'
Circuit buf_8 contains 2 device instances.
  Class: sg13_lv_pmos          instances:   1
  Class: sg13_lv_nmos          instances:   1
Circuit contains 4 nets.

Circuit 1 contains 2 devices, Circuit 2 contains 2 devices.
Circuit 1 contains 4 nets,    Circuit 2 contains 4 nets.


Contents of circuit 1:  Circuit: 'buf_16'
Circuit buf_16 contains 12 device instances.
  Class: sg13_lv_pmos          instances:   6
  Class: sg13_lv_nmos          instances:   6
Circuit contains 4 nets.
Contents of circuit 2:  Circuit: 'buf_16'
Circuit buf_16 contains 2 device instances.
  Class: sg13_lv_pmos          instances:   1
  Class: sg13_lv_nmos          instances:   1
Circuit contains 4 nets.

Circuit was modified by parallel/series device merging.
New circuit summary:

Contents of circuit 1:  Circuit: 'buf_16'
Circuit buf_16 contains 2 device instances.
  Class: sg13_lv_pmos          instances:   1
  Class: sg13_lv_nmos          instances:   1
Circuit contains 4 nets.
Contents of circuit 2:  Circuit: 'buf_16'
Circuit buf_16 contains 2 device instances.
  Class: sg13_lv_pmos          instances:   1
  Class: sg13_lv_nmos          instances:   1
Circuit contains 4 nets.

Circuit 1 contains 2 devices, Circuit 2 contains 2 devices.
Circuit 1 contains 4 nets,    Circuit 2 contains 4 nets.


Contents of circuit 1:  Circuit: 'buf_4'
Circuit buf_4 contains 6 device instances.
  Class: sg13_lv_pmos          instances:   3
  Class: sg13_lv_nmos          instances:   3
Circuit contains 4 nets.
Contents of circuit 2:  Circuit: 'buf_4'
Circuit buf_4 contains 2 device instances.
  Class: sg13_lv_pmos          instances:   1
  Class: sg13_lv_nmos          instances:   1
Circuit contains 4 nets.

Circuit was modified by parallel/series device merging.
New circuit summary:

Contents of circuit 1:  Circuit: 'buf_4'
Circuit buf_4 contains 2 device instances.
  Class: sg13_lv_pmos          instances:   1
  Class: sg13_lv_nmos          instances:   1
Circuit contains 4 nets.
Contents of circuit 2:  Circuit: 'buf_4'
Circuit buf_4 contains 2 device instances.
  Class: sg13_lv_pmos          instances:   1
  Class: sg13_lv_nmos          instances:   1
Circuit contains 4 nets.

Circuit 1 contains 2 devices, Circuit 2 contains 2 devices.
Circuit 1 contains 4 nets,    Circuit 2 contains 4 nets.


Contents of circuit 1:  Circuit: 'buf_2'
Circuit buf_2 contains 4 device instances.
  Class: sg13_lv_pmos          instances:   2
  Class: sg13_lv_nmos          instances:   2
Circuit contains 4 nets.
Contents of circuit 2:  Circuit: 'buf_2'
Circuit buf_2 contains 2 device instances.
  Class: sg13_lv_pmos          instances:   1
  Class: sg13_lv_nmos          instances:   1
Circuit contains 4 nets.

Circuit was modified by parallel/series device merging.
New circuit summary:

Contents of circuit 1:  Circuit: 'buf_2'
Circuit buf_2 contains 2 device instances.
  Class: sg13_lv_pmos          instances:   1
  Class: sg13_lv_nmos          instances:   1
Circuit contains 4 nets.
Contents of circuit 2:  Circuit: 'buf_2'
Circuit buf_2 contains 2 device instances.
  Class: sg13_lv_pmos          instances:   1
  Class: sg13_lv_nmos          instances:   1
Circuit contains 4 nets.

Circuit 1 contains 2 devices, Circuit 2 contains 2 devices.
Circuit 1 contains 4 nets,    Circuit 2 contains 4 nets.


Contents of circuit 1:  Circuit: 'sg13cmos5l_inv_8'
Circuit sg13cmos5l_inv_8 contains 16 device instances.
  Class: sg13_lv_pmos          instances:   8
  Class: sg13_lv_nmos          instances:   8
Circuit contains 4 nets.
Contents of circuit 2:  Circuit: 'sg13cmos5l_inv_8'
Circuit sg13cmos5l_inv_8 contains 2 device instances.
  Class: sg13_lv_pmos          instances:   1
  Class: sg13_lv_nmos          instances:   1
Circuit contains 4 nets.

Circuit was modified by parallel/series device merging.
New circuit summary:

Contents of circuit 1:  Circuit: 'sg13cmos5l_inv_8'
Circuit sg13cmos5l_inv_8 contains 2 device instances.
  Class: sg13_lv_pmos          instances:   1
  Class: sg13_lv_nmos          instances:   1
Circuit contains 4 nets.
Contents of circuit 2:  Circuit: 'sg13cmos5l_inv_8'
Circuit sg13cmos5l_inv_8 contains 2 device instances.
  Class: sg13_lv_pmos          instances:   1
  Class: sg13_lv_nmos          instances:   1
Circuit contains 4 nets.

Circuit 1 contains 2 devices, Circuit 2 contains 2 devices.
Circuit 1 contains 4 nets,    Circuit 2 contains 4 nets.


Contents of circuit 1:  Circuit: 'sg13cmos5l_dfrbpq_1'
Circuit sg13cmos5l_dfrbpq_1 contains 32 device instances.
  Class: sg13_lv_pmos          instances:  16
  Class: sg13_lv_nmos          instances:  16
Circuit contains 21 nets.
Contents of circuit 2:  Circuit: 'sg13cmos5l_dfrbpq_1'
Circuit sg13cmos5l_dfrbpq_1 contains 32 device instances.
  Class: sg13_lv_pmos          instances:  16
  Class: sg13_lv_nmos          instances:  16
Circuit contains 21 nets.

Circuit 1 contains 32 devices, Circuit 2 contains 32 devices.
Circuit 1 contains 21 nets,    Circuit 2 contains 21 nets.


Contents of circuit 1:  Circuit: 'sg13cmos5l_nand3_1'
Circuit sg13cmos5l_nand3_1 contains 6 device instances.
  Class: sg13_lv_pmos          instances:   3
  Class: sg13_lv_nmos          instances:   3
Circuit contains 8 nets.
Contents of circuit 2:  Circuit: 'sg13cmos5l_nand3_1'
Circuit sg13cmos5l_nand3_1 contains 6 device instances.
  Class: sg13_lv_pmos          instances:   3
  Class: sg13_lv_nmos          instances:   3
Circuit contains 8 nets.

Circuit 1 contains 6 devices, Circuit 2 contains 6 devices.
Circuit 1 contains 8 nets,    Circuit 2 contains 8 nets.


Contents of circuit 1:  Circuit: 'sg13cmos5l_and2_1'
Circuit sg13cmos5l_and2_1 contains 6 device instances.
  Class: sg13_lv_pmos          instances:   3
  Class: sg13_lv_nmos          instances:   3
Circuit contains 7 nets.
Contents of circuit 2:  Circuit: 'sg13cmos5l_and2_1'
Circuit sg13cmos5l_and2_1 contains 6 device instances.
  Class: sg13_lv_pmos          instances:   3
  Class: sg13_lv_nmos          instances:   3
Circuit contains 7 nets.

Circuit 1 contains 6 devices, Circuit 2 contains 6 devices.
Circuit 1 contains 7 nets,    Circuit 2 contains 7 nets.


Contents of circuit 1:  Circuit: 'sg13cmos5l_a21o_1'
Circuit sg13cmos5l_a21o_1 contains 8 device instances.
  Class: sg13_lv_pmos          instances:   4
  Class: sg13_lv_nmos          instances:   4
Circuit contains 9 nets.
Contents of circuit 2:  Circuit: 'sg13cmos5l_a21o_1'
Circuit sg13cmos5l_a21o_1 contains 8 device instances.
  Class: sg13_lv_pmos          instances:   4
  Class: sg13_lv_nmos          instances:   4
Circuit contains 9 nets.

Circuit 1 contains 8 devices, Circuit 2 contains 8 devices.
Circuit 1 contains 9 nets,    Circuit 2 contains 9 nets.


Contents of circuit 1:  Circuit: 'sg13cmos5l_or3_1'
Circuit sg13cmos5l_or3_1 contains 8 device instances.
  Class: sg13_lv_pmos          instances:   4
  Class: sg13_lv_nmos          instances:   4
Circuit contains 9 nets.
Contents of circuit 2:  Circuit: 'sg13cmos5l_or3_1'
Circuit sg13cmos5l_or3_1 contains 8 device instances.
  Class: sg13_lv_pmos          instances:   4
  Class: sg13_lv_nmos          instances:   4
Circuit contains 9 nets.

Circuit 1 contains 8 devices, Circuit 2 contains 8 devices.
Circuit 1 contains 9 nets,    Circuit 2 contains 9 nets.


Contents of circuit 1:  Circuit: 'sg13cmos5l_nor3_1'
Circuit sg13cmos5l_nor3_1 contains 6 device instances.
  Class: sg13_lv_pmos          instances:   3
  Class: sg13_lv_nmos          instances:   3
Circuit contains 8 nets.
Contents of circuit 2:  Circuit: 'sg13cmos5l_nor3_1'
Circuit sg13cmos5l_nor3_1 contains 6 device instances.
  Class: sg13_lv_pmos          instances:   3
  Class: sg13_lv_nmos          instances:   3
Circuit contains 8 nets.

Circuit 1 contains 6 devices, Circuit 2 contains 6 devices.
Circuit 1 contains 8 nets,    Circuit 2 contains 8 nets.


Contents of circuit 1:  Circuit: 'sg13cmos5l_xor2_1'
Circuit sg13cmos5l_xor2_1 contains 10 device instances.
  Class: sg13_lv_pmos          instances:   5
  Class: sg13_lv_nmos          instances:   5
Circuit contains 9 nets.
Contents of circuit 2:  Circuit: 'sg13cmos5l_xor2_1'
Circuit sg13cmos5l_xor2_1 contains 10 device instances.
  Class: sg13_lv_pmos          instances:   5
  Class: sg13_lv_nmos          instances:   5
Circuit contains 9 nets.

Circuit 1 contains 10 devices, Circuit 2 contains 10 devices.
Circuit 1 contains 9 nets,    Circuit 2 contains 9 nets.


Contents of circuit 1:  Circuit: 'sg13cmos5l_antennanp'
Circuit sg13cmos5l_antennanp contains 2 device instances.
  Class: dantenna              instances:   1
  Class: dpantenna             instances:   1
Circuit contains 4 nets.
Contents of circuit 2:  Circuit: 'sg13cmos5l_antennanp'
Circuit sg13cmos5l_antennanp contains 2 device instances.
  Class: dantenna              instances:   1
  Class: dpantenna             instances:   1
Circuit contains 3 nets.

Circuit 1 contains 2 devices, Circuit 2 contains 2 devices.
Circuit 1 contains 4 nets,    Circuit 2 contains 3 nets. *** MISMATCH ***

  Flattening non-matched subcircuits sg13cmos5l_antennanp sg13cmos5l_antennanp

Flattening instances of sg13cmos5l_antennanp in file /tmp/iic_lvs_msp/MSPHY9932.ext.spc
Flattening instances of sg13cmos5l_antennanp in file /tmp/MSPHY9932_sch_fixed.spice

Contents of circuit 1:  Circuit: 'sg13cmos5l_mux2_1'
Circuit sg13cmos5l_mux2_1 contains 12 device instances.
  Class: sg13_lv_pmos          instances:   6
  Class: sg13_lv_nmos          instances:   6
Circuit contains 12 nets.
Contents of circuit 2:  Circuit: 'sg13cmos5l_mux2_1'
Circuit sg13cmos5l_mux2_1 contains 12 device instances.
  Class: sg13_lv_pmos          instances:   6
  Class: sg13_lv_nmos          instances:   6
Circuit contains 12 nets.

Circuit 1 contains 12 devices, Circuit 2 contains 12 devices.
Circuit 1 contains 12 nets,    Circuit 2 contains 12 nets.


Contents of circuit 1:  Circuit: 'sg13cmos5l_nor4_1'
Circuit sg13cmos5l_nor4_1 contains 8 device instances.
  Class: sg13_lv_pmos          instances:   4
  Class: sg13_lv_nmos          instances:   4
Circuit contains 10 nets.
Contents of circuit 2:  Circuit: 'sg13cmos5l_nor4_1'
Circuit sg13cmos5l_nor4_1 contains 8 device instances.
  Class: sg13_lv_pmos          instances:   4
  Class: sg13_lv_nmos          instances:   4
Circuit contains 10 nets.

Circuit 1 contains 8 devices, Circuit 2 contains 8 devices.
Circuit 1 contains 10 nets,    Circuit 2 contains 10 nets.


Contents of circuit 1:  Circuit: 'sg13cmos5l_inv_2'
Circuit sg13cmos5l_inv_2 contains 4 device instances.
  Class: sg13_lv_pmos          instances:   2
  Class: sg13_lv_nmos          instances:   2
Circuit contains 4 nets.
Contents of circuit 2:  Circuit: 'sg13cmos5l_inv_2'
Circuit sg13cmos5l_inv_2 contains 2 device instances.
  Class: sg13_lv_pmos          instances:   1
  Class: sg13_lv_nmos          instances:   1
Circuit contains 4 nets.

Circuit was modified by parallel/series device merging.
New circuit summary:

Contents of circuit 1:  Circuit: 'sg13cmos5l_inv_2'
Circuit sg13cmos5l_inv_2 contains 2 device instances.
  Class: sg13_lv_pmos          instances:   1
  Class: sg13_lv_nmos          instances:   1
Circuit contains 4 nets.
Contents of circuit 2:  Circuit: 'sg13cmos5l_inv_2'
Circuit sg13cmos5l_inv_2 contains 2 device instances.
  Class: sg13_lv_pmos          instances:   1
  Class: sg13_lv_nmos          instances:   1
Circuit contains 4 nets.

Circuit 1 contains 2 devices, Circuit 2 contains 2 devices.
Circuit 1 contains 4 nets,    Circuit 2 contains 4 nets.


Contents of circuit 1:  Circuit: 'sg13cmos5l_nand3b_1'
Circuit sg13cmos5l_nand3b_1 contains 8 device instances.
  Class: sg13_lv_pmos          instances:   4
  Class: sg13_lv_nmos          instances:   4
Circuit contains 9 nets.
Contents of circuit 2:  Circuit: 'sg13cmos5l_nand3b_1'
Circuit sg13cmos5l_nand3b_1 contains 8 device instances.
  Class: sg13_lv_pmos          instances:   4
  Class: sg13_lv_nmos          instances:   4
Circuit contains 9 nets.

Circuit 1 contains 8 devices, Circuit 2 contains 8 devices.
Circuit 1 contains 9 nets,    Circuit 2 contains 9 nets.


Contents of circuit 1:  Circuit: 'sg13cmos5l_inv_4'
Circuit sg13cmos5l_inv_4 contains 8 device instances.
  Class: sg13_lv_pmos          instances:   4
  Class: sg13_lv_nmos          instances:   4
Circuit contains 4 nets.
Contents of circuit 2:  Circuit: 'sg13cmos5l_inv_4'
Circuit sg13cmos5l_inv_4 contains 2 device instances.
  Class: sg13_lv_pmos          instances:   1
  Class: sg13_lv_nmos          instances:   1
Circuit contains 4 nets.

Circuit was modified by parallel/series device merging.
New circuit summary:

Contents of circuit 1:  Circuit: 'sg13cmos5l_inv_4'
Circuit sg13cmos5l_inv_4 contains 2 device instances.
  Class: sg13_lv_pmos          instances:   1
  Class: sg13_lv_nmos          instances:   1
Circuit contains 4 nets.
Contents of circuit 2:  Circuit: 'sg13cmos5l_inv_4'
Circuit sg13cmos5l_inv_4 contains 2 device instances.
  Class: sg13_lv_pmos          instances:   1
  Class: sg13_lv_nmos          instances:   1
Circuit contains 4 nets.

Circuit 1 contains 2 devices, Circuit 2 contains 2 devices.
Circuit 1 contains 4 nets,    Circuit 2 contains 4 nets.


Contents of circuit 1:  Circuit: 'sg13cmos5l_nand4_1'
Circuit sg13cmos5l_nand4_1 contains 8 device instances.
  Class: sg13_lv_pmos          instances:   4
  Class: sg13_lv_nmos          instances:   4
Circuit contains 10 nets.
Contents of circuit 2:  Circuit: 'sg13cmos5l_nand4_1'
Circuit sg13cmos5l_nand4_1 contains 8 device instances.
  Class: sg13_lv_pmos          instances:   4
  Class: sg13_lv_nmos          instances:   4
Circuit contains 10 nets.

Circuit 1 contains 8 devices, Circuit 2 contains 8 devices.
Circuit 1 contains 10 nets,    Circuit 2 contains 10 nets.


Contents of circuit 1:  Circuit: 'sg13cmos5l_and4_1'
Circuit sg13cmos5l_and4_1 contains 10 device instances.
  Class: sg13_lv_pmos          instances:   5
  Class: sg13_lv_nmos          instances:   5
Circuit contains 11 nets.
Contents of circuit 2:  Circuit: 'sg13cmos5l_and4_1'
Circuit sg13cmos5l_and4_1 contains 10 device instances.
  Class: sg13_lv_pmos          instances:   5
  Class: sg13_lv_nmos          instances:   5
Circuit contains 11 nets.

Circuit 1 contains 10 devices, Circuit 2 contains 10 devices.
Circuit 1 contains 11 nets,    Circuit 2 contains 11 nets.


Contents of circuit 1:  Circuit: 'sg13cmos5l_or4_1'
Circuit sg13cmos5l_or4_1 contains 10 device instances.
  Class: sg13_lv_pmos          instances:   5
  Class: sg13_lv_nmos          instances:   5
Circuit contains 11 nets.
Contents of circuit 2:  Circuit: 'sg13cmos5l_or4_1'
Circuit sg13cmos5l_or4_1 contains 10 device instances.
  Class: sg13_lv_pmos          instances:   5
  Class: sg13_lv_nmos          instances:   5
Circuit contains 11 nets.

Circuit 1 contains 10 devices, Circuit 2 contains 10 devices.
Circuit 1 contains 11 nets,    Circuit 2 contains 11 nets.


Contents of circuit 1:  Circuit: 'sg13cmos5l_mux4_1'
Circuit sg13cmos5l_mux4_1 contains 26 device instances.
  Class: sg13_lv_pmos          instances:  13
  Class: sg13_lv_nmos          instances:  13
Circuit contains 22 nets.
Contents of circuit 2:  Circuit: 'sg13cmos5l_mux4_1'
Circuit sg13cmos5l_mux4_1 contains 26 device instances.
  Class: sg13_lv_pmos          instances:  13
  Class: sg13_lv_nmos          instances:  13
Circuit contains 22 nets.

Circuit 1 contains 26 devices, Circuit 2 contains 26 devices.
Circuit 1 contains 22 nets,    Circuit 2 contains 22 nets.


Contents of circuit 1:  Circuit: 'sar12b'
Circuit sar12b contains 280 device instances.
  Class: sg13cmos5l_a21oi_1    instances:   3
  Class: sg13cmos5l_decap_8    instances:  13
  Class: sg13cmos5l_nor2_1     instances:   3
  Class: sg13cmos5l_buf_1      instances: 122
  Class: sg13cmos5l_or2_1      instances:   2
  Class: sg13cmos5l_dlygate4sd2_1 instances:   1
  Class: sg13cmos5l_nor2b_1    instances:   4
  Class: sg13cmos5l_and3_1     instances:   2
  Class: sg13cmos5l_a22oi_1    instances:   3
  Class: sg13cmos5l_nand2_1    instances:   4
  Class: sg13cmos5l_xnor2_1    instances:   1
  Class: sg13_lv_pmos          instances:   8
  Class: sg13cmos5l_decap_4    instances:   8
  Class: sg13_lv_nmos          instances:   8
  Class: sg13cmos5l_inv_1      instances:  34
  Class: sg13cmos5l_o21ai_1    instances:   1
  Class: sg13cmos5l_dlygate4sd3_1 instances:   1
  Class: sg13cmos5l_dlhr_1     instances:  22
  Class: sg13cmos5l_nand2b_1   instances:   2
  Class: sg13cmos5l_buf_8      instances:   3
  Class: sg13cmos5l_tiehi      instances:   1
  Class: sg13cmos5l_a221oi_1   instances:   3
  Class: sg13cmos5l_dfrbp_1    instances:  31
Circuit contains 302 nets.
Contents of circuit 2:  Circuit: 'sar12b'
Circuit sar12b contains 265 device instances.
  Class: sg13cmos5l_a21oi_1    instances:   3
  Class: sg13cmos5l_decap_8    instances:  13
  Class: sg13cmos5l_nor2_1     instances:   3
  Class: sg13cmos5l_inv_8      instances:   1
  Class: sg13cmos5l_buf_1      instances: 122
  Class: sg13cmos5l_or2_1      instances:   2
  Class: sg13cmos5l_dlygate4sd2_1 instances:   1
  Class: sg13cmos5l_nor2b_1    instances:   4
  Class: sg13cmos5l_and3_1     instances:   2
  Class: sg13cmos5l_a22oi_1    instances:   3
  Class: sg13cmos5l_nand2_1    instances:   4
  Class: sg13cmos5l_xnor2_1    instances:   1
  Class: sg13cmos5l_decap_4    instances:   8
  Class: sg13cmos5l_inv_1      instances:  34
  Class: sg13cmos5l_o21ai_1    instances:   1
  Class: sg13cmos5l_dlygate4sd3_1 instances:   1
  Class: sg13cmos5l_dlhr_1     instances:  22
  Class: sg13cmos5l_nand2b_1   instances:   2
  Class: sg13cmos5l_buf_8      instances:   3
  Class: sg13cmos5l_tiehi      instances:   1
  Class: sg13cmos5l_a221oi_1   instances:   3
  Class: sg13cmos5l_dfrbp_1    instances:  31
Circuit contains 302 nets.

Flattened mismatched instances and attempting compare again.

Contents of circuit 1:  Circuit: 'sar12b'
Circuit sar12b contains 280 device instances.
  Class: sg13cmos5l_a21oi_1    instances:   3
  Class: sg13cmos5l_decap_8    instances:  13
  Class: sg13cmos5l_nor2_1     instances:   3
  Class: sg13cmos5l_buf_1      instances: 122
  Class: sg13cmos5l_or2_1      instances:   2
  Class: sg13cmos5l_dlygate4sd2_1 instances:   1
  Class: sg13cmos5l_nor2b_1    instances:   4
  Class: sg13cmos5l_and3_1     instances:   2
  Class: sg13cmos5l_a22oi_1    instances:   3
  Class: sg13cmos5l_nand2_1    instances:   4
  Class: sg13cmos5l_xnor2_1    instances:   1
  Class: sg13_lv_pmos          instances:   8
  Class: sg13cmos5l_decap_4    instances:   8
  Class: sg13_lv_nmos          instances:   8
  Class: sg13cmos5l_inv_1      instances:  34
  Class: sg13cmos5l_o21ai_1    instances:   1
  Class: sg13cmos5l_dlygate4sd3_1 instances:   1
  Class: sg13cmos5l_dlhr_1     instances:  22
  Class: sg13cmos5l_nand2b_1   instances:   2
  Class: sg13cmos5l_buf_8      instances:   3
  Class: sg13cmos5l_tiehi      instances:   1
  Class: sg13cmos5l_a221oi_1   instances:   3
  Class: sg13cmos5l_dfrbp_1    instances:  31
Circuit contains 302 nets.
Contents of circuit 2:  Circuit: 'sar12b'
Circuit sar12b contains 266 device instances.
  Class: sg13cmos5l_a21oi_1    instances:   3
  Class: sg13cmos5l_decap_8    instances:  13
  Class: sg13cmos5l_nor2_1     instances:   3
  Class: sg13cmos5l_buf_1      instances: 122
  Class: sg13cmos5l_or2_1      instances:   2
  Class: sg13cmos5l_dlygate4sd2_1 instances:   1
  Class: sg13cmos5l_nor2b_1    instances:   4
  Class: sg13cmos5l_and3_1     instances:   2
  Class: sg13cmos5l_a22oi_1    instances:   3
  Class: sg13cmos5l_nand2_1    instances:   4
  Class: sg13cmos5l_xnor2_1    instances:   1
  Class: sg13_lv_pmos          instances:   1
  Class: sg13cmos5l_decap_4    instances:   8
  Class: sg13_lv_nmos          instances:   1
  Class: sg13cmos5l_inv_1      instances:  34
  Class: sg13cmos5l_o21ai_1    instances:   1
  Class: sg13cmos5l_dlygate4sd3_1 instances:   1
  Class: sg13cmos5l_dlhr_1     instances:  22
  Class: sg13cmos5l_nand2b_1   instances:   2
  Class: sg13cmos5l_buf_8      instances:   3
  Class: sg13cmos5l_tiehi      instances:   1
  Class: sg13cmos5l_a221oi_1   instances:   3
  Class: sg13cmos5l_dfrbp_1    instances:  31
Circuit contains 302 nets.

Circuit was modified by parallel/series device merging.
New circuit summary:

Contents of circuit 1:  Circuit: 'sar12b'
Circuit sar12b contains 247 device instances.
  Class: sg13cmos5l_a21oi_1    instances:   3
  Class: sg13cmos5l_decap_8    instances:   1
  Class: sg13cmos5l_nor2_1     instances:   3
  Class: sg13cmos5l_buf_1      instances: 122
  Class: sg13cmos5l_or2_1      instances:   2
  Class: sg13cmos5l_dlygate4sd2_1 instances:   1
  Class: sg13cmos5l_nor2b_1    instances:   4
  Class: sg13cmos5l_and3_1     instances:   2
  Class: sg13cmos5l_a22oi_1    instances:   3
  Class: sg13cmos5l_nand2_1    instances:   4
  Class: sg13cmos5l_xnor2_1    instances:   1
  Class: sg13_lv_pmos          instances:   1
  Class: sg13cmos5l_decap_4    instances:   1
  Class: sg13_lv_nmos          instances:   1
  Class: sg13cmos5l_inv_1      instances:  34
  Class: sg13cmos5l_o21ai_1    instances:   1
  Class: sg13cmos5l_dlygate4sd3_1 instances:   1
  Class: sg13cmos5l_dlhr_1     instances:  22
  Class: sg13cmos5l_nand2b_1   instances:   2
  Class: sg13cmos5l_buf_8      instances:   3
  Class: sg13cmos5l_tiehi      instances:   1
  Class: sg13cmos5l_a221oi_1   instances:   3
  Class: sg13cmos5l_dfrbp_1    instances:  31
Circuit contains 302 nets.
Contents of circuit 2:  Circuit: 'sar12b'
Circuit sar12b contains 247 device instances.
  Class: sg13cmos5l_a21oi_1    instances:   3
  Class: sg13cmos5l_decap_8    instances:   1
  Class: sg13cmos5l_nor2_1     instances:   3
  Class: sg13cmos5l_buf_1      instances: 122
  Class: sg13cmos5l_or2_1      instances:   2
  Class: sg13cmos5l_dlygate4sd2_1 instances:   1
  Class: sg13cmos5l_nor2b_1    instances:   4
  Class: sg13cmos5l_and3_1     instances:   2
  Class: sg13cmos5l_a22oi_1    instances:   3
  Class: sg13cmos5l_nand2_1    instances:   4
  Class: sg13cmos5l_xnor2_1    instances:   1
  Class: sg13_lv_pmos          instances:   1
  Class: sg13cmos5l_decap_4    instances:   1
  Class: sg13_lv_nmos          instances:   1
  Class: sg13cmos5l_inv_1      instances:  34
  Class: sg13cmos5l_o21ai_1    instances:   1
  Class: sg13cmos5l_dlygate4sd3_1 instances:   1
  Class: sg13cmos5l_dlhr_1     instances:  22
  Class: sg13cmos5l_nand2b_1   instances:   2
  Class: sg13cmos5l_buf_8      instances:   3
  Class: sg13cmos5l_tiehi      instances:   1
  Class: sg13cmos5l_a221oi_1   instances:   3
  Class: sg13cmos5l_dfrbp_1    instances:  31
Circuit contains 302 nets.

Circuit 1 contains 247 devices, Circuit 2 contains 247 devices.
Circuit 1 contains 302 nets,    Circuit 2 contains 302 nets.


Contents of circuit 1:  Circuit: 'cmp'
Circuit cmp contains 45 device instances.
  Class: sg13_lv_pmos          instances:  23
  Class: sg13_lv_nmos          instances:  22
Circuit contains 19 nets.
Contents of circuit 2:  Circuit: 'cmp'
Circuit cmp contains 17 device instances.
  Class: sg13cmos5l_or2_1      instances:   1
  Class: sg13_lv_pmos          instances:   6
  Class: sg13cmos5l_decap_4    instances:   2
  Class: sg13_lv_nmos          instances:   5
  Class: sg13cmos5l_inv_1      instances:   2
  Class: sg13cmos5l_dlygate4sd3_1 instances:   1
Circuit contains 14 nets.

Flattened mismatched instances and attempting compare again.

Contents of circuit 1:  Circuit: 'cmp'
Circuit cmp contains 45 device instances.
  Class: sg13_lv_pmos          instances:  23
  Class: sg13_lv_nmos          instances:  22
Circuit contains 19 nets.
Contents of circuit 2:  Circuit: 'cmp'
Circuit cmp contains 33 device instances.
  Class: sg13_lv_pmos          instances:  17
  Class: sg13_lv_nmos          instances:  16
Circuit contains 19 nets.

Circuit was modified by parallel/series device merging.
New circuit summary:

Contents of circuit 1:  Circuit: 'cmp'
Circuit cmp contains 31 device instances.
  Class: sg13_lv_pmos          instances:  16
  Class: sg13_lv_nmos          instances:  15
Circuit contains 19 nets.
Contents of circuit 2:  Circuit: 'cmp'
Circuit cmp contains 31 device instances.
  Class: sg13_lv_pmos          instances:  16
  Class: sg13_lv_nmos          instances:  15
Circuit contains 19 nets.

Circuit 1 contains 31 devices, Circuit 2 contains 31 devices.
Circuit 1 contains 19 nets,    Circuit 2 contains 19 nets.


Contents of circuit 1:  Circuit: 'diff_bsw'
Circuit diff_bsw contains 2 device instances.
  Class: single_bsw            instances:   2
Circuit contains 7 nets.
Contents of circuit 2:  Circuit: 'diff_bsw'
Circuit diff_bsw contains 2 device instances.
  Class: single_bsw            instances:   2
Circuit contains 7 nets.

Circuit 1 contains 2 devices, Circuit 2 contains 2 devices.
Circuit 1 contains 7 nets,    Circuit 2 contains 7 nets.


Contents of circuit 1:  Circuit: 'side_cap8b'
Circuit side_cap8b contains 23 device instances.
  Class: buf_1                 instances:   2
  Class: buf_4                 instances:   4
  Class: cap8b                 instances:   1
  Class: buf_2                 instances:   4
  Class: buf_32                instances:   2
  Class: buf_16                instances:   4
  Class: buf_8                 instances:   6
Circuit contains 46 nets.
Contents of circuit 2:  Circuit: 'side_cap8b'
Circuit side_cap8b contains 23 device instances.
  Class: buf_1                 instances:   2
  Class: buf_4                 instances:   4
  Class: cap8b                 instances:   1
  Class: buf_2                 instances:   4
  Class: buf_32                instances:   2
  Class: buf_16                instances:   4
  Class: buf_8                 instances:   6
Circuit contains 47 nets.

Circuit 1 contains 23 devices, Circuit 2 contains 23 devices.
Circuit 1 contains 46 nets,    Circuit 2 contains 47 nets. *** MISMATCH ***

  Flattening non-matched subcircuits side_cap8b side_cap8b

Flattening instances of side_cap8b in file /tmp/iic_lvs_msp/MSPHY9932.ext.spc
Flattening instances of side_cap8b in file /tmp/MSPHY9932_sch_fixed.spice

Contents of circuit 1:  Circuit: 'sar12b'
Circuit sar12b contains 247 device instances.
  Class: sg13cmos5l_a21oi_1    instances:   3
  Class: sg13cmos5l_decap_8    instances:   1
  Class: sg13cmos5l_nor2_1     instances:   3
  Class: sg13cmos5l_buf_1      instances: 122
  Class: sg13cmos5l_or2_1      instances:   2
  Class: sg13cmos5l_dlygate4sd2_1 instances:   1
  Class: sg13cmos5l_nor2b_1    instances:   4
  Class: sg13cmos5l_and3_1     instances:   2
  Class: sg13cmos5l_a22oi_1    instances:   3
  Class: sg13cmos5l_nand2_1    instances:   4
  Class: sg13cmos5l_xnor2_1    instances:   1
  Class: sg13_lv_pmos          instances:   1
  Class: sg13cmos5l_decap_4    instances:   1
  Class: sg13_lv_nmos          instances:   1
  Class: sg13cmos5l_inv_1      instances:  34
  Class: sg13cmos5l_o21ai_1    instances:   1
  Class: sg13cmos5l_dlygate4sd3_1 instances:   1
  Class: sg13cmos5l_dlhr_1     instances:  22
  Class: sg13cmos5l_nand2b_1   instances:   2
  Class: sg13cmos5l_buf_8      instances:   3
  Class: sg13cmos5l_tiehi      instances:   1
  Class: sg13cmos5l_a221oi_1   instances:   3
  Class: sg13cmos5l_dfrbp_1    instances:  31
Circuit contains 302 nets.
Contents of circuit 2:  Circuit: 'sar12b[[0]]'
Circuit sar12b[[0]] contains 265 device instances.
  Class: sg13cmos5l_a21oi_1    instances:   3
  Class: sg13cmos5l_decap_8    instances:  13
  Class: sg13cmos5l_nor2_1     instances:   3
  Class: sg13cmos5l_inv_8      instances:   1
  Class: sg13cmos5l_buf_1      instances: 122
  Class: sg13cmos5l_or2_1      instances:   2
  Class: sg13cmos5l_dlygate4sd2_1 instances:   1
  Class: sg13cmos5l_nor2b_1    instances:   4
  Class: sg13cmos5l_and3_1     instances:   2
  Class: sg13cmos5l_a22oi_1    instances:   3
  Class: sg13cmos5l_nand2_1    instances:   4
  Class: sg13cmos5l_xnor2_1    instances:   1
  Class: sg13cmos5l_decap_4    instances:   8
  Class: sg13cmos5l_inv_1      instances:  34
  Class: sg13cmos5l_o21ai_1    instances:   1
  Class: sg13cmos5l_dlygate4sd3_1 instances:   1
  Class: sg13cmos5l_dlhr_1     instances:  22
  Class: sg13cmos5l_nand2b_1   instances:   2
  Class: sg13cmos5l_buf_8      instances:   3
  Class: sg13cmos5l_tiehi      instances:   1
  Class: sg13cmos5l_a221oi_1   instances:   3
  Class: sg13cmos5l_dfrbp_1    instances:  31
Circuit contains 302 nets.

Flattened mismatched instances and attempting compare again.

Contents of circuit 1:  Circuit: 'sar12b'
Circuit sar12b contains 247 device instances.
  Class: sg13cmos5l_a21oi_1    instances:   3
  Class: sg13cmos5l_decap_8    instances:   1
  Class: sg13cmos5l_nor2_1     instances:   3
  Class: sg13cmos5l_buf_1      instances: 122
  Class: sg13cmos5l_or2_1      instances:   2
  Class: sg13cmos5l_dlygate4sd2_1 instances:   1
  Class: sg13cmos5l_nor2b_1    instances:   4
  Class: sg13cmos5l_and3_1     instances:   2
  Class: sg13cmos5l_a22oi_1    instances:   3
  Class: sg13cmos5l_nand2_1    instances:   4
  Class: sg13cmos5l_xnor2_1    instances:   1
  Class: sg13_lv_pmos          instances:   1
  Class: sg13cmos5l_decap_4    instances:   1
  Class: sg13_lv_nmos          instances:   1
  Class: sg13cmos5l_inv_1      instances:  34
  Class: sg13cmos5l_o21ai_1    instances:   1
  Class: sg13cmos5l_dlygate4sd3_1 instances:   1
  Class: sg13cmos5l_dlhr_1     instances:  22
  Class: sg13cmos5l_nand2b_1   instances:   2
  Class: sg13cmos5l_buf_8      instances:   3
  Class: sg13cmos5l_tiehi      instances:   1
  Class: sg13cmos5l_a221oi_1   instances:   3
  Class: sg13cmos5l_dfrbp_1    instances:  31
Circuit contains 302 nets.
Contents of circuit 2:  Circuit: 'sar12b[[0]]'
Circuit sar12b[[0]] contains 266 device instances.
  Class: sg13cmos5l_a21oi_1    instances:   3
  Class: sg13cmos5l_decap_8    instances:  13
  Class: sg13cmos5l_nor2_1     instances:   3
  Class: sg13cmos5l_buf_1      instances: 122
  Class: sg13cmos5l_or2_1      instances:   2
  Class: sg13cmos5l_dlygate4sd2_1 instances:   1
  Class: sg13cmos5l_nor2b_1    instances:   4
  Class: sg13cmos5l_and3_1     instances:   2
  Class: sg13cmos5l_a22oi_1    instances:   3
  Class: sg13cmos5l_nand2_1    instances:   4
  Class: sg13cmos5l_xnor2_1    instances:   1
  Class: sg13_lv_pmos          instances:   1
  Class: sg13cmos5l_decap_4    instances:   8
  Class: sg13_lv_nmos          instances:   1
  Class: sg13cmos5l_inv_1      instances:  34
  Class: sg13cmos5l_o21ai_1    instances:   1
  Class: sg13cmos5l_dlygate4sd3_1 instances:   1
  Class: sg13cmos5l_dlhr_1     instances:  22
  Class: sg13cmos5l_nand2b_1   instances:   2
  Class: sg13cmos5l_buf_8      instances:   3
  Class: sg13cmos5l_tiehi      instances:   1
  Class: sg13cmos5l_a221oi_1   instances:   3
  Class: sg13cmos5l_dfrbp_1    instances:  31
Circuit contains 302 nets.

Circuit was modified by parallel/series device merging.
New circuit summary:

Contents of circuit 1:  Circuit: 'sar12b'
Circuit sar12b contains 247 device instances.
  Class: sg13cmos5l_a21oi_1    instances:   3
  Class: sg13cmos5l_decap_8    instances:   1
  Class: sg13cmos5l_nor2_1     instances:   3
  Class: sg13cmos5l_buf_1      instances: 122
  Class: sg13cmos5l_or2_1      instances:   2
  Class: sg13cmos5l_dlygate4sd2_1 instances:   1
  Class: sg13cmos5l_nor2b_1    instances:   4
  Class: sg13cmos5l_and3_1     instances:   2
  Class: sg13cmos5l_a22oi_1    instances:   3
  Class: sg13cmos5l_nand2_1    instances:   4
  Class: sg13cmos5l_xnor2_1    instances:   1
  Class: sg13_lv_pmos          instances:   1
  Class: sg13cmos5l_decap_4    instances:   1
  Class: sg13_lv_nmos          instances:   1
  Class: sg13cmos5l_inv_1      instances:  34
  Class: sg13cmos5l_o21ai_1    instances:   1
  Class: sg13cmos5l_dlygate4sd3_1 instances:   1
  Class: sg13cmos5l_dlhr_1     instances:  22
  Class: sg13cmos5l_nand2b_1   instances:   2
  Class: sg13cmos5l_buf_8      instances:   3
  Class: sg13cmos5l_tiehi      instances:   1
  Class: sg13cmos5l_a221oi_1   instances:   3
  Class: sg13cmos5l_dfrbp_1    instances:  31
Circuit contains 302 nets.
Contents of circuit 2:  Circuit: 'sar12b[[0]]'
Circuit sar12b[[0]] contains 247 device instances.
  Class: sg13cmos5l_a21oi_1    instances:   3
  Class: sg13cmos5l_decap_8    instances:   1
  Class: sg13cmos5l_nor2_1     instances:   3
  Class: sg13cmos5l_buf_1      instances: 122
  Class: sg13cmos5l_or2_1      instances:   2
  Class: sg13cmos5l_dlygate4sd2_1 instances:   1
  Class: sg13cmos5l_nor2b_1    instances:   4
  Class: sg13cmos5l_and3_1     instances:   2
  Class: sg13cmos5l_a22oi_1    instances:   3
  Class: sg13cmos5l_nand2_1    instances:   4
  Class: sg13cmos5l_xnor2_1    instances:   1
  Class: sg13_lv_pmos          instances:   1
  Class: sg13cmos5l_decap_4    instances:   1
  Class: sg13_lv_nmos          instances:   1
  Class: sg13cmos5l_inv_1      instances:  34
  Class: sg13cmos5l_o21ai_1    instances:   1
  Class: sg13cmos5l_dlygate4sd3_1 instances:   1
  Class: sg13cmos5l_dlhr_1     instances:  22
  Class: sg13cmos5l_nand2b_1   instances:   2
  Class: sg13cmos5l_buf_8      instances:   3
  Class: sg13cmos5l_tiehi      instances:   1
  Class: sg13cmos5l_a221oi_1   instances:   3
  Class: sg13cmos5l_dfrbp_1    instances:  31
Circuit contains 302 nets.

Circuit 1 contains 247 devices, Circuit 2 contains 247 devices.
Circuit 1 contains 302 nets,    Circuit 2 contains 302 nets.


Contents of circuit 1:  Circuit: 'top_i2s_asic'
Circuit top_i2s_asic contains 19871 device instances.
  Class: sg13cmos5l_a21o_1     instances: 108
  Class: sg13cmos5l_xor2_1     instances: 214
  Class: sg13cmos5l_mux2_1     instances: 116
  Class: sg13cmos5l_inv_8      instances:   1
  Class: sg13cmos5l_dfrbpq_1   instances: 328
  Class: sg13cmos5l_and2_1     instances:  98
  Class: dantenna              instances:   5
  Class: dpantenna             instances:   5
  Class: sg13cmos5l_inv_2      instances:   6
  Class: sg13cmos5l_and4_1     instances:   5
  Class: sg13cmos5l_or3_1      instances:  47
  Class: sg13cmos5l_or4_1      instances:   3
  Class: sg13_lv_pmos          instances: 9348
  Class: sg13_lv_nmos          instances: 9317
  Class: sg13cmos5l_nand3_1    instances: 139
  Class: sg13cmos5l_nand3b_1   instances:  11
  Class: sg13cmos5l_nor3_1     instances:  93
  Class: sg13cmos5l_inv_4      instances:   2
  Class: sg13cmos5l_mux4_1     instances:   2
  Class: sg13cmos5l_nand4_1    instances:  12
  Class: sg13cmos5l_nor4_1     instances:  11
Circuit contains 10674 nets.
Contents of circuit 2:  Circuit: 'top_i2s_asic'
Circuit top_i2s_asic contains 4303 device instances.
  Class: sg13cmos5l_a21oi_1    instances: 421
  Class: sg13cmos5l_decap_8    instances:  41
  Class: sg13cmos5l_a21o_1     instances: 108
  Class: sg13cmos5l_xor2_1     instances: 214
  Class: sg13cmos5l_nor2_1     instances: 319
  Class: sg13cmos5l_mux2_1     instances: 116
  Class: sg13cmos5l_inv_8      instances:   1
  Class: sg13cmos5l_buf_1      instances: 181
  Class: sg13cmos5l_dfrbpq_1   instances: 328
  Class: sg13cmos5l_and2_1     instances:  98
  Class: sg13cmos5l_or2_1      instances:  78
  Class: dantenna              instances:   5
  Class: sg13cmos5l_nor2b_1    instances: 119
  Class: dpantenna             instances:   5
  Class: sg13cmos5l_and3_1     instances:  70
  Class: sg13cmos5l_a22oi_1    instances:  63
  Class: sg13cmos5l_inv_2      instances:   6
  Class: sg13cmos5l_and4_1     instances:   5
  Class: sg13cmos5l_nand2_1    instances: 303
  Class: sg13cmos5l_xnor2_1    instances: 546
  Class: sg13cmos5l_or3_1      instances:  47
  Class: sg13cmos5l_or4_1      instances:   3
  Class: sg13cmos5l_decap_4    instances:  69
  Class: sg13cmos5l_inv_1      instances: 107
  Class: sg13cmos5l_o21ai_1    instances: 299
  Class: sg13cmos5l_nand3_1    instances: 139
  Class: sg13cmos5l_nand3b_1   instances:  11
  Class: sg13cmos5l_nor3_1     instances:  93
  Class: sg13cmos5l_inv_4      instances:   2
  Class: sg13cmos5l_nand2b_1   instances: 149
  Class: sg13cmos5l_mux4_1     instances:   2
  Class: sg13cmos5l_nand4_1    instances:  12
  Class: sg13cmos5l_buf_8      instances:  31
  Class: sg13cmos5l_tiehi      instances: 274
  Class: sg13cmos5l_a221oi_1   instances:  27
  Class: sg13cmos5l_nor4_1     instances:  11
Circuit contains 4190 nets.

Flattened mismatched instances and attempting compare again.

Contents of circuit 1:  Circuit: 'top_i2s_asic'
Circuit top_i2s_asic contains 19871 device instances.
  Class: sg13cmos5l_a21o_1     instances: 108
  Class: sg13cmos5l_xor2_1     instances: 214
  Class: sg13cmos5l_mux2_1     instances: 116
  Class: sg13cmos5l_inv_8      instances:   1
  Class: sg13cmos5l_dfrbpq_1   instances: 328
  Class: sg13cmos5l_and2_1     instances:  98
  Class: dantenna              instances:   5
  Class: dpantenna             instances:   5
  Class: sg13cmos5l_inv_2      instances:   6
  Class: sg13cmos5l_and4_1     instances:   5
  Class: sg13cmos5l_or3_1      instances:  47
  Class: sg13cmos5l_or4_1      instances:   3
  Class: sg13_lv_pmos          instances: 9348
  Class: sg13_lv_nmos          instances: 9317
  Class: sg13cmos5l_nand3_1    instances: 139
  Class: sg13cmos5l_nand3b_1   instances:  11
  Class: sg13cmos5l_nor3_1     instances:  93
  Class: sg13cmos5l_inv_4      instances:   2
  Class: sg13cmos5l_mux4_1     instances:   2
  Class: sg13cmos5l_nand4_1    instances:  12
  Class: sg13cmos5l_nor4_1     instances:  11
Circuit contains 10674 nets.
Contents of circuit 2:  Circuit: 'top_i2s_asic'
Circuit top_i2s_asic contains 19262 device instances.
  Class: sg13cmos5l_a21o_1     instances: 108
  Class: sg13cmos5l_xor2_1     instances: 214
  Class: sg13cmos5l_mux2_1     instances: 116
  Class: sg13cmos5l_inv_8      instances:   1
  Class: sg13cmos5l_dfrbpq_1   instances: 328
  Class: sg13cmos5l_and2_1     instances:  98
  Class: dantenna              instances:   5
  Class: dpantenna             instances:   5
  Class: sg13cmos5l_inv_2      instances:   6
  Class: sg13cmos5l_and4_1     instances:   5
  Class: sg13cmos5l_or3_1      instances:  47
  Class: sg13cmos5l_or4_1      instances:   3
  Class: sg13_lv_pmos          instances: 9028
  Class: sg13_lv_nmos          instances: 9028
  Class: sg13cmos5l_nand3_1    instances: 139
  Class: sg13cmos5l_nand3b_1   instances:  11
  Class: sg13cmos5l_nor3_1     instances:  93
  Class: sg13cmos5l_inv_4      instances:   2
  Class: sg13cmos5l_mux4_1     instances:   2
  Class: sg13cmos5l_nand4_1    instances:  12
  Class: sg13cmos5l_nor4_1     instances:  11
Circuit contains 10669 nets.

Circuit was modified by parallel/series device merging.
New circuit summary:

Contents of circuit 1:  Circuit: 'top_i2s_asic'
Circuit top_i2s_asic contains 19040 device instances.
  Class: sg13cmos5l_a21o_1     instances: 108
  Class: sg13cmos5l_xor2_1     instances: 214
  Class: sg13cmos5l_mux2_1     instances: 116
  Class: sg13cmos5l_inv_8      instances:   1
  Class: sg13cmos5l_dfrbpq_1   instances: 328
  Class: sg13cmos5l_and2_1     instances:  98
  Class: dantenna              instances:   1
  Class: dpantenna             instances:   5
  Class: sg13cmos5l_inv_2      instances:   6
  Class: sg13cmos5l_and4_1     instances:   5
  Class: sg13cmos5l_or3_1      instances:  47
  Class: sg13cmos5l_or4_1      instances:   3
  Class: sg13_lv_pmos          instances: 8919
  Class: sg13_lv_nmos          instances: 8919
  Class: sg13cmos5l_nand3_1    instances: 139
  Class: sg13cmos5l_nand3b_1   instances:  11
  Class: sg13cmos5l_nor3_1     instances:  93
  Class: sg13cmos5l_inv_4      instances:   2
  Class: sg13cmos5l_mux4_1     instances:   2
  Class: sg13cmos5l_nand4_1    instances:  12
  Class: sg13cmos5l_nor4_1     instances:  11
Circuit contains 10674 nets.
Contents of circuit 2:  Circuit: 'top_i2s_asic'
Circuit top_i2s_asic contains 19044 device instances.
  Class: sg13cmos5l_a21o_1     instances: 108
  Class: sg13cmos5l_xor2_1     instances: 214
  Class: sg13cmos5l_mux2_1     instances: 116
  Class: sg13cmos5l_inv_8      instances:   1
  Class: sg13cmos5l_dfrbpq_1   instances: 328
  Class: sg13cmos5l_and2_1     instances:  98
  Class: dantenna              instances:   5
  Class: dpantenna             instances:   5
  Class: sg13cmos5l_inv_2      instances:   6
  Class: sg13cmos5l_and4_1     instances:   5
  Class: sg13cmos5l_or3_1      instances:  47
  Class: sg13cmos5l_or4_1      instances:   3
  Class: sg13_lv_pmos          instances: 8919
  Class: sg13_lv_nmos          instances: 8919
  Class: sg13cmos5l_nand3_1    instances: 139
  Class: sg13cmos5l_nand3b_1   instances:  11
  Class: sg13cmos5l_nor3_1     instances:  93
  Class: sg13cmos5l_inv_4      instances:   2
  Class: sg13cmos5l_mux4_1     instances:   2
  Class: sg13cmos5l_nand4_1    instances:  12
  Class: sg13cmos5l_nor4_1     instances:  11
Circuit contains 10669 nets.

Circuit 1 contains 19040 devices, Circuit 2 contains 19044 devices. *** MISMATCH ***
Circuit 1 contains 10670 nets,    Circuit 2 contains 10669 nets. *** MISMATCH ***

  Flattening non-matched subcircuits top_i2s_asic top_i2s_asic

Flattening instances of top_i2s_asic in file /tmp/iic_lvs_msp/MSPHY9932.ext.spc
Flattening instances of top_i2s_asic in file /tmp/MSPHY9932_sch_fixed.spice

Contents of circuit 1:  Circuit: 'adc8b'
Circuit adc8b contains 49 device instances.
  Class: buf_1                 instances:   4
  Class: buf_4                 instances:   8
  Class: diff_bsw              instances:   1
  Class: cmp                   instances:   1
  Class: cap8b                 instances:   2
  Class: sar12b                instances:   1
  Class: buf_2                 instances:   8
  Class: buf_32                instances:   4
  Class: buf_16                instances:   8
  Class: buf_8                 instances:  12
Circuit contains 104 nets.
Contents of circuit 2:  Circuit: 'adc8b'
Circuit adc8b contains 49 device instances.
  Class: buf_1                 instances:   4
  Class: buf_4                 instances:   8
  Class: diff_bsw              instances:   1
  Class: cmp                   instances:   1
  Class: cap8b                 instances:   2
  Class: sar12b[[0]]           instances:   1
  Class: buf_2                 instances:   8
  Class: buf_32                instances:   4
  Class: buf_16                instances:   8
  Class: buf_8                 instances:  12
Circuit contains 105 nets.

Circuit 1 contains 49 devices, Circuit 2 contains 49 devices.
Circuit 1 contains 104 nets,    Circuit 2 contains 105 nets. *** MISMATCH ***

  Flattening non-matched subcircuits adc8b adc8b

Flattening instances of adc8b in file /tmp/iic_lvs_msp/MSPHY9932.ext.spc
Flattening instances of adc8b in file /tmp/MSPHY9932_sch_fixed.spice

Contents of circuit 1:  Circuit: 'top_i2s_asic'
Circuit top_i2s_asic contains 19040 device instances.
  Class: sg13cmos5l_a21o_1     instances: 108
  Class: sg13cmos5l_xor2_1     instances: 214
  Class: sg13cmos5l_mux2_1     instances: 116
  Class: sg13cmos5l_inv_8      instances:   1
  Class: sg13cmos5l_dfrbpq_1   instances: 328
  Class: sg13cmos5l_and2_1     instances:  98
  Class: dantenna              instances:   1
  Class: dpantenna             instances:   5
  Class: sg13cmos5l_inv_2      instances:   6
  Class: sg13cmos5l_and4_1     instances:   5
  Class: sg13cmos5l_or3_1      instances:  47
  Class: sg13cmos5l_or4_1      instances:   3
  Class: sg13_lv_pmos          instances: 8919
  Class: sg13_lv_nmos          instances: 8919
  Class: sg13cmos5l_nand3_1    instances: 139
  Class: sg13cmos5l_nand3b_1   instances:  11
  Class: sg13cmos5l_nor3_1     instances:  93
  Class: sg13cmos5l_inv_4      instances:   2
  Class: sg13cmos5l_mux4_1     instances:   2
  Class: sg13cmos5l_nand4_1    instances:  12
  Class: sg13cmos5l_nor4_1     instances:  11
Circuit contains 10674 nets.
Contents of circuit 2:  Circuit: 'top_i2s_asic[[0]]'
Circuit top_i2s_asic[[0]] contains 4303 device instances.
  Class: sg13cmos5l_a21oi_1    instances: 421
  Class: sg13cmos5l_decap_8    instances:  41
  Class: sg13cmos5l_a21o_1     instances: 108
  Class: sg13cmos5l_xor2_1     instances: 214
  Class: sg13cmos5l_nor2_1     instances: 319
  Class: sg13cmos5l_mux2_1     instances: 116
  Class: sg13cmos5l_inv_8      instances:   1
  Class: sg13cmos5l_buf_1      instances: 181
  Class: sg13cmos5l_dfrbpq_1   instances: 328
  Class: sg13cmos5l_and2_1     instances:  98
  Class: sg13cmos5l_or2_1      instances:  78
  Class: dantenna              instances:   5
  Class: sg13cmos5l_nor2b_1    instances: 119
  Class: dpantenna             instances:   5
  Class: sg13cmos5l_and3_1     instances:  70
  Class: sg13cmos5l_a22oi_1    instances:  63
  Class: sg13cmos5l_inv_2      instances:   6
  Class: sg13cmos5l_and4_1     instances:   5
  Class: sg13cmos5l_nand2_1    instances: 303
  Class: sg13cmos5l_xnor2_1    instances: 546
  Class: sg13cmos5l_or3_1      instances:  47
  Class: sg13cmos5l_or4_1      instances:   3
  Class: sg13cmos5l_decap_4    instances:  69
  Class: sg13cmos5l_inv_1      instances: 107
  Class: sg13cmos5l_o21ai_1    instances: 299
  Class: sg13cmos5l_nand3_1    instances: 139
  Class: sg13cmos5l_nand3b_1   instances:  11
  Class: sg13cmos5l_nor3_1     instances:  93
  Class: sg13cmos5l_inv_4      instances:   2
  Class: sg13cmos5l_nand2b_1   instances: 149
  Class: sg13cmos5l_mux4_1     instances:   2
  Class: sg13cmos5l_nand4_1    instances:  12
  Class: sg13cmos5l_buf_8      instances:  31
  Class: sg13cmos5l_tiehi      instances: 274
  Class: sg13cmos5l_a221oi_1   instances:  27
  Class: sg13cmos5l_nor4_1     instances:  11
Circuit contains 4190 nets.

Flattened mismatched instances and attempting compare again.

Contents of circuit 1:  Circuit: 'top_i2s_asic'
Circuit top_i2s_asic contains 19040 device instances.
  Class: sg13cmos5l_a21o_1     instances: 108
  Class: sg13cmos5l_xor2_1     instances: 214
  Class: sg13cmos5l_mux2_1     instances: 116
  Class: sg13cmos5l_inv_8      instances:   1
  Class: sg13cmos5l_dfrbpq_1   instances: 328
  Class: sg13cmos5l_and2_1     instances:  98
  Class: dantenna              instances:   1
  Class: dpantenna             instances:   5
  Class: sg13cmos5l_inv_2      instances:   6
  Class: sg13cmos5l_and4_1     instances:   5
  Class: sg13cmos5l_or3_1      instances:  47
  Class: sg13cmos5l_or4_1      instances:   3
  Class: sg13_lv_pmos          instances: 8919
  Class: sg13_lv_nmos          instances: 8919
  Class: sg13cmos5l_nand3_1    instances: 139
  Class: sg13cmos5l_nand3b_1   instances:  11
  Class: sg13cmos5l_nor3_1     instances:  93
  Class: sg13cmos5l_inv_4      instances:   2
  Class: sg13cmos5l_mux4_1     instances:   2
  Class: sg13cmos5l_nand4_1    instances:  12
  Class: sg13cmos5l_nor4_1     instances:  11
Circuit contains 10674 nets.
Contents of circuit 2:  Circuit: 'top_i2s_asic[[0]]'
Circuit top_i2s_asic[[0]] contains 19221 device instances.
  Class: sg13cmos5l_decap_8    instances:  41
  Class: sg13cmos5l_a21o_1     instances: 108
  Class: sg13cmos5l_xor2_1     instances: 214
  Class: sg13cmos5l_mux2_1     instances: 116
  Class: sg13cmos5l_inv_8      instances:   1
  Class: sg13cmos5l_dfrbpq_1   instances: 328
  Class: sg13cmos5l_and2_1     instances:  98
  Class: dantenna              instances:   5
  Class: dpantenna             instances:   5
  Class: sg13cmos5l_inv_2      instances:   6
  Class: sg13cmos5l_and4_1     instances:   5
  Class: sg13cmos5l_or3_1      instances:  47
  Class: sg13cmos5l_or4_1      instances:   3
  Class: sg13_lv_pmos          instances: 8987
  Class: sg13_lv_nmos          instances: 8987
  Class: sg13cmos5l_nand3_1    instances: 139
  Class: sg13cmos5l_nand3b_1   instances:  11
  Class: sg13cmos5l_nor3_1     instances:  93
  Class: sg13cmos5l_inv_4      instances:   2
  Class: sg13cmos5l_mux4_1     instances:   2
  Class: sg13cmos5l_nand4_1    instances:  12
  Class: sg13cmos5l_nor4_1     instances:  11
Circuit contains 10669 nets.

Circuit was modified by parallel/series device merging.
New circuit summary:

Contents of circuit 1:  Circuit: 'top_i2s_asic'
Circuit top_i2s_asic contains 19040 device instances.
  Class: sg13cmos5l_a21o_1     instances: 108
  Class: sg13cmos5l_xor2_1     instances: 214
  Class: sg13cmos5l_mux2_1     instances: 116
  Class: sg13cmos5l_inv_8      instances:   1
  Class: sg13cmos5l_dfrbpq_1   instances: 328
  Class: sg13cmos5l_and2_1     instances:  98
  Class: dantenna              instances:   1
  Class: dpantenna             instances:   5
  Class: sg13cmos5l_inv_2      instances:   6
  Class: sg13cmos5l_and4_1     instances:   5
  Class: sg13cmos5l_or3_1      instances:  47
  Class: sg13cmos5l_or4_1      instances:   3
  Class: sg13_lv_pmos          instances: 8919
  Class: sg13_lv_nmos          instances: 8919
  Class: sg13cmos5l_nand3_1    instances: 139
  Class: sg13cmos5l_nand3b_1   instances:  11
  Class: sg13cmos5l_nor3_1     instances:  93
  Class: sg13cmos5l_inv_4      instances:   2
  Class: sg13cmos5l_mux4_1     instances:   2
  Class: sg13cmos5l_nand4_1    instances:  12
  Class: sg13cmos5l_nor4_1     instances:  11
Circuit contains 10674 nets.
Contents of circuit 2:  Circuit: 'top_i2s_asic[[0]]'
Circuit top_i2s_asic[[0]] contains 19045 device instances.
  Class: sg13cmos5l_decap_8    instances:   1
  Class: sg13cmos5l_a21o_1     instances: 108
  Class: sg13cmos5l_xor2_1     instances: 214
  Class: sg13cmos5l_mux2_1     instances: 116
  Class: sg13cmos5l_inv_8      instances:   1
  Class: sg13cmos5l_dfrbpq_1   instances: 328
  Class: sg13cmos5l_and2_1     instances:  98
  Class: dantenna              instances:   5
  Class: dpantenna             instances:   5
  Class: sg13cmos5l_inv_2      instances:   6
  Class: sg13cmos5l_and4_1     instances:   5
  Class: sg13cmos5l_or3_1      instances:  47
  Class: sg13cmos5l_or4_1      instances:   3
  Class: sg13_lv_pmos          instances: 8919
  Class: sg13_lv_nmos          instances: 8919
  Class: sg13cmos5l_nand3_1    instances: 139
  Class: sg13cmos5l_nand3b_1   instances:  11
  Class: sg13cmos5l_nor3_1     instances:  93
  Class: sg13cmos5l_inv_4      instances:   2
  Class: sg13cmos5l_mux4_1     instances:   2
  Class: sg13cmos5l_nand4_1    instances:  12
  Class: sg13cmos5l_nor4_1     instances:  11
Circuit contains 10669 nets.

Circuit 1 contains 19040 devices, Circuit 2 contains 19045 devices. *** MISMATCH ***
Circuit 1 contains 10670 nets,    Circuit 2 contains 10669 nets. *** MISMATCH ***

  Flattening non-matched subcircuits top_i2s_asic {top_i2s_asic[[0]]}

Flattening instances of top_i2s_asic in file /tmp/iic_lvs_msp/MSPHY9932.ext.spc
Flattening instances of top_i2s_asic[[0]] in file /tmp/MSPHY9932_sch_fixed.spice

Contents of circuit 1:  Circuit: 'MSPHY9932'
Circuit MSPHY9932 contains 20610 device instances.
  Class: buf_1                 instances:   4
  Class: sg13cmos5l_a21o_1     instances: 108
  Class: sg13_hv_nmos          instances: 558
  Class: sg13cmos5l_xor2_1     instances: 214
  Class: buf_4                 instances:   8
  Class: diff_bsw              instances:   1
  Class: sg13cmos5l_mux2_1     instances: 116
  Class: rppd                  instances:  80
  Class: sg13cmos5l_inv_8      instances:   1
  Class: cmp                   instances:   1
  Class: cap8b                 instances:   2
  Class: sg13cmos5l_dfrbpq_1   instances: 328
  Class: sg13cmos5l_and2_1     instances:  98
  Class: sar12b                instances:   1
  Class: buf_2                 instances:   8
  Class: buf_32                instances:   4
  Class: dantenna              instances:  58
  Class: dpantenna             instances:  61
  Class: sg13cmos5l_inv_2      instances:   6
  Class: sg13cmos5l_and4_1     instances:   5
  Class: buf_16                instances:   8
  Class: sg13cmos5l_or3_1      instances:  47
  Class: sg13cmos5l_or4_1      instances:   3
  Class: buf_8                 instances:  12
  Class: sg13_lv_pmos          instances: 8919
  Class: sg13_lv_nmos          instances: 8919
  Class: sg13cmos5l_nand3_1    instances: 139
  Class: sg13cmos5l_nand3b_1   instances:  11
  Class: sg13cmos5l_nor3_1     instances:  93
  Class: sg13cmos5l_inv_4      instances:   2
  Class: sg13cmos5l_mux4_1     instances:   2
  Class: sg13cmos5l_nand4_1    instances:  12
  Class: sg13_hv_pmos          instances: 770
  Class: sg13cmos5l_nor4_1     instances:  11
Circuit contains 10881 nets.
Contents of circuit 2:  Circuit: 'MSPHY9932'
Circuit MSPHY9932 contains 19094 device instances.
  Class: buf_1                 instances:   4
  Class: sg13cmos5l_decap_8    instances:   1
  Class: sg13cmos5l_a21o_1     instances: 108
  Class: sg13cmos5l_xor2_1     instances: 214
  Class: buf_4                 instances:   8
  Class: diff_bsw              instances:   1
  Class: sg13cmos5l_mux2_1     instances: 116
  Class: sg13cmos5l_inv_8      instances:   1
  Class: cmp                   instances:   1
  Class: cap8b                 instances:   2
  Class: sg13cmos5l_dfrbpq_1   instances: 328
  Class: sg13cmos5l_and2_1     instances:  98
  Class: sar12b[[0]]           instances:   1
  Class: buf_2                 instances:   8
  Class: buf_32                instances:   4
  Class: dantenna              instances:   5
  Class: dpantenna             instances:   5
  Class: sg13cmos5l_inv_2      instances:   6
  Class: sg13cmos5l_and4_1     instances:   5
  Class: buf_16                instances:   8
  Class: sg13cmos5l_or3_1      instances:  47
  Class: sg13cmos5l_or4_1      instances:   3
  Class: buf_8                 instances:  12
  Class: sg13_lv_pmos          instances: 8919
  Class: sg13_lv_nmos          instances: 8919
  Class: sg13cmos5l_nand3_1    instances: 139
  Class: sg13cmos5l_nand3b_1   instances:  11
  Class: sg13cmos5l_nor3_1     instances:  93
  Class: sg13cmos5l_inv_4      instances:   2
  Class: sg13cmos5l_mux4_1     instances:   2
  Class: sg13cmos5l_nand4_1    instances:  12
  Class: sg13cmos5l_nor4_1     instances:  11
Circuit contains 10772 nets.

Circuit was modified by parallel/series device merging.
New circuit summary:

Contents of circuit 1:  Circuit: 'MSPHY9932'
Circuit MSPHY9932 contains 19240 device instances.
  Class: buf_1                 instances:   4
  Class: sg13cmos5l_a21o_1     instances: 108
  Class: sg13_hv_nmos          instances:  21
  Class: sg13cmos5l_xor2_1     instances: 214
  Class: buf_4                 instances:   8
  Class: diff_bsw              instances:   1
  Class: sg13cmos5l_mux2_1     instances: 116
  Class: rppd                  instances:  55
  Class: sg13cmos5l_inv_8      instances:   1
  Class: cmp                   instances:   1
  Class: cap8b                 instances:   2
  Class: sg13cmos5l_dfrbpq_1   instances: 328
  Class: sg13cmos5l_and2_1     instances:  98
  Class: sar12b                instances:   1
  Class: buf_2                 instances:   8
  Class: buf_32                instances:   4
  Class: dantenna              instances:  20
  Class: dpantenna             instances:  42
  Class: sg13cmos5l_inv_2      instances:   6
  Class: sg13cmos5l_and4_1     instances:   5
  Class: buf_16                instances:   8
  Class: sg13cmos5l_or3_1      instances:  47
  Class: sg13cmos5l_or4_1      instances:   3
  Class: buf_8                 instances:  12
  Class: sg13_lv_pmos          instances: 8919
  Class: sg13_lv_nmos          instances: 8919
  Class: sg13cmos5l_nand3_1    instances: 139
  Class: sg13cmos5l_nand3b_1   instances:  11
  Class: sg13cmos5l_nor3_1     instances:  93
  Class: sg13cmos5l_inv_4      instances:   2
  Class: sg13cmos5l_mux4_1     instances:   2
  Class: sg13cmos5l_nand4_1    instances:  12
  Class: sg13_hv_pmos          instances:  19
  Class: sg13cmos5l_nor4_1     instances:  11
Circuit contains 10856 nets.
Contents of circuit 2:  Circuit: 'MSPHY9932'
Circuit MSPHY9932 contains 19094 device instances.
  Class: buf_1                 instances:   4
  Class: sg13cmos5l_decap_8    instances:   1
  Class: sg13cmos5l_a21o_1     instances: 108
  Class: sg13cmos5l_xor2_1     instances: 214
  Class: buf_4                 instances:   8
  Class: diff_bsw              instances:   1
  Class: sg13cmos5l_mux2_1     instances: 116
  Class: sg13cmos5l_inv_8      instances:   1
  Class: cmp                   instances:   1
  Class: cap8b                 instances:   2
  Class: sg13cmos5l_dfrbpq_1   instances: 328
  Class: sg13cmos5l_and2_1     instances:  98
  Class: sar12b[[0]]           instances:   1
  Class: buf_2                 instances:   8
  Class: buf_32                instances:   4
  Class: dantenna              instances:   5
  Class: dpantenna             instances:   5
  Class: sg13cmos5l_inv_2      instances:   6
  Class: sg13cmos5l_and4_1     instances:   5
  Class: buf_16                instances:   8
  Class: sg13cmos5l_or3_1      instances:  47
  Class: sg13cmos5l_or4_1      instances:   3
  Class: buf_8                 instances:  12
  Class: sg13_lv_pmos          instances: 8919
  Class: sg13_lv_nmos          instances: 8919
  Class: sg13cmos5l_nand3_1    instances: 139
  Class: sg13cmos5l_nand3b_1   instances:  11
  Class: sg13cmos5l_nor3_1     instances:  93
  Class: sg13cmos5l_inv_4      instances:   2
  Class: sg13cmos5l_mux4_1     instances:   2
  Class: sg13cmos5l_nand4_1    instances:  12
  Class: sg13cmos5l_nor4_1     instances:  11
Circuit contains 10772 nets.

Circuit 1 contains 19240 devices, Circuit 2 contains 19094 devices. *** MISMATCH ***
Circuit 1 contains 10832 nets,    Circuit 2 contains 10772 nets. *** MISMATCH ***


Final result: 
Netlists do not match.
Port matching may fail to disambiguate symmetries.
Logging to file "/tmp/lvs_msp_full.out" disabled
LVS Done.
