11-Jul-2026 19:03:29 | INFO    | Your Klayout version is: KLayout 0.30.9
11-Jul-2026 19:03:29 | INFO    | Running SG13CMOS5L LVS checks on design /foss/designs/adc8b/IHP__MSPHY9932/release/v.1.0.0/gds/MSPHY9932.gds on cell MSPHY9932
11-Jul-2026 19:03:31 | ERROR   | KLayout run failed with exit code 1.
11-Jul-2026 19:03:31 | ERROR   | KLayout stderr: ERROR: In /foss/pdks/ihp-sg13cmos5l/libs.tech/klayout/tech/lvs/sg13cmos5l.lvs: Not a known element type: 'P' in /tmp/MSPHY9932_klayout_ref2.spice, line 1031 in Netlist::read
11-Jul-2026 19:03:31 | ERROR   | KLayout stderr: ERROR: RuntimeError: Not a known element type: 'P' in /tmp/MSPHY9932_klayout_ref2.spice, line 1031 in Netlist::read in Executable::execute
11-Jul-2026 19:03:31 | INFO    | ==============================================================================
11-Jul-2026 19:03:31 | INFO    | Important Summary
11-Jul-2026 19:03:31 | INFO    | +------------------+-----------------------------------------------------------------+
11-Jul-2026 19:03:31 | INFO    | | Status           | FAIL                                                            |
11-Jul-2026 19:03:31 | INFO    | | Mode             | COMPARE                                                         |
11-Jul-2026 19:03:31 | INFO    | | Outcome          | Comparison mode: completed (no match/mismatch verdict found).   |
11-Jul-2026 19:03:31 | INFO    | | Layout           | MSPHY9932.gds                                                   |
11-Jul-2026 19:03:31 | INFO    | | Top Cell         | MSPHY9932                                                       |
11-Jul-2026 19:03:31 | INFO    | | Results Dir      | /foss/designs/adc8b/IHP__MSPHY9932/release/v.1.0.0/lvs/klayout2 |
11-Jul-2026 19:03:31 | INFO    | | Warnings         | 0                                                               |
11-Jul-2026 19:03:31 | INFO    | | Errors           | 3                                                               |
11-Jul-2026 19:03:31 | INFO    | | Run Time (s)     | 2.436                                                           |
11-Jul-2026 19:03:31 | INFO    | +------------------+-----------------------------------------------------------------+
11-Jul-2026 19:03:31 | ERROR   | Key errors:
11-Jul-2026 19:03:31 | ERROR   |   - KLayout run failed with exit code 1.
11-Jul-2026 19:03:31 | ERROR   |   - KLayout stderr: ERROR: In /foss/pdks/ihp-sg13cmos5l/libs.tech/klayout/tech/lvs/sg13cmos5l.lvs: Not a known element type: 'P' in /tmp/MSPHY9932_klayout_ref2.spice, line 1031 in Netlist::read
11-Jul-2026 19:03:31 | ERROR   |   - KLayout stderr: ERROR: RuntimeError: Not a known element type: 'P' in /tmp/MSPHY9932_klayout_ref2.spice, line 1031 in Netlist::read in Executable::execute
11-Jul-2026 19:03:31 | INFO    | ==============================================================================
